2025-04-04 15:12:03,688 - INFO - Refreshing card cache
2025-04-04 15:12:03,689 - INFO - Scanning directory: /home/socs/assign1/assign2/assign3/./bin/cards
2025-04-04 15:12:03,689 - INFO - All files in directory: ['testCardN-compVal.vcf', 'testCardProps-ParamsVals.vcf', 'testCardProps-Groups.vcf', 'editable.vcf', 'testCard-TruncBday.vcf', 'testCardProp-Param.vcf', 'testCardInvEndings.vcf', 'testCardNoEnd.vcf', 'testCardProp-simpleVal.vcf', 'testCard-SimpleFold2.vcf', 'testCardMin.vcf', 'mmmm.vcf', 'testCard-Ann.vcf', 'testCardProps-Params.vcf', 'testCardGroup.vcf', 'testCardNoVersion.vcf', 'testCard-BdayTime.vcf', 'testCardProps-simpleVal.vcf', 'testCard-BdayText.vcf', 'testCardProp-ParamsVals.vcf', 'nnnn.vcf', 'testCard-bothDT.vcf', 'testCard.vcf', 'borninjune.vcf', 'testCardProps-compVal.vcf', 'testCard-SimpleFold1.vcf', 'testCard-MoreFold.vcf', 'testCard-AnnUTC.vcf']
2025-04-04 15:12:03,689 - INFO - Found vCard file: testCardN-compVal.vcf
2025-04-04 15:12:03,689 - INFO - File details for testCardN-compVal.vcf:
2025-04-04 15:12:03,689 - INFO -   Size: 92 bytes
2025-04-04 15:12:03,689 - INFO -   Permissions: 0o100644
2025-04-04 15:12:03,690 - INFO -   Modified: 2025-03-28 12:15:33.366049
2025-04-04 15:12:03,690 - INFO - Processing card: testCardN-compVal.vcf
2025-04-04 15:12:03,690 - INFO - File contents of testCardN-compVal.vcf:
BEGIN:VCARD
VERSION:4.0
FN:Simon Perreault
N:Perreault;Simon;;;ing. jr,M.Sc.
END:VCARD

2025-04-04 15:12:03,690 - INFO - Successfully created card for testCardN-compVal.vcf
2025-04-04 15:12:03,690 - INFO - Successfully validated card for testCardN-compVal.vcf
2025-04-04 15:12:03,690 - INFO - Successfully cached valid card: testCardN-compVal.vcf
2025-04-04 15:12:03,690 - INFO - Found vCard file: testCardProps-ParamsVals.vcf
2025-04-04 15:12:03,690 - INFO - File details for testCardProps-ParamsVals.vcf:
2025-04-04 15:12:03,690 - INFO -   Size: 565 bytes
2025-04-04 15:12:03,690 - INFO -   Permissions: 0o100644
2025-04-04 15:12:03,690 - INFO -   Modified: 2025-03-28 12:15:32.855049
2025-04-04 15:12:03,690 - INFO - Processing card: testCardProps-ParamsVals.vcf
2025-04-04 15:12:03,691 - INFO - File contents of testCardProps-ParamsVals.vcf:
BEGIN:VCARD
VERSION:4.0
FN:Simon Perreault
N:Perreault;Simon;;;ing. jr,M.Sc.
GENDER:M
LANG;PREF=1:fr
LANG;PREF=2:en
ORG;TYPE=work:Viagenie
ADR;TYPE=work:;Suite D2-630;2875 Laurier;Quebec;QC;G1V 2M2;Canada
TEL;VALUE=uri;TYPE="work,voice";PREF=1:tel:+1-418-656-9254;ext=102
TEL;VALUE=uri;TYPE="work,cell,voice,video,text":tel:+1-418-262-6501
EMAIL;TYPE=work:simon.perreault@viagenie.ca
GEO;TYPE=work:geo:46.772673,-71.282945
KEY;TYPE=work;VALUE=uri:http://www.viagenie.ca/simon.perreault/simon.asc
TZ:-0500
URL;TYPE=home:http://nomis80.org
END:VCARD

2025-04-04 15:12:03,691 - INFO - Successfully created card for testCardProps-ParamsVals.vcf
2025-04-04 15:12:03,691 - ERROR - Card validation failed for testCardProps-ParamsVals.vcf: Invalid property (code 3)
2025-04-04 15:12:03,691 - INFO - Found vCard file: testCardProps-Groups.vcf
2025-04-04 15:12:03,691 - INFO - File details for testCardProps-Groups.vcf:
2025-04-04 15:12:03,691 - INFO -   Size: 268 bytes
2025-04-04 15:12:03,691 - INFO -   Permissions: 0o100644
2025-04-04 15:12:03,691 - INFO -   Modified: 2025-03-28 12:15:34.011049
2025-04-04 15:12:03,691 - INFO - Processing card: testCardProps-Groups.vcf
2025-04-04 15:12:03,692 - INFO - File contents of testCardProps-Groups.vcf:
BEGIN:VCARD
VERSION:4.0
FN:Simon Perreault
GENDER:M
LangPrefs.LANG;PREF=1:fr
LangPrefs.LANG;PREF=2:en
Phone.TEL;VALUE=uri;TYPE="work,cell,voice,video,text":tel:+1-418-262-6501
Phone.TEL;VALUE=uri;TYPE="work,voice";PREF=1:tel:+1-418-656-9254;ext=102
END:VCARD

2025-04-04 15:12:03,692 - INFO - Successfully created card for testCardProps-Groups.vcf
2025-04-04 15:12:03,692 - INFO - Successfully validated card for testCardProps-Groups.vcf
2025-04-04 15:12:03,692 - INFO - Successfully cached valid card: testCardProps-Groups.vcf
2025-04-04 15:12:03,692 - INFO - Found vCard file: editable.vcf
2025-04-04 15:12:03,692 - INFO - File details for editable.vcf:
2025-04-04 15:12:03,692 - INFO -   Size: 46 bytes
2025-04-04 15:12:03,692 - INFO -   Permissions: 0o100644
2025-04-04 15:12:03,692 - INFO -   Modified: 2025-04-04 07:54:55.288564
2025-04-04 15:12:03,692 - INFO - Processing card: editable.vcf
2025-04-04 15:12:03,692 - INFO - File contents of editable.vcf:
BEGIN:VCARD
VERSION:4.0
FN:edit
END:VCARD

2025-04-04 15:12:03,692 - INFO - Successfully created card for editable.vcf
2025-04-04 15:12:03,692 - INFO - Successfully validated card for editable.vcf
2025-04-04 15:12:03,692 - INFO - Successfully cached valid card: editable.vcf
2025-04-04 15:12:03,692 - INFO - Found vCard file: testCard-TruncBday.vcf
2025-04-04 15:12:03,692 - INFO - File details for testCard-TruncBday.vcf:
2025-04-04 15:12:03,692 - INFO -   Size: 70 bytes
2025-04-04 15:12:03,692 - INFO -   Permissions: 0o100644
2025-04-04 15:12:03,692 - INFO -   Modified: 2025-03-28 12:15:33.882049
2025-04-04 15:12:03,692 - INFO - Processing card: testCard-TruncBday.vcf
2025-04-04 15:12:03,692 - INFO - File contents of testCard-TruncBday.vcf:
BEGIN:VCARD
VERSION:4.0
FN:Simon Perreault
BDAY:--0203
END:VCARD

2025-04-04 15:12:03,692 - INFO - Successfully created card for testCard-TruncBday.vcf
2025-04-04 15:12:03,692 - ERROR - Card validation failed for testCard-TruncBday.vcf: Invalid date/time (code 4)
2025-04-04 15:12:03,692 - INFO - Found vCard file: testCardProp-Param.vcf
2025-04-04 15:12:03,692 - INFO - File details for testCardProp-Param.vcf:
2025-04-04 15:12:03,692 - INFO -   Size: 83 bytes
2025-04-04 15:12:03,692 - INFO -   Permissions: 0o100644
2025-04-04 15:12:03,692 - INFO -   Modified: 2025-03-28 12:15:33.316049
2025-04-04 15:12:03,692 - INFO - Processing card: testCardProp-Param.vcf
2025-04-04 15:12:03,693 - INFO - File contents of testCardProp-Param.vcf:
BEGIN:VCARD
VERSION:4.0
FN:Simon Perreault
GENDER:M
LANG;PREF=1:fr
END:VCARD

2025-04-04 15:12:03,693 - INFO - Successfully created card for testCardProp-Param.vcf
2025-04-04 15:12:03,693 - INFO - Successfully validated card for testCardProp-Param.vcf
2025-04-04 15:12:03,693 - INFO - Successfully cached valid card: testCardProp-Param.vcf
2025-04-04 15:12:03,693 - INFO - Found vCard file: testCardInvEndings.vcf
2025-04-04 15:12:03,693 - INFO - File details for testCardInvEndings.vcf:
2025-04-04 15:12:03,693 - INFO -   Size: 53 bytes
2025-04-04 15:12:03,693 - INFO -   Permissions: 0o100644
2025-04-04 15:12:03,693 - INFO -   Modified: 2025-03-28 12:15:51.528049
2025-04-04 15:12:03,693 - INFO - Processing card: testCardInvEndings.vcf
2025-04-04 15:12:03,693 - INFO - File contents of testCardInvEndings.vcf:
BEGIN:VCARD
VERSION:4.0
FN:Simon Perreault
END:VCARD

2025-04-04 15:12:03,693 - ERROR - Failed to create card testCardInvEndings.vcf: Invalid card format (code 2)
2025-04-04 15:12:03,693 - INFO - Found vCard file: testCardNoEnd.vcf
2025-04-04 15:12:03,693 - INFO - File details for testCardNoEnd.vcf:
2025-04-04 15:12:03,693 - INFO -   Size: 46 bytes
2025-04-04 15:12:03,693 - INFO -   Permissions: 0o100644
2025-04-04 15:12:03,693 - INFO -   Modified: 2025-03-28 12:15:51.468049
2025-04-04 15:12:03,693 - INFO - Processing card: testCardNoEnd.vcf
2025-04-04 15:12:03,693 - INFO - File contents of testCardNoEnd.vcf:
BEGIN:VCARD
VERSION:4.0
FN:Simon Perreault

2025-04-04 15:12:03,693 - ERROR - Failed to create card testCardNoEnd.vcf: Invalid card format (code 2)
2025-04-04 15:12:03,693 - INFO - Found vCard file: testCardProp-simpleVal.vcf
2025-04-04 15:12:03,693 - INFO - File details for testCardProp-simpleVal.vcf:
2025-04-04 15:12:03,693 - INFO -   Size: 67 bytes
2025-04-04 15:12:03,693 - INFO -   Permissions: 0o100644
2025-04-04 15:12:03,693 - INFO -   Modified: 2025-03-28 12:15:34.107049
2025-04-04 15:12:03,693 - INFO - Processing card: testCardProp-simpleVal.vcf
2025-04-04 15:12:03,693 - INFO - File contents of testCardProp-simpleVal.vcf:
BEGIN:VCARD
VERSION:4.0
FN:Simon Perreault
GENDER:M
END:VCARD

2025-04-04 15:12:03,693 - INFO - Successfully created card for testCardProp-simpleVal.vcf
2025-04-04 15:12:03,693 - INFO - Successfully validated card for testCardProp-simpleVal.vcf
2025-04-04 15:12:03,693 - INFO - Successfully cached valid card: testCardProp-simpleVal.vcf
2025-04-04 15:12:03,693 - INFO - Found vCard file: testCard-SimpleFold2.vcf
2025-04-04 15:12:03,693 - INFO - File details for testCard-SimpleFold2.vcf:
2025-04-04 15:12:03,693 - INFO -   Size: 60 bytes
2025-04-04 15:12:03,693 - INFO -   Permissions: 0o100644
2025-04-04 15:12:03,693 - INFO -   Modified: 2025-03-28 12:15:33.214049
2025-04-04 15:12:03,693 - INFO - Processing card: testCard-SimpleFold2.vcf
2025-04-04 15:12:03,694 - INFO - File contents of testCard-SimpleFold2.vcf:
BEGIN:VCARD
VERSION:4.0
FN:Simon
  Perreault
END:VCARD

2025-04-04 15:12:03,694 - INFO - Successfully created card for testCard-SimpleFold2.vcf
2025-04-04 15:12:03,694 - INFO - Successfully validated card for testCard-SimpleFold2.vcf
2025-04-04 15:12:03,694 - INFO - Successfully cached valid card: testCard-SimpleFold2.vcf
2025-04-04 15:12:03,694 - INFO - Found vCard file: testCardMin.vcf
2025-04-04 15:12:03,694 - INFO - File details for testCardMin.vcf:
2025-04-04 15:12:03,694 - INFO -   Size: 57 bytes
2025-04-04 15:12:03,694 - INFO -   Permissions: 0o100644
2025-04-04 15:12:03,694 - INFO -   Modified: 2025-03-28 12:15:33.562049
2025-04-04 15:12:03,694 - INFO - Processing card: testCardMin.vcf
2025-04-04 15:12:03,694 - INFO - File contents of testCardMin.vcf:
BEGIN:VCARD
VERSION:4.0
FN:Simon Perreault
END:VCARD

2025-04-04 15:12:03,694 - INFO - Successfully created card for testCardMin.vcf
2025-04-04 15:12:03,694 - INFO - Successfully validated card for testCardMin.vcf
2025-04-04 15:12:03,694 - INFO - Successfully cached valid card: testCardMin.vcf
2025-04-04 15:12:03,694 - INFO - Found vCard file: mmmm.vcf
2025-04-04 15:12:03,694 - INFO - File details for mmmm.vcf:
2025-04-04 15:12:03,694 - INFO -   Size: 46 bytes
2025-04-04 15:12:03,694 - INFO -   Permissions: 0o100644
2025-04-04 15:12:03,694 - INFO -   Modified: 2025-03-28 12:18:48.658144
2025-04-04 15:12:03,694 - INFO - Processing card: mmmm.vcf
2025-04-04 15:12:03,694 - INFO - File contents of mmmm.vcf:
BEGIN:VCARD
VERSION:4.0
FN:mani
END:VCARD

2025-04-04 15:12:03,694 - INFO - Successfully created card for mmmm.vcf
2025-04-04 15:12:03,694 - INFO - Successfully validated card for mmmm.vcf
2025-04-04 15:12:03,694 - INFO - Successfully cached valid card: mmmm.vcf
2025-04-04 15:12:03,694 - INFO - Found vCard file: testCard-Ann.vcf
2025-04-04 15:12:03,694 - INFO - File details for testCard-Ann.vcf:
2025-04-04 15:12:03,694 - INFO -   Size: 86 bytes
2025-04-04 15:12:03,694 - INFO -   Permissions: 0o100644
2025-04-04 15:12:03,694 - INFO -   Modified: 2025-03-28 12:15:32.944049
2025-04-04 15:12:03,694 - INFO - Processing card: testCard-Ann.vcf
2025-04-04 15:12:03,694 - INFO - File contents of testCard-Ann.vcf:
BEGIN:VCARD
VERSION:4.0
FN:Simon Perreault
ANNIVERSARY:20090808T143000
END:VCARD

2025-04-04 15:12:03,694 - INFO - Successfully created card for testCard-Ann.vcf
2025-04-04 15:12:03,694 - INFO - Successfully validated card for testCard-Ann.vcf
2025-04-04 15:12:03,694 - INFO - Successfully cached valid card: testCard-Ann.vcf
2025-04-04 15:12:03,694 - INFO - Found vCard file: testCardProps-Params.vcf
2025-04-04 15:12:03,694 - INFO - File details for testCardProps-Params.vcf:
2025-04-04 15:12:03,694 - INFO -   Size: 202 bytes
2025-04-04 15:12:03,694 - INFO -   Permissions: 0o100644
2025-04-04 15:12:03,694 - INFO -   Modified: 2025-03-28 12:15:32.591049
2025-04-04 15:12:03,694 - INFO - Processing card: testCardProps-Params.vcf
2025-04-04 15:12:03,694 - INFO - File contents of testCardProps-Params.vcf:
BEGIN:VCARD
VERSION:4.0
FN:Simon Perreault
GENDER:M
LANG;PREF=1:fr
LANG;PREF=2:en
TEL;VALUE=uri;TYPE="work,cell,voice,video,text":tel:+1-418-262-6501
URL;TYPE=home:http://nomis80.org
END:VCARD

2025-04-04 15:12:03,695 - INFO - Successfully created card for testCardProps-Params.vcf
2025-04-04 15:12:03,695 - INFO - Successfully validated card for testCardProps-Params.vcf
2025-04-04 15:12:03,695 - INFO - Successfully cached valid card: testCardProps-Params.vcf
2025-04-04 15:12:03,695 - INFO - Found vCard file: testCardGroup.vcf
2025-04-04 15:12:03,695 - INFO - File details for testCardGroup.vcf:
2025-04-04 15:12:03,695 - INFO -   Size: 879 bytes
2025-04-04 15:12:03,695 - INFO -   Permissions: 0o100644
2025-04-04 15:12:03,695 - INFO -   Modified: 2025-03-28 12:15:33.731049
2025-04-04 15:12:03,695 - INFO - Processing card: testCardGroup.vcf
2025-04-04 15:12:03,695 - INFO - File contents of testCardGroup.vcf:
BEGIN:VCARD
VERSION:4.0
N:Doe;John;;;
FN:John Doe
ORG:Example.com Inc.;
TITLE:Imaginary test person
EMAIL;type=INTERNET;type=WORK;type=pref:johnDoe@example.org
TEL;type=WORK;type=pref:+1 617 555 1212
TEL;type=CELL:+1 781 555 1212
TEL;type=HOME:+1 202 555 1212
TEL;type=WORK:+1 (617) 555-1234
item1.ADR;type=WORK:;;2 Example Avenue;Anytown;NY;01111;USA
item1.X-ABADR:us
item2.ADR;type=HOME;type=pref:;;3 Acacia Avenue;Newtown;MA;02222;USA
item2.X-ABADR:us
NOTE:John Doe has a long and varied history
 , being documented on more police files that anyone else. Reports of his death are alas numerous.
item3.URL;type=pref:http://www.example/com/doe
item3.X-ABLabel:_$!<HomePage>!$_
item4.URL:http://www.example.com/Joe/foaf.df
item4.X-ABLabel:FOAF
item5.X-ABRELATEDNAMES;type=pref:Jane Doe
item5.X-ABLabel:_$!<Friend>!$_
CATEGORIES:Work,Test group
END:VCARD

2025-04-04 15:12:03,695 - INFO - Successfully created card for testCardGroup.vcf
2025-04-04 15:12:03,695 - ERROR - Card validation failed for testCardGroup.vcf: Invalid property (code 3)
2025-04-04 15:12:03,695 - INFO - Found vCard file: testCardNoVersion.vcf
2025-04-04 15:12:03,695 - INFO - File details for testCardNoVersion.vcf:
2025-04-04 15:12:03,695 - INFO -   Size: 44 bytes
2025-04-04 15:12:03,695 - INFO -   Permissions: 0o100644
2025-04-04 15:12:03,695 - INFO -   Modified: 2025-03-28 12:15:51.625049
2025-04-04 15:12:03,695 - INFO - Processing card: testCardNoVersion.vcf
2025-04-04 15:12:03,695 - INFO - File contents of testCardNoVersion.vcf:
BEGIN:VCARD
FN:Simon Perreault
END:VCARD

2025-04-04 15:12:03,696 - ERROR - Failed to create card testCardNoVersion.vcf: Invalid card format (code 2)
2025-04-04 15:12:03,696 - INFO - Found vCard file: testCard-BdayTime.vcf
2025-04-04 15:12:03,696 - INFO - File details for testCard-BdayTime.vcf:
2025-04-04 15:12:03,696 - INFO -   Size: 71 bytes
2025-04-04 15:12:03,696 - INFO -   Permissions: 0o100644
2025-04-04 15:12:03,696 - INFO -   Modified: 2025-03-28 12:15:32.684049
2025-04-04 15:12:03,696 - INFO - Processing card: testCard-BdayTime.vcf
2025-04-04 15:12:03,696 - INFO - File contents of testCard-BdayTime.vcf:
BEGIN:VCARD
VERSION:4.0
FN:Simon Perreault
BDAY:T143000
END:VCARD

2025-04-04 15:12:03,696 - INFO - Successfully created card for testCard-BdayTime.vcf
2025-04-04 15:12:03,696 - INFO - Successfully validated card for testCard-BdayTime.vcf
2025-04-04 15:12:03,696 - INFO - Successfully cached valid card: testCard-BdayTime.vcf
2025-04-04 15:12:03,696 - INFO - Found vCard file: testCardProps-simpleVal.vcf
2025-04-04 15:12:03,696 - INFO - File details for testCardProps-simpleVal.vcf:
2025-04-04 15:12:03,696 - INFO -   Size: 81 bytes
2025-04-04 15:12:03,696 - INFO -   Permissions: 0o100644
2025-04-04 15:12:03,696 - INFO -   Modified: 2025-03-28 12:15:33.163049
2025-04-04 15:12:03,696 - INFO - Processing card: testCardProps-simpleVal.vcf
2025-04-04 15:12:03,697 - INFO - File contents of testCardProps-simpleVal.vcf:
BEGIN:VCARD
VERSION:4.0
FN:Simon Perreault
GENDER:M
ORG:Viagenie
END:VCARD

2025-04-04 15:12:03,697 - INFO - Successfully created card for testCardProps-simpleVal.vcf
2025-04-04 15:12:03,697 - INFO - Successfully validated card for testCardProps-simpleVal.vcf
2025-04-04 15:12:03,697 - INFO - Successfully cached valid card: testCardProps-simpleVal.vcf
2025-04-04 15:12:03,697 - INFO - Found vCard file: testCard-BdayText.vcf
2025-04-04 15:12:03,697 - INFO - File details for testCard-BdayText.vcf:
2025-04-04 15:12:03,697 - INFO -   Size: 85 bytes
2025-04-04 15:12:03,697 - INFO -   Permissions: 0o100644
2025-04-04 15:12:03,697 - INFO -   Modified: 2025-03-28 12:15:33.772049
2025-04-04 15:12:03,697 - INFO - Processing card: testCard-BdayText.vcf
2025-04-04 15:12:03,697 - INFO - File contents of testCard-BdayText.vcf:
BEGIN:VCARD
VERSION:4.0
FN:Simon Perreault
BDAY;VALUE=text:circa 1960
END:VCARD

2025-04-04 15:12:03,697 - INFO - Successfully created card for testCard-BdayText.vcf
2025-04-04 15:12:03,697 - INFO - Successfully validated card for testCard-BdayText.vcf
2025-04-04 15:12:03,697 - INFO - Successfully cached valid card: testCard-BdayText.vcf
2025-04-04 15:12:03,697 - INFO - Found vCard file: testCardProp-ParamsVals.vcf
2025-04-04 15:12:03,698 - INFO - File details for testCardProp-ParamsVals.vcf:
2025-04-04 15:12:03,698 - INFO -   Size: 125 bytes
2025-04-04 15:12:03,698 - INFO -   Permissions: 0o100644
2025-04-04 15:12:03,698 - INFO -   Modified: 2025-03-28 12:15:33.041049
2025-04-04 15:12:03,698 - INFO - Processing card: testCardProp-ParamsVals.vcf
2025-04-04 15:12:03,699 - INFO - File contents of testCardProp-ParamsVals.vcf:
BEGIN:VCARD
VERSION:4.0
FN:Simon Perreault
TEL;VALUE=uri;TYPE="work,voice";PREF=1:tel:+1-418-656-9254;ext=102
END:VCARD

2025-04-04 15:12:03,699 - INFO - Successfully created card for testCardProp-ParamsVals.vcf
2025-04-04 15:12:03,699 - INFO - Successfully validated card for testCardProp-ParamsVals.vcf
2025-04-04 15:12:03,699 - INFO - Successfully cached valid card: testCardProp-ParamsVals.vcf
2025-04-04 15:12:03,699 - INFO - Found vCard file: nnnn.vcf
2025-04-04 15:12:03,699 - INFO - File details for nnnn.vcf:
2025-04-04 15:12:03,699 - INFO -   Size: 47 bytes
2025-04-04 15:12:03,699 - INFO -   Permissions: 0o100644
2025-04-04 15:12:03,699 - INFO -   Modified: 2025-03-28 12:28:54.030319
2025-04-04 15:12:03,699 - INFO - Processing card: nnnn.vcf
2025-04-04 15:12:03,699 - INFO - File contents of nnnn.vcf:
BEGIN:VCARD
VERSION:4.0
FN:mani2
END:VCARD

2025-04-04 15:12:03,700 - INFO - Successfully created card for nnnn.vcf
2025-04-04 15:12:03,700 - INFO - Successfully validated card for nnnn.vcf
2025-04-04 15:12:03,700 - INFO - Successfully cached valid card: nnnn.vcf
2025-04-04 15:12:03,700 - INFO - Found vCard file: testCard-bothDT.vcf
2025-04-04 15:12:03,700 - INFO - File details for testCard-bothDT.vcf:
2025-04-04 15:12:03,700 - INFO -   Size: 108 bytes
2025-04-04 15:12:03,700 - INFO -   Permissions: 0o100644
2025-04-04 15:12:03,700 - INFO -   Modified: 2025-03-28 12:15:33.095049
2025-04-04 15:12:03,700 - INFO - Processing card: testCard-bothDT.vcf
2025-04-04 15:12:03,700 - INFO - File contents of testCard-bothDT.vcf:
BEGIN:VCARD
VERSION:4.0
FN:Simon Perreault
BDAY:19540203T123012
ANNIVERSARY:20090808T143000
END:VCARD

2025-04-04 15:12:03,700 - INFO - Successfully created card for testCard-bothDT.vcf
2025-04-04 15:12:03,700 - INFO - Successfully validated card for testCard-bothDT.vcf
2025-04-04 15:12:03,700 - INFO - Successfully cached valid card: testCard-bothDT.vcf
2025-04-04 15:12:03,700 - INFO - Found vCard file: testCard.vcf
2025-04-04 15:12:03,700 - INFO - File details for testCard.vcf:
2025-04-04 15:12:03,700 - INFO -   Size: 613 bytes
2025-04-04 15:12:03,700 - INFO -   Permissions: 0o100644
2025-04-04 15:12:03,700 - INFO -   Modified: 2025-03-28 12:15:33.945049
2025-04-04 15:12:03,700 - INFO - Processing card: testCard.vcf
2025-04-04 15:12:03,700 - INFO - File contents of testCard.vcf:
BEGIN:VCARD
VERSION:4.0
FN:Simon Perreault
N:Perreault;Simon;;;ing. jr,M.Sc.
BDAY:--0203
ANNIVERSARY:20090808T143000
GENDER:M
LANG;PREF=1:fr
LANG;PREF=2:en
ORG;TYPE=work:Viagenie
ADR;TYPE=work:;Suite D2-630;2875 Laurier;
 Quebec;QC;G1V 2M2;Canada
TEL;VALUE=uri;TYPE="work,voice";PREF=1:tel:+1-418-656-9254;ext=102
TEL;VALUE=uri;TYPE="work,cell,voice,video,text":tel:+1-418-262-6501
EMAIL;TYPE=work:simon.perreault@viagenie.ca
GEO;TYPE=work:geo:46.772673,-71.282945
KEY;TYPE=work;VALUE=uri:
 http://www.viagenie.ca/simon.perreault/simon.asc
TZ:-0500
URL;TYPE=home:http://nomis80.org
END:VCARD

2025-04-04 15:12:03,700 - INFO - Successfully created card for testCard.vcf
2025-04-04 15:12:03,700 - ERROR - Card validation failed for testCard.vcf: Invalid property (code 3)
2025-04-04 15:12:03,700 - INFO - Found vCard file: borninjune.vcf
2025-04-04 15:12:03,700 - INFO - File details for borninjune.vcf:
2025-04-04 15:12:03,701 - INFO -   Size: 45 bytes
2025-04-04 15:12:03,701 - INFO -   Permissions: 0o100644
2025-04-04 15:12:03,701 - INFO -   Modified: 2025-04-03 13:32:08.262929
2025-04-04 15:12:03,701 - INFO - Processing card: borninjune.vcf
2025-04-04 15:12:03,701 - INFO - File contents of borninjune.vcf:
BEGIN:VCARD
VERSION:4.0
FN:bbj
END:VCARD

2025-04-04 15:12:03,701 - INFO - Successfully created card for borninjune.vcf
2025-04-04 15:12:03,701 - INFO - Successfully validated card for borninjune.vcf
2025-04-04 15:12:03,701 - INFO - Successfully cached valid card: borninjune.vcf
2025-04-04 15:12:03,701 - INFO - Found vCard file: testCardProps-compVal.vcf
2025-04-04 15:12:03,701 - INFO - File details for testCardProps-compVal.vcf:
2025-04-04 15:12:03,701 - INFO -   Size: 179 bytes
2025-04-04 15:12:03,701 - INFO -   Permissions: 0o100644
2025-04-04 15:12:03,701 - INFO -   Modified: 2025-03-28 12:15:32.410049
2025-04-04 15:12:03,701 - INFO - Processing card: testCardProps-compVal.vcf
2025-04-04 15:12:03,701 - INFO - File contents of testCardProps-compVal.vcf:
BEGIN:VCARD
VERSION:4.0
FN:Simon Perreault
N:Perreault;Simon;;;ing. jr,M.Sc.
ADR:;Suite D2-630;2875 Laurier;Quebec;QC;G1V 2M2;Canada
GEO:geo:46.772673,-71.282945
END:VCARD

2025-04-04 15:12:03,702 - INFO - Successfully created card for testCardProps-compVal.vcf
2025-04-04 15:12:03,702 - INFO - Successfully validated card for testCardProps-compVal.vcf
2025-04-04 15:12:03,702 - INFO - Successfully cached valid card: testCardProps-compVal.vcf
2025-04-04 15:12:03,702 - INFO - Found vCard file: testCard-SimpleFold1.vcf
2025-04-04 15:12:03,702 - INFO - File details for testCard-SimpleFold1.vcf:
2025-04-04 15:12:03,702 - INFO -   Size: 60 bytes
2025-04-04 15:12:03,702 - INFO -   Permissions: 0o100644
2025-04-04 15:12:03,702 - INFO -   Modified: 2025-03-28 12:15:33.623049
2025-04-04 15:12:03,702 - INFO - Processing card: testCard-SimpleFold1.vcf
2025-04-04 15:12:03,702 - INFO - File contents of testCard-SimpleFold1.vcf:
BEGIN:VCARD
VERSION:4.0
FN:Sim
 on Perreault
END:VCARD

2025-04-04 15:12:03,702 - INFO - Successfully created card for testCard-SimpleFold1.vcf
2025-04-04 15:12:03,702 - INFO - Successfully validated card for testCard-SimpleFold1.vcf
2025-04-04 15:12:03,702 - INFO - Successfully cached valid card: testCard-SimpleFold1.vcf
2025-04-04 15:12:03,702 - INFO - Found vCard file: testCard-MoreFold.vcf
2025-04-04 15:12:03,702 - INFO - File details for testCard-MoreFold.vcf:
2025-04-04 15:12:03,702 - INFO -   Size: 204 bytes
2025-04-04 15:12:03,702 - INFO -   Permissions: 0o100644
2025-04-04 15:12:03,702 - INFO -   Modified: 2025-03-28 12:15:32.510049
2025-04-04 15:12:03,702 - INFO - Processing card: testCard-MoreFold.vcf
2025-04-04 15:12:03,702 - INFO - File contents of testCard-MoreFold.vcf:
BEGIN:VCARD
VERSION:4.0
FN:Simon Perreault
ADR;TYPE=work:;Suite D2-630;2875 Laurier;
 Quebec;QC;G1V 2M2;Canada
KEY;TYPE=work;VALUE=uri:
 http://www.viagenie.ca/simon.perreault/simon.asc
END:VCARD

2025-04-04 15:12:03,703 - INFO - Successfully created card for testCard-MoreFold.vcf
2025-04-04 15:12:03,703 - ERROR - Card validation failed for testCard-MoreFold.vcf: Invalid property (code 3)
2025-04-04 15:12:03,703 - INFO - Found vCard file: testCard-AnnUTC.vcf
2025-04-04 15:12:03,703 - INFO - File details for testCard-AnnUTC.vcf:
2025-04-04 15:12:03,703 - INFO -   Size: 87 bytes
2025-04-04 15:12:03,703 - INFO -   Permissions: 0o100644
2025-04-04 15:12:03,703 - INFO -   Modified: 2025-03-28 12:15:33.475049
2025-04-04 15:12:03,703 - INFO - Processing card: testCard-AnnUTC.vcf
2025-04-04 15:12:03,703 - INFO - File contents of testCard-AnnUTC.vcf:
BEGIN:VCARD
VERSION:4.0
FN:Simon Perreault
ANNIVERSARY:20090808T143000Z
END:VCARD

2025-04-04 15:12:03,703 - INFO - Successfully created card for testCard-AnnUTC.vcf
2025-04-04 15:12:03,703 - ERROR - Card validation failed for testCard-AnnUTC.vcf: Invalid date/time (code 4)
2025-04-04 15:12:03,703 - INFO - Current cache state:
2025-04-04 15:12:03,703 - INFO -   testCardN-compVal.vcf: last_modified=2025-03-28 12:15:33.366049
2025-04-04 15:12:03,703 - INFO -   testCardProps-Groups.vcf: last_modified=2025-03-28 12:15:34.011049
2025-04-04 15:12:03,703 - INFO -   editable.vcf: last_modified=2025-04-04 07:54:55.288564
2025-04-04 15:12:03,703 - INFO -   testCardProp-Param.vcf: last_modified=2025-03-28 12:15:33.316049
2025-04-04 15:12:03,703 - INFO -   testCardProp-simpleVal.vcf: last_modified=2025-03-28 12:15:34.107049
2025-04-04 15:12:03,703 - INFO -   testCard-SimpleFold2.vcf: last_modified=2025-03-28 12:15:33.214049
2025-04-04 15:12:03,703 - INFO -   testCardMin.vcf: last_modified=2025-03-28 12:15:33.562049
2025-04-04 15:12:03,703 - INFO -   mmmm.vcf: last_modified=2025-03-28 12:18:48.658144
2025-04-04 15:12:03,703 - INFO -   testCard-Ann.vcf: last_modified=2025-03-28 12:15:32.944049
2025-04-04 15:12:03,703 - INFO -   testCardProps-Params.vcf: last_modified=2025-03-28 12:15:32.591049
2025-04-04 15:12:03,703 - INFO -   testCard-BdayTime.vcf: last_modified=2025-03-28 12:15:32.684049
2025-04-04 15:12:03,703 - INFO -   testCardProps-simpleVal.vcf: last_modified=2025-03-28 12:15:33.163049
2025-04-04 15:12:03,703 - INFO -   testCard-BdayText.vcf: last_modified=2025-03-28 12:15:33.772049
2025-04-04 15:12:03,703 - INFO -   testCardProp-ParamsVals.vcf: last_modified=2025-03-28 12:15:33.041049
2025-04-04 15:12:03,703 - INFO -   nnnn.vcf: last_modified=2025-03-28 12:28:54.030319
2025-04-04 15:12:03,703 - INFO -   testCard-bothDT.vcf: last_modified=2025-03-28 12:15:33.095049
2025-04-04 15:12:03,703 - INFO -   borninjune.vcf: last_modified=2025-04-03 13:32:08.262929
2025-04-04 15:12:03,703 - INFO -   testCardProps-compVal.vcf: last_modified=2025-03-28 12:15:32.410049
2025-04-04 15:12:03,703 - INFO -   testCard-SimpleFold1.vcf: last_modified=2025-03-28 12:15:33.623049
2025-04-04 15:12:03,703 - INFO - Card cache refresh complete. Valid cards: ['testCardN-compVal.vcf', 'testCardProps-Groups.vcf', 'editable.vcf', 'testCardProp-Param.vcf', 'testCardProp-simpleVal.vcf', 'testCard-SimpleFold2.vcf', 'testCardMin.vcf', 'mmmm.vcf', 'testCard-Ann.vcf', 'testCardProps-Params.vcf', 'testCard-BdayTime.vcf', 'testCardProps-simpleVal.vcf', 'testCard-BdayText.vcf', 'testCardProp-ParamsVals.vcf', 'nnnn.vcf', 'testCard-bothDT.vcf', 'borninjune.vcf', 'testCardProps-compVal.vcf', 'testCard-SimpleFold1.vcf']
2025-04-04 15:12:03,713 - INFO - Refreshing card cache
2025-04-04 15:12:03,713 - INFO - Scanning directory: /home/socs/assign1/assign2/assign3/./bin/cards
2025-04-04 15:12:03,713 - INFO - All files in directory: ['testCardN-compVal.vcf', 'testCardProps-ParamsVals.vcf', 'testCardProps-Groups.vcf', 'editable.vcf', 'testCard-TruncBday.vcf', 'testCardProp-Param.vcf', 'testCardInvEndings.vcf', 'testCardNoEnd.vcf', 'testCardProp-simpleVal.vcf', 'testCard-SimpleFold2.vcf', 'testCardMin.vcf', 'mmmm.vcf', 'testCard-Ann.vcf', 'testCardProps-Params.vcf', 'testCardGroup.vcf', 'testCardNoVersion.vcf', 'testCard-BdayTime.vcf', 'testCardProps-simpleVal.vcf', 'testCard-BdayText.vcf', 'testCardProp-ParamsVals.vcf', 'nnnn.vcf', 'testCard-bothDT.vcf', 'testCard.vcf', 'borninjune.vcf', 'testCardProps-compVal.vcf', 'testCard-SimpleFold1.vcf', 'testCard-MoreFold.vcf', 'testCard-AnnUTC.vcf']
2025-04-04 15:12:03,713 - INFO - Found vCard file: testCardN-compVal.vcf
2025-04-04 15:12:03,713 - INFO - File details for testCardN-compVal.vcf:
2025-04-04 15:12:03,713 - INFO -   Size: 92 bytes
2025-04-04 15:12:03,713 - INFO -   Permissions: 0o100644
2025-04-04 15:12:03,713 - INFO -   Modified: 2025-03-28 12:15:33.366049
2025-04-04 15:12:03,713 - INFO - Card testCardN-compVal.vcf unchanged, using cached version
2025-04-04 15:12:03,713 - INFO - Found vCard file: testCardProps-ParamsVals.vcf
2025-04-04 15:12:03,713 - INFO - File details for testCardProps-ParamsVals.vcf:
2025-04-04 15:12:03,713 - INFO -   Size: 565 bytes
2025-04-04 15:12:03,713 - INFO -   Permissions: 0o100644
2025-04-04 15:12:03,713 - INFO -   Modified: 2025-03-28 12:15:32.855049
2025-04-04 15:12:03,713 - INFO - Processing card: testCardProps-ParamsVals.vcf
2025-04-04 15:12:03,713 - INFO - File contents of testCardProps-ParamsVals.vcf:
BEGIN:VCARD
VERSION:4.0
FN:Simon Perreault
N:Perreault;Simon;;;ing. jr,M.Sc.
GENDER:M
LANG;PREF=1:fr
LANG;PREF=2:en
ORG;TYPE=work:Viagenie
ADR;TYPE=work:;Suite D2-630;2875 Laurier;Quebec;QC;G1V 2M2;Canada
TEL;VALUE=uri;TYPE="work,voice";PREF=1:tel:+1-418-656-9254;ext=102
TEL;VALUE=uri;TYPE="work,cell,voice,video,text":tel:+1-418-262-6501
EMAIL;TYPE=work:simon.perreault@viagenie.ca
GEO;TYPE=work:geo:46.772673,-71.282945
KEY;TYPE=work;VALUE=uri:http://www.viagenie.ca/simon.perreault/simon.asc
TZ:-0500
URL;TYPE=home:http://nomis80.org
END:VCARD

2025-04-04 15:12:03,713 - INFO - Successfully created card for testCardProps-ParamsVals.vcf
2025-04-04 15:12:03,713 - ERROR - Card validation failed for testCardProps-ParamsVals.vcf: Invalid property (code 3)
2025-04-04 15:12:03,713 - INFO - Found vCard file: testCardProps-Groups.vcf
2025-04-04 15:12:03,713 - INFO - File details for testCardProps-Groups.vcf:
2025-04-04 15:12:03,713 - INFO -   Size: 268 bytes
2025-04-04 15:12:03,713 - INFO -   Permissions: 0o100644
2025-04-04 15:12:03,713 - INFO -   Modified: 2025-03-28 12:15:34.011049
2025-04-04 15:12:03,713 - INFO - Card testCardProps-Groups.vcf unchanged, using cached version
2025-04-04 15:12:03,713 - INFO - Found vCard file: editable.vcf
2025-04-04 15:12:03,713 - INFO - File details for editable.vcf:
2025-04-04 15:12:03,713 - INFO -   Size: 46 bytes
2025-04-04 15:12:03,713 - INFO -   Permissions: 0o100644
2025-04-04 15:12:03,713 - INFO -   Modified: 2025-04-04 07:54:55.288564
2025-04-04 15:12:03,713 - INFO - Card editable.vcf unchanged, using cached version
2025-04-04 15:12:03,713 - INFO - Found vCard file: testCard-TruncBday.vcf
2025-04-04 15:12:03,713 - INFO - File details for testCard-TruncBday.vcf:
2025-04-04 15:12:03,713 - INFO -   Size: 70 bytes
2025-04-04 15:12:03,713 - INFO -   Permissions: 0o100644
2025-04-04 15:12:03,714 - INFO -   Modified: 2025-03-28 12:15:33.882049
2025-04-04 15:12:03,714 - INFO - Processing card: testCard-TruncBday.vcf
2025-04-04 15:12:03,714 - INFO - File contents of testCard-TruncBday.vcf:
BEGIN:VCARD
VERSION:4.0
FN:Simon Perreault
BDAY:--0203
END:VCARD

2025-04-04 15:12:03,714 - INFO - Successfully created card for testCard-TruncBday.vcf
2025-04-04 15:12:03,714 - ERROR - Card validation failed for testCard-TruncBday.vcf: Invalid date/time (code 4)
2025-04-04 15:12:03,714 - INFO - Found vCard file: testCardProp-Param.vcf
2025-04-04 15:12:03,714 - INFO - File details for testCardProp-Param.vcf:
2025-04-04 15:12:03,714 - INFO -   Size: 83 bytes
2025-04-04 15:12:03,714 - INFO -   Permissions: 0o100644
2025-04-04 15:12:03,714 - INFO -   Modified: 2025-03-28 12:15:33.316049
2025-04-04 15:12:03,714 - INFO - Card testCardProp-Param.vcf unchanged, using cached version
2025-04-04 15:12:03,714 - INFO - Found vCard file: testCardInvEndings.vcf
2025-04-04 15:12:03,714 - INFO - File details for testCardInvEndings.vcf:
2025-04-04 15:12:03,714 - INFO -   Size: 53 bytes
2025-04-04 15:12:03,714 - INFO -   Permissions: 0o100644
2025-04-04 15:12:03,714 - INFO -   Modified: 2025-03-28 12:15:51.528049
2025-04-04 15:12:03,714 - INFO - Processing card: testCardInvEndings.vcf
2025-04-04 15:12:03,714 - INFO - File contents of testCardInvEndings.vcf:
BEGIN:VCARD
VERSION:4.0
FN:Simon Perreault
END:VCARD

2025-04-04 15:12:03,714 - ERROR - Failed to create card testCardInvEndings.vcf: Invalid card format (code 2)
2025-04-04 15:12:03,714 - INFO - Found vCard file: testCardNoEnd.vcf
2025-04-04 15:12:03,714 - INFO - File details for testCardNoEnd.vcf:
2025-04-04 15:12:03,714 - INFO -   Size: 46 bytes
2025-04-04 15:12:03,714 - INFO -   Permissions: 0o100644
2025-04-04 15:12:03,714 - INFO -   Modified: 2025-03-28 12:15:51.468049
2025-04-04 15:12:03,714 - INFO - Processing card: testCardNoEnd.vcf
2025-04-04 15:12:03,714 - INFO - File contents of testCardNoEnd.vcf:
BEGIN:VCARD
VERSION:4.0
FN:Simon Perreault

2025-04-04 15:12:03,714 - ERROR - Failed to create card testCardNoEnd.vcf: Invalid card format (code 2)
2025-04-04 15:12:03,714 - INFO - Found vCard file: testCardProp-simpleVal.vcf
2025-04-04 15:12:03,714 - INFO - File details for testCardProp-simpleVal.vcf:
2025-04-04 15:12:03,714 - INFO -   Size: 67 bytes
2025-04-04 15:12:03,714 - INFO -   Permissions: 0o100644
2025-04-04 15:12:03,714 - INFO -   Modified: 2025-03-28 12:15:34.107049
2025-04-04 15:12:03,714 - INFO - Card testCardProp-simpleVal.vcf unchanged, using cached version
2025-04-04 15:12:03,714 - INFO - Found vCard file: testCard-SimpleFold2.vcf
2025-04-04 15:12:03,714 - INFO - File details for testCard-SimpleFold2.vcf:
2025-04-04 15:12:03,714 - INFO -   Size: 60 bytes
2025-04-04 15:12:03,714 - INFO -   Permissions: 0o100644
2025-04-04 15:12:03,714 - INFO -   Modified: 2025-03-28 12:15:33.214049
2025-04-04 15:12:03,714 - INFO - Card testCard-SimpleFold2.vcf unchanged, using cached version
2025-04-04 15:12:03,714 - INFO - Found vCard file: testCardMin.vcf
2025-04-04 15:12:03,714 - INFO - File details for testCardMin.vcf:
2025-04-04 15:12:03,714 - INFO -   Size: 57 bytes
2025-04-04 15:12:03,714 - INFO -   Permissions: 0o100644
2025-04-04 15:12:03,714 - INFO -   Modified: 2025-03-28 12:15:33.562049
2025-04-04 15:12:03,714 - INFO - Card testCardMin.vcf unchanged, using cached version
2025-04-04 15:12:03,714 - INFO - Found vCard file: mmmm.vcf
2025-04-04 15:12:03,715 - INFO - File details for mmmm.vcf:
2025-04-04 15:12:03,715 - INFO -   Size: 46 bytes
2025-04-04 15:12:03,715 - INFO -   Permissions: 0o100644
2025-04-04 15:12:03,715 - INFO -   Modified: 2025-03-28 12:18:48.658144
2025-04-04 15:12:03,715 - INFO - Card mmmm.vcf unchanged, using cached version
2025-04-04 15:12:03,715 - INFO - Found vCard file: testCard-Ann.vcf
2025-04-04 15:12:03,715 - INFO - File details for testCard-Ann.vcf:
2025-04-04 15:12:03,715 - INFO -   Size: 86 bytes
2025-04-04 15:12:03,715 - INFO -   Permissions: 0o100644
2025-04-04 15:12:03,715 - INFO -   Modified: 2025-03-28 12:15:32.944049
2025-04-04 15:12:03,715 - INFO - Card testCard-Ann.vcf unchanged, using cached version
2025-04-04 15:12:03,715 - INFO - Found vCard file: testCardProps-Params.vcf
2025-04-04 15:12:03,715 - INFO - File details for testCardProps-Params.vcf:
2025-04-04 15:12:03,715 - INFO -   Size: 202 bytes
2025-04-04 15:12:03,715 - INFO -   Permissions: 0o100644
2025-04-04 15:12:03,715 - INFO -   Modified: 2025-03-28 12:15:32.591049
2025-04-04 15:12:03,715 - INFO - Card testCardProps-Params.vcf unchanged, using cached version
2025-04-04 15:12:03,715 - INFO - Found vCard file: testCardGroup.vcf
2025-04-04 15:12:03,715 - INFO - File details for testCardGroup.vcf:
2025-04-04 15:12:03,715 - INFO -   Size: 879 bytes
2025-04-04 15:12:03,715 - INFO -   Permissions: 0o100644
2025-04-04 15:12:03,715 - INFO -   Modified: 2025-03-28 12:15:33.731049
2025-04-04 15:12:03,715 - INFO - Processing card: testCardGroup.vcf
2025-04-04 15:12:03,715 - INFO - File contents of testCardGroup.vcf:
BEGIN:VCARD
VERSION:4.0
N:Doe;John;;;
FN:John Doe
ORG:Example.com Inc.;
TITLE:Imaginary test person
EMAIL;type=INTERNET;type=WORK;type=pref:johnDoe@example.org
TEL;type=WORK;type=pref:+1 617 555 1212
TEL;type=CELL:+1 781 555 1212
TEL;type=HOME:+1 202 555 1212
TEL;type=WORK:+1 (617) 555-1234
item1.ADR;type=WORK:;;2 Example Avenue;Anytown;NY;01111;USA
item1.X-ABADR:us
item2.ADR;type=HOME;type=pref:;;3 Acacia Avenue;Newtown;MA;02222;USA
item2.X-ABADR:us
NOTE:John Doe has a long and varied history
 , being documented on more police files that anyone else. Reports of his death are alas numerous.
item3.URL;type=pref:http://www.example/com/doe
item3.X-ABLabel:_$!<HomePage>!$_
item4.URL:http://www.example.com/Joe/foaf.df
item4.X-ABLabel:FOAF
item5.X-ABRELATEDNAMES;type=pref:Jane Doe
item5.X-ABLabel:_$!<Friend>!$_
CATEGORIES:Work,Test group
END:VCARD

2025-04-04 15:12:03,715 - INFO - Successfully created card for testCardGroup.vcf
2025-04-04 15:12:03,715 - ERROR - Card validation failed for testCardGroup.vcf: Invalid property (code 3)
2025-04-04 15:12:03,715 - INFO - Found vCard file: testCardNoVersion.vcf
2025-04-04 15:12:03,715 - INFO - File details for testCardNoVersion.vcf:
2025-04-04 15:12:03,715 - INFO -   Size: 44 bytes
2025-04-04 15:12:03,715 - INFO -   Permissions: 0o100644
2025-04-04 15:12:03,715 - INFO -   Modified: 2025-03-28 12:15:51.625049
2025-04-04 15:12:03,715 - INFO - Processing card: testCardNoVersion.vcf
2025-04-04 15:12:03,715 - INFO - File contents of testCardNoVersion.vcf:
BEGIN:VCARD
FN:Simon Perreault
END:VCARD

2025-04-04 15:12:03,715 - ERROR - Failed to create card testCardNoVersion.vcf: Invalid card format (code 2)
2025-04-04 15:12:03,715 - INFO - Found vCard file: testCard-BdayTime.vcf
2025-04-04 15:12:03,715 - INFO - File details for testCard-BdayTime.vcf:
2025-04-04 15:12:03,715 - INFO -   Size: 71 bytes
2025-04-04 15:12:03,715 - INFO -   Permissions: 0o100644
2025-04-04 15:12:03,715 - INFO -   Modified: 2025-03-28 12:15:32.684049
2025-04-04 15:12:03,715 - INFO - Card testCard-BdayTime.vcf unchanged, using cached version
2025-04-04 15:12:03,715 - INFO - Found vCard file: testCardProps-simpleVal.vcf
2025-04-04 15:12:03,715 - INFO - File details for testCardProps-simpleVal.vcf:
2025-04-04 15:12:03,715 - INFO -   Size: 81 bytes
2025-04-04 15:12:03,715 - INFO -   Permissions: 0o100644
2025-04-04 15:12:03,715 - INFO -   Modified: 2025-03-28 12:15:33.163049
2025-04-04 15:12:03,715 - INFO - Card testCardProps-simpleVal.vcf unchanged, using cached version
2025-04-04 15:12:03,715 - INFO - Found vCard file: testCard-BdayText.vcf
2025-04-04 15:12:03,715 - INFO - File details for testCard-BdayText.vcf:
2025-04-04 15:12:03,715 - INFO -   Size: 85 bytes
2025-04-04 15:12:03,715 - INFO -   Permissions: 0o100644
2025-04-04 15:12:03,715 - INFO -   Modified: 2025-03-28 12:15:33.772049
2025-04-04 15:12:03,715 - INFO - Card testCard-BdayText.vcf unchanged, using cached version
2025-04-04 15:12:03,715 - INFO - Found vCard file: testCardProp-ParamsVals.vcf
2025-04-04 15:12:03,715 - INFO - File details for testCardProp-ParamsVals.vcf:
2025-04-04 15:12:03,715 - INFO -   Size: 125 bytes
2025-04-04 15:12:03,715 - INFO -   Permissions: 0o100644
2025-04-04 15:12:03,715 - INFO -   Modified: 2025-03-28 12:15:33.041049
2025-04-04 15:12:03,715 - INFO - Card testCardProp-ParamsVals.vcf unchanged, using cached version
2025-04-04 15:12:03,715 - INFO - Found vCard file: nnnn.vcf
2025-04-04 15:12:03,715 - INFO - File details for nnnn.vcf:
2025-04-04 15:12:03,715 - INFO -   Size: 47 bytes
2025-04-04 15:12:03,715 - INFO -   Permissions: 0o100644
2025-04-04 15:12:03,715 - INFO -   Modified: 2025-03-28 12:28:54.030319
2025-04-04 15:12:03,715 - INFO - Card nnnn.vcf unchanged, using cached version
2025-04-04 15:12:03,715 - INFO - Found vCard file: testCard-bothDT.vcf
2025-04-04 15:12:03,715 - INFO - File details for testCard-bothDT.vcf:
2025-04-04 15:12:03,715 - INFO -   Size: 108 bytes
2025-04-04 15:12:03,715 - INFO -   Permissions: 0o100644
2025-04-04 15:12:03,715 - INFO -   Modified: 2025-03-28 12:15:33.095049
2025-04-04 15:12:03,715 - INFO - Card testCard-bothDT.vcf unchanged, using cached version
2025-04-04 15:12:03,715 - INFO - Found vCard file: testCard.vcf
2025-04-04 15:12:03,715 - INFO - File details for testCard.vcf:
2025-04-04 15:12:03,715 - INFO -   Size: 613 bytes
2025-04-04 15:12:03,715 - INFO -   Permissions: 0o100644
2025-04-04 15:12:03,715 - INFO -   Modified: 2025-03-28 12:15:33.945049
2025-04-04 15:12:03,716 - INFO - Processing card: testCard.vcf
2025-04-04 15:12:03,716 - INFO - File contents of testCard.vcf:
BEGIN:VCARD
VERSION:4.0
FN:Simon Perreault
N:Perreault;Simon;;;ing. jr,M.Sc.
BDAY:--0203
ANNIVERSARY:20090808T143000
GENDER:M
LANG;PREF=1:fr
LANG;PREF=2:en
ORG;TYPE=work:Viagenie
ADR;TYPE=work:;Suite D2-630;2875 Laurier;
 Quebec;QC;G1V 2M2;Canada
TEL;VALUE=uri;TYPE="work,voice";PREF=1:tel:+1-418-656-9254;ext=102
TEL;VALUE=uri;TYPE="work,cell,voice,video,text":tel:+1-418-262-6501
EMAIL;TYPE=work:simon.perreault@viagenie.ca
GEO;TYPE=work:geo:46.772673,-71.282945
KEY;TYPE=work;VALUE=uri:
 http://www.viagenie.ca/simon.perreault/simon.asc
TZ:-0500
URL;TYPE=home:http://nomis80.org
END:VCARD

2025-04-04 15:12:03,716 - INFO - Successfully created card for testCard.vcf
2025-04-04 15:12:03,716 - ERROR - Card validation failed for testCard.vcf: Invalid property (code 3)
2025-04-04 15:12:03,716 - INFO - Found vCard file: borninjune.vcf
2025-04-04 15:12:03,716 - INFO - File details for borninjune.vcf:
2025-04-04 15:12:03,716 - INFO -   Size: 45 bytes
2025-04-04 15:12:03,716 - INFO -   Permissions: 0o100644
2025-04-04 15:12:03,716 - INFO -   Modified: 2025-04-03 13:32:08.262929
2025-04-04 15:12:03,716 - INFO - Card borninjune.vcf unchanged, using cached version
2025-04-04 15:12:03,716 - INFO - Found vCard file: testCardProps-compVal.vcf
2025-04-04 15:12:03,716 - INFO - File details for testCardProps-compVal.vcf:
2025-04-04 15:12:03,716 - INFO -   Size: 179 bytes
2025-04-04 15:12:03,716 - INFO -   Permissions: 0o100644
2025-04-04 15:12:03,716 - INFO -   Modified: 2025-03-28 12:15:32.410049
2025-04-04 15:12:03,716 - INFO - Card testCardProps-compVal.vcf unchanged, using cached version
2025-04-04 15:12:03,716 - INFO - Found vCard file: testCard-SimpleFold1.vcf
2025-04-04 15:12:03,716 - INFO - File details for testCard-SimpleFold1.vcf:
2025-04-04 15:12:03,716 - INFO -   Size: 60 bytes
2025-04-04 15:12:03,716 - INFO -   Permissions: 0o100644
2025-04-04 15:12:03,716 - INFO -   Modified: 2025-03-28 12:15:33.623049
2025-04-04 15:12:03,716 - INFO - Card testCard-SimpleFold1.vcf unchanged, using cached version
2025-04-04 15:12:03,716 - INFO - Found vCard file: testCard-MoreFold.vcf
2025-04-04 15:12:03,716 - INFO - File details for testCard-MoreFold.vcf:
2025-04-04 15:12:03,716 - INFO -   Size: 204 bytes
2025-04-04 15:12:03,716 - INFO -   Permissions: 0o100644
2025-04-04 15:12:03,716 - INFO -   Modified: 2025-03-28 12:15:32.510049
2025-04-04 15:12:03,716 - INFO - Processing card: testCard-MoreFold.vcf
2025-04-04 15:12:03,716 - INFO - File contents of testCard-MoreFold.vcf:
BEGIN:VCARD
VERSION:4.0
FN:Simon Perreault
ADR;TYPE=work:;Suite D2-630;2875 Laurier;
 Quebec;QC;G1V 2M2;Canada
KEY;TYPE=work;VALUE=uri:
 http://www.viagenie.ca/simon.perreault/simon.asc
END:VCARD

2025-04-04 15:12:03,716 - INFO - Successfully created card for testCard-MoreFold.vcf
2025-04-04 15:12:03,716 - ERROR - Card validation failed for testCard-MoreFold.vcf: Invalid property (code 3)
2025-04-04 15:12:03,716 - INFO - Found vCard file: testCard-AnnUTC.vcf
2025-04-04 15:12:03,716 - INFO - File details for testCard-AnnUTC.vcf:
2025-04-04 15:12:03,716 - INFO -   Size: 87 bytes
2025-04-04 15:12:03,716 - INFO -   Permissions: 0o100644
2025-04-04 15:12:03,716 - INFO -   Modified: 2025-03-28 12:15:33.475049
2025-04-04 15:12:03,716 - INFO - Processing card: testCard-AnnUTC.vcf
2025-04-04 15:12:03,716 - INFO - File contents of testCard-AnnUTC.vcf:
BEGIN:VCARD
VERSION:4.0
FN:Simon Perreault
ANNIVERSARY:20090808T143000Z
END:VCARD

2025-04-04 15:12:03,716 - INFO - Successfully created card for testCard-AnnUTC.vcf
2025-04-04 15:12:03,716 - ERROR - Card validation failed for testCard-AnnUTC.vcf: Invalid date/time (code 4)
2025-04-04 15:12:03,716 - INFO - Current cache state:
2025-04-04 15:12:03,716 - INFO -   testCardN-compVal.vcf: last_modified=2025-03-28 12:15:33.366049
2025-04-04 15:12:03,716 - INFO -   testCardProps-Groups.vcf: last_modified=2025-03-28 12:15:34.011049
2025-04-04 15:12:03,716 - INFO -   editable.vcf: last_modified=2025-04-04 07:54:55.288564
2025-04-04 15:12:03,716 - INFO -   testCardProp-Param.vcf: last_modified=2025-03-28 12:15:33.316049
2025-04-04 15:12:03,716 - INFO -   testCardProp-simpleVal.vcf: last_modified=2025-03-28 12:15:34.107049
2025-04-04 15:12:03,716 - INFO -   testCard-SimpleFold2.vcf: last_modified=2025-03-28 12:15:33.214049
2025-04-04 15:12:03,716 - INFO -   testCardMin.vcf: last_modified=2025-03-28 12:15:33.562049
2025-04-04 15:12:03,716 - INFO -   mmmm.vcf: last_modified=2025-03-28 12:18:48.658144
2025-04-04 15:12:03,716 - INFO -   testCard-Ann.vcf: last_modified=2025-03-28 12:15:32.944049
2025-04-04 15:12:03,716 - INFO -   testCardProps-Params.vcf: last_modified=2025-03-28 12:15:32.591049
2025-04-04 15:12:03,716 - INFO -   testCard-BdayTime.vcf: last_modified=2025-03-28 12:15:32.684049
2025-04-04 15:12:03,716 - INFO -   testCardProps-simpleVal.vcf: last_modified=2025-03-28 12:15:33.163049
2025-04-04 15:12:03,716 - INFO -   testCard-BdayText.vcf: last_modified=2025-03-28 12:15:33.772049
2025-04-04 15:12:03,716 - INFO -   testCardProp-ParamsVals.vcf: last_modified=2025-03-28 12:15:33.041049
2025-04-04 15:12:03,716 - INFO -   nnnn.vcf: last_modified=2025-03-28 12:28:54.030319
2025-04-04 15:12:03,716 - INFO -   testCard-bothDT.vcf: last_modified=2025-03-28 12:15:33.095049
2025-04-04 15:12:03,716 - INFO -   borninjune.vcf: last_modified=2025-04-03 13:32:08.262929
2025-04-04 15:12:03,716 - INFO -   testCardProps-compVal.vcf: last_modified=2025-03-28 12:15:32.410049
2025-04-04 15:12:03,716 - INFO -   testCard-SimpleFold1.vcf: last_modified=2025-03-28 12:15:33.623049
2025-04-04 15:12:03,716 - INFO - Card cache refresh complete. Valid cards: ['testCardN-compVal.vcf', 'testCardProps-Groups.vcf', 'editable.vcf', 'testCardProp-Param.vcf', 'testCardProp-simpleVal.vcf', 'testCard-SimpleFold2.vcf', 'testCardMin.vcf', 'mmmm.vcf', 'testCard-Ann.vcf', 'testCardProps-Params.vcf', 'testCard-BdayTime.vcf', 'testCardProps-simpleVal.vcf', 'testCard-BdayText.vcf', 'testCardProp-ParamsVals.vcf', 'nnnn.vcf', 'testCard-bothDT.vcf', 'borninjune.vcf', 'testCardProps-compVal.vcf', 'testCard-SimpleFold1.vcf']
2025-04-04 15:12:03,717 - INFO - Found 19 valid vCard files
2025-04-04 15:12:03,717 - DEBUG - Updating: filename
2025-04-04 15:12:03,717 - DEBUG - Form field changed
2025-04-04 15:12:03,717 - DEBUG - Updating: contact_name
2025-04-04 15:12:03,717 - DEBUG - Form field changed
2025-04-04 15:12:03,717 - DEBUG - Updating: None
2025-04-04 15:12:03,717 - DEBUG - Updating: None
2025-04-04 15:12:03,717 - DEBUG - Updating: None
2025-04-04 15:12:03,717 - DEBUG - Updating: None
2025-04-04 15:12:03,717 - DEBUG - Updating: None
2025-04-04 15:12:03,717 - DEBUG - Updating: None
2025-04-04 15:12:03,717 - DEBUG - Updating: None
2025-04-04 15:12:03,719 - DEBUG - Updating: filename
2025-04-04 15:12:03,719 - DEBUG - Updating: contact_name
2025-04-04 15:12:03,719 - DEBUG - Form field changed
2025-04-04 15:12:03,719 - DEBUG - Updating: birthday
2025-04-04 15:12:03,719 - DEBUG - Updating: anniversary
2025-04-04 15:12:03,719 - DEBUG - Updating: other_props
2025-04-04 15:12:03,719 - DEBUG - Updating: None
2025-04-04 15:12:03,719 - DEBUG - Updating: None
2025-04-04 15:12:03,719 - DEBUG - Updating: None
2025-04-04 15:12:03,719 - DEBUG - Updating: None
2025-04-04 15:12:03,720 - DEBUG - Updating: None
2025-04-04 15:12:03,720 - DEBUG - Updating: None
2025-04-04 15:12:03,720 - DEBUG - Updating: username
2025-04-04 15:12:03,720 - DEBUG - Updating: password
2025-04-04 15:12:03,720 - DEBUG - Updating: database
2025-04-04 15:12:03,720 - DEBUG - Updating: None
2025-04-04 15:12:03,720 - DEBUG - Updating: None
2025-04-04 15:12:03,720 - DEBUG - Updating: None
2025-04-04 15:12:03,720 - DEBUG - Updating: None
2025-04-04 15:12:03,720 - DEBUG - Updating: None
2025-04-04 15:12:03,720 - DEBUG - Updating: None
2025-04-04 15:12:03,720 - DEBUG - Updating: username
2025-04-04 15:12:03,720 - DEBUG - Updating: password
2025-04-04 15:12:03,720 - DEBUG - Updating: database
2025-04-04 15:12:03,720 - DEBUG - Updating: None
2025-04-04 15:12:03,720 - DEBUG - Widget blur: <asciimatics.widgets.label.Label object at 0xffff81b5b850>
2025-04-04 15:12:03,721 - DEBUG - Widget blur: <asciimatics.widgets.label.Label object at 0xffff81b5b9f0>
2025-04-04 15:12:03,721 - DEBUG - Widget blur: <asciimatics.widgets.text.Text object at 0xffff827bb790>
2025-04-04 15:12:03,721 - DEBUG - Widget blur: <asciimatics.widgets.text.Text object at 0xffff8285f4c0>
2025-04-04 15:12:03,721 - DEBUG - Widget blur: <asciimatics.widgets.text.Text object at 0xffff8285f2e0>
2025-04-04 15:12:03,721 - DEBUG - Widget blur: <asciimatics.widgets.label.Label object at 0xffff81b5b510>
2025-04-04 15:12:03,721 - DEBUG - Blur: <asciimatics.widgets.layout.Layout object at 0xffff81b53940>
2025-04-04 15:12:03,721 - DEBUG - Updating: None
2025-04-04 15:12:03,721 - DEBUG - Updating: None
2025-04-04 15:12:03,721 - DEBUG - Widget blur: <asciimatics.widgets.button.Button object at 0xffff81b80580>
2025-04-04 15:12:03,721 - DEBUG - Widget blur: <asciimatics.widgets.button.Button object at 0xffff81b80660>
2025-04-04 15:12:03,721 - DEBUG - Blur: <asciimatics.widgets.layout.Layout object at 0xffff81b539a0>
2025-04-04 15:12:03,721 - DEBUG - Updating: None
2025-04-04 15:12:03,721 - DEBUG - Widget blur: <asciimatics.widgets.label.Label object at 0xffff81b5b920>
2025-04-04 15:12:03,721 - DEBUG - Blur: <asciimatics.widgets.layout.Layout object at 0xffff81b53a00>
2025-04-04 15:12:03,721 - DEBUG - Focus: <asciimatics.widgets.layout.Layout object at 0xffff81b53940>
2025-04-04 15:12:03,721 - DEBUG - Widget focus: <asciimatics.widgets.text.Text object at 0xffff827bb790>
2025-04-04 15:12:03,721 - DEBUG - Cloning: Login to Database
2025-04-04 15:12:03,721 - DEBUG - Updating: None
2025-04-04 15:12:03,721 - DEBUG - Updating: None
2025-04-04 15:12:03,721 - DEBUG - Updating: username
2025-04-04 15:12:03,721 - DEBUG - Updating: password
2025-04-04 15:12:03,721 - DEBUG - Updating: database
2025-04-04 15:12:03,721 - DEBUG - Updating: None
2025-04-04 15:12:03,721 - DEBUG - Updating: None
2025-04-04 15:12:03,721 - DEBUG - Updating: None
2025-04-04 15:12:03,721 - DEBUG - Updating: None
2025-04-04 15:12:03,721 - DEBUG - Updating: None
2025-04-04 15:12:03,721 - DEBUG - Updating: None
2025-04-04 15:12:03,721 - DEBUG - Updating: username
2025-04-04 15:12:03,721 - DEBUG - Updating: password
2025-04-04 15:12:03,721 - DEBUG - Updating: database
2025-04-04 15:12:03,721 - DEBUG - Updating: None
2025-04-04 15:12:03,721 - DEBUG - Updating: None
2025-04-04 15:12:03,721 - DEBUG - Updating: None
2025-04-04 15:12:03,721 - DEBUG - Updating: None
2025-04-04 15:12:06,779 - DEBUG - Processing key: 6d
2025-04-04 15:12:06,780 - DEBUG - Returning key: 6d
2025-04-04 15:12:06,780 - DEBUG - New event: KeyboardEvent: 109
2025-04-04 15:12:06,780 - DEBUG - Focus: <asciimatics.widgets.layout.Layout object at 0xffff81b53940>
2025-04-04 15:12:06,780 - DEBUG - Layout event: <asciimatics.widgets.layout.Layout object at 0xffff81b53940> KeyboardEvent: 109
2025-04-04 15:12:06,780 - DEBUG - Current widget left event: None
2025-04-04 15:12:06,829 - DEBUG - Processing key: 72
2025-04-04 15:12:06,829 - DEBUG - Returning key: 72
2025-04-04 15:12:06,829 - DEBUG - New event: KeyboardEvent: 114
2025-04-04 15:12:06,829 - DEBUG - Layout event: <asciimatics.widgets.layout.Layout object at 0xffff81b53940> KeyboardEvent: 114
2025-04-04 15:12:06,829 - DEBUG - Current widget left event: None
2025-04-04 15:12:06,987 - DEBUG - Processing key: 61
2025-04-04 15:12:06,987 - DEBUG - Returning key: 61
2025-04-04 15:12:06,987 - DEBUG - New event: KeyboardEvent: 97
2025-04-04 15:12:06,987 - DEBUG - Layout event: <asciimatics.widgets.layout.Layout object at 0xffff81b53940> KeyboardEvent: 97
2025-04-04 15:12:06,987 - DEBUG - Current widget left event: None
2025-04-04 15:12:07,147 - DEBUG - Processing key: 73
2025-04-04 15:12:07,147 - DEBUG - Returning key: 73
2025-04-04 15:12:07,147 - DEBUG - New event: KeyboardEvent: 115
2025-04-04 15:12:07,147 - DEBUG - Layout event: <asciimatics.widgets.layout.Layout object at 0xffff81b53940> KeyboardEvent: 115
2025-04-04 15:12:07,147 - DEBUG - Current widget left event: None
2025-04-04 15:12:07,436 - DEBUG - Processing key: 68
2025-04-04 15:12:07,436 - DEBUG - Returning key: 68
2025-04-04 15:12:07,436 - DEBUG - New event: KeyboardEvent: 104
2025-04-04 15:12:07,436 - DEBUG - Layout event: <asciimatics.widgets.layout.Layout object at 0xffff81b53940> KeyboardEvent: 104
2025-04-04 15:12:07,436 - DEBUG - Current widget left event: None
2025-04-04 15:12:07,540 - DEBUG - Processing key: 61
2025-04-04 15:12:07,540 - DEBUG - Returning key: 61
2025-04-04 15:12:07,540 - DEBUG - New event: KeyboardEvent: 97
2025-04-04 15:12:07,540 - DEBUG - Layout event: <asciimatics.widgets.layout.Layout object at 0xffff81b53940> KeyboardEvent: 97
2025-04-04 15:12:07,541 - DEBUG - Current widget left event: None
2025-04-04 15:12:08,064 - DEBUG - Processing key: 68
2025-04-04 15:12:08,095 - DEBUG - Returning key: 68
2025-04-04 15:12:08,102 - DEBUG - New event: KeyboardEvent: 104
2025-04-04 15:12:08,106 - DEBUG - Layout event: <asciimatics.widgets.layout.Layout object at 0xffff81b53940> KeyboardEvent: 104
2025-04-04 15:12:08,116 - DEBUG - Current widget left event: None
2025-04-04 15:12:08,246 - DEBUG - Processing key: 6d
2025-04-04 15:12:08,246 - DEBUG - Returning key: 6d
2025-04-04 15:12:08,246 - DEBUG - New event: KeyboardEvent: 109
2025-04-04 15:12:08,246 - DEBUG - Layout event: <asciimatics.widgets.layout.Layout object at 0xffff81b53940> KeyboardEvent: 109
2025-04-04 15:12:08,246 - DEBUG - Current widget left event: None
2025-04-04 15:12:08,670 - DEBUG - Processing key: 9
2025-04-04 15:12:08,670 - DEBUG - Returning key: 9
2025-04-04 15:12:08,670 - DEBUG - New event: KeyboardEvent: -301
2025-04-04 15:12:08,670 - DEBUG - Layout event: <asciimatics.widgets.layout.Layout object at 0xffff81b53940> KeyboardEvent: -301
2025-04-04 15:12:08,671 - DEBUG - Widget blur: <asciimatics.widgets.text.Text object at 0xffff827bb790>
2025-04-04 15:12:08,672 - DEBUG - Widget focus: <asciimatics.widgets.text.Text object at 0xffff8285f4c0>
2025-04-04 15:12:08,672 - DEBUG - Current widget left event: None
2025-04-04 15:12:15,039 - DEBUG - New event: MouseEvent (58, 11) 1
2025-04-04 15:12:15,797 - DEBUG - Processing key: 31
2025-04-04 15:12:15,800 - DEBUG - Returning key: 31
2025-04-04 15:12:15,800 - DEBUG - New event: KeyboardEvent: 49
2025-04-04 15:12:15,801 - DEBUG - Layout event: <asciimatics.widgets.layout.Layout object at 0xffff81b53940> KeyboardEvent: 49
2025-04-04 15:12:15,803 - DEBUG - Current widget left event: None
2025-04-04 15:12:15,953 - DEBUG - Processing key: 32
2025-04-04 15:12:15,953 - DEBUG - Returning key: 32
2025-04-04 15:12:15,953 - DEBUG - New event: KeyboardEvent: 50
2025-04-04 15:12:15,953 - DEBUG - Layout event: <asciimatics.widgets.layout.Layout object at 0xffff81b53940> KeyboardEvent: 50
2025-04-04 15:12:15,953 - DEBUG - Current widget left event: None
2025-04-04 15:12:16,919 - DEBUG - Processing key: 35
2025-04-04 15:12:16,920 - DEBUG - Returning key: 35
2025-04-04 15:12:16,920 - DEBUG - New event: KeyboardEvent: 53
2025-04-04 15:12:16,920 - DEBUG - Layout event: <asciimatics.widgets.layout.Layout object at 0xffff81b53940> KeyboardEvent: 53
2025-04-04 15:12:16,921 - DEBUG - Current widget left event: None
2025-04-04 15:12:17,131 - DEBUG - Processing key: 30
2025-04-04 15:12:17,131 - DEBUG - Returning key: 30
2025-04-04 15:12:17,132 - DEBUG - New event: KeyboardEvent: 48
2025-04-04 15:12:17,132 - DEBUG - Layout event: <asciimatics.widgets.layout.Layout object at 0xffff81b53940> KeyboardEvent: 48
2025-04-04 15:12:17,132 - DEBUG - Current widget left event: None
2025-04-04 15:12:17,392 - DEBUG - Processing key: 34
2025-04-04 15:12:17,393 - DEBUG - Returning key: 34
2025-04-04 15:12:17,393 - DEBUG - New event: KeyboardEvent: 52
2025-04-04 15:12:17,393 - DEBUG - Layout event: <asciimatics.widgets.layout.Layout object at 0xffff81b53940> KeyboardEvent: 52
2025-04-04 15:12:17,393 - DEBUG - Current widget left event: None
2025-04-04 15:12:17,598 - DEBUG - Processing key: 35
2025-04-04 15:12:17,598 - DEBUG - Returning key: 35
2025-04-04 15:12:17,598 - DEBUG - New event: KeyboardEvent: 53
2025-04-04 15:12:17,598 - DEBUG - Layout event: <asciimatics.widgets.layout.Layout object at 0xffff81b53940> KeyboardEvent: 53
2025-04-04 15:12:17,598 - DEBUG - Current widget left event: None
2025-04-04 15:12:17,754 - DEBUG - Processing key: 39
2025-04-04 15:12:17,754 - DEBUG - Returning key: 39
2025-04-04 15:12:17,754 - DEBUG - New event: KeyboardEvent: 57
2025-04-04 15:12:17,754 - DEBUG - Layout event: <asciimatics.widgets.layout.Layout object at 0xffff81b53940> KeyboardEvent: 57
2025-04-04 15:12:17,754 - DEBUG - Current widget left event: None
2025-04-04 15:12:18,248 - DEBUG - Processing key: 9
2025-04-04 15:12:18,248 - DEBUG - Returning key: 9
2025-04-04 15:12:18,248 - DEBUG - New event: KeyboardEvent: -301
2025-04-04 15:12:18,248 - DEBUG - Layout event: <asciimatics.widgets.layout.Layout object at 0xffff81b53940> KeyboardEvent: -301
2025-04-04 15:12:18,248 - DEBUG - Widget blur: <asciimatics.widgets.text.Text object at 0xffff8285f4c0>
2025-04-04 15:12:18,248 - DEBUG - Widget focus: <asciimatics.widgets.text.Text object at 0xffff8285f2e0>
2025-04-04 15:12:18,249 - DEBUG - Current widget left event: None
2025-04-04 15:12:18,583 - DEBUG - Processing key: 6d
2025-04-04 15:12:18,583 - DEBUG - Returning key: 6d
2025-04-04 15:12:18,583 - DEBUG - New event: KeyboardEvent: 109
2025-04-04 15:12:18,584 - DEBUG - Layout event: <asciimatics.widgets.layout.Layout object at 0xffff81b53940> KeyboardEvent: 109
2025-04-04 15:12:18,584 - DEBUG - Current widget left event: None
2025-04-04 15:12:18,797 - DEBUG - Processing key: 72
2025-04-04 15:12:18,797 - DEBUG - Returning key: 72
2025-04-04 15:12:18,797 - DEBUG - New event: KeyboardEvent: 114
2025-04-04 15:12:18,797 - DEBUG - Layout event: <asciimatics.widgets.layout.Layout object at 0xffff81b53940> KeyboardEvent: 114
2025-04-04 15:12:18,797 - DEBUG - Current widget left event: None
2025-04-04 15:12:19,264 - DEBUG - Processing key: 61
2025-04-04 15:12:19,264 - DEBUG - Returning key: 61
2025-04-04 15:12:19,264 - DEBUG - New event: KeyboardEvent: 97
2025-04-04 15:12:19,264 - DEBUG - Layout event: <asciimatics.widgets.layout.Layout object at 0xffff81b53940> KeyboardEvent: 97
2025-04-04 15:12:19,264 - DEBUG - Current widget left event: None
2025-04-04 15:12:19,424 - DEBUG - Processing key: 73
2025-04-04 15:12:19,425 - DEBUG - Returning key: 73
2025-04-04 15:12:19,425 - DEBUG - New event: KeyboardEvent: 115
2025-04-04 15:12:19,425 - DEBUG - Layout event: <asciimatics.widgets.layout.Layout object at 0xffff81b53940> KeyboardEvent: 115
2025-04-04 15:12:19,425 - DEBUG - Current widget left event: None
2025-04-04 15:12:19,638 - DEBUG - Processing key: 68
2025-04-04 15:12:19,640 - DEBUG - Returning key: 68
2025-04-04 15:12:19,640 - DEBUG - New event: KeyboardEvent: 104
2025-04-04 15:12:19,641 - DEBUG - Layout event: <asciimatics.widgets.layout.Layout object at 0xffff81b53940> KeyboardEvent: 104
2025-04-04 15:12:19,641 - DEBUG - Current widget left event: None
2025-04-04 15:12:19,740 - DEBUG - Processing key: 61
2025-04-04 15:12:19,744 - DEBUG - Returning key: 61
2025-04-04 15:12:19,744 - DEBUG - New event: KeyboardEvent: 97
2025-04-04 15:12:19,744 - DEBUG - Layout event: <asciimatics.widgets.layout.Layout object at 0xffff81b53940> KeyboardEvent: 97
2025-04-04 15:12:19,744 - DEBUG - Current widget left event: None
2025-04-04 15:12:19,893 - DEBUG - Processing key: 68
2025-04-04 15:12:19,893 - DEBUG - Returning key: 68
2025-04-04 15:12:19,893 - DEBUG - New event: KeyboardEvent: 104
2025-04-04 15:12:19,893 - DEBUG - Layout event: <asciimatics.widgets.layout.Layout object at 0xffff81b53940> KeyboardEvent: 104
2025-04-04 15:12:19,893 - DEBUG - Current widget left event: None
2025-04-04 15:12:20,276 - DEBUG - Processing key: 6d
2025-04-04 15:12:20,276 - DEBUG - Returning key: 6d
2025-04-04 15:12:20,276 - DEBUG - New event: KeyboardEvent: 109
2025-04-04 15:12:20,276 - DEBUG - Layout event: <asciimatics.widgets.layout.Layout object at 0xffff81b53940> KeyboardEvent: 109
2025-04-04 15:12:20,276 - DEBUG - Current widget left event: None
2025-04-04 15:12:20,669 - DEBUG - Processing key: a
2025-04-04 15:12:20,669 - DEBUG - Returning key: a
2025-04-04 15:12:20,669 - DEBUG - New event: KeyboardEvent: 10
2025-04-04 15:12:20,670 - DEBUG - Layout event: <asciimatics.widgets.layout.Layout object at 0xffff81b53940> KeyboardEvent: 10
2025-04-04 15:12:20,670 - DEBUG - Current widget left event: KeyboardEvent: 10
2025-04-04 15:12:22,795 - DEBUG - New event: MouseEvent (59, 7) 1
2025-04-04 15:12:22,796 - DEBUG - Blurring: [<__main__.LoginView object at 0xffff81b8ce10>]
2025-04-04 15:12:22,796 - DEBUG - Layout event: <asciimatics.widgets.layout.Layout object at 0xffff81b53940> MouseEvent (59, 7) 1
2025-04-04 15:12:22,796 - DEBUG - Widget: <asciimatics.widgets.text.Text object at 0xffff8285f2e0> (6, 5) (100, 1)
2025-04-04 15:12:22,796 - DEBUG - Check layout: 59, 7
2025-04-04 15:12:22,796 - DEBUG - Widget: <asciimatics.widgets.label.Label object at 0xffff81b5b850> (6, 1) (100, 1)
2025-04-04 15:12:22,796 - DEBUG - Widget: <asciimatics.widgets.label.Label object at 0xffff81b5b9f0> (6, 2) (100, 1)
2025-04-04 15:12:22,796 - DEBUG - Widget: <asciimatics.widgets.text.Text object at 0xffff827bb790> (6, 3) (100, 1)
2025-04-04 15:12:22,796 - DEBUG - Widget: <asciimatics.widgets.text.Text object at 0xffff8285f4c0> (6, 4) (100, 1)
2025-04-04 15:12:22,796 - DEBUG - Widget: <asciimatics.widgets.text.Text object at 0xffff8285f2e0> (6, 5) (100, 1)
2025-04-04 15:12:22,796 - DEBUG - Widget: <asciimatics.widgets.label.Label object at 0xffff81b5b510> (6, 6) (100, 1)
2025-04-04 15:12:22,796 - DEBUG - Current widget left event: MouseEvent (59, 7) 1
2025-04-04 15:12:22,796 - DEBUG - Layout event: <asciimatics.widgets.layout.Layout object at 0xffff81b53940> MouseEvent (59, 7) 1
2025-04-04 15:12:22,796 - DEBUG - Widget: <asciimatics.widgets.text.Text object at 0xffff8285f2e0> (6, 5) (100, 1)
2025-04-04 15:12:22,796 - DEBUG - Check layout: 59, 7
2025-04-04 15:12:22,796 - DEBUG - Widget: <asciimatics.widgets.label.Label object at 0xffff81b5b850> (6, 1) (100, 1)
2025-04-04 15:12:22,796 - DEBUG - Widget: <asciimatics.widgets.label.Label object at 0xffff81b5b9f0> (6, 2) (100, 1)
2025-04-04 15:12:22,796 - DEBUG - Widget: <asciimatics.widgets.text.Text object at 0xffff827bb790> (6, 3) (100, 1)
2025-04-04 15:12:22,796 - DEBUG - Widget: <asciimatics.widgets.text.Text object at 0xffff8285f4c0> (6, 4) (100, 1)
2025-04-04 15:12:22,796 - DEBUG - Widget: <asciimatics.widgets.text.Text object at 0xffff8285f2e0> (6, 5) (100, 1)
2025-04-04 15:12:22,797 - DEBUG - Widget: <asciimatics.widgets.label.Label object at 0xffff81b5b510> (6, 6) (100, 1)
2025-04-04 15:12:22,797 - DEBUG - Layout event: <asciimatics.widgets.layout.Layout object at 0xffff81b539a0> MouseEvent (59, 7) 1
2025-04-04 15:12:22,797 - DEBUG - Check layout: 59, 7
2025-04-04 15:12:22,797 - DEBUG - Widget: <asciimatics.widgets.button.Button object at 0xffff81b80580> (53, 7) (6, 1)
2025-04-04 15:12:22,797 - DEBUG - Widget: <asciimatics.widgets.button.Button object at 0xffff81b80660> (51, 8) (10, 1)
2025-04-04 15:12:22,797 - DEBUG - Layout event: <asciimatics.widgets.layout.Layout object at 0xffff81b53a00> MouseEvent (59, 7) 1
2025-04-04 15:12:23,899 - DEBUG - New event: MouseEvent (56, 7) 1
2025-04-04 15:12:23,899 - DEBUG - Blurring: [<__main__.LoginView object at 0xffff81b8ce10>]
2025-04-04 15:12:23,899 - DEBUG - Layout event: <asciimatics.widgets.layout.Layout object at 0xffff81b53940> MouseEvent (56, 7) 1
2025-04-04 15:12:23,899 - DEBUG - Widget: <asciimatics.widgets.text.Text object at 0xffff8285f2e0> (6, 5) (100, 1)
2025-04-04 15:12:23,899 - DEBUG - Check layout: 56, 7
2025-04-04 15:12:23,899 - DEBUG - Widget: <asciimatics.widgets.label.Label object at 0xffff81b5b850> (6, 1) (100, 1)
2025-04-04 15:12:23,899 - DEBUG - Widget: <asciimatics.widgets.label.Label object at 0xffff81b5b9f0> (6, 2) (100, 1)
2025-04-04 15:12:23,899 - DEBUG - Widget: <asciimatics.widgets.text.Text object at 0xffff827bb790> (6, 3) (100, 1)
2025-04-04 15:12:23,899 - DEBUG - Widget: <asciimatics.widgets.text.Text object at 0xffff8285f4c0> (6, 4) (100, 1)
2025-04-04 15:12:23,899 - DEBUG - Widget: <asciimatics.widgets.text.Text object at 0xffff8285f2e0> (6, 5) (100, 1)
2025-04-04 15:12:23,899 - DEBUG - Widget: <asciimatics.widgets.label.Label object at 0xffff81b5b510> (6, 6) (100, 1)
2025-04-04 15:12:23,899 - DEBUG - Current widget left event: MouseEvent (56, 7) 1
2025-04-04 15:12:23,899 - DEBUG - Layout event: <asciimatics.widgets.layout.Layout object at 0xffff81b53940> MouseEvent (56, 7) 1
2025-04-04 15:12:23,899 - DEBUG - Widget: <asciimatics.widgets.text.Text object at 0xffff8285f2e0> (6, 5) (100, 1)
2025-04-04 15:12:23,899 - DEBUG - Check layout: 56, 7
2025-04-04 15:12:23,899 - DEBUG - Widget: <asciimatics.widgets.label.Label object at 0xffff81b5b850> (6, 1) (100, 1)
2025-04-04 15:12:23,899 - DEBUG - Widget: <asciimatics.widgets.label.Label object at 0xffff81b5b9f0> (6, 2) (100, 1)
2025-04-04 15:12:23,899 - DEBUG - Widget: <asciimatics.widgets.text.Text object at 0xffff827bb790> (6, 3) (100, 1)
2025-04-04 15:12:23,899 - DEBUG - Widget: <asciimatics.widgets.text.Text object at 0xffff8285f4c0> (6, 4) (100, 1)
2025-04-04 15:12:23,899 - DEBUG - Widget: <asciimatics.widgets.text.Text object at 0xffff8285f2e0> (6, 5) (100, 1)
2025-04-04 15:12:23,900 - DEBUG - Widget: <asciimatics.widgets.label.Label object at 0xffff81b5b510> (6, 6) (100, 1)
2025-04-04 15:12:23,900 - DEBUG - Layout event: <asciimatics.widgets.layout.Layout object at 0xffff81b539a0> MouseEvent (56, 7) 1
2025-04-04 15:12:23,900 - DEBUG - Check layout: 56, 7
2025-04-04 15:12:23,900 - DEBUG - Widget: <asciimatics.widgets.button.Button object at 0xffff81b80580> (53, 7) (6, 1)
2025-04-04 15:12:23,900 - DEBUG - Blur: <asciimatics.widgets.layout.Layout object at 0xffff81b53940>
2025-04-04 15:12:23,900 - DEBUG - Widget blur: <asciimatics.widgets.text.Text object at 0xffff8285f2e0>
2025-04-04 15:12:23,900 - DEBUG - Focus: <asciimatics.widgets.layout.Layout object at 0xffff81b539a0>
2025-04-04 15:12:23,900 - DEBUG - Widget focus: <asciimatics.widgets.button.Button object at 0xffff81b80580>
2025-04-04 15:12:23,900 - DEBUG - Widget: <asciimatics.widgets.button.Button object at 0xffff81b80580> (53, 7) (6, 1)
2025-04-04 15:12:24,277 - DEBUG - Updating: files
2025-04-04 15:12:24,277 - DEBUG - Updating: None
2025-04-04 15:12:24,277 - DEBUG - Updating: None
2025-04-04 15:12:24,277 - DEBUG - Updating: None
2025-04-04 15:12:24,277 - DEBUG - Updating: None
2025-04-04 15:12:24,277 - DEBUG - Updating: None
2025-04-04 15:12:24,278 - DEBUG - Updating: files
2025-04-04 15:12:24,278 - DEBUG - Widget blur: <asciimatics.widgets.listbox.ListBox object at 0xffff81b54c30>
2025-04-04 15:12:24,278 - DEBUG - Blur: <asciimatics.widgets.layout.Layout object at 0xffff81b53ac0>
2025-04-04 15:12:24,278 - DEBUG - Updating: None
2025-04-04 15:12:24,278 - DEBUG - Updating: None
2025-04-04 15:12:24,278 - DEBUG - Updating: None
2025-04-04 15:12:24,278 - DEBUG - Updating: None
2025-04-04 15:12:24,278 - DEBUG - Widget blur: <asciimatics.widgets.button.Button object at 0xffff81b80740>
2025-04-04 15:12:24,278 - DEBUG - Widget blur: <asciimatics.widgets.button.Button object at 0xffff81b80820>
2025-04-04 15:12:24,278 - DEBUG - Widget blur: <asciimatics.widgets.button.Button object at 0xffff81b80900>
2025-04-04 15:12:24,278 - DEBUG - Widget blur: <asciimatics.widgets.button.Button object at 0xffff81b809e0>
2025-04-04 15:12:24,278 - DEBUG - Blur: <asciimatics.widgets.layout.Layout object at 0xffff81b53b20>
2025-04-04 15:12:24,278 - DEBUG - Updating: None
2025-04-04 15:12:24,278 - DEBUG - Widget blur: <asciimatics.widgets.label.Label object at 0xffff81b5bac0>
2025-04-04 15:12:24,278 - DEBUG - Blur: <asciimatics.widgets.layout.Layout object at 0xffff81b53a60>
2025-04-04 15:12:24,278 - DEBUG - Focus: <asciimatics.widgets.layout.Layout object at 0xffff81b53ac0>
2025-04-04 15:12:24,278 - DEBUG - Widget focus: <asciimatics.widgets.listbox.ListBox object at 0xffff81b54c30>
2025-04-04 15:12:29,097 - DEBUG - Processing key: 102
2025-04-04 15:12:29,098 - DEBUG - Returning key: 102
2025-04-04 15:12:29,098 - DEBUG - New event: KeyboardEvent: -206
2025-04-04 15:12:29,098 - DEBUG - Focus: <asciimatics.widgets.layout.Layout object at 0xffff81b53ac0>
2025-04-04 15:12:29,098 - DEBUG - Layout event: <asciimatics.widgets.layout.Layout object at 0xffff81b53ac0> KeyboardEvent: -206
2025-04-04 15:12:29,098 - DEBUG - Current widget left event: None
2025-04-04 15:12:29,251 - DEBUG - Processing key: 102
2025-04-04 15:12:29,251 - DEBUG - Returning key: 102
2025-04-04 15:12:29,251 - DEBUG - New event: KeyboardEvent: -206
2025-04-04 15:12:29,251 - DEBUG - Layout event: <asciimatics.widgets.layout.Layout object at 0xffff81b53ac0> KeyboardEvent: -206
2025-04-04 15:12:29,251 - DEBUG - Current widget left event: None
2025-04-04 15:12:29,778 - DEBUG - Processing key: 102
2025-04-04 15:12:29,778 - DEBUG - Returning key: 102
2025-04-04 15:12:29,778 - DEBUG - New event: KeyboardEvent: -206
2025-04-04 15:12:29,778 - DEBUG - Layout event: <asciimatics.widgets.layout.Layout object at 0xffff81b53ac0> KeyboardEvent: -206
2025-04-04 15:12:29,778 - DEBUG - Current widget left event: None
2025-04-04 15:12:30,106 - DEBUG - Processing key: 102
2025-04-04 15:12:30,107 - DEBUG - Returning key: 102
2025-04-04 15:12:30,110 - DEBUG - New event: KeyboardEvent: -206
2025-04-04 15:12:30,111 - DEBUG - Layout event: <asciimatics.widgets.layout.Layout object at 0xffff81b53ac0> KeyboardEvent: -206
2025-04-04 15:12:30,111 - DEBUG - Current widget left event: None
2025-04-04 15:12:30,114 - INFO - Refreshing card cache
2025-04-04 15:12:30,114 - INFO - Scanning directory: /home/socs/assign1/assign2/assign3/./bin/cards
2025-04-04 15:12:30,115 - INFO - All files in directory: ['testCardN-compVal.vcf', 'testCardProps-ParamsVals.vcf', 'testCardProps-Groups.vcf', 'editable.vcf', 'testCard-TruncBday.vcf', 'testCardProp-Param.vcf', 'testCardInvEndings.vcf', 'testCardNoEnd.vcf', 'testCardProp-simpleVal.vcf', 'testCard-SimpleFold2.vcf', 'testCardMin.vcf', 'mmmm.vcf', 'testCard-Ann.vcf', 'testCardProps-Params.vcf', 'testCardGroup.vcf', 'testCardNoVersion.vcf', 'testCard-BdayTime.vcf', 'testCardProps-simpleVal.vcf', 'testCard-BdayText.vcf', 'testCardProp-ParamsVals.vcf', 'nnnn.vcf', 'testCard-bothDT.vcf', 'testCard.vcf', 'borninjune.vcf', 'testCardProps-compVal.vcf', 'testCard-SimpleFold1.vcf', 'testCard-MoreFold.vcf', 'testCard-AnnUTC.vcf']
2025-04-04 15:12:30,115 - INFO - Found vCard file: testCardN-compVal.vcf
2025-04-04 15:12:30,115 - INFO - File details for testCardN-compVal.vcf:
2025-04-04 15:12:30,115 - INFO -   Size: 92 bytes
2025-04-04 15:12:30,115 - INFO -   Permissions: 0o100644
2025-04-04 15:12:30,115 - INFO -   Modified: 2025-03-28 12:15:33.366049
2025-04-04 15:12:30,115 - INFO - Card testCardN-compVal.vcf unchanged, using cached version
2025-04-04 15:12:30,115 - INFO - Found vCard file: testCardProps-ParamsVals.vcf
2025-04-04 15:12:30,115 - INFO - File details for testCardProps-ParamsVals.vcf:
2025-04-04 15:12:30,116 - INFO -   Size: 565 bytes
2025-04-04 15:12:30,116 - INFO -   Permissions: 0o100644
2025-04-04 15:12:30,116 - INFO -   Modified: 2025-03-28 12:15:32.855049
2025-04-04 15:12:30,116 - INFO - Processing card: testCardProps-ParamsVals.vcf
2025-04-04 15:12:30,116 - INFO - File contents of testCardProps-ParamsVals.vcf:
BEGIN:VCARD
VERSION:4.0
FN:Simon Perreault
N:Perreault;Simon;;;ing. jr,M.Sc.
GENDER:M
LANG;PREF=1:fr
LANG;PREF=2:en
ORG;TYPE=work:Viagenie
ADR;TYPE=work:;Suite D2-630;2875 Laurier;Quebec;QC;G1V 2M2;Canada
TEL;VALUE=uri;TYPE="work,voice";PREF=1:tel:+1-418-656-9254;ext=102
TEL;VALUE=uri;TYPE="work,cell,voice,video,text":tel:+1-418-262-6501
EMAIL;TYPE=work:simon.perreault@viagenie.ca
GEO;TYPE=work:geo:46.772673,-71.282945
KEY;TYPE=work;VALUE=uri:http://www.viagenie.ca/simon.perreault/simon.asc
TZ:-0500
URL;TYPE=home:http://nomis80.org
END:VCARD

2025-04-04 15:12:30,117 - INFO - Successfully created card for testCardProps-ParamsVals.vcf
2025-04-04 15:12:30,117 - ERROR - Card validation failed for testCardProps-ParamsVals.vcf: Invalid property (code 3)
2025-04-04 15:12:30,117 - INFO - Found vCard file: testCardProps-Groups.vcf
2025-04-04 15:12:30,117 - INFO - File details for testCardProps-Groups.vcf:
2025-04-04 15:12:30,117 - INFO -   Size: 268 bytes
2025-04-04 15:12:30,117 - INFO -   Permissions: 0o100644
2025-04-04 15:12:30,117 - INFO -   Modified: 2025-03-28 12:15:34.011049
2025-04-04 15:12:30,117 - INFO - Card testCardProps-Groups.vcf unchanged, using cached version
2025-04-04 15:12:30,117 - INFO - Found vCard file: editable.vcf
2025-04-04 15:12:30,117 - INFO - File details for editable.vcf:
2025-04-04 15:12:30,117 - INFO -   Size: 46 bytes
2025-04-04 15:12:30,117 - INFO -   Permissions: 0o100644
2025-04-04 15:12:30,117 - INFO -   Modified: 2025-04-04 07:54:55.288564
2025-04-04 15:12:30,118 - INFO - Card editable.vcf unchanged, using cached version
2025-04-04 15:12:30,118 - INFO - Found vCard file: testCard-TruncBday.vcf
2025-04-04 15:12:30,118 - INFO - File details for testCard-TruncBday.vcf:
2025-04-04 15:12:30,118 - INFO -   Size: 70 bytes
2025-04-04 15:12:30,118 - INFO -   Permissions: 0o100644
2025-04-04 15:12:30,118 - INFO -   Modified: 2025-03-28 12:15:33.882049
2025-04-04 15:12:30,118 - INFO - Processing card: testCard-TruncBday.vcf
2025-04-04 15:12:30,118 - INFO - File contents of testCard-TruncBday.vcf:
BEGIN:VCARD
VERSION:4.0
FN:Simon Perreault
BDAY:--0203
END:VCARD

2025-04-04 15:12:30,118 - INFO - Successfully created card for testCard-TruncBday.vcf
2025-04-04 15:12:30,118 - ERROR - Card validation failed for testCard-TruncBday.vcf: Invalid date/time (code 4)
2025-04-04 15:12:30,118 - INFO - Found vCard file: testCardProp-Param.vcf
2025-04-04 15:12:30,118 - INFO - File details for testCardProp-Param.vcf:
2025-04-04 15:12:30,118 - INFO -   Size: 83 bytes
2025-04-04 15:12:30,118 - INFO -   Permissions: 0o100644
2025-04-04 15:12:30,118 - INFO -   Modified: 2025-03-28 12:15:33.316049
2025-04-04 15:12:30,118 - INFO - Card testCardProp-Param.vcf unchanged, using cached version
2025-04-04 15:12:30,118 - INFO - Found vCard file: testCardInvEndings.vcf
2025-04-04 15:12:30,118 - INFO - File details for testCardInvEndings.vcf:
2025-04-04 15:12:30,118 - INFO -   Size: 53 bytes
2025-04-04 15:12:30,118 - INFO -   Permissions: 0o100644
2025-04-04 15:12:30,118 - INFO -   Modified: 2025-03-28 12:15:51.528049
2025-04-04 15:12:30,118 - INFO - Processing card: testCardInvEndings.vcf
2025-04-04 15:12:30,119 - INFO - File contents of testCardInvEndings.vcf:
BEGIN:VCARD
VERSION:4.0
FN:Simon Perreault
END:VCARD

2025-04-04 15:12:30,119 - ERROR - Failed to create card testCardInvEndings.vcf: Invalid card format (code 2)
2025-04-04 15:12:30,119 - INFO - Found vCard file: testCardNoEnd.vcf
2025-04-04 15:12:30,119 - INFO - File details for testCardNoEnd.vcf:
2025-04-04 15:12:30,119 - INFO -   Size: 46 bytes
2025-04-04 15:12:30,119 - INFO -   Permissions: 0o100644
2025-04-04 15:12:30,119 - INFO -   Modified: 2025-03-28 12:15:51.468049
2025-04-04 15:12:30,119 - INFO - Processing card: testCardNoEnd.vcf
2025-04-04 15:12:30,119 - INFO - File contents of testCardNoEnd.vcf:
BEGIN:VCARD
VERSION:4.0
FN:Simon Perreault

2025-04-04 15:12:30,119 - ERROR - Failed to create card testCardNoEnd.vcf: Invalid card format (code 2)
2025-04-04 15:12:30,119 - INFO - Found vCard file: testCardProp-simpleVal.vcf
2025-04-04 15:12:30,119 - INFO - File details for testCardProp-simpleVal.vcf:
2025-04-04 15:12:30,119 - INFO -   Size: 67 bytes
2025-04-04 15:12:30,119 - INFO -   Permissions: 0o100644
2025-04-04 15:12:30,119 - INFO -   Modified: 2025-03-28 12:15:34.107049
2025-04-04 15:12:30,119 - INFO - Card testCardProp-simpleVal.vcf unchanged, using cached version
2025-04-04 15:12:30,119 - INFO - Found vCard file: testCard-SimpleFold2.vcf
2025-04-04 15:12:30,119 - INFO - File details for testCard-SimpleFold2.vcf:
2025-04-04 15:12:30,119 - INFO -   Size: 60 bytes
2025-04-04 15:12:30,119 - INFO -   Permissions: 0o100644
2025-04-04 15:12:30,119 - INFO -   Modified: 2025-03-28 12:15:33.214049
2025-04-04 15:12:30,119 - INFO - Card testCard-SimpleFold2.vcf unchanged, using cached version
2025-04-04 15:12:30,119 - INFO - Found vCard file: testCardMin.vcf
2025-04-04 15:12:30,119 - INFO - File details for testCardMin.vcf:
2025-04-04 15:12:30,119 - INFO -   Size: 57 bytes
2025-04-04 15:12:30,119 - INFO -   Permissions: 0o100644
2025-04-04 15:12:30,119 - INFO -   Modified: 2025-03-28 12:15:33.562049
2025-04-04 15:12:30,119 - INFO - Card testCardMin.vcf unchanged, using cached version
2025-04-04 15:12:30,119 - INFO - Found vCard file: mmmm.vcf
2025-04-04 15:12:30,120 - INFO - File details for mmmm.vcf:
2025-04-04 15:12:30,120 - INFO -   Size: 46 bytes
2025-04-04 15:12:30,120 - INFO -   Permissions: 0o100644
2025-04-04 15:12:30,120 - INFO -   Modified: 2025-03-28 12:18:48.658144
2025-04-04 15:12:30,120 - INFO - Card mmmm.vcf unchanged, using cached version
2025-04-04 15:12:30,120 - INFO - Found vCard file: testCard-Ann.vcf
2025-04-04 15:12:30,120 - INFO - File details for testCard-Ann.vcf:
2025-04-04 15:12:30,120 - INFO -   Size: 86 bytes
2025-04-04 15:12:30,120 - INFO -   Permissions: 0o100644
2025-04-04 15:12:30,120 - INFO -   Modified: 2025-03-28 12:15:32.944049
2025-04-04 15:12:30,120 - INFO - Card testCard-Ann.vcf unchanged, using cached version
2025-04-04 15:12:30,120 - INFO - Found vCard file: testCardProps-Params.vcf
2025-04-04 15:12:30,120 - INFO - File details for testCardProps-Params.vcf:
2025-04-04 15:12:30,120 - INFO -   Size: 202 bytes
2025-04-04 15:12:30,120 - INFO -   Permissions: 0o100644
2025-04-04 15:12:30,120 - INFO -   Modified: 2025-03-28 12:15:32.591049
2025-04-04 15:12:30,120 - INFO - Card testCardProps-Params.vcf unchanged, using cached version
2025-04-04 15:12:30,120 - INFO - Found vCard file: testCardGroup.vcf
2025-04-04 15:12:30,120 - INFO - File details for testCardGroup.vcf:
2025-04-04 15:12:30,120 - INFO -   Size: 879 bytes
2025-04-04 15:12:30,120 - INFO -   Permissions: 0o100644
2025-04-04 15:12:30,120 - INFO -   Modified: 2025-03-28 12:15:33.731049
2025-04-04 15:12:30,120 - INFO - Processing card: testCardGroup.vcf
2025-04-04 15:12:30,120 - INFO - File contents of testCardGroup.vcf:
BEGIN:VCARD
VERSION:4.0
N:Doe;John;;;
FN:John Doe
ORG:Example.com Inc.;
TITLE:Imaginary test person
EMAIL;type=INTERNET;type=WORK;type=pref:johnDoe@example.org
TEL;type=WORK;type=pref:+1 617 555 1212
TEL;type=CELL:+1 781 555 1212
TEL;type=HOME:+1 202 555 1212
TEL;type=WORK:+1 (617) 555-1234
item1.ADR;type=WORK:;;2 Example Avenue;Anytown;NY;01111;USA
item1.X-ABADR:us
item2.ADR;type=HOME;type=pref:;;3 Acacia Avenue;Newtown;MA;02222;USA
item2.X-ABADR:us
NOTE:John Doe has a long and varied history
 , being documented on more police files that anyone else. Reports of his death are alas numerous.
item3.URL;type=pref:http://www.example/com/doe
item3.X-ABLabel:_$!<HomePage>!$_
item4.URL:http://www.example.com/Joe/foaf.df
item4.X-ABLabel:FOAF
item5.X-ABRELATEDNAMES;type=pref:Jane Doe
item5.X-ABLabel:_$!<Friend>!$_
CATEGORIES:Work,Test group
END:VCARD

2025-04-04 15:12:30,121 - INFO - Successfully created card for testCardGroup.vcf
2025-04-04 15:12:30,121 - ERROR - Card validation failed for testCardGroup.vcf: Invalid property (code 3)
2025-04-04 15:12:30,121 - INFO - Found vCard file: testCardNoVersion.vcf
2025-04-04 15:12:30,121 - INFO - File details for testCardNoVersion.vcf:
2025-04-04 15:12:30,121 - INFO -   Size: 44 bytes
2025-04-04 15:12:30,121 - INFO -   Permissions: 0o100644
2025-04-04 15:12:30,121 - INFO -   Modified: 2025-03-28 12:15:51.625049
2025-04-04 15:12:30,121 - INFO - Processing card: testCardNoVersion.vcf
2025-04-04 15:12:30,121 - INFO - File contents of testCardNoVersion.vcf:
BEGIN:VCARD
FN:Simon Perreault
END:VCARD

2025-04-04 15:12:30,121 - ERROR - Failed to create card testCardNoVersion.vcf: Invalid card format (code 2)
2025-04-04 15:12:30,122 - INFO - Found vCard file: testCard-BdayTime.vcf
2025-04-04 15:12:30,122 - INFO - File details for testCard-BdayTime.vcf:
2025-04-04 15:12:30,122 - INFO -   Size: 71 bytes
2025-04-04 15:12:30,122 - INFO -   Permissions: 0o100644
2025-04-04 15:12:30,122 - INFO -   Modified: 2025-03-28 12:15:32.684049
2025-04-04 15:12:30,122 - INFO - Card testCard-BdayTime.vcf unchanged, using cached version
2025-04-04 15:12:30,122 - INFO - Found vCard file: testCardProps-simpleVal.vcf
2025-04-04 15:12:30,122 - INFO - File details for testCardProps-simpleVal.vcf:
2025-04-04 15:12:30,122 - INFO -   Size: 81 bytes
2025-04-04 15:12:30,122 - INFO -   Permissions: 0o100644
2025-04-04 15:12:30,122 - INFO -   Modified: 2025-03-28 12:15:33.163049
2025-04-04 15:12:30,122 - INFO - Card testCardProps-simpleVal.vcf unchanged, using cached version
2025-04-04 15:12:30,122 - INFO - Found vCard file: testCard-BdayText.vcf
2025-04-04 15:12:30,122 - INFO - File details for testCard-BdayText.vcf:
2025-04-04 15:12:30,122 - INFO -   Size: 85 bytes
2025-04-04 15:12:30,122 - INFO -   Permissions: 0o100644
2025-04-04 15:12:30,122 - INFO -   Modified: 2025-03-28 12:15:33.772049
2025-04-04 15:12:30,122 - INFO - Card testCard-BdayText.vcf unchanged, using cached version
2025-04-04 15:12:30,122 - INFO - Found vCard file: testCardProp-ParamsVals.vcf
2025-04-04 15:12:30,122 - INFO - File details for testCardProp-ParamsVals.vcf:
2025-04-04 15:12:30,122 - INFO -   Size: 125 bytes
2025-04-04 15:12:30,122 - INFO -   Permissions: 0o100644
2025-04-04 15:12:30,122 - INFO -   Modified: 2025-03-28 12:15:33.041049
2025-04-04 15:12:30,122 - INFO - Card testCardProp-ParamsVals.vcf unchanged, using cached version
2025-04-04 15:12:30,122 - INFO - Found vCard file: nnnn.vcf
2025-04-04 15:12:30,122 - INFO - File details for nnnn.vcf:
2025-04-04 15:12:30,122 - INFO -   Size: 47 bytes
2025-04-04 15:12:30,122 - INFO -   Permissions: 0o100644
2025-04-04 15:12:30,122 - INFO -   Modified: 2025-03-28 12:28:54.030319
2025-04-04 15:12:30,122 - INFO - Card nnnn.vcf unchanged, using cached version
2025-04-04 15:12:30,122 - INFO - Found vCard file: testCard-bothDT.vcf
2025-04-04 15:12:30,122 - INFO - File details for testCard-bothDT.vcf:
2025-04-04 15:12:30,122 - INFO -   Size: 108 bytes
2025-04-04 15:12:30,122 - INFO -   Permissions: 0o100644
2025-04-04 15:12:30,122 - INFO -   Modified: 2025-03-28 12:15:33.095049
2025-04-04 15:12:30,122 - INFO - Card testCard-bothDT.vcf unchanged, using cached version
2025-04-04 15:12:30,122 - INFO - Found vCard file: testCard.vcf
2025-04-04 15:12:30,122 - INFO - File details for testCard.vcf:
2025-04-04 15:12:30,123 - INFO -   Size: 613 bytes
2025-04-04 15:12:30,123 - INFO -   Permissions: 0o100644
2025-04-04 15:12:30,123 - INFO -   Modified: 2025-03-28 12:15:33.945049
2025-04-04 15:12:30,123 - INFO - Processing card: testCard.vcf
2025-04-04 15:12:30,123 - INFO - File contents of testCard.vcf:
BEGIN:VCARD
VERSION:4.0
FN:Simon Perreault
N:Perreault;Simon;;;ing. jr,M.Sc.
BDAY:--0203
ANNIVERSARY:20090808T143000
GENDER:M
LANG;PREF=1:fr
LANG;PREF=2:en
ORG;TYPE=work:Viagenie
ADR;TYPE=work:;Suite D2-630;2875 Laurier;
 Quebec;QC;G1V 2M2;Canada
TEL;VALUE=uri;TYPE="work,voice";PREF=1:tel:+1-418-656-9254;ext=102
TEL;VALUE=uri;TYPE="work,cell,voice,video,text":tel:+1-418-262-6501
EMAIL;TYPE=work:simon.perreault@viagenie.ca
GEO;TYPE=work:geo:46.772673,-71.282945
KEY;TYPE=work;VALUE=uri:
 http://www.viagenie.ca/simon.perreault/simon.asc
TZ:-0500
URL;TYPE=home:http://nomis80.org
END:VCARD

2025-04-04 15:12:30,123 - INFO - Successfully created card for testCard.vcf
2025-04-04 15:12:30,123 - ERROR - Card validation failed for testCard.vcf: Invalid property (code 3)
2025-04-04 15:12:30,123 - INFO - Found vCard file: borninjune.vcf
2025-04-04 15:12:30,123 - INFO - File details for borninjune.vcf:
2025-04-04 15:12:30,123 - INFO -   Size: 45 bytes
2025-04-04 15:12:30,123 - INFO -   Permissions: 0o100644
2025-04-04 15:12:30,123 - INFO -   Modified: 2025-04-03 13:32:08.262929
2025-04-04 15:12:30,123 - INFO - Card borninjune.vcf unchanged, using cached version
2025-04-04 15:12:30,123 - INFO - Found vCard file: testCardProps-compVal.vcf
2025-04-04 15:12:30,123 - INFO - File details for testCardProps-compVal.vcf:
2025-04-04 15:12:30,123 - INFO -   Size: 179 bytes
2025-04-04 15:12:30,123 - INFO -   Permissions: 0o100644
2025-04-04 15:12:30,123 - INFO -   Modified: 2025-03-28 12:15:32.410049
2025-04-04 15:12:30,123 - INFO - Card testCardProps-compVal.vcf unchanged, using cached version
2025-04-04 15:12:30,123 - INFO - Found vCard file: testCard-SimpleFold1.vcf
2025-04-04 15:12:30,123 - INFO - File details for testCard-SimpleFold1.vcf:
2025-04-04 15:12:30,123 - INFO -   Size: 60 bytes
2025-04-04 15:12:30,123 - INFO -   Permissions: 0o100644
2025-04-04 15:12:30,123 - INFO -   Modified: 2025-03-28 12:15:33.623049
2025-04-04 15:12:30,123 - INFO - Card testCard-SimpleFold1.vcf unchanged, using cached version
2025-04-04 15:12:30,123 - INFO - Found vCard file: testCard-MoreFold.vcf
2025-04-04 15:12:30,123 - INFO - File details for testCard-MoreFold.vcf:
2025-04-04 15:12:30,123 - INFO -   Size: 204 bytes
2025-04-04 15:12:30,123 - INFO -   Permissions: 0o100644
2025-04-04 15:12:30,123 - INFO -   Modified: 2025-03-28 12:15:32.510049
2025-04-04 15:12:30,123 - INFO - Processing card: testCard-MoreFold.vcf
2025-04-04 15:12:30,124 - INFO - File contents of testCard-MoreFold.vcf:
BEGIN:VCARD
VERSION:4.0
FN:Simon Perreault
ADR;TYPE=work:;Suite D2-630;2875 Laurier;
 Quebec;QC;G1V 2M2;Canada
KEY;TYPE=work;VALUE=uri:
 http://www.viagenie.ca/simon.perreault/simon.asc
END:VCARD

2025-04-04 15:12:30,124 - INFO - Successfully created card for testCard-MoreFold.vcf
2025-04-04 15:12:30,124 - ERROR - Card validation failed for testCard-MoreFold.vcf: Invalid property (code 3)
2025-04-04 15:12:30,124 - INFO - Found vCard file: testCard-AnnUTC.vcf
2025-04-04 15:12:30,124 - INFO - File details for testCard-AnnUTC.vcf:
2025-04-04 15:12:30,124 - INFO -   Size: 87 bytes
2025-04-04 15:12:30,124 - INFO -   Permissions: 0o100644
2025-04-04 15:12:30,124 - INFO -   Modified: 2025-03-28 12:15:33.475049
2025-04-04 15:12:30,124 - INFO - Processing card: testCard-AnnUTC.vcf
2025-04-04 15:12:30,124 - INFO - File contents of testCard-AnnUTC.vcf:
BEGIN:VCARD
VERSION:4.0
FN:Simon Perreault
ANNIVERSARY:20090808T143000Z
END:VCARD

2025-04-04 15:12:30,124 - INFO - Successfully created card for testCard-AnnUTC.vcf
2025-04-04 15:12:30,124 - ERROR - Card validation failed for testCard-AnnUTC.vcf: Invalid date/time (code 4)
2025-04-04 15:12:30,124 - INFO - Current cache state:
2025-04-04 15:12:30,124 - INFO -   testCardN-compVal.vcf: last_modified=2025-03-28 12:15:33.366049
2025-04-04 15:12:30,124 - INFO -   testCardProps-Groups.vcf: last_modified=2025-03-28 12:15:34.011049
2025-04-04 15:12:30,124 - INFO -   editable.vcf: last_modified=2025-04-04 07:54:55.288564
2025-04-04 15:12:30,124 - INFO -   testCardProp-Param.vcf: last_modified=2025-03-28 12:15:33.316049
2025-04-04 15:12:30,124 - INFO -   testCardProp-simpleVal.vcf: last_modified=2025-03-28 12:15:34.107049
2025-04-04 15:12:30,124 - INFO -   testCard-SimpleFold2.vcf: last_modified=2025-03-28 12:15:33.214049
2025-04-04 15:12:30,124 - INFO -   testCardMin.vcf: last_modified=2025-03-28 12:15:33.562049
2025-04-04 15:12:30,124 - INFO -   mmmm.vcf: last_modified=2025-03-28 12:18:48.658144
2025-04-04 15:12:30,124 - INFO -   testCard-Ann.vcf: last_modified=2025-03-28 12:15:32.944049
2025-04-04 15:12:30,124 - INFO -   testCardProps-Params.vcf: last_modified=2025-03-28 12:15:32.591049
2025-04-04 15:12:30,124 - INFO -   testCard-BdayTime.vcf: last_modified=2025-03-28 12:15:32.684049
2025-04-04 15:12:30,124 - INFO -   testCardProps-simpleVal.vcf: last_modified=2025-03-28 12:15:33.163049
2025-04-04 15:12:30,124 - INFO -   testCard-BdayText.vcf: last_modified=2025-03-28 12:15:33.772049
2025-04-04 15:12:30,124 - INFO -   testCardProp-ParamsVals.vcf: last_modified=2025-03-28 12:15:33.041049
2025-04-04 15:12:30,124 - INFO -   nnnn.vcf: last_modified=2025-03-28 12:28:54.030319
2025-04-04 15:12:30,124 - INFO -   testCard-bothDT.vcf: last_modified=2025-03-28 12:15:33.095049
2025-04-04 15:12:30,124 - INFO -   borninjune.vcf: last_modified=2025-04-03 13:32:08.262929
2025-04-04 15:12:30,125 - INFO -   testCardProps-compVal.vcf: last_modified=2025-03-28 12:15:32.410049
2025-04-04 15:12:30,125 - INFO -   testCard-SimpleFold1.vcf: last_modified=2025-03-28 12:15:33.623049
2025-04-04 15:12:30,125 - INFO - Card cache refresh complete. Valid cards: ['testCardN-compVal.vcf', 'testCardProps-Groups.vcf', 'editable.vcf', 'testCardProp-Param.vcf', 'testCardProp-simpleVal.vcf', 'testCard-SimpleFold2.vcf', 'testCardMin.vcf', 'mmmm.vcf', 'testCard-Ann.vcf', 'testCardProps-Params.vcf', 'testCard-BdayTime.vcf', 'testCardProps-simpleVal.vcf', 'testCard-BdayText.vcf', 'testCardProp-ParamsVals.vcf', 'nnnn.vcf', 'testCard-bothDT.vcf', 'borninjune.vcf', 'testCardProps-compVal.vcf', 'testCard-SimpleFold1.vcf']
2025-04-04 15:12:30,125 - INFO - Found 19 valid vCard files
2025-04-04 15:12:30,645 - DEBUG - Processing key: 102
2025-04-04 15:12:30,646 - DEBUG - Returning key: 102
2025-04-04 15:12:30,646 - DEBUG - New event: KeyboardEvent: -206
2025-04-04 15:12:30,646 - DEBUG - Layout event: <asciimatics.widgets.layout.Layout object at 0xffff81b53ac0> KeyboardEvent: -206
2025-04-04 15:12:30,646 - DEBUG - Current widget left event: None
2025-04-04 15:12:41,826 - DEBUG - New event: MouseEvent (98, 6) 1
2025-04-04 15:12:41,829 - DEBUG - Blurring: [<__main__.MainView object at 0xffff81b8f290>]
2025-04-04 15:12:41,829 - DEBUG - Layout event: <asciimatics.widgets.layout.Layout object at 0xffff81b53ac0> MouseEvent (98, 6) 1
2025-04-04 15:12:41,830 - DEBUG - Widget: <asciimatics.widgets.listbox.ListBox object at 0xffff81b54c30> (1, 1) (112, 5)
2025-04-04 15:12:41,830 - DEBUG - Check layout: 98, 6
2025-04-04 15:12:41,830 - DEBUG - Widget: <asciimatics.widgets.listbox.ListBox object at 0xffff81b54c30> (1, 1) (112, 5)
2025-04-04 15:12:41,830 - DEBUG - Current widget left event: MouseEvent (98, 6) 1
2025-04-04 15:12:41,830 - DEBUG - Layout event: <asciimatics.widgets.layout.Layout object at 0xffff81b53ac0> MouseEvent (98, 6) 1
2025-04-04 15:12:41,830 - DEBUG - Widget: <asciimatics.widgets.listbox.ListBox object at 0xffff81b54c30> (1, 1) (112, 5)
2025-04-04 15:12:41,830 - DEBUG - Check layout: 98, 6
2025-04-04 15:12:41,830 - DEBUG - Widget: <asciimatics.widgets.listbox.ListBox object at 0xffff81b54c30> (1, 1) (112, 5)
2025-04-04 15:12:41,830 - DEBUG - Layout event: <asciimatics.widgets.layout.Layout object at 0xffff81b53b20> MouseEvent (98, 6) 1
2025-04-04 15:12:41,830 - DEBUG - Check layout: 98, 6
2025-04-04 15:12:41,830 - DEBUG - Widget: <asciimatics.widgets.button.Button object at 0xffff81b80740> (10, 6) (10, 1)
2025-04-04 15:12:41,830 - DEBUG - Widget: <asciimatics.widgets.button.Button object at 0xffff81b80820> (39, 6) (8, 1)
2025-04-04 15:12:41,830 - DEBUG - Widget: <asciimatics.widgets.button.Button object at 0xffff81b80900> (64, 6) (14, 1)
2025-04-04 15:12:41,830 - DEBUG - Widget: <asciimatics.widgets.button.Button object at 0xffff81b809e0> (95, 6) (8, 1)
2025-04-04 15:12:41,830 - DEBUG - Blur: <asciimatics.widgets.layout.Layout object at 0xffff81b53ac0>
2025-04-04 15:12:41,830 - DEBUG - Widget blur: <asciimatics.widgets.listbox.ListBox object at 0xffff81b54c30>
2025-04-04 15:12:41,830 - DEBUG - Focus: <asciimatics.widgets.layout.Layout object at 0xffff81b53b20>
2025-04-04 15:12:41,830 - DEBUG - Widget focus: <asciimatics.widgets.button.Button object at 0xffff81b809e0>
2025-04-04 15:12:41,830 - DEBUG - Widget: <asciimatics.widgets.button.Button object at 0xffff81b809e0> (95, 6) (8, 1)
