2025-04-04 08:24:51,716 - INFO - Refreshing card cache
2025-04-04 08:24:51,716 - INFO - Scanning directory: /home/socs/assign1/assign2/assign3/./bin/cards
2025-04-04 08:24:51,717 - INFO - All files in directory: ['testCardN-compVal.vcf', 'testCardProps-ParamsVals.vcf', 'testCardProps-Groups.vcf', 'editable.vcf', 'testCard-TruncBday.vcf', 'testCardProp-Param.vcf', 'testCardInvEndings.vcf', 'testCardNoEnd.vcf', 'testCardProp-simpleVal.vcf', 'testCard-SimpleFold2.vcf', 'testCardMin.vcf', 'mmmm.vcf', 'testCard-Ann.vcf', 'testCardProps-Params.vcf', 'testCardGroup.vcf', 'testCardNoVersion.vcf', 'testCard-BdayTime.vcf', 'testCardProps-simpleVal.vcf', 'testCard-BdayText.vcf', 'testCardProp-ParamsVals.vcf', 'nnnn.vcf', 'testCard-bothDT.vcf', 'testCard.vcf', 'borninjune.vcf', 'testCardProps-compVal.vcf', 'testCard-SimpleFold1.vcf', 'testCard-MoreFold.vcf', 'testCard-AnnUTC.vcf']
2025-04-04 08:24:51,717 - INFO - Found vCard file: testCardN-compVal.vcf
2025-04-04 08:24:51,717 - INFO - File details for testCardN-compVal.vcf:
2025-04-04 08:24:51,717 - INFO -   Size: 92 bytes
2025-04-04 08:24:51,717 - INFO -   Permissions: 0o100644
2025-04-04 08:24:51,717 - INFO -   Modified: 2025-03-28 12:15:33.366049
2025-04-04 08:24:51,717 - INFO - Processing card: testCardN-compVal.vcf
2025-04-04 08:24:51,717 - INFO - File contents of testCardN-compVal.vcf:
BEGIN:VCARD
VERSION:4.0
FN:Simon Perreault
N:Perreault;Simon;;;ing. jr,M.Sc.
END:VCARD

2025-04-04 08:24:51,717 - INFO - Successfully created card for testCardN-compVal.vcf
2025-04-04 08:24:51,717 - INFO - Successfully validated card for testCardN-compVal.vcf
2025-04-04 08:24:51,717 - INFO - Successfully cached valid card: testCardN-compVal.vcf
2025-04-04 08:24:51,717 - INFO - Found vCard file: testCardProps-ParamsVals.vcf
2025-04-04 08:24:51,717 - INFO - File details for testCardProps-ParamsVals.vcf:
2025-04-04 08:24:51,717 - INFO -   Size: 565 bytes
2025-04-04 08:24:51,717 - INFO -   Permissions: 0o100644
2025-04-04 08:24:51,717 - INFO -   Modified: 2025-03-28 12:15:32.855049
2025-04-04 08:24:51,717 - INFO - Processing card: testCardProps-ParamsVals.vcf
2025-04-04 08:24:51,717 - INFO - File contents of testCardProps-ParamsVals.vcf:
BEGIN:VCARD
VERSION:4.0
FN:Simon Perreault
N:Perreault;Simon;;;ing. jr,M.Sc.
GENDER:M
LANG;PREF=1:fr
LANG;PREF=2:en
ORG;TYPE=work:Viagenie
ADR;TYPE=work:;Suite D2-630;2875 Laurier;Quebec;QC;G1V 2M2;Canada
TEL;VALUE=uri;TYPE="work,voice";PREF=1:tel:+1-418-656-9254;ext=102
TEL;VALUE=uri;TYPE="work,cell,voice,video,text":tel:+1-418-262-6501
EMAIL;TYPE=work:simon.perreault@viagenie.ca
GEO;TYPE=work:geo:46.772673,-71.282945
KEY;TYPE=work;VALUE=uri:http://www.viagenie.ca/simon.perreault/simon.asc
TZ:-0500
URL;TYPE=home:http://nomis80.org
END:VCARD

2025-04-04 08:24:51,718 - INFO - Successfully created card for testCardProps-ParamsVals.vcf
2025-04-04 08:24:51,718 - ERROR - Card validation failed for testCardProps-ParamsVals.vcf: Invalid property (code 3)
2025-04-04 08:24:51,718 - INFO - Found vCard file: testCardProps-Groups.vcf
2025-04-04 08:24:51,718 - INFO - File details for testCardProps-Groups.vcf:
2025-04-04 08:24:51,718 - INFO -   Size: 268 bytes
2025-04-04 08:24:51,718 - INFO -   Permissions: 0o100644
2025-04-04 08:24:51,718 - INFO -   Modified: 2025-03-28 12:15:34.011049
2025-04-04 08:24:51,718 - INFO - Processing card: testCardProps-Groups.vcf
2025-04-04 08:24:51,718 - INFO - File contents of testCardProps-Groups.vcf:
BEGIN:VCARD
VERSION:4.0
FN:Simon Perreault
GENDER:M
LangPrefs.LANG;PREF=1:fr
LangPrefs.LANG;PREF=2:en
Phone.TEL;VALUE=uri;TYPE="work,cell,voice,video,text":tel:+1-418-262-6501
Phone.TEL;VALUE=uri;TYPE="work,voice";PREF=1:tel:+1-418-656-9254;ext=102
END:VCARD

2025-04-04 08:24:51,718 - INFO - Successfully created card for testCardProps-Groups.vcf
2025-04-04 08:24:51,718 - INFO - Successfully validated card for testCardProps-Groups.vcf
2025-04-04 08:24:51,718 - INFO - Successfully cached valid card: testCardProps-Groups.vcf
2025-04-04 08:24:51,718 - INFO - Found vCard file: editable.vcf
2025-04-04 08:24:51,718 - INFO - File details for editable.vcf:
2025-04-04 08:24:51,718 - INFO -   Size: 46 bytes
2025-04-04 08:24:51,718 - INFO -   Permissions: 0o100644
2025-04-04 08:24:51,718 - INFO -   Modified: 2025-04-04 07:54:55.288564
2025-04-04 08:24:51,718 - INFO - Processing card: editable.vcf
2025-04-04 08:24:51,718 - INFO - File contents of editable.vcf:
BEGIN:VCARD
VERSION:4.0
FN:edit
END:VCARD

2025-04-04 08:24:51,718 - INFO - Successfully created card for editable.vcf
2025-04-04 08:24:51,718 - INFO - Successfully validated card for editable.vcf
2025-04-04 08:24:51,718 - INFO - Successfully cached valid card: editable.vcf
2025-04-04 08:24:51,718 - INFO - Found vCard file: testCard-TruncBday.vcf
2025-04-04 08:24:51,718 - INFO - File details for testCard-TruncBday.vcf:
2025-04-04 08:24:51,718 - INFO -   Size: 70 bytes
2025-04-04 08:24:51,718 - INFO -   Permissions: 0o100644
2025-04-04 08:24:51,718 - INFO -   Modified: 2025-03-28 12:15:33.882049
2025-04-04 08:24:51,718 - INFO - Processing card: testCard-TruncBday.vcf
2025-04-04 08:24:51,718 - INFO - File contents of testCard-TruncBday.vcf:
BEGIN:VCARD
VERSION:4.0
FN:Simon Perreault
BDAY:--0203
END:VCARD

2025-04-04 08:24:51,718 - INFO - Successfully created card for testCard-TruncBday.vcf
2025-04-04 08:24:51,718 - ERROR - Card validation failed for testCard-TruncBday.vcf: Invalid date/time (code 4)
2025-04-04 08:24:51,718 - INFO - Found vCard file: testCardProp-Param.vcf
2025-04-04 08:24:51,718 - INFO - File details for testCardProp-Param.vcf:
2025-04-04 08:24:51,718 - INFO -   Size: 83 bytes
2025-04-04 08:24:51,718 - INFO -   Permissions: 0o100644
2025-04-04 08:24:51,718 - INFO -   Modified: 2025-03-28 12:15:33.316049
2025-04-04 08:24:51,718 - INFO - Processing card: testCardProp-Param.vcf
2025-04-04 08:24:51,718 - INFO - File contents of testCardProp-Param.vcf:
BEGIN:VCARD
VERSION:4.0
FN:Simon Perreault
GENDER:M
LANG;PREF=1:fr
END:VCARD

2025-04-04 08:24:51,718 - INFO - Successfully created card for testCardProp-Param.vcf
2025-04-04 08:24:51,718 - INFO - Successfully validated card for testCardProp-Param.vcf
2025-04-04 08:24:51,718 - INFO - Successfully cached valid card: testCardProp-Param.vcf
2025-04-04 08:24:51,718 - INFO - Found vCard file: testCardInvEndings.vcf
2025-04-04 08:24:51,718 - INFO - File details for testCardInvEndings.vcf:
2025-04-04 08:24:51,718 - INFO -   Size: 53 bytes
2025-04-04 08:24:51,718 - INFO -   Permissions: 0o100644
2025-04-04 08:24:51,718 - INFO -   Modified: 2025-03-28 12:15:51.528049
2025-04-04 08:24:51,718 - INFO - Processing card: testCardInvEndings.vcf
2025-04-04 08:24:51,718 - INFO - File contents of testCardInvEndings.vcf:
BEGIN:VCARD
VERSION:4.0
FN:Simon Perreault
END:VCARD

2025-04-04 08:24:51,718 - ERROR - Failed to create card testCardInvEndings.vcf: Invalid card format (code 2)
2025-04-04 08:24:51,718 - INFO - Found vCard file: testCardNoEnd.vcf
2025-04-04 08:24:51,718 - INFO - File details for testCardNoEnd.vcf:
2025-04-04 08:24:51,718 - INFO -   Size: 46 bytes
2025-04-04 08:24:51,718 - INFO -   Permissions: 0o100644
2025-04-04 08:24:51,718 - INFO -   Modified: 2025-03-28 12:15:51.468049
2025-04-04 08:24:51,718 - INFO - Processing card: testCardNoEnd.vcf
2025-04-04 08:24:51,719 - INFO - File contents of testCardNoEnd.vcf:
BEGIN:VCARD
VERSION:4.0
FN:Simon Perreault

2025-04-04 08:24:51,719 - ERROR - Failed to create card testCardNoEnd.vcf: Invalid card format (code 2)
2025-04-04 08:24:51,719 - INFO - Found vCard file: testCardProp-simpleVal.vcf
2025-04-04 08:24:51,719 - INFO - File details for testCardProp-simpleVal.vcf:
2025-04-04 08:24:51,719 - INFO -   Size: 67 bytes
2025-04-04 08:24:51,719 - INFO -   Permissions: 0o100644
2025-04-04 08:24:51,719 - INFO -   Modified: 2025-03-28 12:15:34.107049
2025-04-04 08:24:51,719 - INFO - Processing card: testCardProp-simpleVal.vcf
2025-04-04 08:24:51,719 - INFO - File contents of testCardProp-simpleVal.vcf:
BEGIN:VCARD
VERSION:4.0
FN:Simon Perreault
GENDER:M
END:VCARD

2025-04-04 08:24:51,719 - INFO - Successfully created card for testCardProp-simpleVal.vcf
2025-04-04 08:24:51,719 - INFO - Successfully validated card for testCardProp-simpleVal.vcf
2025-04-04 08:24:51,719 - INFO - Successfully cached valid card: testCardProp-simpleVal.vcf
2025-04-04 08:24:51,719 - INFO - Found vCard file: testCard-SimpleFold2.vcf
2025-04-04 08:24:51,719 - INFO - File details for testCard-SimpleFold2.vcf:
2025-04-04 08:24:51,719 - INFO -   Size: 60 bytes
2025-04-04 08:24:51,719 - INFO -   Permissions: 0o100644
2025-04-04 08:24:51,719 - INFO -   Modified: 2025-03-28 12:15:33.214049
2025-04-04 08:24:51,719 - INFO - Processing card: testCard-SimpleFold2.vcf
2025-04-04 08:24:51,719 - INFO - File contents of testCard-SimpleFold2.vcf:
BEGIN:VCARD
VERSION:4.0
FN:Simon
  Perreault
END:VCARD

2025-04-04 08:24:51,719 - INFO - Successfully created card for testCard-SimpleFold2.vcf
2025-04-04 08:24:51,719 - INFO - Successfully validated card for testCard-SimpleFold2.vcf
2025-04-04 08:24:51,719 - INFO - Successfully cached valid card: testCard-SimpleFold2.vcf
2025-04-04 08:24:51,719 - INFO - Found vCard file: testCardMin.vcf
2025-04-04 08:24:51,719 - INFO - File details for testCardMin.vcf:
2025-04-04 08:24:51,719 - INFO -   Size: 57 bytes
2025-04-04 08:24:51,719 - INFO -   Permissions: 0o100644
2025-04-04 08:24:51,719 - INFO -   Modified: 2025-03-28 12:15:33.562049
2025-04-04 08:24:51,719 - INFO - Processing card: testCardMin.vcf
2025-04-04 08:24:51,719 - INFO - File contents of testCardMin.vcf:
BEGIN:VCARD
VERSION:4.0
FN:Simon Perreault
END:VCARD

2025-04-04 08:24:51,719 - INFO - Successfully created card for testCardMin.vcf
2025-04-04 08:24:51,719 - INFO - Successfully validated card for testCardMin.vcf
2025-04-04 08:24:51,719 - INFO - Successfully cached valid card: testCardMin.vcf
2025-04-04 08:24:51,719 - INFO - Found vCard file: mmmm.vcf
2025-04-04 08:24:51,719 - INFO - File details for mmmm.vcf:
2025-04-04 08:24:51,719 - INFO -   Size: 46 bytes
2025-04-04 08:24:51,719 - INFO -   Permissions: 0o100644
2025-04-04 08:24:51,719 - INFO -   Modified: 2025-03-28 12:18:48.658144
2025-04-04 08:24:51,719 - INFO - Processing card: mmmm.vcf
2025-04-04 08:24:51,719 - INFO - File contents of mmmm.vcf:
BEGIN:VCARD
VERSION:4.0
FN:mani
END:VCARD

2025-04-04 08:24:51,719 - INFO - Successfully created card for mmmm.vcf
2025-04-04 08:24:51,719 - INFO - Successfully validated card for mmmm.vcf
2025-04-04 08:24:51,719 - INFO - Successfully cached valid card: mmmm.vcf
2025-04-04 08:24:51,719 - INFO - Found vCard file: testCard-Ann.vcf
2025-04-04 08:24:51,719 - INFO - File details for testCard-Ann.vcf:
2025-04-04 08:24:51,719 - INFO -   Size: 86 bytes
2025-04-04 08:24:51,719 - INFO -   Permissions: 0o100644
2025-04-04 08:24:51,719 - INFO -   Modified: 2025-03-28 12:15:32.944049
2025-04-04 08:24:51,719 - INFO - Processing card: testCard-Ann.vcf
2025-04-04 08:24:51,719 - INFO - File contents of testCard-Ann.vcf:
BEGIN:VCARD
VERSION:4.0
FN:Simon Perreault
ANNIVERSARY:20090808T143000
END:VCARD

2025-04-04 08:24:51,719 - INFO - Successfully created card for testCard-Ann.vcf
2025-04-04 08:24:51,719 - INFO - Successfully validated card for testCard-Ann.vcf
2025-04-04 08:24:51,719 - INFO - Successfully cached valid card: testCard-Ann.vcf
2025-04-04 08:24:51,719 - INFO - Found vCard file: testCardProps-Params.vcf
2025-04-04 08:24:51,719 - INFO - File details for testCardProps-Params.vcf:
2025-04-04 08:24:51,719 - INFO -   Size: 202 bytes
2025-04-04 08:24:51,719 - INFO -   Permissions: 0o100644
2025-04-04 08:24:51,719 - INFO -   Modified: 2025-03-28 12:15:32.591049
2025-04-04 08:24:51,719 - INFO - Processing card: testCardProps-Params.vcf
2025-04-04 08:24:51,719 - INFO - File contents of testCardProps-Params.vcf:
BEGIN:VCARD
VERSION:4.0
FN:Simon Perreault
GENDER:M
LANG;PREF=1:fr
LANG;PREF=2:en
TEL;VALUE=uri;TYPE="work,cell,voice,video,text":tel:+1-418-262-6501
URL;TYPE=home:http://nomis80.org
END:VCARD

2025-04-04 08:24:51,719 - INFO - Successfully created card for testCardProps-Params.vcf
2025-04-04 08:24:51,719 - INFO - Successfully validated card for testCardProps-Params.vcf
2025-04-04 08:24:51,719 - INFO - Successfully cached valid card: testCardProps-Params.vcf
2025-04-04 08:24:51,719 - INFO - Found vCard file: testCardGroup.vcf
2025-04-04 08:24:51,719 - INFO - File details for testCardGroup.vcf:
2025-04-04 08:24:51,719 - INFO -   Size: 879 bytes
2025-04-04 08:24:51,719 - INFO -   Permissions: 0o100644
2025-04-04 08:24:51,719 - INFO -   Modified: 2025-03-28 12:15:33.731049
2025-04-04 08:24:51,719 - INFO - Processing card: testCardGroup.vcf
2025-04-04 08:24:51,719 - INFO - File contents of testCardGroup.vcf:
BEGIN:VCARD
VERSION:4.0
N:Doe;John;;;
FN:John Doe
ORG:Example.com Inc.;
TITLE:Imaginary test person
EMAIL;type=INTERNET;type=WORK;type=pref:johnDoe@example.org
TEL;type=WORK;type=pref:+1 617 555 1212
TEL;type=CELL:+1 781 555 1212
TEL;type=HOME:+1 202 555 1212
TEL;type=WORK:+1 (617) 555-1234
item1.ADR;type=WORK:;;2 Example Avenue;Anytown;NY;01111;USA
item1.X-ABADR:us
item2.ADR;type=HOME;type=pref:;;3 Acacia Avenue;Newtown;MA;02222;USA
item2.X-ABADR:us
NOTE:John Doe has a long and varied history
 , being documented on more police files that anyone else. Reports of his death are alas numerous.
item3.URL;type=pref:http://www.example/com/doe
item3.X-ABLabel:_$!<HomePage>!$_
item4.URL:http://www.example.com/Joe/foaf.df
item4.X-ABLabel:FOAF
item5.X-ABRELATEDNAMES;type=pref:Jane Doe
item5.X-ABLabel:_$!<Friend>!$_
CATEGORIES:Work,Test group
END:VCARD

2025-04-04 08:24:51,720 - INFO - Successfully created card for testCardGroup.vcf
2025-04-04 08:24:51,720 - ERROR - Card validation failed for testCardGroup.vcf: Invalid property (code 3)
2025-04-04 08:24:51,720 - INFO - Found vCard file: testCardNoVersion.vcf
2025-04-04 08:24:51,720 - INFO - File details for testCardNoVersion.vcf:
2025-04-04 08:24:51,720 - INFO -   Size: 44 bytes
2025-04-04 08:24:51,720 - INFO -   Permissions: 0o100644
2025-04-04 08:24:51,720 - INFO -   Modified: 2025-03-28 12:15:51.625049
2025-04-04 08:24:51,720 - INFO - Processing card: testCardNoVersion.vcf
2025-04-04 08:24:51,720 - INFO - File contents of testCardNoVersion.vcf:
BEGIN:VCARD
FN:Simon Perreault
END:VCARD

2025-04-04 08:24:51,720 - ERROR - Failed to create card testCardNoVersion.vcf: Invalid card format (code 2)
2025-04-04 08:24:51,720 - INFO - Found vCard file: testCard-BdayTime.vcf
2025-04-04 08:24:51,720 - INFO - File details for testCard-BdayTime.vcf:
2025-04-04 08:24:51,720 - INFO -   Size: 71 bytes
2025-04-04 08:24:51,720 - INFO -   Permissions: 0o100644
2025-04-04 08:24:51,720 - INFO -   Modified: 2025-03-28 12:15:32.684049
2025-04-04 08:24:51,720 - INFO - Processing card: testCard-BdayTime.vcf
2025-04-04 08:24:51,720 - INFO - File contents of testCard-BdayTime.vcf:
BEGIN:VCARD
VERSION:4.0
FN:Simon Perreault
BDAY:T143000
END:VCARD

2025-04-04 08:24:51,720 - INFO - Successfully created card for testCard-BdayTime.vcf
2025-04-04 08:24:51,720 - INFO - Successfully validated card for testCard-BdayTime.vcf
2025-04-04 08:24:51,720 - INFO - Successfully cached valid card: testCard-BdayTime.vcf
2025-04-04 08:24:51,720 - INFO - Found vCard file: testCardProps-simpleVal.vcf
2025-04-04 08:24:51,720 - INFO - File details for testCardProps-simpleVal.vcf:
2025-04-04 08:24:51,720 - INFO -   Size: 81 bytes
2025-04-04 08:24:51,720 - INFO -   Permissions: 0o100644
2025-04-04 08:24:51,720 - INFO -   Modified: 2025-03-28 12:15:33.163049
2025-04-04 08:24:51,720 - INFO - Processing card: testCardProps-simpleVal.vcf
2025-04-04 08:24:51,720 - INFO - File contents of testCardProps-simpleVal.vcf:
BEGIN:VCARD
VERSION:4.0
FN:Simon Perreault
GENDER:M
ORG:Viagenie
END:VCARD

2025-04-04 08:24:51,720 - INFO - Successfully created card for testCardProps-simpleVal.vcf
2025-04-04 08:24:51,720 - INFO - Successfully validated card for testCardProps-simpleVal.vcf
2025-04-04 08:24:51,720 - INFO - Successfully cached valid card: testCardProps-simpleVal.vcf
2025-04-04 08:24:51,720 - INFO - Found vCard file: testCard-BdayText.vcf
2025-04-04 08:24:51,720 - INFO - File details for testCard-BdayText.vcf:
2025-04-04 08:24:51,720 - INFO -   Size: 85 bytes
2025-04-04 08:24:51,720 - INFO -   Permissions: 0o100644
2025-04-04 08:24:51,720 - INFO -   Modified: 2025-03-28 12:15:33.772049
2025-04-04 08:24:51,720 - INFO - Processing card: testCard-BdayText.vcf
2025-04-04 08:24:51,720 - INFO - File contents of testCard-BdayText.vcf:
BEGIN:VCARD
VERSION:4.0
FN:Simon Perreault
BDAY;VALUE=text:circa 1960
END:VCARD

2025-04-04 08:24:51,720 - INFO - Successfully created card for testCard-BdayText.vcf
2025-04-04 08:24:51,720 - INFO - Successfully validated card for testCard-BdayText.vcf
2025-04-04 08:24:51,720 - INFO - Successfully cached valid card: testCard-BdayText.vcf
2025-04-04 08:24:51,720 - INFO - Found vCard file: testCardProp-ParamsVals.vcf
2025-04-04 08:24:51,720 - INFO - File details for testCardProp-ParamsVals.vcf:
2025-04-04 08:24:51,720 - INFO -   Size: 125 bytes
2025-04-04 08:24:51,720 - INFO -   Permissions: 0o100644
2025-04-04 08:24:51,720 - INFO -   Modified: 2025-03-28 12:15:33.041049
2025-04-04 08:24:51,720 - INFO - Processing card: testCardProp-ParamsVals.vcf
2025-04-04 08:24:51,720 - INFO - File contents of testCardProp-ParamsVals.vcf:
BEGIN:VCARD
VERSION:4.0
FN:Simon Perreault
TEL;VALUE=uri;TYPE="work,voice";PREF=1:tel:+1-418-656-9254;ext=102
END:VCARD

2025-04-04 08:24:51,720 - INFO - Successfully created card for testCardProp-ParamsVals.vcf
2025-04-04 08:24:51,720 - INFO - Successfully validated card for testCardProp-ParamsVals.vcf
2025-04-04 08:24:51,720 - INFO - Successfully cached valid card: testCardProp-ParamsVals.vcf
2025-04-04 08:24:51,720 - INFO - Found vCard file: nnnn.vcf
2025-04-04 08:24:51,720 - INFO - File details for nnnn.vcf:
2025-04-04 08:24:51,720 - INFO -   Size: 47 bytes
2025-04-04 08:24:51,720 - INFO -   Permissions: 0o100644
2025-04-04 08:24:51,721 - INFO -   Modified: 2025-03-28 12:28:54.030319
2025-04-04 08:24:51,721 - INFO - Processing card: nnnn.vcf
2025-04-04 08:24:51,721 - INFO - File contents of nnnn.vcf:
BEGIN:VCARD
VERSION:4.0
FN:mani2
END:VCARD

2025-04-04 08:24:51,721 - INFO - Successfully created card for nnnn.vcf
2025-04-04 08:24:51,721 - INFO - Successfully validated card for nnnn.vcf
2025-04-04 08:24:51,721 - INFO - Successfully cached valid card: nnnn.vcf
2025-04-04 08:24:51,721 - INFO - Found vCard file: testCard-bothDT.vcf
2025-04-04 08:24:51,721 - INFO - File details for testCard-bothDT.vcf:
2025-04-04 08:24:51,721 - INFO -   Size: 108 bytes
2025-04-04 08:24:51,721 - INFO -   Permissions: 0o100644
2025-04-04 08:24:51,721 - INFO -   Modified: 2025-03-28 12:15:33.095049
2025-04-04 08:24:51,721 - INFO - Processing card: testCard-bothDT.vcf
2025-04-04 08:24:51,721 - INFO - File contents of testCard-bothDT.vcf:
BEGIN:VCARD
VERSION:4.0
FN:Simon Perreault
BDAY:19540203T123012
ANNIVERSARY:20090808T143000
END:VCARD

2025-04-04 08:24:51,721 - INFO - Successfully created card for testCard-bothDT.vcf
2025-04-04 08:24:51,721 - INFO - Successfully validated card for testCard-bothDT.vcf
2025-04-04 08:24:51,721 - INFO - Successfully cached valid card: testCard-bothDT.vcf
2025-04-04 08:24:51,721 - INFO - Found vCard file: testCard.vcf
2025-04-04 08:24:51,721 - INFO - File details for testCard.vcf:
2025-04-04 08:24:51,721 - INFO -   Size: 613 bytes
2025-04-04 08:24:51,721 - INFO -   Permissions: 0o100644
2025-04-04 08:24:51,721 - INFO -   Modified: 2025-03-28 12:15:33.945049
2025-04-04 08:24:51,721 - INFO - Processing card: testCard.vcf
2025-04-04 08:24:51,721 - INFO - File contents of testCard.vcf:
BEGIN:VCARD
VERSION:4.0
FN:Simon Perreault
N:Perreault;Simon;;;ing. jr,M.Sc.
BDAY:--0203
ANNIVERSARY:20090808T143000
GENDER:M
LANG;PREF=1:fr
LANG;PREF=2:en
ORG;TYPE=work:Viagenie
ADR;TYPE=work:;Suite D2-630;2875 Laurier;
 Quebec;QC;G1V 2M2;Canada
TEL;VALUE=uri;TYPE="work,voice";PREF=1:tel:+1-418-656-9254;ext=102
TEL;VALUE=uri;TYPE="work,cell,voice,video,text":tel:+1-418-262-6501
EMAIL;TYPE=work:simon.perreault@viagenie.ca
GEO;TYPE=work:geo:46.772673,-71.282945
KEY;TYPE=work;VALUE=uri:
 http://www.viagenie.ca/simon.perreault/simon.asc
TZ:-0500
URL;TYPE=home:http://nomis80.org
END:VCARD

2025-04-04 08:24:51,721 - INFO - Successfully created card for testCard.vcf
2025-04-04 08:24:51,721 - ERROR - Card validation failed for testCard.vcf: Invalid property (code 3)
2025-04-04 08:24:51,721 - INFO - Found vCard file: borninjune.vcf
2025-04-04 08:24:51,721 - INFO - File details for borninjune.vcf:
2025-04-04 08:24:51,721 - INFO -   Size: 45 bytes
2025-04-04 08:24:51,721 - INFO -   Permissions: 0o100644
2025-04-04 08:24:51,721 - INFO -   Modified: 2025-04-03 13:32:08.262929
2025-04-04 08:24:51,721 - INFO - Processing card: borninjune.vcf
2025-04-04 08:24:51,721 - INFO - File contents of borninjune.vcf:
BEGIN:VCARD
VERSION:4.0
FN:bbj
END:VCARD

2025-04-04 08:24:51,721 - INFO - Successfully created card for borninjune.vcf
2025-04-04 08:24:51,721 - INFO - Successfully validated card for borninjune.vcf
2025-04-04 08:24:51,721 - INFO - Successfully cached valid card: borninjune.vcf
2025-04-04 08:24:51,721 - INFO - Found vCard file: testCardProps-compVal.vcf
2025-04-04 08:24:51,721 - INFO - File details for testCardProps-compVal.vcf:
2025-04-04 08:24:51,721 - INFO -   Size: 179 bytes
2025-04-04 08:24:51,721 - INFO -   Permissions: 0o100644
2025-04-04 08:24:51,721 - INFO -   Modified: 2025-03-28 12:15:32.410049
2025-04-04 08:24:51,721 - INFO - Processing card: testCardProps-compVal.vcf
2025-04-04 08:24:51,721 - INFO - File contents of testCardProps-compVal.vcf:
BEGIN:VCARD
VERSION:4.0
FN:Simon Perreault
N:Perreault;Simon;;;ing. jr,M.Sc.
ADR:;Suite D2-630;2875 Laurier;Quebec;QC;G1V 2M2;Canada
GEO:geo:46.772673,-71.282945
END:VCARD

2025-04-04 08:24:51,721 - INFO - Successfully created card for testCardProps-compVal.vcf
2025-04-04 08:24:51,721 - INFO - Successfully validated card for testCardProps-compVal.vcf
2025-04-04 08:24:51,721 - INFO - Successfully cached valid card: testCardProps-compVal.vcf
2025-04-04 08:24:51,721 - INFO - Found vCard file: testCard-SimpleFold1.vcf
2025-04-04 08:24:51,721 - INFO - File details for testCard-SimpleFold1.vcf:
2025-04-04 08:24:51,721 - INFO -   Size: 60 bytes
2025-04-04 08:24:51,721 - INFO -   Permissions: 0o100644
2025-04-04 08:24:51,721 - INFO -   Modified: 2025-03-28 12:15:33.623049
2025-04-04 08:24:51,721 - INFO - Processing card: testCard-SimpleFold1.vcf
2025-04-04 08:24:51,721 - INFO - File contents of testCard-SimpleFold1.vcf:
BEGIN:VCARD
VERSION:4.0
FN:Sim
 on Perreault
END:VCARD

2025-04-04 08:24:51,721 - INFO - Successfully created card for testCard-SimpleFold1.vcf
2025-04-04 08:24:51,721 - INFO - Successfully validated card for testCard-SimpleFold1.vcf
2025-04-04 08:24:51,721 - INFO - Successfully cached valid card: testCard-SimpleFold1.vcf
2025-04-04 08:24:51,721 - INFO - Found vCard file: testCard-MoreFold.vcf
2025-04-04 08:24:51,721 - INFO - File details for testCard-MoreFold.vcf:
2025-04-04 08:24:51,721 - INFO -   Size: 204 bytes
2025-04-04 08:24:51,721 - INFO -   Permissions: 0o100644
2025-04-04 08:24:51,721 - INFO -   Modified: 2025-03-28 12:15:32.510049
2025-04-04 08:24:51,721 - INFO - Processing card: testCard-MoreFold.vcf
2025-04-04 08:24:51,721 - INFO - File contents of testCard-MoreFold.vcf:
BEGIN:VCARD
VERSION:4.0
FN:Simon Perreault
ADR;TYPE=work:;Suite D2-630;2875 Laurier;
 Quebec;QC;G1V 2M2;Canada
KEY;TYPE=work;VALUE=uri:
 http://www.viagenie.ca/simon.perreault/simon.asc
END:VCARD

2025-04-04 08:24:51,721 - INFO - Successfully created card for testCard-MoreFold.vcf
2025-04-04 08:24:51,721 - ERROR - Card validation failed for testCard-MoreFold.vcf: Invalid property (code 3)
2025-04-04 08:24:51,721 - INFO - Found vCard file: testCard-AnnUTC.vcf
2025-04-04 08:24:51,721 - INFO - File details for testCard-AnnUTC.vcf:
2025-04-04 08:24:51,721 - INFO -   Size: 87 bytes
2025-04-04 08:24:51,721 - INFO -   Permissions: 0o100644
2025-04-04 08:24:51,722 - INFO -   Modified: 2025-03-28 12:15:33.475049
2025-04-04 08:24:51,722 - INFO - Processing card: testCard-AnnUTC.vcf
2025-04-04 08:24:51,722 - INFO - File contents of testCard-AnnUTC.vcf:
BEGIN:VCARD
VERSION:4.0
FN:Simon Perreault
ANNIVERSARY:20090808T143000Z
END:VCARD

2025-04-04 08:24:51,722 - INFO - Successfully created card for testCard-AnnUTC.vcf
2025-04-04 08:24:51,722 - ERROR - Card validation failed for testCard-AnnUTC.vcf: Invalid date/time (code 4)
2025-04-04 08:24:51,722 - INFO - Current cache state:
2025-04-04 08:24:51,722 - INFO -   testCardN-compVal.vcf: last_modified=2025-03-28 12:15:33.366049
2025-04-04 08:24:51,722 - INFO -   testCardProps-Groups.vcf: last_modified=2025-03-28 12:15:34.011049
2025-04-04 08:24:51,722 - INFO -   editable.vcf: last_modified=2025-04-04 07:54:55.288564
2025-04-04 08:24:51,722 - INFO -   testCardProp-Param.vcf: last_modified=2025-03-28 12:15:33.316049
2025-04-04 08:24:51,722 - INFO -   testCardProp-simpleVal.vcf: last_modified=2025-03-28 12:15:34.107049
2025-04-04 08:24:51,722 - INFO -   testCard-SimpleFold2.vcf: last_modified=2025-03-28 12:15:33.214049
2025-04-04 08:24:51,722 - INFO -   testCardMin.vcf: last_modified=2025-03-28 12:15:33.562049
2025-04-04 08:24:51,722 - INFO -   mmmm.vcf: last_modified=2025-03-28 12:18:48.658144
2025-04-04 08:24:51,722 - INFO -   testCard-Ann.vcf: last_modified=2025-03-28 12:15:32.944049
2025-04-04 08:24:51,722 - INFO -   testCardProps-Params.vcf: last_modified=2025-03-28 12:15:32.591049
2025-04-04 08:24:51,722 - INFO -   testCard-BdayTime.vcf: last_modified=2025-03-28 12:15:32.684049
2025-04-04 08:24:51,722 - INFO -   testCardProps-simpleVal.vcf: last_modified=2025-03-28 12:15:33.163049
2025-04-04 08:24:51,722 - INFO -   testCard-BdayText.vcf: last_modified=2025-03-28 12:15:33.772049
2025-04-04 08:24:51,722 - INFO -   testCardProp-ParamsVals.vcf: last_modified=2025-03-28 12:15:33.041049
2025-04-04 08:24:51,722 - INFO -   nnnn.vcf: last_modified=2025-03-28 12:28:54.030319
2025-04-04 08:24:51,722 - INFO -   testCard-bothDT.vcf: last_modified=2025-03-28 12:15:33.095049
2025-04-04 08:24:51,722 - INFO -   borninjune.vcf: last_modified=2025-04-03 13:32:08.262929
2025-04-04 08:24:51,722 - INFO -   testCardProps-compVal.vcf: last_modified=2025-03-28 12:15:32.410049
2025-04-04 08:24:51,722 - INFO -   testCard-SimpleFold1.vcf: last_modified=2025-03-28 12:15:33.623049
2025-04-04 08:24:51,722 - INFO - Card cache refresh complete. Valid cards: ['testCardN-compVal.vcf', 'testCardProps-Groups.vcf', 'editable.vcf', 'testCardProp-Param.vcf', 'testCardProp-simpleVal.vcf', 'testCard-SimpleFold2.vcf', 'testCardMin.vcf', 'mmmm.vcf', 'testCard-Ann.vcf', 'testCardProps-Params.vcf', 'testCard-BdayTime.vcf', 'testCardProps-simpleVal.vcf', 'testCard-BdayText.vcf', 'testCardProp-ParamsVals.vcf', 'nnnn.vcf', 'testCard-bothDT.vcf', 'borninjune.vcf', 'testCardProps-compVal.vcf', 'testCard-SimpleFold1.vcf']
2025-04-04 08:24:51,723 - INFO - Refreshing card cache
2025-04-04 08:24:51,723 - INFO - Scanning directory: /home/socs/assign1/assign2/assign3/./bin/cards
2025-04-04 08:24:51,724 - INFO - All files in directory: ['testCardN-compVal.vcf', 'testCardProps-ParamsVals.vcf', 'testCardProps-Groups.vcf', 'editable.vcf', 'testCard-TruncBday.vcf', 'testCardProp-Param.vcf', 'testCardInvEndings.vcf', 'testCardNoEnd.vcf', 'testCardProp-simpleVal.vcf', 'testCard-SimpleFold2.vcf', 'testCardMin.vcf', 'mmmm.vcf', 'testCard-Ann.vcf', 'testCardProps-Params.vcf', 'testCardGroup.vcf', 'testCardNoVersion.vcf', 'testCard-BdayTime.vcf', 'testCardProps-simpleVal.vcf', 'testCard-BdayText.vcf', 'testCardProp-ParamsVals.vcf', 'nnnn.vcf', 'testCard-bothDT.vcf', 'testCard.vcf', 'borninjune.vcf', 'testCardProps-compVal.vcf', 'testCard-SimpleFold1.vcf', 'testCard-MoreFold.vcf', 'testCard-AnnUTC.vcf']
2025-04-04 08:24:51,724 - INFO - Found vCard file: testCardN-compVal.vcf
2025-04-04 08:24:51,724 - INFO - File details for testCardN-compVal.vcf:
2025-04-04 08:24:51,724 - INFO -   Size: 92 bytes
2025-04-04 08:24:51,724 - INFO -   Permissions: 0o100644
2025-04-04 08:24:51,724 - INFO -   Modified: 2025-03-28 12:15:33.366049
2025-04-04 08:24:51,724 - INFO - Card testCardN-compVal.vcf unchanged, using cached version
2025-04-04 08:24:51,724 - INFO - Found vCard file: testCardProps-ParamsVals.vcf
2025-04-04 08:24:51,724 - INFO - File details for testCardProps-ParamsVals.vcf:
2025-04-04 08:24:51,724 - INFO -   Size: 565 bytes
2025-04-04 08:24:51,724 - INFO -   Permissions: 0o100644
2025-04-04 08:24:51,724 - INFO -   Modified: 2025-03-28 12:15:32.855049
2025-04-04 08:24:51,724 - INFO - Processing card: testCardProps-ParamsVals.vcf
2025-04-04 08:24:51,724 - INFO - File contents of testCardProps-ParamsVals.vcf:
BEGIN:VCARD
VERSION:4.0
FN:Simon Perreault
N:Perreault;Simon;;;ing. jr,M.Sc.
GENDER:M
LANG;PREF=1:fr
LANG;PREF=2:en
ORG;TYPE=work:Viagenie
ADR;TYPE=work:;Suite D2-630;2875 Laurier;Quebec;QC;G1V 2M2;Canada
TEL;VALUE=uri;TYPE="work,voice";PREF=1:tel:+1-418-656-9254;ext=102
TEL;VALUE=uri;TYPE="work,cell,voice,video,text":tel:+1-418-262-6501
EMAIL;TYPE=work:simon.perreault@viagenie.ca
GEO;TYPE=work:geo:46.772673,-71.282945
KEY;TYPE=work;VALUE=uri:http://www.viagenie.ca/simon.perreault/simon.asc
TZ:-0500
URL;TYPE=home:http://nomis80.org
END:VCARD

2025-04-04 08:24:51,724 - INFO - Successfully created card for testCardProps-ParamsVals.vcf
2025-04-04 08:24:51,724 - ERROR - Card validation failed for testCardProps-ParamsVals.vcf: Invalid property (code 3)
2025-04-04 08:24:51,724 - INFO - Found vCard file: testCardProps-Groups.vcf
2025-04-04 08:24:51,724 - INFO - File details for testCardProps-Groups.vcf:
2025-04-04 08:24:51,724 - INFO -   Size: 268 bytes
2025-04-04 08:24:51,724 - INFO -   Permissions: 0o100644
2025-04-04 08:24:51,724 - INFO -   Modified: 2025-03-28 12:15:34.011049
2025-04-04 08:24:51,724 - INFO - Card testCardProps-Groups.vcf unchanged, using cached version
2025-04-04 08:24:51,724 - INFO - Found vCard file: editable.vcf
2025-04-04 08:24:51,724 - INFO - File details for editable.vcf:
2025-04-04 08:24:51,724 - INFO -   Size: 46 bytes
2025-04-04 08:24:51,724 - INFO -   Permissions: 0o100644
2025-04-04 08:24:51,724 - INFO -   Modified: 2025-04-04 07:54:55.288564
2025-04-04 08:24:51,724 - INFO - Card editable.vcf unchanged, using cached version
2025-04-04 08:24:51,724 - INFO - Found vCard file: testCard-TruncBday.vcf
2025-04-04 08:24:51,724 - INFO - File details for testCard-TruncBday.vcf:
2025-04-04 08:24:51,724 - INFO -   Size: 70 bytes
2025-04-04 08:24:51,724 - INFO -   Permissions: 0o100644
2025-04-04 08:24:51,724 - INFO -   Modified: 2025-03-28 12:15:33.882049
2025-04-04 08:24:51,724 - INFO - Processing card: testCard-TruncBday.vcf
2025-04-04 08:24:51,724 - INFO - File contents of testCard-TruncBday.vcf:
BEGIN:VCARD
VERSION:4.0
FN:Simon Perreault
BDAY:--0203
END:VCARD

2025-04-04 08:24:51,724 - INFO - Successfully created card for testCard-TruncBday.vcf
2025-04-04 08:24:51,724 - ERROR - Card validation failed for testCard-TruncBday.vcf: Invalid date/time (code 4)
2025-04-04 08:24:51,724 - INFO - Found vCard file: testCardProp-Param.vcf
2025-04-04 08:24:51,724 - INFO - File details for testCardProp-Param.vcf:
2025-04-04 08:24:51,724 - INFO -   Size: 83 bytes
2025-04-04 08:24:51,724 - INFO -   Permissions: 0o100644
2025-04-04 08:24:51,724 - INFO -   Modified: 2025-03-28 12:15:33.316049
2025-04-04 08:24:51,724 - INFO - Card testCardProp-Param.vcf unchanged, using cached version
2025-04-04 08:24:51,724 - INFO - Found vCard file: testCardInvEndings.vcf
2025-04-04 08:24:51,724 - INFO - File details for testCardInvEndings.vcf:
2025-04-04 08:24:51,724 - INFO -   Size: 53 bytes
2025-04-04 08:24:51,724 - INFO -   Permissions: 0o100644
2025-04-04 08:24:51,724 - INFO -   Modified: 2025-03-28 12:15:51.528049
2025-04-04 08:24:51,724 - INFO - Processing card: testCardInvEndings.vcf
2025-04-04 08:24:51,724 - INFO - File contents of testCardInvEndings.vcf:
BEGIN:VCARD
VERSION:4.0
FN:Simon Perreault
END:VCARD

2025-04-04 08:24:51,724 - ERROR - Failed to create card testCardInvEndings.vcf: Invalid card format (code 2)
2025-04-04 08:24:51,724 - INFO - Found vCard file: testCardNoEnd.vcf
2025-04-04 08:24:51,724 - INFO - File details for testCardNoEnd.vcf:
2025-04-04 08:24:51,724 - INFO -   Size: 46 bytes
2025-04-04 08:24:51,724 - INFO -   Permissions: 0o100644
2025-04-04 08:24:51,724 - INFO -   Modified: 2025-03-28 12:15:51.468049
2025-04-04 08:24:51,724 - INFO - Processing card: testCardNoEnd.vcf
2025-04-04 08:24:51,724 - INFO - File contents of testCardNoEnd.vcf:
BEGIN:VCARD
VERSION:4.0
FN:Simon Perreault

2025-04-04 08:24:51,724 - ERROR - Failed to create card testCardNoEnd.vcf: Invalid card format (code 2)
2025-04-04 08:24:51,724 - INFO - Found vCard file: testCardProp-simpleVal.vcf
2025-04-04 08:24:51,724 - INFO - File details for testCardProp-simpleVal.vcf:
2025-04-04 08:24:51,724 - INFO -   Size: 67 bytes
2025-04-04 08:24:51,724 - INFO -   Permissions: 0o100644
2025-04-04 08:24:51,724 - INFO -   Modified: 2025-03-28 12:15:34.107049
2025-04-04 08:24:51,724 - INFO - Card testCardProp-simpleVal.vcf unchanged, using cached version
2025-04-04 08:24:51,724 - INFO - Found vCard file: testCard-SimpleFold2.vcf
2025-04-04 08:24:51,724 - INFO - File details for testCard-SimpleFold2.vcf:
2025-04-04 08:24:51,724 - INFO -   Size: 60 bytes
2025-04-04 08:24:51,724 - INFO -   Permissions: 0o100644
2025-04-04 08:24:51,724 - INFO -   Modified: 2025-03-28 12:15:33.214049
2025-04-04 08:24:51,724 - INFO - Card testCard-SimpleFold2.vcf unchanged, using cached version
2025-04-04 08:24:51,724 - INFO - Found vCard file: testCardMin.vcf
2025-04-04 08:24:51,724 - INFO - File details for testCardMin.vcf:
2025-04-04 08:24:51,724 - INFO -   Size: 57 bytes
2025-04-04 08:24:51,724 - INFO -   Permissions: 0o100644
2025-04-04 08:24:51,724 - INFO -   Modified: 2025-03-28 12:15:33.562049
2025-04-04 08:24:51,724 - INFO - Card testCardMin.vcf unchanged, using cached version
2025-04-04 08:24:51,724 - INFO - Found vCard file: mmmm.vcf
2025-04-04 08:24:51,724 - INFO - File details for mmmm.vcf:
2025-04-04 08:24:51,724 - INFO -   Size: 46 bytes
2025-04-04 08:24:51,724 - INFO -   Permissions: 0o100644
2025-04-04 08:24:51,724 - INFO -   Modified: 2025-03-28 12:18:48.658144
2025-04-04 08:24:51,724 - INFO - Card mmmm.vcf unchanged, using cached version
2025-04-04 08:24:51,724 - INFO - Found vCard file: testCard-Ann.vcf
2025-04-04 08:24:51,724 - INFO - File details for testCard-Ann.vcf:
2025-04-04 08:24:51,724 - INFO -   Size: 86 bytes
2025-04-04 08:24:51,724 - INFO -   Permissions: 0o100644
2025-04-04 08:24:51,724 - INFO -   Modified: 2025-03-28 12:15:32.944049
2025-04-04 08:24:51,724 - INFO - Card testCard-Ann.vcf unchanged, using cached version
2025-04-04 08:24:51,724 - INFO - Found vCard file: testCardProps-Params.vcf
2025-04-04 08:24:51,724 - INFO - File details for testCardProps-Params.vcf:
2025-04-04 08:24:51,724 - INFO -   Size: 202 bytes
2025-04-04 08:24:51,724 - INFO -   Permissions: 0o100644
2025-04-04 08:24:51,724 - INFO -   Modified: 2025-03-28 12:15:32.591049
2025-04-04 08:24:51,724 - INFO - Card testCardProps-Params.vcf unchanged, using cached version
2025-04-04 08:24:51,724 - INFO - Found vCard file: testCardGroup.vcf
2025-04-04 08:24:51,724 - INFO - File details for testCardGroup.vcf:
2025-04-04 08:24:51,724 - INFO -   Size: 879 bytes
2025-04-04 08:24:51,724 - INFO -   Permissions: 0o100644
2025-04-04 08:24:51,724 - INFO -   Modified: 2025-03-28 12:15:33.731049
2025-04-04 08:24:51,725 - INFO - Processing card: testCardGroup.vcf
2025-04-04 08:24:51,725 - INFO - File contents of testCardGroup.vcf:
BEGIN:VCARD
VERSION:4.0
N:Doe;John;;;
FN:John Doe
ORG:Example.com Inc.;
TITLE:Imaginary test person
EMAIL;type=INTERNET;type=WORK;type=pref:johnDoe@example.org
TEL;type=WORK;type=pref:+1 617 555 1212
TEL;type=CELL:+1 781 555 1212
TEL;type=HOME:+1 202 555 1212
TEL;type=WORK:+1 (617) 555-1234
item1.ADR;type=WORK:;;2 Example Avenue;Anytown;NY;01111;USA
item1.X-ABADR:us
item2.ADR;type=HOME;type=pref:;;3 Acacia Avenue;Newtown;MA;02222;USA
item2.X-ABADR:us
NOTE:John Doe has a long and varied history
 , being documented on more police files that anyone else. Reports of his death are alas numerous.
item3.URL;type=pref:http://www.example/com/doe
item3.X-ABLabel:_$!<HomePage>!$_
item4.URL:http://www.example.com/Joe/foaf.df
item4.X-ABLabel:FOAF
item5.X-ABRELATEDNAMES;type=pref:Jane Doe
item5.X-ABLabel:_$!<Friend>!$_
CATEGORIES:Work,Test group
END:VCARD

2025-04-04 08:24:51,725 - INFO - Successfully created card for testCardGroup.vcf
2025-04-04 08:24:51,725 - ERROR - Card validation failed for testCardGroup.vcf: Invalid property (code 3)
2025-04-04 08:24:51,725 - INFO - Found vCard file: testCardNoVersion.vcf
2025-04-04 08:24:51,725 - INFO - File details for testCardNoVersion.vcf:
2025-04-04 08:24:51,725 - INFO -   Size: 44 bytes
2025-04-04 08:24:51,725 - INFO -   Permissions: 0o100644
2025-04-04 08:24:51,725 - INFO -   Modified: 2025-03-28 12:15:51.625049
2025-04-04 08:24:51,725 - INFO - Processing card: testCardNoVersion.vcf
2025-04-04 08:24:51,725 - INFO - File contents of testCardNoVersion.vcf:
BEGIN:VCARD
FN:Simon Perreault
END:VCARD

2025-04-04 08:24:51,725 - ERROR - Failed to create card testCardNoVersion.vcf: Invalid card format (code 2)
2025-04-04 08:24:51,725 - INFO - Found vCard file: testCard-BdayTime.vcf
2025-04-04 08:24:51,725 - INFO - File details for testCard-BdayTime.vcf:
2025-04-04 08:24:51,725 - INFO -   Size: 71 bytes
2025-04-04 08:24:51,725 - INFO -   Permissions: 0o100644
2025-04-04 08:24:51,725 - INFO -   Modified: 2025-03-28 12:15:32.684049
2025-04-04 08:24:51,725 - INFO - Card testCard-BdayTime.vcf unchanged, using cached version
2025-04-04 08:24:51,725 - INFO - Found vCard file: testCardProps-simpleVal.vcf
2025-04-04 08:24:51,725 - INFO - File details for testCardProps-simpleVal.vcf:
2025-04-04 08:24:51,725 - INFO -   Size: 81 bytes
2025-04-04 08:24:51,725 - INFO -   Permissions: 0o100644
2025-04-04 08:24:51,725 - INFO -   Modified: 2025-03-28 12:15:33.163049
2025-04-04 08:24:51,725 - INFO - Card testCardProps-simpleVal.vcf unchanged, using cached version
2025-04-04 08:24:51,725 - INFO - Found vCard file: testCard-BdayText.vcf
2025-04-04 08:24:51,725 - INFO - File details for testCard-BdayText.vcf:
2025-04-04 08:24:51,725 - INFO -   Size: 85 bytes
2025-04-04 08:24:51,725 - INFO -   Permissions: 0o100644
2025-04-04 08:24:51,725 - INFO -   Modified: 2025-03-28 12:15:33.772049
2025-04-04 08:24:51,725 - INFO - Card testCard-BdayText.vcf unchanged, using cached version
2025-04-04 08:24:51,725 - INFO - Found vCard file: testCardProp-ParamsVals.vcf
2025-04-04 08:24:51,725 - INFO - File details for testCardProp-ParamsVals.vcf:
2025-04-04 08:24:51,725 - INFO -   Size: 125 bytes
2025-04-04 08:24:51,725 - INFO -   Permissions: 0o100644
2025-04-04 08:24:51,725 - INFO -   Modified: 2025-03-28 12:15:33.041049
2025-04-04 08:24:51,725 - INFO - Card testCardProp-ParamsVals.vcf unchanged, using cached version
2025-04-04 08:24:51,725 - INFO - Found vCard file: nnnn.vcf
2025-04-04 08:24:51,725 - INFO - File details for nnnn.vcf:
2025-04-04 08:24:51,725 - INFO -   Size: 47 bytes
2025-04-04 08:24:51,725 - INFO -   Permissions: 0o100644
2025-04-04 08:24:51,725 - INFO -   Modified: 2025-03-28 12:28:54.030319
2025-04-04 08:24:51,725 - INFO - Card nnnn.vcf unchanged, using cached version
2025-04-04 08:24:51,725 - INFO - Found vCard file: testCard-bothDT.vcf
2025-04-04 08:24:51,725 - INFO - File details for testCard-bothDT.vcf:
2025-04-04 08:24:51,725 - INFO -   Size: 108 bytes
2025-04-04 08:24:51,725 - INFO -   Permissions: 0o100644
2025-04-04 08:24:51,725 - INFO -   Modified: 2025-03-28 12:15:33.095049
2025-04-04 08:24:51,725 - INFO - Card testCard-bothDT.vcf unchanged, using cached version
2025-04-04 08:24:51,725 - INFO - Found vCard file: testCard.vcf
2025-04-04 08:24:51,725 - INFO - File details for testCard.vcf:
2025-04-04 08:24:51,725 - INFO -   Size: 613 bytes
2025-04-04 08:24:51,725 - INFO -   Permissions: 0o100644
2025-04-04 08:24:51,725 - INFO -   Modified: 2025-03-28 12:15:33.945049
2025-04-04 08:24:51,725 - INFO - Processing card: testCard.vcf
2025-04-04 08:24:51,725 - INFO - File contents of testCard.vcf:
BEGIN:VCARD
VERSION:4.0
FN:Simon Perreault
N:Perreault;Simon;;;ing. jr,M.Sc.
BDAY:--0203
ANNIVERSARY:20090808T143000
GENDER:M
LANG;PREF=1:fr
LANG;PREF=2:en
ORG;TYPE=work:Viagenie
ADR;TYPE=work:;Suite D2-630;2875 Laurier;
 Quebec;QC;G1V 2M2;Canada
TEL;VALUE=uri;TYPE="work,voice";PREF=1:tel:+1-418-656-9254;ext=102
TEL;VALUE=uri;TYPE="work,cell,voice,video,text":tel:+1-418-262-6501
EMAIL;TYPE=work:simon.perreault@viagenie.ca
GEO;TYPE=work:geo:46.772673,-71.282945
KEY;TYPE=work;VALUE=uri:
 http://www.viagenie.ca/simon.perreault/simon.asc
TZ:-0500
URL;TYPE=home:http://nomis80.org
END:VCARD

2025-04-04 08:24:51,725 - INFO - Successfully created card for testCard.vcf
2025-04-04 08:24:51,725 - ERROR - Card validation failed for testCard.vcf: Invalid property (code 3)
2025-04-04 08:24:51,725 - INFO - Found vCard file: borninjune.vcf
2025-04-04 08:24:51,725 - INFO - File details for borninjune.vcf:
2025-04-04 08:24:51,725 - INFO -   Size: 45 bytes
2025-04-04 08:24:51,725 - INFO -   Permissions: 0o100644
2025-04-04 08:24:51,725 - INFO -   Modified: 2025-04-03 13:32:08.262929
2025-04-04 08:24:51,725 - INFO - Card borninjune.vcf unchanged, using cached version
2025-04-04 08:24:51,725 - INFO - Found vCard file: testCardProps-compVal.vcf
2025-04-04 08:24:51,725 - INFO - File details for testCardProps-compVal.vcf:
2025-04-04 08:24:51,725 - INFO -   Size: 179 bytes
2025-04-04 08:24:51,725 - INFO -   Permissions: 0o100644
2025-04-04 08:24:51,725 - INFO -   Modified: 2025-03-28 12:15:32.410049
2025-04-04 08:24:51,725 - INFO - Card testCardProps-compVal.vcf unchanged, using cached version
2025-04-04 08:24:51,725 - INFO - Found vCard file: testCard-SimpleFold1.vcf
2025-04-04 08:24:51,725 - INFO - File details for testCard-SimpleFold1.vcf:
2025-04-04 08:24:51,725 - INFO -   Size: 60 bytes
2025-04-04 08:24:51,725 - INFO -   Permissions: 0o100644
2025-04-04 08:24:51,725 - INFO -   Modified: 2025-03-28 12:15:33.623049
2025-04-04 08:24:51,725 - INFO - Card testCard-SimpleFold1.vcf unchanged, using cached version
2025-04-04 08:24:51,725 - INFO - Found vCard file: testCard-MoreFold.vcf
2025-04-04 08:24:51,725 - INFO - File details for testCard-MoreFold.vcf:
2025-04-04 08:24:51,726 - INFO -   Size: 204 bytes
2025-04-04 08:24:51,726 - INFO -   Permissions: 0o100644
2025-04-04 08:24:51,726 - INFO -   Modified: 2025-03-28 12:15:32.510049
2025-04-04 08:24:51,726 - INFO - Processing card: testCard-MoreFold.vcf
2025-04-04 08:24:51,726 - INFO - File contents of testCard-MoreFold.vcf:
BEGIN:VCARD
VERSION:4.0
FN:Simon Perreault
ADR;TYPE=work:;Suite D2-630;2875 Laurier;
 Quebec;QC;G1V 2M2;Canada
KEY;TYPE=work;VALUE=uri:
 http://www.viagenie.ca/simon.perreault/simon.asc
END:VCARD

2025-04-04 08:24:51,726 - INFO - Successfully created card for testCard-MoreFold.vcf
2025-04-04 08:24:51,726 - ERROR - Card validation failed for testCard-MoreFold.vcf: Invalid property (code 3)
2025-04-04 08:24:51,726 - INFO - Found vCard file: testCard-AnnUTC.vcf
2025-04-04 08:24:51,726 - INFO - File details for testCard-AnnUTC.vcf:
2025-04-04 08:24:51,726 - INFO -   Size: 87 bytes
2025-04-04 08:24:51,726 - INFO -   Permissions: 0o100644
2025-04-04 08:24:51,726 - INFO -   Modified: 2025-03-28 12:15:33.475049
2025-04-04 08:24:51,726 - INFO - Processing card: testCard-AnnUTC.vcf
2025-04-04 08:24:51,726 - INFO - File contents of testCard-AnnUTC.vcf:
BEGIN:VCARD
VERSION:4.0
FN:Simon Perreault
ANNIVERSARY:20090808T143000Z
END:VCARD

2025-04-04 08:24:51,726 - INFO - Successfully created card for testCard-AnnUTC.vcf
2025-04-04 08:24:51,726 - ERROR - Card validation failed for testCard-AnnUTC.vcf: Invalid date/time (code 4)
2025-04-04 08:24:51,726 - INFO - Current cache state:
2025-04-04 08:24:51,726 - INFO -   testCardN-compVal.vcf: last_modified=2025-03-28 12:15:33.366049
2025-04-04 08:24:51,726 - INFO -   testCardProps-Groups.vcf: last_modified=2025-03-28 12:15:34.011049
2025-04-04 08:24:51,726 - INFO -   editable.vcf: last_modified=2025-04-04 07:54:55.288564
2025-04-04 08:24:51,726 - INFO -   testCardProp-Param.vcf: last_modified=2025-03-28 12:15:33.316049
2025-04-04 08:24:51,726 - INFO -   testCardProp-simpleVal.vcf: last_modified=2025-03-28 12:15:34.107049
2025-04-04 08:24:51,726 - INFO -   testCard-SimpleFold2.vcf: last_modified=2025-03-28 12:15:33.214049
2025-04-04 08:24:51,726 - INFO -   testCardMin.vcf: last_modified=2025-03-28 12:15:33.562049
2025-04-04 08:24:51,726 - INFO -   mmmm.vcf: last_modified=2025-03-28 12:18:48.658144
2025-04-04 08:24:51,726 - INFO -   testCard-Ann.vcf: last_modified=2025-03-28 12:15:32.944049
2025-04-04 08:24:51,726 - INFO -   testCardProps-Params.vcf: last_modified=2025-03-28 12:15:32.591049
2025-04-04 08:24:51,726 - INFO -   testCard-BdayTime.vcf: last_modified=2025-03-28 12:15:32.684049
2025-04-04 08:24:51,726 - INFO -   testCardProps-simpleVal.vcf: last_modified=2025-03-28 12:15:33.163049
2025-04-04 08:24:51,726 - INFO -   testCard-BdayText.vcf: last_modified=2025-03-28 12:15:33.772049
2025-04-04 08:24:51,726 - INFO -   testCardProp-ParamsVals.vcf: last_modified=2025-03-28 12:15:33.041049
2025-04-04 08:24:51,726 - INFO -   nnnn.vcf: last_modified=2025-03-28 12:28:54.030319
2025-04-04 08:24:51,726 - INFO -   testCard-bothDT.vcf: last_modified=2025-03-28 12:15:33.095049
2025-04-04 08:24:51,726 - INFO -   borninjune.vcf: last_modified=2025-04-03 13:32:08.262929
2025-04-04 08:24:51,726 - INFO -   testCardProps-compVal.vcf: last_modified=2025-03-28 12:15:32.410049
2025-04-04 08:24:51,726 - INFO -   testCard-SimpleFold1.vcf: last_modified=2025-03-28 12:15:33.623049
2025-04-04 08:24:51,726 - INFO - Card cache refresh complete. Valid cards: ['testCardN-compVal.vcf', 'testCardProps-Groups.vcf', 'editable.vcf', 'testCardProp-Param.vcf', 'testCardProp-simpleVal.vcf', 'testCard-SimpleFold2.vcf', 'testCardMin.vcf', 'mmmm.vcf', 'testCard-Ann.vcf', 'testCardProps-Params.vcf', 'testCard-BdayTime.vcf', 'testCardProps-simpleVal.vcf', 'testCard-BdayText.vcf', 'testCardProp-ParamsVals.vcf', 'nnnn.vcf', 'testCard-bothDT.vcf', 'borninjune.vcf', 'testCardProps-compVal.vcf', 'testCard-SimpleFold1.vcf']
2025-04-04 08:24:51,726 - INFO - Found 19 valid vCard files
2025-04-04 08:24:51,726 - DEBUG - Updating: filename
2025-04-04 08:24:51,726 - DEBUG - Form field changed
2025-04-04 08:24:51,726 - DEBUG - Updating: contact_name
2025-04-04 08:24:51,726 - DEBUG - Form field changed
2025-04-04 08:24:51,726 - DEBUG - Updating: None
2025-04-04 08:24:51,726 - DEBUG - Updating: None
2025-04-04 08:24:51,726 - DEBUG - Updating: None
2025-04-04 08:24:51,726 - DEBUG - Updating: None
2025-04-04 08:24:51,726 - DEBUG - Updating: None
2025-04-04 08:24:51,726 - DEBUG - Updating: None
2025-04-04 08:24:51,726 - DEBUG - Updating: None
2025-04-04 08:24:51,727 - DEBUG - Updating: filename
2025-04-04 08:24:51,727 - DEBUG - Updating: contact_name
2025-04-04 08:24:51,727 - DEBUG - Form field changed
2025-04-04 08:24:51,727 - DEBUG - Updating: birthday
2025-04-04 08:24:51,727 - DEBUG - Updating: anniversary
2025-04-04 08:24:51,727 - DEBUG - Updating: other_props
2025-04-04 08:24:51,727 - DEBUG - Updating: None
2025-04-04 08:24:51,727 - DEBUG - Updating: None
2025-04-04 08:24:51,727 - DEBUG - Updating: None
2025-04-04 08:24:51,727 - DEBUG - Updating: None
2025-04-04 08:24:51,727 - DEBUG - Updating: None
2025-04-04 08:24:51,727 - DEBUG - Updating: None
2025-04-04 08:24:51,727 - DEBUG - Updating: username
2025-04-04 08:24:51,727 - DEBUG - Updating: password
2025-04-04 08:24:51,727 - DEBUG - Updating: database
2025-04-04 08:24:51,727 - DEBUG - Updating: None
2025-04-04 08:24:51,727 - DEBUG - Updating: None
2025-04-04 08:24:51,727 - DEBUG - Updating: None
2025-04-04 08:24:51,727 - DEBUG - Updating: None
2025-04-04 08:24:51,727 - DEBUG - Updating: None
2025-04-04 08:24:51,727 - DEBUG - Updating: None
2025-04-04 08:24:51,727 - DEBUG - Updating: username
2025-04-04 08:24:51,727 - DEBUG - Updating: password
2025-04-04 08:24:51,727 - DEBUG - Updating: database
2025-04-04 08:24:51,727 - DEBUG - Updating: None
2025-04-04 08:24:51,727 - DEBUG - Widget blur: <asciimatics.widgets.label.Label object at 0xffff9175f850>
2025-04-04 08:24:51,727 - DEBUG - Widget blur: <asciimatics.widgets.label.Label object at 0xffff9175f9f0>
2025-04-04 08:24:51,727 - DEBUG - Widget blur: <asciimatics.widgets.text.Text object at 0xffff91b2f790>
2025-04-04 08:24:51,727 - DEBUG - Widget blur: <asciimatics.widgets.text.Text object at 0xffff91bd34c0>
2025-04-04 08:24:51,727 - DEBUG - Widget blur: <asciimatics.widgets.text.Text object at 0xffff91bd32e0>
2025-04-04 08:24:51,727 - DEBUG - Widget blur: <asciimatics.widgets.label.Label object at 0xffff9175f510>
2025-04-04 08:24:51,727 - DEBUG - Blur: <asciimatics.widgets.layout.Layout object at 0xffff91757940>
2025-04-04 08:24:51,727 - DEBUG - Updating: None
2025-04-04 08:24:51,727 - DEBUG - Updating: None
2025-04-04 08:24:51,727 - DEBUG - Widget blur: <asciimatics.widgets.button.Button object at 0xffff91784580>
2025-04-04 08:24:51,727 - DEBUG - Widget blur: <asciimatics.widgets.button.Button object at 0xffff91784660>
2025-04-04 08:24:51,727 - DEBUG - Blur: <asciimatics.widgets.layout.Layout object at 0xffff917579a0>
2025-04-04 08:24:51,727 - DEBUG - Updating: None
2025-04-04 08:24:51,727 - DEBUG - Widget blur: <asciimatics.widgets.label.Label object at 0xffff9175f920>
2025-04-04 08:24:51,727 - DEBUG - Blur: <asciimatics.widgets.layout.Layout object at 0xffff91757a00>
2025-04-04 08:24:51,727 - DEBUG - Focus: <asciimatics.widgets.layout.Layout object at 0xffff91757940>
2025-04-04 08:24:51,727 - DEBUG - Widget focus: <asciimatics.widgets.text.Text object at 0xffff91b2f790>
2025-04-04 08:24:51,727 - DEBUG - Cloning: Login to Database
2025-04-04 08:24:51,727 - DEBUG - Updating: None
2025-04-04 08:24:51,727 - DEBUG - Updating: None
2025-04-04 08:24:51,727 - DEBUG - Updating: username
2025-04-04 08:24:51,727 - DEBUG - Updating: password
2025-04-04 08:24:51,727 - DEBUG - Updating: database
2025-04-04 08:24:51,727 - DEBUG - Updating: None
2025-04-04 08:24:51,727 - DEBUG - Updating: None
2025-04-04 08:24:51,727 - DEBUG - Updating: None
2025-04-04 08:24:51,727 - DEBUG - Updating: None
2025-04-04 08:24:51,727 - DEBUG - Updating: None
2025-04-04 08:24:51,727 - DEBUG - Updating: None
2025-04-04 08:24:51,727 - DEBUG - Updating: username
2025-04-04 08:24:51,727 - DEBUG - Updating: password
2025-04-04 08:24:51,727 - DEBUG - Updating: database
2025-04-04 08:24:51,727 - DEBUG - Updating: None
2025-04-04 08:24:51,728 - DEBUG - Updating: None
2025-04-04 08:24:51,728 - DEBUG - Updating: None
2025-04-04 08:24:51,728 - DEBUG - Updating: None
2025-04-04 08:24:53,971 - DEBUG - Processing key: 102
2025-04-04 08:24:53,971 - DEBUG - Returning key: 102
2025-04-04 08:24:53,972 - DEBUG - New event: KeyboardEvent: -206
2025-04-04 08:24:53,972 - DEBUG - Focus: <asciimatics.widgets.layout.Layout object at 0xffff91757940>
2025-04-04 08:24:53,972 - DEBUG - Layout event: <asciimatics.widgets.layout.Layout object at 0xffff91757940> KeyboardEvent: -206
2025-04-04 08:24:53,972 - DEBUG - Widget blur: <asciimatics.widgets.text.Text object at 0xffff91b2f790>
2025-04-04 08:24:53,972 - DEBUG - Widget focus: <asciimatics.widgets.text.Text object at 0xffff91bd34c0>
2025-04-04 08:24:53,972 - DEBUG - Current widget left event: None
2025-04-04 08:24:54,132 - DEBUG - Processing key: 102
2025-04-04 08:24:54,132 - DEBUG - Returning key: 102
2025-04-04 08:24:54,132 - DEBUG - New event: KeyboardEvent: -206
2025-04-04 08:24:54,132 - DEBUG - Layout event: <asciimatics.widgets.layout.Layout object at 0xffff91757940> KeyboardEvent: -206
2025-04-04 08:24:54,132 - DEBUG - Widget blur: <asciimatics.widgets.text.Text object at 0xffff91bd34c0>
2025-04-04 08:24:54,132 - DEBUG - Widget focus: <asciimatics.widgets.text.Text object at 0xffff91bd32e0>
2025-04-04 08:24:54,133 - DEBUG - Current widget left event: None
2025-04-04 08:24:54,337 - DEBUG - Processing key: 102
2025-04-04 08:24:54,337 - DEBUG - Returning key: 102
2025-04-04 08:24:54,337 - DEBUG - New event: KeyboardEvent: -206
2025-04-04 08:24:54,337 - DEBUG - Layout event: <asciimatics.widgets.layout.Layout object at 0xffff91757940> KeyboardEvent: -206
2025-04-04 08:24:54,338 - DEBUG - Current widget left event: KeyboardEvent: -206
2025-04-04 08:24:54,338 - DEBUG - Blur: <asciimatics.widgets.layout.Layout object at 0xffff91757940>
2025-04-04 08:24:54,338 - DEBUG - Widget blur: <asciimatics.widgets.text.Text object at 0xffff91bd32e0>
2025-04-04 08:24:54,338 - DEBUG - Focus: <asciimatics.widgets.layout.Layout object at 0xffff917579a0>
2025-04-04 08:24:54,338 - DEBUG - Widget focus: <asciimatics.widgets.button.Button object at 0xffff91784580>
2025-04-04 08:24:54,499 - DEBUG - Processing key: 102
2025-04-04 08:24:54,499 - DEBUG - Returning key: 102
2025-04-04 08:24:54,499 - DEBUG - New event: KeyboardEvent: -206
2025-04-04 08:24:54,499 - DEBUG - Layout event: <asciimatics.widgets.layout.Layout object at 0xffff917579a0> KeyboardEvent: -206
2025-04-04 08:24:54,500 - DEBUG - Widget blur: <asciimatics.widgets.button.Button object at 0xffff91784580>
2025-04-04 08:24:54,500 - DEBUG - Widget focus: <asciimatics.widgets.button.Button object at 0xffff91784660>
2025-04-04 08:24:54,500 - DEBUG - Current widget left event: None
2025-04-04 08:24:54,922 - DEBUG - Processing key: a
2025-04-04 08:24:54,922 - DEBUG - Returning key: a
2025-04-04 08:24:54,922 - DEBUG - New event: KeyboardEvent: 10
2025-04-04 08:24:54,922 - DEBUG - Layout event: <asciimatics.widgets.layout.Layout object at 0xffff917579a0> KeyboardEvent: 10
2025-04-04 08:24:54,923 - DEBUG - Updating: files
2025-04-04 08:24:54,923 - DEBUG - Updating: None
2025-04-04 08:24:54,923 - DEBUG - Updating: None
2025-04-04 08:24:54,923 - DEBUG - Updating: None
2025-04-04 08:24:54,923 - DEBUG - Updating: None
2025-04-04 08:24:54,923 - DEBUG - Updating: None
2025-04-04 08:24:54,923 - DEBUG - Updating: files
2025-04-04 08:24:54,923 - DEBUG - Widget blur: <asciimatics.widgets.listbox.ListBox object at 0xffff91758c30>
2025-04-04 08:24:54,923 - DEBUG - Blur: <asciimatics.widgets.layout.Layout object at 0xffff91757ac0>
2025-04-04 08:24:54,923 - DEBUG - Updating: None
2025-04-04 08:24:54,923 - DEBUG - Updating: None
2025-04-04 08:24:54,923 - DEBUG - Updating: None
2025-04-04 08:24:54,923 - DEBUG - Updating: None
2025-04-04 08:24:54,923 - DEBUG - Widget blur: <asciimatics.widgets.button.Button object at 0xffff91784740>
2025-04-04 08:24:54,923 - DEBUG - Widget blur: <asciimatics.widgets.button.Button object at 0xffff91784820>
2025-04-04 08:24:54,923 - DEBUG - Widget blur: <asciimatics.widgets.button.Button object at 0xffff91784900>
2025-04-04 08:24:54,923 - DEBUG - Widget blur: <asciimatics.widgets.button.Button object at 0xffff917849e0>
2025-04-04 08:24:54,923 - DEBUG - Blur: <asciimatics.widgets.layout.Layout object at 0xffff91757b20>
2025-04-04 08:24:54,923 - DEBUG - Updating: None
2025-04-04 08:24:54,923 - DEBUG - Widget blur: <asciimatics.widgets.label.Label object at 0xffff9175fac0>
2025-04-04 08:24:54,923 - DEBUG - Blur: <asciimatics.widgets.layout.Layout object at 0xffff91757a60>
2025-04-04 08:24:54,923 - DEBUG - Focus: <asciimatics.widgets.layout.Layout object at 0xffff91757ac0>
2025-04-04 08:24:54,923 - DEBUG - Widget focus: <asciimatics.widgets.listbox.ListBox object at 0xffff91758c30>
2025-04-04 08:24:55,352 - DEBUG - Processing key: 103
2025-04-04 08:24:55,353 - DEBUG - Returning key: 103
2025-04-04 08:24:55,353 - DEBUG - New event: KeyboardEvent: -204
2025-04-04 08:24:55,353 - DEBUG - Focus: <asciimatics.widgets.layout.Layout object at 0xffff91757ac0>
2025-04-04 08:24:55,353 - DEBUG - Layout event: <asciimatics.widgets.layout.Layout object at 0xffff91757ac0> KeyboardEvent: -204
2025-04-04 08:24:55,353 - DEBUG - Current widget left event: None
2025-04-04 08:24:57,921 - DEBUG - New event: MouseEvent (53, 14) 1
2025-04-04 08:24:57,921 - DEBUG - Blurring: [<__main__.MainView object at 0xffff91793850>]
2025-04-04 08:24:57,921 - DEBUG - Layout event: <asciimatics.widgets.layout.Layout object at 0xffff91757ac0> MouseEvent (53, 14) 1
2025-04-04 08:24:57,922 - DEBUG - Widget: <asciimatics.widgets.listbox.ListBox object at 0xffff91758c30> (1, 1) (64, 13)
2025-04-04 08:24:57,922 - DEBUG - Check layout: 53, 14
2025-04-04 08:24:57,922 - DEBUG - Widget: <asciimatics.widgets.listbox.ListBox object at 0xffff91758c30> (1, 1) (64, 13)
2025-04-04 08:24:57,922 - DEBUG - Current widget left event: MouseEvent (53, 14) 1
2025-04-04 08:24:57,922 - DEBUG - Layout event: <asciimatics.widgets.layout.Layout object at 0xffff91757ac0> MouseEvent (53, 14) 1
2025-04-04 08:24:57,922 - DEBUG - Widget: <asciimatics.widgets.listbox.ListBox object at 0xffff91758c30> (1, 1) (64, 13)
2025-04-04 08:24:57,922 - DEBUG - Check layout: 53, 14
2025-04-04 08:24:57,922 - DEBUG - Widget: <asciimatics.widgets.listbox.ListBox object at 0xffff91758c30> (1, 1) (64, 13)
2025-04-04 08:24:57,922 - DEBUG - Layout event: <asciimatics.widgets.layout.Layout object at 0xffff91757b20> MouseEvent (53, 14) 1
2025-04-04 08:24:57,922 - DEBUG - Check layout: 53, 14
2025-04-04 08:24:57,922 - DEBUG - Widget: <asciimatics.widgets.button.Button object at 0xffff91784740> (4, 14) (10, 1)
2025-04-04 08:24:57,922 - DEBUG - Widget: <asciimatics.widgets.button.Button object at 0xffff91784820> (21, 14) (8, 1)
2025-04-04 08:24:57,922 - DEBUG - Widget: <asciimatics.widgets.button.Button object at 0xffff91784900> (34, 14) (14, 1)
2025-04-04 08:24:57,922 - DEBUG - Widget: <asciimatics.widgets.button.Button object at 0xffff917849e0> (53, 14) (8, 1)
2025-04-04 08:24:57,922 - DEBUG - Blur: <asciimatics.widgets.layout.Layout object at 0xffff91757ac0>
2025-04-04 08:24:57,922 - DEBUG - Widget blur: <asciimatics.widgets.listbox.ListBox object at 0xffff91758c30>
2025-04-04 08:24:57,922 - DEBUG - Focus: <asciimatics.widgets.layout.Layout object at 0xffff91757b20>
2025-04-04 08:24:57,922 - DEBUG - Widget focus: <asciimatics.widgets.button.Button object at 0xffff917849e0>
2025-04-04 08:24:57,922 - DEBUG - Widget: <asciimatics.widgets.button.Button object at 0xffff917849e0> (53, 14) (8, 1)
