2025-04-03 13:18:01,859 - INFO - Refreshing card cache
2025-04-03 13:18:01,860 - INFO - Scanning directory: /home/socs/assign1/assign2/assign3/./bin/cards
2025-04-03 13:18:01,860 - INFO - All files in directory: ['testCardN-compVal.vcf', 'testCardProps-ParamsVals.vcf', 'testCardProps-Groups.vcf', 'testCard-TruncBday.vcf', 'testCardProp-Param.vcf', 'testCardInvEndings.vcf', 'testCardNoEnd.vcf', 'testCardProp-simpleVal.vcf', 'testCard-SimpleFold2.vcf', 'testCardMin.vcf', 'mmmm.vcf', 'testCard-Ann.vcf', 'testCardProps-Params.vcf', 'testCardGroup.vcf', 'testCardNoVersion.vcf', 'testCard-BdayTime.vcf', 'testCardProps-simpleVal.vcf', 'testCard-BdayText.vcf', 'testCardProp-ParamsVals.vcf', 'nnnn.vcf', 'testCard-bothDT.vcf', 'testCard.vcf', 'testCardProps-compVal.vcf', 'testCard-SimpleFold1.vcf', 'testCard-MoreFold.vcf', 'testCard-AnnUTC.vcf']
2025-04-03 13:18:01,860 - INFO - Found vCard file: testCardN-compVal.vcf
2025-04-03 13:18:01,860 - INFO - File details for testCardN-compVal.vcf:
2025-04-03 13:18:01,860 - INFO -   Size: 92 bytes
2025-04-03 13:18:01,860 - INFO -   Permissions: 0o100644
2025-04-03 13:18:01,860 - INFO -   Modified: 2025-03-28 12:15:33.366049
2025-04-03 13:18:01,861 - INFO - Processing card: testCardN-compVal.vcf
2025-04-03 13:18:01,861 - INFO - File contents of testCardN-compVal.vcf:
BEGIN:VCARD
VERSION:4.0
FN:Simon Perreault
N:Perreault;Simon;;;ing. jr,M.Sc.
END:VCARD

2025-04-03 13:18:01,861 - INFO - Successfully created card for testCardN-compVal.vcf
2025-04-03 13:18:01,861 - INFO - Successfully validated card for testCardN-compVal.vcf
2025-04-03 13:18:01,861 - INFO - Successfully cached valid card: testCardN-compVal.vcf
2025-04-03 13:18:01,861 - INFO - Found vCard file: testCardProps-ParamsVals.vcf
2025-04-03 13:18:01,861 - INFO - File details for testCardProps-ParamsVals.vcf:
2025-04-03 13:18:01,861 - INFO -   Size: 565 bytes
2025-04-03 13:18:01,861 - INFO -   Permissions: 0o100644
2025-04-03 13:18:01,861 - INFO -   Modified: 2025-03-28 12:15:32.855049
2025-04-03 13:18:01,861 - INFO - Processing card: testCardProps-ParamsVals.vcf
2025-04-03 13:18:01,861 - INFO - File contents of testCardProps-ParamsVals.vcf:
BEGIN:VCARD
VERSION:4.0
FN:Simon Perreault
N:Perreault;Simon;;;ing. jr,M.Sc.
GENDER:M
LANG;PREF=1:fr
LANG;PREF=2:en
ORG;TYPE=work:Viagenie
ADR;TYPE=work:;Suite D2-630;2875 Laurier;Quebec;QC;G1V 2M2;Canada
TEL;VALUE=uri;TYPE="work,voice";PREF=1:tel:+1-418-656-9254;ext=102
TEL;VALUE=uri;TYPE="work,cell,voice,video,text":tel:+1-418-262-6501
EMAIL;TYPE=work:simon.perreault@viagenie.ca
GEO;TYPE=work:geo:46.772673,-71.282945
KEY;TYPE=work;VALUE=uri:http://www.viagenie.ca/simon.perreault/simon.asc
TZ:-0500
URL;TYPE=home:http://nomis80.org
END:VCARD

2025-04-03 13:18:01,861 - INFO - Successfully created card for testCardProps-ParamsVals.vcf
2025-04-03 13:18:01,861 - ERROR - Card validation failed for testCardProps-ParamsVals.vcf: Invalid property (code 3)
2025-04-03 13:18:01,861 - INFO - Found vCard file: testCardProps-Groups.vcf
2025-04-03 13:18:01,862 - INFO - File details for testCardProps-Groups.vcf:
2025-04-03 13:18:01,862 - INFO -   Size: 268 bytes
2025-04-03 13:18:01,862 - INFO -   Permissions: 0o100644
2025-04-03 13:18:01,862 - INFO -   Modified: 2025-03-28 12:15:34.011049
2025-04-03 13:18:01,862 - INFO - Processing card: testCardProps-Groups.vcf
2025-04-03 13:18:01,862 - INFO - File contents of testCardProps-Groups.vcf:
BEGIN:VCARD
VERSION:4.0
FN:Simon Perreault
GENDER:M
LangPrefs.LANG;PREF=1:fr
LangPrefs.LANG;PREF=2:en
Phone.TEL;VALUE=uri;TYPE="work,cell,voice,video,text":tel:+1-418-262-6501
Phone.TEL;VALUE=uri;TYPE="work,voice";PREF=1:tel:+1-418-656-9254;ext=102
END:VCARD

2025-04-03 13:18:01,862 - INFO - Successfully created card for testCardProps-Groups.vcf
2025-04-03 13:18:01,862 - INFO - Successfully validated card for testCardProps-Groups.vcf
2025-04-03 13:18:01,862 - INFO - Successfully cached valid card: testCardProps-Groups.vcf
2025-04-03 13:18:01,862 - INFO - Found vCard file: testCard-TruncBday.vcf
2025-04-03 13:18:01,862 - INFO - File details for testCard-TruncBday.vcf:
2025-04-03 13:18:01,862 - INFO -   Size: 70 bytes
2025-04-03 13:18:01,862 - INFO -   Permissions: 0o100644
2025-04-03 13:18:01,862 - INFO -   Modified: 2025-03-28 12:15:33.882049
2025-04-03 13:18:01,862 - INFO - Processing card: testCard-TruncBday.vcf
2025-04-03 13:18:01,862 - INFO - File contents of testCard-TruncBday.vcf:
BEGIN:VCARD
VERSION:4.0
FN:Simon Perreault
BDAY:--0203
END:VCARD

2025-04-03 13:18:01,862 - INFO - Successfully created card for testCard-TruncBday.vcf
2025-04-03 13:18:01,862 - ERROR - Card validation failed for testCard-TruncBday.vcf: Invalid date/time (code 4)
2025-04-03 13:18:01,862 - INFO - Found vCard file: testCardProp-Param.vcf
2025-04-03 13:18:01,862 - INFO - File details for testCardProp-Param.vcf:
2025-04-03 13:18:01,862 - INFO -   Size: 83 bytes
2025-04-03 13:18:01,862 - INFO -   Permissions: 0o100644
2025-04-03 13:18:01,862 - INFO -   Modified: 2025-03-28 12:15:33.316049
2025-04-03 13:18:01,862 - INFO - Processing card: testCardProp-Param.vcf
2025-04-03 13:18:01,862 - INFO - File contents of testCardProp-Param.vcf:
BEGIN:VCARD
VERSION:4.0
FN:Simon Perreault
GENDER:M
LANG;PREF=1:fr
END:VCARD

2025-04-03 13:18:01,862 - INFO - Successfully created card for testCardProp-Param.vcf
2025-04-03 13:18:01,862 - INFO - Successfully validated card for testCardProp-Param.vcf
2025-04-03 13:18:01,862 - INFO - Successfully cached valid card: testCardProp-Param.vcf
2025-04-03 13:18:01,862 - INFO - Found vCard file: testCardInvEndings.vcf
2025-04-03 13:18:01,862 - INFO - File details for testCardInvEndings.vcf:
2025-04-03 13:18:01,863 - INFO -   Size: 53 bytes
2025-04-03 13:18:01,863 - INFO -   Permissions: 0o100644
2025-04-03 13:18:01,863 - INFO -   Modified: 2025-03-28 12:15:51.528049
2025-04-03 13:18:01,863 - INFO - Processing card: testCardInvEndings.vcf
2025-04-03 13:18:01,863 - INFO - File contents of testCardInvEndings.vcf:
BEGIN:VCARD
VERSION:4.0
FN:Simon Perreault
END:VCARD

2025-04-03 13:18:01,863 - ERROR - Failed to create card testCardInvEndings.vcf: Invalid card format (code 2)
2025-04-03 13:18:01,863 - INFO - Found vCard file: testCardNoEnd.vcf
2025-04-03 13:18:01,863 - INFO - File details for testCardNoEnd.vcf:
2025-04-03 13:18:01,863 - INFO -   Size: 46 bytes
2025-04-03 13:18:01,863 - INFO -   Permissions: 0o100644
2025-04-03 13:18:01,863 - INFO -   Modified: 2025-03-28 12:15:51.468049
2025-04-03 13:18:01,863 - INFO - Processing card: testCardNoEnd.vcf
2025-04-03 13:18:01,863 - INFO - File contents of testCardNoEnd.vcf:
BEGIN:VCARD
VERSION:4.0
FN:Simon Perreault

2025-04-03 13:18:01,863 - ERROR - Failed to create card testCardNoEnd.vcf: Invalid card format (code 2)
2025-04-03 13:18:01,863 - INFO - Found vCard file: testCardProp-simpleVal.vcf
2025-04-03 13:18:01,863 - INFO - File details for testCardProp-simpleVal.vcf:
2025-04-03 13:18:01,863 - INFO -   Size: 67 bytes
2025-04-03 13:18:01,863 - INFO -   Permissions: 0o100644
2025-04-03 13:18:01,863 - INFO -   Modified: 2025-03-28 12:15:34.107049
2025-04-03 13:18:01,863 - INFO - Processing card: testCardProp-simpleVal.vcf
2025-04-03 13:18:01,863 - INFO - File contents of testCardProp-simpleVal.vcf:
BEGIN:VCARD
VERSION:4.0
FN:Simon Perreault
GENDER:M
END:VCARD

2025-04-03 13:18:01,863 - INFO - Successfully created card for testCardProp-simpleVal.vcf
2025-04-03 13:18:01,863 - INFO - Successfully validated card for testCardProp-simpleVal.vcf
2025-04-03 13:18:01,863 - INFO - Successfully cached valid card: testCardProp-simpleVal.vcf
2025-04-03 13:18:01,863 - INFO - Found vCard file: testCard-SimpleFold2.vcf
2025-04-03 13:18:01,863 - INFO - File details for testCard-SimpleFold2.vcf:
2025-04-03 13:18:01,863 - INFO -   Size: 60 bytes
2025-04-03 13:18:01,863 - INFO -   Permissions: 0o100644
2025-04-03 13:18:01,863 - INFO -   Modified: 2025-03-28 12:15:33.214049
2025-04-03 13:18:01,863 - INFO - Processing card: testCard-SimpleFold2.vcf
2025-04-03 13:18:01,863 - INFO - File contents of testCard-SimpleFold2.vcf:
BEGIN:VCARD
VERSION:4.0
FN:Simon
  Perreault
END:VCARD

2025-04-03 13:18:01,863 - INFO - Successfully created card for testCard-SimpleFold2.vcf
2025-04-03 13:18:01,863 - INFO - Successfully validated card for testCard-SimpleFold2.vcf
2025-04-03 13:18:01,863 - INFO - Successfully cached valid card: testCard-SimpleFold2.vcf
2025-04-03 13:18:01,863 - INFO - Found vCard file: testCardMin.vcf
2025-04-03 13:18:01,863 - INFO - File details for testCardMin.vcf:
2025-04-03 13:18:01,863 - INFO -   Size: 57 bytes
2025-04-03 13:18:01,863 - INFO -   Permissions: 0o100644
2025-04-03 13:18:01,863 - INFO -   Modified: 2025-03-28 12:15:33.562049
2025-04-03 13:18:01,863 - INFO - Processing card: testCardMin.vcf
2025-04-03 13:18:01,863 - INFO - File contents of testCardMin.vcf:
BEGIN:VCARD
VERSION:4.0
FN:Simon Perreault
END:VCARD

2025-04-03 13:18:01,863 - INFO - Successfully created card for testCardMin.vcf
2025-04-03 13:18:01,863 - INFO - Successfully validated card for testCardMin.vcf
2025-04-03 13:18:01,863 - INFO - Successfully cached valid card: testCardMin.vcf
2025-04-03 13:18:01,863 - INFO - Found vCard file: mmmm.vcf
2025-04-03 13:18:01,863 - INFO - File details for mmmm.vcf:
2025-04-03 13:18:01,863 - INFO -   Size: 46 bytes
2025-04-03 13:18:01,863 - INFO -   Permissions: 0o100644
2025-04-03 13:18:01,864 - INFO -   Modified: 2025-03-28 12:18:48.658144
2025-04-03 13:18:01,864 - INFO - Processing card: mmmm.vcf
2025-04-03 13:18:01,864 - INFO - File contents of mmmm.vcf:
BEGIN:VCARD
VERSION:4.0
FN:mani
END:VCARD

2025-04-03 13:18:01,864 - INFO - Successfully created card for mmmm.vcf
2025-04-03 13:18:01,864 - INFO - Successfully validated card for mmmm.vcf
2025-04-03 13:18:01,864 - INFO - Successfully cached valid card: mmmm.vcf
2025-04-03 13:18:01,864 - INFO - Found vCard file: testCard-Ann.vcf
2025-04-03 13:18:01,864 - INFO - File details for testCard-Ann.vcf:
2025-04-03 13:18:01,864 - INFO -   Size: 86 bytes
2025-04-03 13:18:01,864 - INFO -   Permissions: 0o100644
2025-04-03 13:18:01,864 - INFO -   Modified: 2025-03-28 12:15:32.944049
2025-04-03 13:18:01,864 - INFO - Processing card: testCard-Ann.vcf
2025-04-03 13:18:01,864 - INFO - File contents of testCard-Ann.vcf:
BEGIN:VCARD
VERSION:4.0
FN:Simon Perreault
ANNIVERSARY:20090808T143000
END:VCARD

2025-04-03 13:18:01,864 - INFO - Successfully created card for testCard-Ann.vcf
2025-04-03 13:18:01,864 - INFO - Successfully validated card for testCard-Ann.vcf
2025-04-03 13:18:01,864 - INFO - Successfully cached valid card: testCard-Ann.vcf
2025-04-03 13:18:01,864 - INFO - Found vCard file: testCardProps-Params.vcf
2025-04-03 13:18:01,864 - INFO - File details for testCardProps-Params.vcf:
2025-04-03 13:18:01,864 - INFO -   Size: 202 bytes
2025-04-03 13:18:01,864 - INFO -   Permissions: 0o100644
2025-04-03 13:18:01,864 - INFO -   Modified: 2025-03-28 12:15:32.591049
2025-04-03 13:18:01,864 - INFO - Processing card: testCardProps-Params.vcf
2025-04-03 13:18:01,864 - INFO - File contents of testCardProps-Params.vcf:
BEGIN:VCARD
VERSION:4.0
FN:Simon Perreault
GENDER:M
LANG;PREF=1:fr
LANG;PREF=2:en
TEL;VALUE=uri;TYPE="work,cell,voice,video,text":tel:+1-418-262-6501
URL;TYPE=home:http://nomis80.org
END:VCARD

2025-04-03 13:18:01,864 - INFO - Successfully created card for testCardProps-Params.vcf
2025-04-03 13:18:01,864 - INFO - Successfully validated card for testCardProps-Params.vcf
2025-04-03 13:18:01,864 - INFO - Successfully cached valid card: testCardProps-Params.vcf
2025-04-03 13:18:01,864 - INFO - Found vCard file: testCardGroup.vcf
2025-04-03 13:18:01,864 - INFO - File details for testCardGroup.vcf:
2025-04-03 13:18:01,864 - INFO -   Size: 879 bytes
2025-04-03 13:18:01,864 - INFO -   Permissions: 0o100644
2025-04-03 13:18:01,864 - INFO -   Modified: 2025-03-28 12:15:33.731049
2025-04-03 13:18:01,864 - INFO - Processing card: testCardGroup.vcf
2025-04-03 13:18:01,864 - INFO - File contents of testCardGroup.vcf:
BEGIN:VCARD
VERSION:4.0
N:Doe;John;;;
FN:John Doe
ORG:Example.com Inc.;
TITLE:Imaginary test person
EMAIL;type=INTERNET;type=WORK;type=pref:johnDoe@example.org
TEL;type=WORK;type=pref:+1 617 555 1212
TEL;type=CELL:+1 781 555 1212
TEL;type=HOME:+1 202 555 1212
TEL;type=WORK:+1 (617) 555-1234
item1.ADR;type=WORK:;;2 Example Avenue;Anytown;NY;01111;USA
item1.X-ABADR:us
item2.ADR;type=HOME;type=pref:;;3 Acacia Avenue;Newtown;MA;02222;USA
item2.X-ABADR:us
NOTE:John Doe has a long and varied history
 , being documented on more police files that anyone else. Reports of his death are alas numerous.
item3.URL;type=pref:http://www.example/com/doe
item3.X-ABLabel:_$!<HomePage>!$_
item4.URL:http://www.example.com/Joe/foaf.df
item4.X-ABLabel:FOAF
item5.X-ABRELATEDNAMES;type=pref:Jane Doe
item5.X-ABLabel:_$!<Friend>!$_
CATEGORIES:Work,Test group
END:VCARD

2025-04-03 13:18:01,864 - INFO - Successfully created card for testCardGroup.vcf
2025-04-03 13:18:01,864 - ERROR - Card validation failed for testCardGroup.vcf: Invalid property (code 3)
2025-04-03 13:18:01,864 - INFO - Found vCard file: testCardNoVersion.vcf
2025-04-03 13:18:01,864 - INFO - File details for testCardNoVersion.vcf:
2025-04-03 13:18:01,864 - INFO -   Size: 44 bytes
2025-04-03 13:18:01,864 - INFO -   Permissions: 0o100644
2025-04-03 13:18:01,864 - INFO -   Modified: 2025-03-28 12:15:51.625049
2025-04-03 13:18:01,864 - INFO - Processing card: testCardNoVersion.vcf
2025-04-03 13:18:01,864 - INFO - File contents of testCardNoVersion.vcf:
BEGIN:VCARD
FN:Simon Perreault
END:VCARD

2025-04-03 13:18:01,864 - ERROR - Failed to create card testCardNoVersion.vcf: Invalid card format (code 2)
2025-04-03 13:18:01,864 - INFO - Found vCard file: testCard-BdayTime.vcf
2025-04-03 13:18:01,864 - INFO - File details for testCard-BdayTime.vcf:
2025-04-03 13:18:01,864 - INFO -   Size: 71 bytes
2025-04-03 13:18:01,864 - INFO -   Permissions: 0o100644
2025-04-03 13:18:01,864 - INFO -   Modified: 2025-03-28 12:15:32.684049
2025-04-03 13:18:01,864 - INFO - Processing card: testCard-BdayTime.vcf
2025-04-03 13:18:01,864 - INFO - File contents of testCard-BdayTime.vcf:
BEGIN:VCARD
VERSION:4.0
FN:Simon Perreault
BDAY:T143000
END:VCARD

2025-04-03 13:18:01,864 - INFO - Successfully created card for testCard-BdayTime.vcf
2025-04-03 13:18:01,864 - INFO - Successfully validated card for testCard-BdayTime.vcf
2025-04-03 13:18:01,864 - INFO - Successfully cached valid card: testCard-BdayTime.vcf
2025-04-03 13:18:01,864 - INFO - Found vCard file: testCardProps-simpleVal.vcf
2025-04-03 13:18:01,864 - INFO - File details for testCardProps-simpleVal.vcf:
2025-04-03 13:18:01,864 - INFO -   Size: 81 bytes
2025-04-03 13:18:01,864 - INFO -   Permissions: 0o100644
2025-04-03 13:18:01,864 - INFO -   Modified: 2025-03-28 12:15:33.163049
2025-04-03 13:18:01,864 - INFO - Processing card: testCardProps-simpleVal.vcf
2025-04-03 13:18:01,865 - INFO - File contents of testCardProps-simpleVal.vcf:
BEGIN:VCARD
VERSION:4.0
FN:Simon Perreault
GENDER:M
ORG:Viagenie
END:VCARD

2025-04-03 13:18:01,865 - INFO - Successfully created card for testCardProps-simpleVal.vcf
2025-04-03 13:18:01,865 - INFO - Successfully validated card for testCardProps-simpleVal.vcf
2025-04-03 13:18:01,865 - INFO - Successfully cached valid card: testCardProps-simpleVal.vcf
2025-04-03 13:18:01,865 - INFO - Found vCard file: testCard-BdayText.vcf
2025-04-03 13:18:01,865 - INFO - File details for testCard-BdayText.vcf:
2025-04-03 13:18:01,865 - INFO -   Size: 85 bytes
2025-04-03 13:18:01,865 - INFO -   Permissions: 0o100644
2025-04-03 13:18:01,865 - INFO -   Modified: 2025-03-28 12:15:33.772049
2025-04-03 13:18:01,865 - INFO - Processing card: testCard-BdayText.vcf
2025-04-03 13:18:01,865 - INFO - File contents of testCard-BdayText.vcf:
BEGIN:VCARD
VERSION:4.0
FN:Simon Perreault
BDAY;VALUE=text:circa 1960
END:VCARD

2025-04-03 13:18:01,865 - INFO - Successfully created card for testCard-BdayText.vcf
2025-04-03 13:18:01,865 - INFO - Successfully validated card for testCard-BdayText.vcf
2025-04-03 13:18:01,865 - INFO - Successfully cached valid card: testCard-BdayText.vcf
2025-04-03 13:18:01,865 - INFO - Found vCard file: testCardProp-ParamsVals.vcf
2025-04-03 13:18:01,865 - INFO - File details for testCardProp-ParamsVals.vcf:
2025-04-03 13:18:01,865 - INFO -   Size: 125 bytes
2025-04-03 13:18:01,865 - INFO -   Permissions: 0o100644
2025-04-03 13:18:01,865 - INFO -   Modified: 2025-03-28 12:15:33.041049
2025-04-03 13:18:01,865 - INFO - Processing card: testCardProp-ParamsVals.vcf
2025-04-03 13:18:01,865 - INFO - File contents of testCardProp-ParamsVals.vcf:
BEGIN:VCARD
VERSION:4.0
FN:Simon Perreault
TEL;VALUE=uri;TYPE="work,voice";PREF=1:tel:+1-418-656-9254;ext=102
END:VCARD

2025-04-03 13:18:01,865 - INFO - Successfully created card for testCardProp-ParamsVals.vcf
2025-04-03 13:18:01,865 - INFO - Successfully validated card for testCardProp-ParamsVals.vcf
2025-04-03 13:18:01,865 - INFO - Successfully cached valid card: testCardProp-ParamsVals.vcf
2025-04-03 13:18:01,865 - INFO - Found vCard file: nnnn.vcf
2025-04-03 13:18:01,865 - INFO - File details for nnnn.vcf:
2025-04-03 13:18:01,865 - INFO -   Size: 47 bytes
2025-04-03 13:18:01,865 - INFO -   Permissions: 0o100644
2025-04-03 13:18:01,865 - INFO -   Modified: 2025-03-28 12:28:54.030319
2025-04-03 13:18:01,865 - INFO - Processing card: nnnn.vcf
2025-04-03 13:18:01,865 - INFO - File contents of nnnn.vcf:
BEGIN:VCARD
VERSION:4.0
FN:mani2
END:VCARD

2025-04-03 13:18:01,865 - INFO - Successfully created card for nnnn.vcf
2025-04-03 13:18:01,865 - INFO - Successfully validated card for nnnn.vcf
2025-04-03 13:18:01,865 - INFO - Successfully cached valid card: nnnn.vcf
2025-04-03 13:18:01,865 - INFO - Found vCard file: testCard-bothDT.vcf
2025-04-03 13:18:01,865 - INFO - File details for testCard-bothDT.vcf:
2025-04-03 13:18:01,865 - INFO -   Size: 108 bytes
2025-04-03 13:18:01,865 - INFO -   Permissions: 0o100644
2025-04-03 13:18:01,865 - INFO -   Modified: 2025-03-28 12:15:33.095049
2025-04-03 13:18:01,865 - INFO - Processing card: testCard-bothDT.vcf
2025-04-03 13:18:01,865 - INFO - File contents of testCard-bothDT.vcf:
BEGIN:VCARD
VERSION:4.0
FN:Simon Perreault
BDAY:19540203T123012
ANNIVERSARY:20090808T143000
END:VCARD

2025-04-03 13:18:01,865 - INFO - Successfully created card for testCard-bothDT.vcf
2025-04-03 13:18:01,865 - INFO - Successfully validated card for testCard-bothDT.vcf
2025-04-03 13:18:01,865 - INFO - Successfully cached valid card: testCard-bothDT.vcf
2025-04-03 13:18:01,865 - INFO - Found vCard file: testCard.vcf
2025-04-03 13:18:01,865 - INFO - File details for testCard.vcf:
2025-04-03 13:18:01,865 - INFO -   Size: 613 bytes
2025-04-03 13:18:01,865 - INFO -   Permissions: 0o100644
2025-04-03 13:18:01,865 - INFO -   Modified: 2025-03-28 12:15:33.945049
2025-04-03 13:18:01,865 - INFO - Processing card: testCard.vcf
2025-04-03 13:18:01,865 - INFO - File contents of testCard.vcf:
BEGIN:VCARD
VERSION:4.0
FN:Simon Perreault
N:Perreault;Simon;;;ing. jr,M.Sc.
BDAY:--0203
ANNIVERSARY:20090808T143000
GENDER:M
LANG;PREF=1:fr
LANG;PREF=2:en
ORG;TYPE=work:Viagenie
ADR;TYPE=work:;Suite D2-630;2875 Laurier;
 Quebec;QC;G1V 2M2;Canada
TEL;VALUE=uri;TYPE="work,voice";PREF=1:tel:+1-418-656-9254;ext=102
TEL;VALUE=uri;TYPE="work,cell,voice,video,text":tel:+1-418-262-6501
EMAIL;TYPE=work:simon.perreault@viagenie.ca
GEO;TYPE=work:geo:46.772673,-71.282945
KEY;TYPE=work;VALUE=uri:
 http://www.viagenie.ca/simon.perreault/simon.asc
TZ:-0500
URL;TYPE=home:http://nomis80.org
END:VCARD

2025-04-03 13:18:01,865 - INFO - Successfully created card for testCard.vcf
2025-04-03 13:18:01,865 - ERROR - Card validation failed for testCard.vcf: Invalid property (code 3)
2025-04-03 13:18:01,865 - INFO - Found vCard file: testCardProps-compVal.vcf
2025-04-03 13:18:01,866 - INFO - File details for testCardProps-compVal.vcf:
2025-04-03 13:18:01,866 - INFO -   Size: 179 bytes
2025-04-03 13:18:01,866 - INFO -   Permissions: 0o100644
2025-04-03 13:18:01,866 - INFO -   Modified: 2025-03-28 12:15:32.410049
2025-04-03 13:18:01,866 - INFO - Processing card: testCardProps-compVal.vcf
2025-04-03 13:18:01,866 - INFO - File contents of testCardProps-compVal.vcf:
BEGIN:VCARD
VERSION:4.0
FN:Simon Perreault
N:Perreault;Simon;;;ing. jr,M.Sc.
ADR:;Suite D2-630;2875 Laurier;Quebec;QC;G1V 2M2;Canada
GEO:geo:46.772673,-71.282945
END:VCARD

2025-04-03 13:18:01,866 - INFO - Successfully created card for testCardProps-compVal.vcf
2025-04-03 13:18:01,866 - INFO - Successfully validated card for testCardProps-compVal.vcf
2025-04-03 13:18:01,866 - INFO - Successfully cached valid card: testCardProps-compVal.vcf
2025-04-03 13:18:01,866 - INFO - Found vCard file: testCard-SimpleFold1.vcf
2025-04-03 13:18:01,866 - INFO - File details for testCard-SimpleFold1.vcf:
2025-04-03 13:18:01,866 - INFO -   Size: 60 bytes
2025-04-03 13:18:01,866 - INFO -   Permissions: 0o100644
2025-04-03 13:18:01,866 - INFO -   Modified: 2025-03-28 12:15:33.623049
2025-04-03 13:18:01,866 - INFO - Processing card: testCard-SimpleFold1.vcf
2025-04-03 13:18:01,866 - INFO - File contents of testCard-SimpleFold1.vcf:
BEGIN:VCARD
VERSION:4.0
FN:Sim
 on Perreault
END:VCARD

2025-04-03 13:18:01,866 - INFO - Successfully created card for testCard-SimpleFold1.vcf
2025-04-03 13:18:01,866 - INFO - Successfully validated card for testCard-SimpleFold1.vcf
2025-04-03 13:18:01,866 - INFO - Successfully cached valid card: testCard-SimpleFold1.vcf
2025-04-03 13:18:01,866 - INFO - Found vCard file: testCard-MoreFold.vcf
2025-04-03 13:18:01,866 - INFO - File details for testCard-MoreFold.vcf:
2025-04-03 13:18:01,866 - INFO -   Size: 204 bytes
2025-04-03 13:18:01,866 - INFO -   Permissions: 0o100644
2025-04-03 13:18:01,866 - INFO -   Modified: 2025-03-28 12:15:32.510049
2025-04-03 13:18:01,866 - INFO - Processing card: testCard-MoreFold.vcf
2025-04-03 13:18:01,866 - INFO - File contents of testCard-MoreFold.vcf:
BEGIN:VCARD
VERSION:4.0
FN:Simon Perreault
ADR;TYPE=work:;Suite D2-630;2875 Laurier;
 Quebec;QC;G1V 2M2;Canada
KEY;TYPE=work;VALUE=uri:
 http://www.viagenie.ca/simon.perreault/simon.asc
END:VCARD

2025-04-03 13:18:01,866 - INFO - Successfully created card for testCard-MoreFold.vcf
2025-04-03 13:18:01,866 - ERROR - Card validation failed for testCard-MoreFold.vcf: Invalid property (code 3)
2025-04-03 13:18:01,866 - INFO - Found vCard file: testCard-AnnUTC.vcf
2025-04-03 13:18:01,866 - INFO - File details for testCard-AnnUTC.vcf:
2025-04-03 13:18:01,866 - INFO -   Size: 87 bytes
2025-04-03 13:18:01,866 - INFO -   Permissions: 0o100644
2025-04-03 13:18:01,866 - INFO -   Modified: 2025-03-28 12:15:33.475049
2025-04-03 13:18:01,866 - INFO - Processing card: testCard-AnnUTC.vcf
2025-04-03 13:18:01,866 - INFO - File contents of testCard-AnnUTC.vcf:
BEGIN:VCARD
VERSION:4.0
FN:Simon Perreault
ANNIVERSARY:20090808T143000Z
END:VCARD

2025-04-03 13:18:01,866 - INFO - Successfully created card for testCard-AnnUTC.vcf
2025-04-03 13:18:01,866 - ERROR - Card validation failed for testCard-AnnUTC.vcf: Invalid date/time (code 4)
2025-04-03 13:18:01,866 - INFO - Current cache state:
2025-04-03 13:18:01,866 - INFO -   testCardN-compVal.vcf: last_modified=2025-03-28 12:15:33.366049
2025-04-03 13:18:01,866 - INFO -   testCardProps-Groups.vcf: last_modified=2025-03-28 12:15:34.011049
2025-04-03 13:18:01,866 - INFO -   testCardProp-Param.vcf: last_modified=2025-03-28 12:15:33.316049
2025-04-03 13:18:01,866 - INFO -   testCardProp-simpleVal.vcf: last_modified=2025-03-28 12:15:34.107049
2025-04-03 13:18:01,866 - INFO -   testCard-SimpleFold2.vcf: last_modified=2025-03-28 12:15:33.214049
2025-04-03 13:18:01,866 - INFO -   testCardMin.vcf: last_modified=2025-03-28 12:15:33.562049
2025-04-03 13:18:01,866 - INFO -   mmmm.vcf: last_modified=2025-03-28 12:18:48.658144
2025-04-03 13:18:01,866 - INFO -   testCard-Ann.vcf: last_modified=2025-03-28 12:15:32.944049
2025-04-03 13:18:01,866 - INFO -   testCardProps-Params.vcf: last_modified=2025-03-28 12:15:32.591049
2025-04-03 13:18:01,866 - INFO -   testCard-BdayTime.vcf: last_modified=2025-03-28 12:15:32.684049
2025-04-03 13:18:01,866 - INFO -   testCardProps-simpleVal.vcf: last_modified=2025-03-28 12:15:33.163049
2025-04-03 13:18:01,866 - INFO -   testCard-BdayText.vcf: last_modified=2025-03-28 12:15:33.772049
2025-04-03 13:18:01,866 - INFO -   testCardProp-ParamsVals.vcf: last_modified=2025-03-28 12:15:33.041049
2025-04-03 13:18:01,866 - INFO -   nnnn.vcf: last_modified=2025-03-28 12:28:54.030319
2025-04-03 13:18:01,866 - INFO -   testCard-bothDT.vcf: last_modified=2025-03-28 12:15:33.095049
2025-04-03 13:18:01,866 - INFO -   testCardProps-compVal.vcf: last_modified=2025-03-28 12:15:32.410049
2025-04-03 13:18:01,866 - INFO -   testCard-SimpleFold1.vcf: last_modified=2025-03-28 12:15:33.623049
2025-04-03 13:18:01,866 - INFO - Card cache refresh complete. Valid cards: ['testCardN-compVal.vcf', 'testCardProps-Groups.vcf', 'testCardProp-Param.vcf', 'testCardProp-simpleVal.vcf', 'testCard-SimpleFold2.vcf', 'testCardMin.vcf', 'mmmm.vcf', 'testCard-Ann.vcf', 'testCardProps-Params.vcf', 'testCard-BdayTime.vcf', 'testCardProps-simpleVal.vcf', 'testCard-BdayText.vcf', 'testCardProp-ParamsVals.vcf', 'nnnn.vcf', 'testCard-bothDT.vcf', 'testCardProps-compVal.vcf', 'testCard-SimpleFold1.vcf']
2025-04-03 13:18:01,869 - INFO - Refreshing card cache
2025-04-03 13:18:01,869 - INFO - Scanning directory: /home/socs/assign1/assign2/assign3/./bin/cards
2025-04-03 13:18:01,869 - INFO - All files in directory: ['testCardN-compVal.vcf', 'testCardProps-ParamsVals.vcf', 'testCardProps-Groups.vcf', 'testCard-TruncBday.vcf', 'testCardProp-Param.vcf', 'testCardInvEndings.vcf', 'testCardNoEnd.vcf', 'testCardProp-simpleVal.vcf', 'testCard-SimpleFold2.vcf', 'testCardMin.vcf', 'mmmm.vcf', 'testCard-Ann.vcf', 'testCardProps-Params.vcf', 'testCardGroup.vcf', 'testCardNoVersion.vcf', 'testCard-BdayTime.vcf', 'testCardProps-simpleVal.vcf', 'testCard-BdayText.vcf', 'testCardProp-ParamsVals.vcf', 'nnnn.vcf', 'testCard-bothDT.vcf', 'testCard.vcf', 'testCardProps-compVal.vcf', 'testCard-SimpleFold1.vcf', 'testCard-MoreFold.vcf', 'testCard-AnnUTC.vcf']
2025-04-03 13:18:01,869 - INFO - Found vCard file: testCardN-compVal.vcf
2025-04-03 13:18:01,869 - INFO - File details for testCardN-compVal.vcf:
2025-04-03 13:18:01,869 - INFO -   Size: 92 bytes
2025-04-03 13:18:01,869 - INFO -   Permissions: 0o100644
2025-04-03 13:18:01,869 - INFO -   Modified: 2025-03-28 12:15:33.366049
2025-04-03 13:18:01,869 - INFO - Card testCardN-compVal.vcf unchanged, using cached version
2025-04-03 13:18:01,869 - INFO - Found vCard file: testCardProps-ParamsVals.vcf
2025-04-03 13:18:01,869 - INFO - File details for testCardProps-ParamsVals.vcf:
2025-04-03 13:18:01,869 - INFO -   Size: 565 bytes
2025-04-03 13:18:01,869 - INFO -   Permissions: 0o100644
2025-04-03 13:18:01,869 - INFO -   Modified: 2025-03-28 12:15:32.855049
2025-04-03 13:18:01,869 - INFO - Processing card: testCardProps-ParamsVals.vcf
2025-04-03 13:18:01,869 - INFO - File contents of testCardProps-ParamsVals.vcf:
BEGIN:VCARD
VERSION:4.0
FN:Simon Perreault
N:Perreault;Simon;;;ing. jr,M.Sc.
GENDER:M
LANG;PREF=1:fr
LANG;PREF=2:en
ORG;TYPE=work:Viagenie
ADR;TYPE=work:;Suite D2-630;2875 Laurier;Quebec;QC;G1V 2M2;Canada
TEL;VALUE=uri;TYPE="work,voice";PREF=1:tel:+1-418-656-9254;ext=102
TEL;VALUE=uri;TYPE="work,cell,voice,video,text":tel:+1-418-262-6501
EMAIL;TYPE=work:simon.perreault@viagenie.ca
GEO;TYPE=work:geo:46.772673,-71.282945
KEY;TYPE=work;VALUE=uri:http://www.viagenie.ca/simon.perreault/simon.asc
TZ:-0500
URL;TYPE=home:http://nomis80.org
END:VCARD

2025-04-03 13:18:01,869 - INFO - Successfully created card for testCardProps-ParamsVals.vcf
2025-04-03 13:18:01,869 - ERROR - Card validation failed for testCardProps-ParamsVals.vcf: Invalid property (code 3)
2025-04-03 13:18:01,869 - INFO - Found vCard file: testCardProps-Groups.vcf
2025-04-03 13:18:01,869 - INFO - File details for testCardProps-Groups.vcf:
2025-04-03 13:18:01,869 - INFO -   Size: 268 bytes
2025-04-03 13:18:01,869 - INFO -   Permissions: 0o100644
2025-04-03 13:18:01,869 - INFO -   Modified: 2025-03-28 12:15:34.011049
2025-04-03 13:18:01,869 - INFO - Card testCardProps-Groups.vcf unchanged, using cached version
2025-04-03 13:18:01,869 - INFO - Found vCard file: testCard-TruncBday.vcf
2025-04-03 13:18:01,869 - INFO - File details for testCard-TruncBday.vcf:
2025-04-03 13:18:01,869 - INFO -   Size: 70 bytes
2025-04-03 13:18:01,869 - INFO -   Permissions: 0o100644
2025-04-03 13:18:01,869 - INFO -   Modified: 2025-03-28 12:15:33.882049
2025-04-03 13:18:01,869 - INFO - Processing card: testCard-TruncBday.vcf
2025-04-03 13:18:01,869 - INFO - File contents of testCard-TruncBday.vcf:
BEGIN:VCARD
VERSION:4.0
FN:Simon Perreault
BDAY:--0203
END:VCARD

2025-04-03 13:18:01,869 - INFO - Successfully created card for testCard-TruncBday.vcf
2025-04-03 13:18:01,869 - ERROR - Card validation failed for testCard-TruncBday.vcf: Invalid date/time (code 4)
2025-04-03 13:18:01,869 - INFO - Found vCard file: testCardProp-Param.vcf
2025-04-03 13:18:01,869 - INFO - File details for testCardProp-Param.vcf:
2025-04-03 13:18:01,869 - INFO -   Size: 83 bytes
2025-04-03 13:18:01,869 - INFO -   Permissions: 0o100644
2025-04-03 13:18:01,869 - INFO -   Modified: 2025-03-28 12:15:33.316049
2025-04-03 13:18:01,869 - INFO - Card testCardProp-Param.vcf unchanged, using cached version
2025-04-03 13:18:01,869 - INFO - Found vCard file: testCardInvEndings.vcf
2025-04-03 13:18:01,869 - INFO - File details for testCardInvEndings.vcf:
2025-04-03 13:18:01,869 - INFO -   Size: 53 bytes
2025-04-03 13:18:01,869 - INFO -   Permissions: 0o100644
2025-04-03 13:18:01,869 - INFO -   Modified: 2025-03-28 12:15:51.528049
2025-04-03 13:18:01,869 - INFO - Processing card: testCardInvEndings.vcf
2025-04-03 13:18:01,869 - INFO - File contents of testCardInvEndings.vcf:
BEGIN:VCARD
VERSION:4.0
FN:Simon Perreault
END:VCARD

2025-04-03 13:18:01,869 - ERROR - Failed to create card testCardInvEndings.vcf: Invalid card format (code 2)
2025-04-03 13:18:01,869 - INFO - Found vCard file: testCardNoEnd.vcf
2025-04-03 13:18:01,869 - INFO - File details for testCardNoEnd.vcf:
2025-04-03 13:18:01,869 - INFO -   Size: 46 bytes
2025-04-03 13:18:01,869 - INFO -   Permissions: 0o100644
2025-04-03 13:18:01,869 - INFO -   Modified: 2025-03-28 12:15:51.468049
2025-04-03 13:18:01,870 - INFO - Processing card: testCardNoEnd.vcf
2025-04-03 13:18:01,870 - INFO - File contents of testCardNoEnd.vcf:
BEGIN:VCARD
VERSION:4.0
FN:Simon Perreault

2025-04-03 13:18:01,870 - ERROR - Failed to create card testCardNoEnd.vcf: Invalid card format (code 2)
2025-04-03 13:18:01,870 - INFO - Found vCard file: testCardProp-simpleVal.vcf
2025-04-03 13:18:01,870 - INFO - File details for testCardProp-simpleVal.vcf:
2025-04-03 13:18:01,870 - INFO -   Size: 67 bytes
2025-04-03 13:18:01,870 - INFO -   Permissions: 0o100644
2025-04-03 13:18:01,870 - INFO -   Modified: 2025-03-28 12:15:34.107049
2025-04-03 13:18:01,870 - INFO - Card testCardProp-simpleVal.vcf unchanged, using cached version
2025-04-03 13:18:01,870 - INFO - Found vCard file: testCard-SimpleFold2.vcf
2025-04-03 13:18:01,870 - INFO - File details for testCard-SimpleFold2.vcf:
2025-04-03 13:18:01,870 - INFO -   Size: 60 bytes
2025-04-03 13:18:01,870 - INFO -   Permissions: 0o100644
2025-04-03 13:18:01,870 - INFO -   Modified: 2025-03-28 12:15:33.214049
2025-04-03 13:18:01,870 - INFO - Card testCard-SimpleFold2.vcf unchanged, using cached version
2025-04-03 13:18:01,870 - INFO - Found vCard file: testCardMin.vcf
2025-04-03 13:18:01,870 - INFO - File details for testCardMin.vcf:
2025-04-03 13:18:01,870 - INFO -   Size: 57 bytes
2025-04-03 13:18:01,870 - INFO -   Permissions: 0o100644
2025-04-03 13:18:01,870 - INFO -   Modified: 2025-03-28 12:15:33.562049
2025-04-03 13:18:01,870 - INFO - Card testCardMin.vcf unchanged, using cached version
2025-04-03 13:18:01,870 - INFO - Found vCard file: mmmm.vcf
2025-04-03 13:18:01,870 - INFO - File details for mmmm.vcf:
2025-04-03 13:18:01,870 - INFO -   Size: 46 bytes
2025-04-03 13:18:01,870 - INFO -   Permissions: 0o100644
2025-04-03 13:18:01,870 - INFO -   Modified: 2025-03-28 12:18:48.658144
2025-04-03 13:18:01,870 - INFO - Card mmmm.vcf unchanged, using cached version
2025-04-03 13:18:01,870 - INFO - Found vCard file: testCard-Ann.vcf
2025-04-03 13:18:01,870 - INFO - File details for testCard-Ann.vcf:
2025-04-03 13:18:01,870 - INFO -   Size: 86 bytes
2025-04-03 13:18:01,870 - INFO -   Permissions: 0o100644
2025-04-03 13:18:01,870 - INFO -   Modified: 2025-03-28 12:15:32.944049
2025-04-03 13:18:01,870 - INFO - Card testCard-Ann.vcf unchanged, using cached version
2025-04-03 13:18:01,870 - INFO - Found vCard file: testCardProps-Params.vcf
2025-04-03 13:18:01,870 - INFO - File details for testCardProps-Params.vcf:
2025-04-03 13:18:01,870 - INFO -   Size: 202 bytes
2025-04-03 13:18:01,870 - INFO -   Permissions: 0o100644
2025-04-03 13:18:01,870 - INFO -   Modified: 2025-03-28 12:15:32.591049
2025-04-03 13:18:01,870 - INFO - Card testCardProps-Params.vcf unchanged, using cached version
2025-04-03 13:18:01,870 - INFO - Found vCard file: testCardGroup.vcf
2025-04-03 13:18:01,870 - INFO - File details for testCardGroup.vcf:
2025-04-03 13:18:01,870 - INFO -   Size: 879 bytes
2025-04-03 13:18:01,870 - INFO -   Permissions: 0o100644
2025-04-03 13:18:01,870 - INFO -   Modified: 2025-03-28 12:15:33.731049
2025-04-03 13:18:01,870 - INFO - Processing card: testCardGroup.vcf
2025-04-03 13:18:01,870 - INFO - File contents of testCardGroup.vcf:
BEGIN:VCARD
VERSION:4.0
N:Doe;John;;;
FN:John Doe
ORG:Example.com Inc.;
TITLE:Imaginary test person
EMAIL;type=INTERNET;type=WORK;type=pref:johnDoe@example.org
TEL;type=WORK;type=pref:+1 617 555 1212
TEL;type=CELL:+1 781 555 1212
TEL;type=HOME:+1 202 555 1212
TEL;type=WORK:+1 (617) 555-1234
item1.ADR;type=WORK:;;2 Example Avenue;Anytown;NY;01111;USA
item1.X-ABADR:us
item2.ADR;type=HOME;type=pref:;;3 Acacia Avenue;Newtown;MA;02222;USA
item2.X-ABADR:us
NOTE:John Doe has a long and varied history
 , being documented on more police files that anyone else. Reports of his death are alas numerous.
item3.URL;type=pref:http://www.example/com/doe
item3.X-ABLabel:_$!<HomePage>!$_
item4.URL:http://www.example.com/Joe/foaf.df
item4.X-ABLabel:FOAF
item5.X-ABRELATEDNAMES;type=pref:Jane Doe
item5.X-ABLabel:_$!<Friend>!$_
CATEGORIES:Work,Test group
END:VCARD

2025-04-03 13:18:01,870 - INFO - Successfully created card for testCardGroup.vcf
2025-04-03 13:18:01,870 - ERROR - Card validation failed for testCardGroup.vcf: Invalid property (code 3)
2025-04-03 13:18:01,871 - INFO - Found vCard file: testCardNoVersion.vcf
2025-04-03 13:18:01,871 - INFO - File details for testCardNoVersion.vcf:
2025-04-03 13:18:01,871 - INFO -   Size: 44 bytes
2025-04-03 13:18:01,871 - INFO -   Permissions: 0o100644
2025-04-03 13:18:01,871 - INFO -   Modified: 2025-03-28 12:15:51.625049
2025-04-03 13:18:01,871 - INFO - Processing card: testCardNoVersion.vcf
2025-04-03 13:18:01,871 - INFO - File contents of testCardNoVersion.vcf:
BEGIN:VCARD
FN:Simon Perreault
END:VCARD

2025-04-03 13:18:01,871 - ERROR - Failed to create card testCardNoVersion.vcf: Invalid card format (code 2)
2025-04-03 13:18:01,871 - INFO - Found vCard file: testCard-BdayTime.vcf
2025-04-03 13:18:01,871 - INFO - File details for testCard-BdayTime.vcf:
2025-04-03 13:18:01,871 - INFO -   Size: 71 bytes
2025-04-03 13:18:01,871 - INFO -   Permissions: 0o100644
2025-04-03 13:18:01,871 - INFO -   Modified: 2025-03-28 12:15:32.684049
2025-04-03 13:18:01,871 - INFO - Card testCard-BdayTime.vcf unchanged, using cached version
2025-04-03 13:18:01,871 - INFO - Found vCard file: testCardProps-simpleVal.vcf
2025-04-03 13:18:01,871 - INFO - File details for testCardProps-simpleVal.vcf:
2025-04-03 13:18:01,871 - INFO -   Size: 81 bytes
2025-04-03 13:18:01,871 - INFO -   Permissions: 0o100644
2025-04-03 13:18:01,871 - INFO -   Modified: 2025-03-28 12:15:33.163049
2025-04-03 13:18:01,871 - INFO - Card testCardProps-simpleVal.vcf unchanged, using cached version
2025-04-03 13:18:01,871 - INFO - Found vCard file: testCard-BdayText.vcf
2025-04-03 13:18:01,871 - INFO - File details for testCard-BdayText.vcf:
2025-04-03 13:18:01,871 - INFO -   Size: 85 bytes
2025-04-03 13:18:01,871 - INFO -   Permissions: 0o100644
2025-04-03 13:18:01,871 - INFO -   Modified: 2025-03-28 12:15:33.772049
2025-04-03 13:18:01,871 - INFO - Card testCard-BdayText.vcf unchanged, using cached version
2025-04-03 13:18:01,871 - INFO - Found vCard file: testCardProp-ParamsVals.vcf
2025-04-03 13:18:01,871 - INFO - File details for testCardProp-ParamsVals.vcf:
2025-04-03 13:18:01,871 - INFO -   Size: 125 bytes
2025-04-03 13:18:01,871 - INFO -   Permissions: 0o100644
2025-04-03 13:18:01,871 - INFO -   Modified: 2025-03-28 12:15:33.041049
2025-04-03 13:18:01,871 - INFO - Card testCardProp-ParamsVals.vcf unchanged, using cached version
2025-04-03 13:18:01,871 - INFO - Found vCard file: nnnn.vcf
2025-04-03 13:18:01,871 - INFO - File details for nnnn.vcf:
2025-04-03 13:18:01,871 - INFO -   Size: 47 bytes
2025-04-03 13:18:01,871 - INFO -   Permissions: 0o100644
2025-04-03 13:18:01,871 - INFO -   Modified: 2025-03-28 12:28:54.030319
2025-04-03 13:18:01,871 - INFO - Card nnnn.vcf unchanged, using cached version
2025-04-03 13:18:01,871 - INFO - Found vCard file: testCard-bothDT.vcf
2025-04-03 13:18:01,871 - INFO - File details for testCard-bothDT.vcf:
2025-04-03 13:18:01,871 - INFO -   Size: 108 bytes
2025-04-03 13:18:01,871 - INFO -   Permissions: 0o100644
2025-04-03 13:18:01,871 - INFO -   Modified: 2025-03-28 12:15:33.095049
2025-04-03 13:18:01,871 - INFO - Card testCard-bothDT.vcf unchanged, using cached version
2025-04-03 13:18:01,871 - INFO - Found vCard file: testCard.vcf
2025-04-03 13:18:01,871 - INFO - File details for testCard.vcf:
2025-04-03 13:18:01,871 - INFO -   Size: 613 bytes
2025-04-03 13:18:01,871 - INFO -   Permissions: 0o100644
2025-04-03 13:18:01,871 - INFO -   Modified: 2025-03-28 12:15:33.945049
2025-04-03 13:18:01,871 - INFO - Processing card: testCard.vcf
2025-04-03 13:18:01,871 - INFO - File contents of testCard.vcf:
BEGIN:VCARD
VERSION:4.0
FN:Simon Perreault
N:Perreault;Simon;;;ing. jr,M.Sc.
BDAY:--0203
ANNIVERSARY:20090808T143000
GENDER:M
LANG;PREF=1:fr
LANG;PREF=2:en
ORG;TYPE=work:Viagenie
ADR;TYPE=work:;Suite D2-630;2875 Laurier;
 Quebec;QC;G1V 2M2;Canada
TEL;VALUE=uri;TYPE="work,voice";PREF=1:tel:+1-418-656-9254;ext=102
TEL;VALUE=uri;TYPE="work,cell,voice,video,text":tel:+1-418-262-6501
EMAIL;TYPE=work:simon.perreault@viagenie.ca
GEO;TYPE=work:geo:46.772673,-71.282945
KEY;TYPE=work;VALUE=uri:
 http://www.viagenie.ca/simon.perreault/simon.asc
TZ:-0500
URL;TYPE=home:http://nomis80.org
END:VCARD

2025-04-03 13:18:01,871 - INFO - Successfully created card for testCard.vcf
2025-04-03 13:18:01,871 - ERROR - Card validation failed for testCard.vcf: Invalid property (code 3)
2025-04-03 13:18:01,871 - INFO - Found vCard file: testCardProps-compVal.vcf
2025-04-03 13:18:01,871 - INFO - File details for testCardProps-compVal.vcf:
2025-04-03 13:18:01,871 - INFO -   Size: 179 bytes
2025-04-03 13:18:01,871 - INFO -   Permissions: 0o100644
2025-04-03 13:18:01,871 - INFO -   Modified: 2025-03-28 12:15:32.410049
2025-04-03 13:18:01,871 - INFO - Card testCardProps-compVal.vcf unchanged, using cached version
2025-04-03 13:18:01,871 - INFO - Found vCard file: testCard-SimpleFold1.vcf
2025-04-03 13:18:01,871 - INFO - File details for testCard-SimpleFold1.vcf:
2025-04-03 13:18:01,871 - INFO -   Size: 60 bytes
2025-04-03 13:18:01,871 - INFO -   Permissions: 0o100644
2025-04-03 13:18:01,871 - INFO -   Modified: 2025-03-28 12:15:33.623049
2025-04-03 13:18:01,871 - INFO - Card testCard-SimpleFold1.vcf unchanged, using cached version
2025-04-03 13:18:01,871 - INFO - Found vCard file: testCard-MoreFold.vcf
2025-04-03 13:18:01,871 - INFO - File details for testCard-MoreFold.vcf:
2025-04-03 13:18:01,871 - INFO -   Size: 204 bytes
2025-04-03 13:18:01,871 - INFO -   Permissions: 0o100644
2025-04-03 13:18:01,871 - INFO -   Modified: 2025-03-28 12:15:32.510049
2025-04-03 13:18:01,871 - INFO - Processing card: testCard-MoreFold.vcf
2025-04-03 13:18:01,871 - INFO - File contents of testCard-MoreFold.vcf:
BEGIN:VCARD
VERSION:4.0
FN:Simon Perreault
ADR;TYPE=work:;Suite D2-630;2875 Laurier;
 Quebec;QC;G1V 2M2;Canada
KEY;TYPE=work;VALUE=uri:
 http://www.viagenie.ca/simon.perreault/simon.asc
END:VCARD

2025-04-03 13:18:01,871 - INFO - Successfully created card for testCard-MoreFold.vcf
2025-04-03 13:18:01,871 - ERROR - Card validation failed for testCard-MoreFold.vcf: Invalid property (code 3)
2025-04-03 13:18:01,871 - INFO - Found vCard file: testCard-AnnUTC.vcf
2025-04-03 13:18:01,871 - INFO - File details for testCard-AnnUTC.vcf:
2025-04-03 13:18:01,871 - INFO -   Size: 87 bytes
2025-04-03 13:18:01,871 - INFO -   Permissions: 0o100644
2025-04-03 13:18:01,871 - INFO -   Modified: 2025-03-28 12:15:33.475049
2025-04-03 13:18:01,871 - INFO - Processing card: testCard-AnnUTC.vcf
2025-04-03 13:18:01,871 - INFO - File contents of testCard-AnnUTC.vcf:
BEGIN:VCARD
VERSION:4.0
FN:Simon Perreault
ANNIVERSARY:20090808T143000Z
END:VCARD

2025-04-03 13:18:01,871 - INFO - Successfully created card for testCard-AnnUTC.vcf
2025-04-03 13:18:01,871 - ERROR - Card validation failed for testCard-AnnUTC.vcf: Invalid date/time (code 4)
2025-04-03 13:18:01,871 - INFO - Current cache state:
2025-04-03 13:18:01,871 - INFO -   testCardN-compVal.vcf: last_modified=2025-03-28 12:15:33.366049
2025-04-03 13:18:01,871 - INFO -   testCardProps-Groups.vcf: last_modified=2025-03-28 12:15:34.011049
2025-04-03 13:18:01,871 - INFO -   testCardProp-Param.vcf: last_modified=2025-03-28 12:15:33.316049
2025-04-03 13:18:01,871 - INFO -   testCardProp-simpleVal.vcf: last_modified=2025-03-28 12:15:34.107049
2025-04-03 13:18:01,871 - INFO -   testCard-SimpleFold2.vcf: last_modified=2025-03-28 12:15:33.214049
2025-04-03 13:18:01,871 - INFO -   testCardMin.vcf: last_modified=2025-03-28 12:15:33.562049
2025-04-03 13:18:01,871 - INFO -   mmmm.vcf: last_modified=2025-03-28 12:18:48.658144
2025-04-03 13:18:01,871 - INFO -   testCard-Ann.vcf: last_modified=2025-03-28 12:15:32.944049
2025-04-03 13:18:01,871 - INFO -   testCardProps-Params.vcf: last_modified=2025-03-28 12:15:32.591049
2025-04-03 13:18:01,871 - INFO -   testCard-BdayTime.vcf: last_modified=2025-03-28 12:15:32.684049
2025-04-03 13:18:01,871 - INFO -   testCardProps-simpleVal.vcf: last_modified=2025-03-28 12:15:33.163049
2025-04-03 13:18:01,872 - INFO -   testCard-BdayText.vcf: last_modified=2025-03-28 12:15:33.772049
2025-04-03 13:18:01,872 - INFO -   testCardProp-ParamsVals.vcf: last_modified=2025-03-28 12:15:33.041049
2025-04-03 13:18:01,872 - INFO -   nnnn.vcf: last_modified=2025-03-28 12:28:54.030319
2025-04-03 13:18:01,872 - INFO -   testCard-bothDT.vcf: last_modified=2025-03-28 12:15:33.095049
2025-04-03 13:18:01,872 - INFO -   testCardProps-compVal.vcf: last_modified=2025-03-28 12:15:32.410049
2025-04-03 13:18:01,872 - INFO -   testCard-SimpleFold1.vcf: last_modified=2025-03-28 12:15:33.623049
2025-04-03 13:18:01,872 - INFO - Card cache refresh complete. Valid cards: ['testCardN-compVal.vcf', 'testCardProps-Groups.vcf', 'testCardProp-Param.vcf', 'testCardProp-simpleVal.vcf', 'testCard-SimpleFold2.vcf', 'testCardMin.vcf', 'mmmm.vcf', 'testCard-Ann.vcf', 'testCardProps-Params.vcf', 'testCard-BdayTime.vcf', 'testCardProps-simpleVal.vcf', 'testCard-BdayText.vcf', 'testCardProp-ParamsVals.vcf', 'nnnn.vcf', 'testCard-bothDT.vcf', 'testCardProps-compVal.vcf', 'testCard-SimpleFold1.vcf']
2025-04-03 13:18:01,872 - INFO - Found 17 valid vCard files
2025-04-03 13:18:01,872 - DEBUG - Updating: filename
2025-04-03 13:18:01,872 - DEBUG - Form field changed
2025-04-03 13:18:01,872 - DEBUG - Updating: contact_name
2025-04-03 13:18:01,872 - DEBUG - Form field changed
2025-04-03 13:18:01,872 - DEBUG - Updating: None
2025-04-03 13:18:01,872 - DEBUG - Updating: None
2025-04-03 13:18:01,872 - DEBUG - Updating: None
2025-04-03 13:18:01,872 - DEBUG - Updating: None
2025-04-03 13:18:01,872 - DEBUG - Updating: None
2025-04-03 13:18:01,872 - DEBUG - Updating: None
2025-04-03 13:18:01,872 - DEBUG - Updating: None
2025-04-03 13:18:01,872 - DEBUG - Updating: filename
2025-04-03 13:18:01,872 - DEBUG - Updating: contact_name
2025-04-03 13:18:01,872 - DEBUG - Form field changed
2025-04-03 13:18:01,872 - DEBUG - Updating: birthday
2025-04-03 13:18:01,872 - DEBUG - Updating: anniversary
2025-04-03 13:18:01,872 - DEBUG - Updating: other_props
2025-04-03 13:18:01,873 - DEBUG - Updating: None
2025-04-03 13:18:01,873 - DEBUG - Updating: None
2025-04-03 13:18:01,873 - DEBUG - Updating: None
2025-04-03 13:18:01,873 - DEBUG - Updating: None
2025-04-03 13:18:01,873 - DEBUG - Updating: None
2025-04-03 13:18:01,873 - DEBUG - Updating: None
2025-04-03 13:18:01,873 - DEBUG - Updating: username
2025-04-03 13:18:01,873 - DEBUG - Updating: password
2025-04-03 13:18:01,873 - DEBUG - Updating: database
2025-04-03 13:18:01,873 - DEBUG - Updating: None
2025-04-03 13:18:01,873 - DEBUG - Updating: None
2025-04-03 13:18:01,873 - DEBUG - Updating: None
2025-04-03 13:18:01,873 - DEBUG - Updating: None
2025-04-03 13:18:01,873 - DEBUG - Updating: None
2025-04-03 13:18:01,873 - DEBUG - Updating: None
2025-04-03 13:18:01,873 - DEBUG - Updating: username
2025-04-03 13:18:01,873 - DEBUG - Updating: password
2025-04-03 13:18:01,873 - DEBUG - Updating: database
2025-04-03 13:18:01,873 - DEBUG - Updating: None
2025-04-03 13:18:01,873 - DEBUG - Widget blur: <asciimatics.widgets.label.Label object at 0xffffa970b850>
2025-04-03 13:18:01,873 - DEBUG - Widget blur: <asciimatics.widgets.label.Label object at 0xffffa970b920>
2025-04-03 13:18:01,873 - DEBUG - Widget blur: <asciimatics.widgets.text.Text object at 0xffffa9b2b790>
2025-04-03 13:18:01,873 - DEBUG - Widget blur: <asciimatics.widgets.text.Text object at 0xffffa9bcf4c0>
2025-04-03 13:18:01,873 - DEBUG - Widget blur: <asciimatics.widgets.text.Text object at 0xffffa9bcf2e0>
2025-04-03 13:18:01,873 - DEBUG - Widget blur: <asciimatics.widgets.label.Label object at 0xffffa970b9f0>
2025-04-03 13:18:01,873 - DEBUG - Blur: <asciimatics.widgets.layout.Layout object at 0xffffa9703940>
2025-04-03 13:18:01,873 - DEBUG - Updating: None
2025-04-03 13:18:01,873 - DEBUG - Updating: None
2025-04-03 13:18:01,873 - DEBUG - Widget blur: <asciimatics.widgets.button.Button object at 0xffffa9730580>
2025-04-03 13:18:01,873 - DEBUG - Widget blur: <asciimatics.widgets.button.Button object at 0xffffa9730660>
2025-04-03 13:18:01,873 - DEBUG - Blur: <asciimatics.widgets.layout.Layout object at 0xffffa97039a0>
2025-04-03 13:18:01,873 - DEBUG - Updating: None
2025-04-03 13:18:01,873 - DEBUG - Widget blur: <asciimatics.widgets.label.Label object at 0xffffa970b510>
2025-04-03 13:18:01,873 - DEBUG - Blur: <asciimatics.widgets.layout.Layout object at 0xffffa9703a00>
2025-04-03 13:18:01,873 - DEBUG - Focus: <asciimatics.widgets.layout.Layout object at 0xffffa9703940>
2025-04-03 13:18:01,873 - DEBUG - Widget focus: <asciimatics.widgets.text.Text object at 0xffffa9b2b790>
2025-04-03 13:18:01,873 - DEBUG - Cloning: Login to Database
2025-04-03 13:18:01,873 - DEBUG - Updating: None
2025-04-03 13:18:01,873 - DEBUG - Updating: None
2025-04-03 13:18:01,873 - DEBUG - Updating: username
2025-04-03 13:18:01,873 - DEBUG - Updating: password
2025-04-03 13:18:01,873 - DEBUG - Updating: database
2025-04-03 13:18:01,873 - DEBUG - Updating: None
2025-04-03 13:18:01,873 - DEBUG - Updating: None
2025-04-03 13:18:01,873 - DEBUG - Updating: None
2025-04-03 13:18:01,873 - DEBUG - Updating: None
2025-04-03 13:18:01,873 - DEBUG - Updating: None
2025-04-03 13:18:01,873 - DEBUG - Updating: None
2025-04-03 13:18:01,873 - DEBUG - Updating: username
2025-04-03 13:18:01,873 - DEBUG - Updating: password
2025-04-03 13:18:01,873 - DEBUG - Updating: database
2025-04-03 13:18:01,873 - DEBUG - Updating: None
2025-04-03 13:18:01,873 - DEBUG - Updating: None
2025-04-03 13:18:01,873 - DEBUG - Updating: None
2025-04-03 13:18:01,873 - DEBUG - Updating: None
2025-04-03 13:18:04,866 - DEBUG - Processing key: 6d
2025-04-03 13:18:04,867 - DEBUG - Returning key: 6d
2025-04-03 13:18:04,867 - DEBUG - New event: KeyboardEvent: 109
2025-04-03 13:18:04,867 - DEBUG - Focus: <asciimatics.widgets.layout.Layout object at 0xffffa9703940>
2025-04-03 13:18:04,867 - DEBUG - Layout event: <asciimatics.widgets.layout.Layout object at 0xffffa9703940> KeyboardEvent: 109
2025-04-03 13:18:04,867 - DEBUG - Current widget left event: None
2025-04-03 13:18:04,917 - DEBUG - Processing key: 72
2025-04-03 13:18:04,917 - DEBUG - Returning key: 72
2025-04-03 13:18:04,917 - DEBUG - New event: KeyboardEvent: 114
2025-04-03 13:18:04,917 - DEBUG - Layout event: <asciimatics.widgets.layout.Layout object at 0xffffa9703940> KeyboardEvent: 114
2025-04-03 13:18:04,917 - DEBUG - Current widget left event: None
2025-04-03 13:18:05,072 - DEBUG - Processing key: 61
2025-04-03 13:18:05,073 - DEBUG - Returning key: 61
2025-04-03 13:18:05,073 - DEBUG - New event: KeyboardEvent: 97
2025-04-03 13:18:05,073 - DEBUG - Layout event: <asciimatics.widgets.layout.Layout object at 0xffffa9703940> KeyboardEvent: 97
2025-04-03 13:18:05,073 - DEBUG - Current widget left event: None
2025-04-03 13:18:05,177 - DEBUG - Processing key: 73
2025-04-03 13:18:05,177 - DEBUG - Returning key: 73
2025-04-03 13:18:05,177 - DEBUG - New event: KeyboardEvent: 115
2025-04-03 13:18:05,177 - DEBUG - Layout event: <asciimatics.widgets.layout.Layout object at 0xffffa9703940> KeyboardEvent: 115
2025-04-03 13:18:05,178 - DEBUG - Current widget left event: None
2025-04-03 13:18:05,334 - DEBUG - Processing key: 68
2025-04-03 13:18:05,334 - DEBUG - Returning key: 68
2025-04-03 13:18:05,334 - DEBUG - New event: KeyboardEvent: 104
2025-04-03 13:18:05,334 - DEBUG - Layout event: <asciimatics.widgets.layout.Layout object at 0xffffa9703940> KeyboardEvent: 104
2025-04-03 13:18:05,335 - DEBUG - Current widget left event: None
2025-04-03 13:18:05,492 - DEBUG - Processing key: 61
2025-04-03 13:18:05,493 - DEBUG - Returning key: 61
2025-04-03 13:18:05,493 - DEBUG - New event: KeyboardEvent: 97
2025-04-03 13:18:05,493 - DEBUG - Layout event: <asciimatics.widgets.layout.Layout object at 0xffffa9703940> KeyboardEvent: 97
2025-04-03 13:18:05,493 - DEBUG - Current widget left event: None
2025-04-03 13:18:05,599 - DEBUG - Processing key: 68
2025-04-03 13:18:05,600 - DEBUG - Returning key: 68
2025-04-03 13:18:05,600 - DEBUG - New event: KeyboardEvent: 104
2025-04-03 13:18:05,600 - DEBUG - Layout event: <asciimatics.widgets.layout.Layout object at 0xffffa9703940> KeyboardEvent: 104
2025-04-03 13:18:05,600 - DEBUG - Current widget left event: None
2025-04-03 13:18:05,764 - DEBUG - Processing key: 6d
2025-04-03 13:18:05,765 - DEBUG - Returning key: 6d
2025-04-03 13:18:05,765 - DEBUG - New event: KeyboardEvent: 109
2025-04-03 13:18:05,765 - DEBUG - Layout event: <asciimatics.widgets.layout.Layout object at 0xffffa9703940> KeyboardEvent: 109
2025-04-03 13:18:05,765 - DEBUG - Current widget left event: None
2025-04-03 13:18:05,920 - DEBUG - Processing key: 9
2025-04-03 13:18:05,920 - DEBUG - Returning key: 9
2025-04-03 13:18:05,920 - DEBUG - New event: KeyboardEvent: -301
2025-04-03 13:18:05,920 - DEBUG - Layout event: <asciimatics.widgets.layout.Layout object at 0xffffa9703940> KeyboardEvent: -301
2025-04-03 13:18:05,920 - DEBUG - Widget blur: <asciimatics.widgets.text.Text object at 0xffffa9b2b790>
2025-04-03 13:18:05,920 - DEBUG - Widget focus: <asciimatics.widgets.text.Text object at 0xffffa9bcf4c0>
2025-04-03 13:18:05,921 - DEBUG - Current widget left event: None
2025-04-03 13:18:06,725 - DEBUG - Processing key: 31
2025-04-03 13:18:06,725 - DEBUG - Returning key: 31
2025-04-03 13:18:06,725 - DEBUG - New event: KeyboardEvent: 49
2025-04-03 13:18:06,725 - DEBUG - Layout event: <asciimatics.widgets.layout.Layout object at 0xffffa9703940> KeyboardEvent: 49
2025-04-03 13:18:06,725 - DEBUG - Current widget left event: None
2025-04-03 13:18:06,887 - DEBUG - Processing key: 32
2025-04-03 13:18:06,887 - DEBUG - Returning key: 32
2025-04-03 13:18:06,887 - DEBUG - New event: KeyboardEvent: 50
2025-04-03 13:18:06,887 - DEBUG - Layout event: <asciimatics.widgets.layout.Layout object at 0xffffa9703940> KeyboardEvent: 50
2025-04-03 13:18:06,887 - DEBUG - Current widget left event: None
2025-04-03 13:18:07,322 - DEBUG - Processing key: 35
2025-04-03 13:18:07,322 - DEBUG - Returning key: 35
2025-04-03 13:18:07,323 - DEBUG - New event: KeyboardEvent: 53
2025-04-03 13:18:07,323 - DEBUG - Layout event: <asciimatics.widgets.layout.Layout object at 0xffffa9703940> KeyboardEvent: 53
2025-04-03 13:18:07,323 - DEBUG - Current widget left event: None
2025-04-03 13:18:07,592 - DEBUG - Processing key: 30
2025-04-03 13:18:07,592 - DEBUG - Returning key: 30
2025-04-03 13:18:07,593 - DEBUG - New event: KeyboardEvent: 48
2025-04-03 13:18:07,593 - DEBUG - Layout event: <asciimatics.widgets.layout.Layout object at 0xffffa9703940> KeyboardEvent: 48
2025-04-03 13:18:07,593 - DEBUG - Current widget left event: None
2025-04-03 13:18:07,806 - DEBUG - Processing key: 34
2025-04-03 13:18:07,806 - DEBUG - Returning key: 34
2025-04-03 13:18:07,806 - DEBUG - New event: KeyboardEvent: 52
2025-04-03 13:18:07,806 - DEBUG - Layout event: <asciimatics.widgets.layout.Layout object at 0xffffa9703940> KeyboardEvent: 52
2025-04-03 13:18:07,807 - DEBUG - Current widget left event: None
2025-04-03 13:18:08,069 - DEBUG - Processing key: 35
2025-04-03 13:18:08,069 - DEBUG - Returning key: 35
2025-04-03 13:18:08,070 - DEBUG - New event: KeyboardEvent: 53
2025-04-03 13:18:08,070 - DEBUG - Layout event: <asciimatics.widgets.layout.Layout object at 0xffffa9703940> KeyboardEvent: 53
2025-04-03 13:18:08,070 - DEBUG - Current widget left event: None
2025-04-03 13:18:08,240 - DEBUG - Processing key: 39
2025-04-03 13:18:08,241 - DEBUG - Returning key: 39
2025-04-03 13:18:08,241 - DEBUG - New event: KeyboardEvent: 57
2025-04-03 13:18:08,241 - DEBUG - Layout event: <asciimatics.widgets.layout.Layout object at 0xffffa9703940> KeyboardEvent: 57
2025-04-03 13:18:08,241 - DEBUG - Current widget left event: None
2025-04-03 13:18:08,995 - DEBUG - Processing key: 9
2025-04-03 13:18:08,995 - DEBUG - Returning key: 9
2025-04-03 13:18:08,995 - DEBUG - New event: KeyboardEvent: -301
2025-04-03 13:18:08,995 - DEBUG - Layout event: <asciimatics.widgets.layout.Layout object at 0xffffa9703940> KeyboardEvent: -301
2025-04-03 13:18:08,995 - DEBUG - Widget blur: <asciimatics.widgets.text.Text object at 0xffffa9bcf4c0>
2025-04-03 13:18:08,995 - DEBUG - Widget focus: <asciimatics.widgets.text.Text object at 0xffffa9bcf2e0>
2025-04-03 13:18:08,995 - DEBUG - Current widget left event: None
2025-04-03 13:18:09,364 - DEBUG - Processing key: 6d
2025-04-03 13:18:09,365 - DEBUG - Returning key: 6d
2025-04-03 13:18:09,366 - DEBUG - New event: KeyboardEvent: 109
2025-04-03 13:18:09,366 - DEBUG - Layout event: <asciimatics.widgets.layout.Layout object at 0xffffa9703940> KeyboardEvent: 109
2025-04-03 13:18:09,366 - DEBUG - Current widget left event: None
2025-04-03 13:18:09,523 - DEBUG - Processing key: 72
2025-04-03 13:18:09,524 - DEBUG - Returning key: 72
2025-04-03 13:18:09,524 - DEBUG - New event: KeyboardEvent: 114
2025-04-03 13:18:09,524 - DEBUG - Layout event: <asciimatics.widgets.layout.Layout object at 0xffffa9703940> KeyboardEvent: 114
2025-04-03 13:18:09,524 - DEBUG - Current widget left event: None
2025-04-03 13:18:09,678 - DEBUG - Processing key: 61
2025-04-03 13:18:09,678 - DEBUG - Returning key: 61
2025-04-03 13:18:09,678 - DEBUG - New event: KeyboardEvent: 97
2025-04-03 13:18:09,678 - DEBUG - Layout event: <asciimatics.widgets.layout.Layout object at 0xffffa9703940> KeyboardEvent: 97
2025-04-03 13:18:09,679 - DEBUG - Current widget left event: None
2025-04-03 13:18:09,782 - DEBUG - Processing key: 73
2025-04-03 13:18:09,782 - DEBUG - Returning key: 73
2025-04-03 13:18:09,782 - DEBUG - New event: KeyboardEvent: 115
2025-04-03 13:18:09,782 - DEBUG - Layout event: <asciimatics.widgets.layout.Layout object at 0xffffa9703940> KeyboardEvent: 115
2025-04-03 13:18:09,782 - DEBUG - Current widget left event: None
2025-04-03 13:18:09,989 - DEBUG - Processing key: 68
2025-04-03 13:18:09,989 - DEBUG - Returning key: 68
2025-04-03 13:18:09,989 - DEBUG - New event: KeyboardEvent: 104
2025-04-03 13:18:09,989 - DEBUG - Layout event: <asciimatics.widgets.layout.Layout object at 0xffffa9703940> KeyboardEvent: 104
2025-04-03 13:18:09,989 - DEBUG - Current widget left event: None
2025-04-03 13:18:10,146 - DEBUG - Processing key: 61
2025-04-03 13:18:10,146 - DEBUG - Returning key: 61
2025-04-03 13:18:10,146 - DEBUG - New event: KeyboardEvent: 97
2025-04-03 13:18:10,146 - DEBUG - Layout event: <asciimatics.widgets.layout.Layout object at 0xffffa9703940> KeyboardEvent: 97
2025-04-03 13:18:10,146 - DEBUG - Current widget left event: None
2025-04-03 13:18:10,250 - DEBUG - Processing key: 68
2025-04-03 13:18:10,250 - DEBUG - Returning key: 68
2025-04-03 13:18:10,250 - DEBUG - New event: KeyboardEvent: 104
2025-04-03 13:18:10,250 - DEBUG - Layout event: <asciimatics.widgets.layout.Layout object at 0xffffa9703940> KeyboardEvent: 104
2025-04-03 13:18:10,250 - DEBUG - Current widget left event: None
2025-04-03 13:18:10,467 - DEBUG - Processing key: 6d
2025-04-03 13:18:10,467 - DEBUG - Returning key: 6d
2025-04-03 13:18:10,467 - DEBUG - New event: KeyboardEvent: 109
2025-04-03 13:18:10,467 - DEBUG - Layout event: <asciimatics.widgets.layout.Layout object at 0xffffa9703940> KeyboardEvent: 109
2025-04-03 13:18:10,467 - DEBUG - Current widget left event: None
2025-04-03 13:18:10,797 - DEBUG - Processing key: a
2025-04-03 13:18:10,798 - DEBUG - Returning key: a
2025-04-03 13:18:10,798 - DEBUG - New event: KeyboardEvent: 10
2025-04-03 13:18:10,799 - DEBUG - Layout event: <asciimatics.widgets.layout.Layout object at 0xffffa9703940> KeyboardEvent: 10
2025-04-03 13:18:10,799 - DEBUG - Current widget left event: KeyboardEvent: 10
2025-04-03 13:18:11,505 - DEBUG - Processing key: 102
2025-04-03 13:18:11,506 - DEBUG - Returning key: 102
2025-04-03 13:18:11,506 - DEBUG - New event: KeyboardEvent: -206
2025-04-03 13:18:11,506 - DEBUG - Layout event: <asciimatics.widgets.layout.Layout object at 0xffffa9703940> KeyboardEvent: -206
2025-04-03 13:18:11,506 - DEBUG - Current widget left event: KeyboardEvent: -206
2025-04-03 13:18:11,507 - DEBUG - Blur: <asciimatics.widgets.layout.Layout object at 0xffffa9703940>
2025-04-03 13:18:11,507 - DEBUG - Widget blur: <asciimatics.widgets.text.Text object at 0xffffa9bcf2e0>
2025-04-03 13:18:11,507 - DEBUG - Focus: <asciimatics.widgets.layout.Layout object at 0xffffa97039a0>
2025-04-03 13:18:11,507 - DEBUG - Widget focus: <asciimatics.widgets.button.Button object at 0xffffa9730580>
2025-04-03 13:18:11,869 - DEBUG - Processing key: a
2025-04-03 13:18:11,869 - DEBUG - Returning key: a
2025-04-03 13:18:11,869 - DEBUG - New event: KeyboardEvent: 10
2025-04-03 13:18:11,869 - DEBUG - Layout event: <asciimatics.widgets.layout.Layout object at 0xffffa97039a0> KeyboardEvent: 10
