2025-04-04 08:13:54,619 - INFO - Refreshing card cache
2025-04-04 08:13:54,619 - INFO - Scanning directory: /home/socs/assign1/assign2/assign3/./bin/cards
2025-04-04 08:13:54,619 - INFO - All files in directory: ['testCardN-compVal.vcf', 'testCardProps-ParamsVals.vcf', 'testCardProps-Groups.vcf', 'editable.vcf', 'testCard-TruncBday.vcf', 'testCardProp-Param.vcf', 'testCardInvEndings.vcf', 'testCardNoEnd.vcf', 'testCardProp-simpleVal.vcf', 'testCard-SimpleFold2.vcf', 'testCardMin.vcf', 'mmmm.vcf', 'testCard-Ann.vcf', 'june_birthday.vcf', 'testCardProps-Params.vcf', 'testCardGroup.vcf', 'testCardNoVersion.vcf', 'another_june.vcf', 'testCard-BdayTime.vcf', 'testCardProps-simpleVal.vcf', 'testCard-BdayText.vcf', 'testCardProp-ParamsVals.vcf', 'nnnn.vcf', 'testCard-bothDT.vcf', 'testCard.vcf', 'borninjune.vcf', 'testCardProps-compVal.vcf', 'testCard-SimpleFold1.vcf', 'testCard-MoreFold.vcf', 'testCard-AnnUTC.vcf']
2025-04-04 08:13:54,619 - INFO - Found vCard file: testCardN-compVal.vcf
2025-04-04 08:13:54,619 - INFO - File details for testCardN-compVal.vcf:
2025-04-04 08:13:54,619 - INFO -   Size: 92 bytes
2025-04-04 08:13:54,619 - INFO -   Permissions: 0o100644
2025-04-04 08:13:54,619 - INFO -   Modified: 2025-03-28 12:15:33.366049
2025-04-04 08:13:54,619 - INFO - Processing card: testCardN-compVal.vcf
2025-04-04 08:13:54,620 - INFO - File contents of testCardN-compVal.vcf:
BEGIN:VCARD
VERSION:4.0
FN:Simon Perreault
N:Perreault;Simon;;;ing. jr,M.Sc.
END:VCARD

2025-04-04 08:13:54,620 - INFO - Successfully created card for testCardN-compVal.vcf
2025-04-04 08:13:54,620 - INFO - Successfully validated card for testCardN-compVal.vcf
2025-04-04 08:13:54,620 - INFO - Successfully cached valid card: testCardN-compVal.vcf
2025-04-04 08:13:54,620 - INFO - Found vCard file: testCardProps-ParamsVals.vcf
2025-04-04 08:13:54,620 - INFO - File details for testCardProps-ParamsVals.vcf:
2025-04-04 08:13:54,620 - INFO -   Size: 565 bytes
2025-04-04 08:13:54,620 - INFO -   Permissions: 0o100644
2025-04-04 08:13:54,620 - INFO -   Modified: 2025-03-28 12:15:32.855049
2025-04-04 08:13:54,620 - INFO - Processing card: testCardProps-ParamsVals.vcf
2025-04-04 08:13:54,620 - INFO - File contents of testCardProps-ParamsVals.vcf:
BEGIN:VCARD
VERSION:4.0
FN:Simon Perreault
N:Perreault;Simon;;;ing. jr,M.Sc.
GENDER:M
LANG;PREF=1:fr
LANG;PREF=2:en
ORG;TYPE=work:Viagenie
ADR;TYPE=work:;Suite D2-630;2875 Laurier;Quebec;QC;G1V 2M2;Canada
TEL;VALUE=uri;TYPE="work,voice";PREF=1:tel:+1-418-656-9254;ext=102
TEL;VALUE=uri;TYPE="work,cell,voice,video,text":tel:+1-418-262-6501
EMAIL;TYPE=work:simon.perreault@viagenie.ca
GEO;TYPE=work:geo:46.772673,-71.282945
KEY;TYPE=work;VALUE=uri:http://www.viagenie.ca/simon.perreault/simon.asc
TZ:-0500
URL;TYPE=home:http://nomis80.org
END:VCARD

2025-04-04 08:13:54,620 - INFO - Successfully created card for testCardProps-ParamsVals.vcf
2025-04-04 08:13:54,620 - ERROR - Card validation failed for testCardProps-ParamsVals.vcf: code 3
2025-04-04 08:13:54,620 - INFO - Found vCard file: testCardProps-Groups.vcf
2025-04-04 08:13:54,620 - INFO - File details for testCardProps-Groups.vcf:
2025-04-04 08:13:54,620 - INFO -   Size: 268 bytes
2025-04-04 08:13:54,620 - INFO -   Permissions: 0o100644
2025-04-04 08:13:54,620 - INFO -   Modified: 2025-03-28 12:15:34.011049
2025-04-04 08:13:54,620 - INFO - Processing card: testCardProps-Groups.vcf
2025-04-04 08:13:54,620 - INFO - File contents of testCardProps-Groups.vcf:
BEGIN:VCARD
VERSION:4.0
FN:Simon Perreault
GENDER:M
LangPrefs.LANG;PREF=1:fr
LangPrefs.LANG;PREF=2:en
Phone.TEL;VALUE=uri;TYPE="work,cell,voice,video,text":tel:+1-418-262-6501
Phone.TEL;VALUE=uri;TYPE="work,voice";PREF=1:tel:+1-418-656-9254;ext=102
END:VCARD

2025-04-04 08:13:54,620 - INFO - Successfully created card for testCardProps-Groups.vcf
2025-04-04 08:13:54,620 - INFO - Successfully validated card for testCardProps-Groups.vcf
2025-04-04 08:13:54,620 - INFO - Successfully cached valid card: testCardProps-Groups.vcf
2025-04-04 08:13:54,620 - INFO - Found vCard file: editable.vcf
2025-04-04 08:13:54,620 - INFO - File details for editable.vcf:
2025-04-04 08:13:54,620 - INFO -   Size: 46 bytes
2025-04-04 08:13:54,620 - INFO -   Permissions: 0o100644
2025-04-04 08:13:54,620 - INFO -   Modified: 2025-04-04 07:54:55.288564
2025-04-04 08:13:54,620 - INFO - Processing card: editable.vcf
2025-04-04 08:13:54,620 - INFO - File contents of editable.vcf:
BEGIN:VCARD
VERSION:4.0
FN:edit
END:VCARD

2025-04-04 08:13:54,620 - INFO - Successfully created card for editable.vcf
2025-04-04 08:13:54,620 - INFO - Successfully validated card for editable.vcf
2025-04-04 08:13:54,620 - INFO - Successfully cached valid card: editable.vcf
2025-04-04 08:13:54,620 - INFO - Found vCard file: testCard-TruncBday.vcf
2025-04-04 08:13:54,620 - INFO - File details for testCard-TruncBday.vcf:
2025-04-04 08:13:54,620 - INFO -   Size: 70 bytes
2025-04-04 08:13:54,620 - INFO -   Permissions: 0o100644
2025-04-04 08:13:54,620 - INFO -   Modified: 2025-03-28 12:15:33.882049
2025-04-04 08:13:54,620 - INFO - Processing card: testCard-TruncBday.vcf
2025-04-04 08:13:54,620 - INFO - File contents of testCard-TruncBday.vcf:
BEGIN:VCARD
VERSION:4.0
FN:Simon Perreault
BDAY:--0203
END:VCARD

2025-04-04 08:13:54,620 - INFO - Successfully created card for testCard-TruncBday.vcf
2025-04-04 08:13:54,620 - ERROR - Card validation failed for testCard-TruncBday.vcf: code 4
2025-04-04 08:13:54,620 - INFO - Found vCard file: testCardProp-Param.vcf
2025-04-04 08:13:54,620 - INFO - File details for testCardProp-Param.vcf:
2025-04-04 08:13:54,620 - INFO -   Size: 83 bytes
2025-04-04 08:13:54,620 - INFO -   Permissions: 0o100644
2025-04-04 08:13:54,620 - INFO -   Modified: 2025-03-28 12:15:33.316049
2025-04-04 08:13:54,620 - INFO - Processing card: testCardProp-Param.vcf
2025-04-04 08:13:54,620 - INFO - File contents of testCardProp-Param.vcf:
BEGIN:VCARD
VERSION:4.0
FN:Simon Perreault
GENDER:M
LANG;PREF=1:fr
END:VCARD

2025-04-04 08:13:54,620 - INFO - Successfully created card for testCardProp-Param.vcf
2025-04-04 08:13:54,620 - INFO - Successfully validated card for testCardProp-Param.vcf
2025-04-04 08:13:54,620 - INFO - Successfully cached valid card: testCardProp-Param.vcf
2025-04-04 08:13:54,620 - INFO - Found vCard file: testCardInvEndings.vcf
2025-04-04 08:13:54,620 - INFO - File details for testCardInvEndings.vcf:
2025-04-04 08:13:54,620 - INFO -   Size: 53 bytes
2025-04-04 08:13:54,620 - INFO -   Permissions: 0o100644
2025-04-04 08:13:54,620 - INFO -   Modified: 2025-03-28 12:15:51.528049
2025-04-04 08:13:54,620 - INFO - Processing card: testCardInvEndings.vcf
2025-04-04 08:13:54,620 - INFO - File contents of testCardInvEndings.vcf:
BEGIN:VCARD
VERSION:4.0
FN:Simon Perreault
END:VCARD

2025-04-04 08:13:54,621 - ERROR - Failed to create card testCardInvEndings.vcf: code 2
2025-04-04 08:13:54,621 - INFO - Found vCard file: testCardNoEnd.vcf
2025-04-04 08:13:54,621 - INFO - File details for testCardNoEnd.vcf:
2025-04-04 08:13:54,621 - INFO -   Size: 46 bytes
2025-04-04 08:13:54,621 - INFO -   Permissions: 0o100644
2025-04-04 08:13:54,621 - INFO -   Modified: 2025-03-28 12:15:51.468049
2025-04-04 08:13:54,621 - INFO - Processing card: testCardNoEnd.vcf
2025-04-04 08:13:54,621 - INFO - File contents of testCardNoEnd.vcf:
BEGIN:VCARD
VERSION:4.0
FN:Simon Perreault

2025-04-04 08:13:54,621 - ERROR - Failed to create card testCardNoEnd.vcf: code 2
2025-04-04 08:13:54,621 - INFO - Found vCard file: testCardProp-simpleVal.vcf
2025-04-04 08:13:54,621 - INFO - File details for testCardProp-simpleVal.vcf:
2025-04-04 08:13:54,621 - INFO -   Size: 67 bytes
2025-04-04 08:13:54,621 - INFO -   Permissions: 0o100644
2025-04-04 08:13:54,621 - INFO -   Modified: 2025-03-28 12:15:34.107049
2025-04-04 08:13:54,621 - INFO - Processing card: testCardProp-simpleVal.vcf
2025-04-04 08:13:54,621 - INFO - File contents of testCardProp-simpleVal.vcf:
BEGIN:VCARD
VERSION:4.0
FN:Simon Perreault
GENDER:M
END:VCARD

2025-04-04 08:13:54,621 - INFO - Successfully created card for testCardProp-simpleVal.vcf
2025-04-04 08:13:54,621 - INFO - Successfully validated card for testCardProp-simpleVal.vcf
2025-04-04 08:13:54,621 - INFO - Successfully cached valid card: testCardProp-simpleVal.vcf
2025-04-04 08:13:54,621 - INFO - Found vCard file: testCard-SimpleFold2.vcf
2025-04-04 08:13:54,621 - INFO - File details for testCard-SimpleFold2.vcf:
2025-04-04 08:13:54,621 - INFO -   Size: 60 bytes
2025-04-04 08:13:54,621 - INFO -   Permissions: 0o100644
2025-04-04 08:13:54,621 - INFO -   Modified: 2025-03-28 12:15:33.214049
2025-04-04 08:13:54,621 - INFO - Processing card: testCard-SimpleFold2.vcf
2025-04-04 08:13:54,621 - INFO - File contents of testCard-SimpleFold2.vcf:
BEGIN:VCARD
VERSION:4.0
FN:Simon
  Perreault
END:VCARD

2025-04-04 08:13:54,621 - INFO - Successfully created card for testCard-SimpleFold2.vcf
2025-04-04 08:13:54,621 - INFO - Successfully validated card for testCard-SimpleFold2.vcf
2025-04-04 08:13:54,621 - INFO - Successfully cached valid card: testCard-SimpleFold2.vcf
2025-04-04 08:13:54,621 - INFO - Found vCard file: testCardMin.vcf
2025-04-04 08:13:54,621 - INFO - File details for testCardMin.vcf:
2025-04-04 08:13:54,621 - INFO -   Size: 57 bytes
2025-04-04 08:13:54,621 - INFO -   Permissions: 0o100644
2025-04-04 08:13:54,621 - INFO -   Modified: 2025-03-28 12:15:33.562049
2025-04-04 08:13:54,621 - INFO - Processing card: testCardMin.vcf
2025-04-04 08:13:54,621 - INFO - File contents of testCardMin.vcf:
BEGIN:VCARD
VERSION:4.0
FN:Simon Perreault
END:VCARD

2025-04-04 08:13:54,621 - INFO - Successfully created card for testCardMin.vcf
2025-04-04 08:13:54,621 - INFO - Successfully validated card for testCardMin.vcf
2025-04-04 08:13:54,621 - INFO - Successfully cached valid card: testCardMin.vcf
2025-04-04 08:13:54,621 - INFO - Found vCard file: mmmm.vcf
2025-04-04 08:13:54,621 - INFO - File details for mmmm.vcf:
2025-04-04 08:13:54,621 - INFO -   Size: 46 bytes
2025-04-04 08:13:54,621 - INFO -   Permissions: 0o100644
2025-04-04 08:13:54,621 - INFO -   Modified: 2025-03-28 12:18:48.658144
2025-04-04 08:13:54,621 - INFO - Processing card: mmmm.vcf
2025-04-04 08:13:54,621 - INFO - File contents of mmmm.vcf:
BEGIN:VCARD
VERSION:4.0
FN:mani
END:VCARD

2025-04-04 08:13:54,621 - INFO - Successfully created card for mmmm.vcf
2025-04-04 08:13:54,621 - INFO - Successfully validated card for mmmm.vcf
2025-04-04 08:13:54,621 - INFO - Successfully cached valid card: mmmm.vcf
2025-04-04 08:13:54,621 - INFO - Found vCard file: testCard-Ann.vcf
2025-04-04 08:13:54,621 - INFO - File details for testCard-Ann.vcf:
2025-04-04 08:13:54,621 - INFO -   Size: 86 bytes
2025-04-04 08:13:54,621 - INFO -   Permissions: 0o100644
2025-04-04 08:13:54,621 - INFO -   Modified: 2025-03-28 12:15:32.944049
2025-04-04 08:13:54,621 - INFO - Processing card: testCard-Ann.vcf
2025-04-04 08:13:54,621 - INFO - File contents of testCard-Ann.vcf:
BEGIN:VCARD
VERSION:4.0
FN:Simon Perreault
ANNIVERSARY:20090808T143000
END:VCARD

2025-04-04 08:13:54,621 - INFO - Successfully created card for testCard-Ann.vcf
2025-04-04 08:13:54,621 - INFO - Successfully validated card for testCard-Ann.vcf
2025-04-04 08:13:54,621 - INFO - Successfully cached valid card: testCard-Ann.vcf
2025-04-04 08:13:54,621 - INFO - Found vCard file: june_birthday.vcf
2025-04-04 08:13:54,621 - INFO - File details for june_birthday.vcf:
2025-04-04 08:13:54,621 - INFO -   Size: 121 bytes
2025-04-04 08:13:54,621 - INFO -   Permissions: 0o100644
2025-04-04 08:13:54,621 - INFO -   Modified: 2025-04-04 08:13:41.277509
2025-04-04 08:13:54,621 - INFO - Processing card: june_birthday.vcf
2025-04-04 08:13:54,621 - INFO - File contents of june_birthday.vcf:
BEGIN:VCARD
VERSION:4.0
FN:Alice Johnson
NOTE:Software Engineer
BDAY;VALUE=DATE-TIME:1990-06-15T14:30:00
END:VCARD

2025-04-04 08:13:54,621 - INFO - Successfully created card for june_birthday.vcf
2025-04-04 08:13:54,621 - ERROR - Card validation failed for june_birthday.vcf: code 4
2025-04-04 08:13:54,621 - INFO - Found vCard file: testCardProps-Params.vcf
2025-04-04 08:13:54,621 - INFO - File details for testCardProps-Params.vcf:
2025-04-04 08:13:54,621 - INFO -   Size: 202 bytes
2025-04-04 08:13:54,621 - INFO -   Permissions: 0o100644
2025-04-04 08:13:54,621 - INFO -   Modified: 2025-03-28 12:15:32.591049
2025-04-04 08:13:54,621 - INFO - Processing card: testCardProps-Params.vcf
2025-04-04 08:13:54,621 - INFO - File contents of testCardProps-Params.vcf:
BEGIN:VCARD
VERSION:4.0
FN:Simon Perreault
GENDER:M
LANG;PREF=1:fr
LANG;PREF=2:en
TEL;VALUE=uri;TYPE="work,cell,voice,video,text":tel:+1-418-262-6501
URL;TYPE=home:http://nomis80.org
END:VCARD

2025-04-04 08:13:54,621 - INFO - Successfully created card for testCardProps-Params.vcf
2025-04-04 08:13:54,621 - INFO - Successfully validated card for testCardProps-Params.vcf
2025-04-04 08:13:54,621 - INFO - Successfully cached valid card: testCardProps-Params.vcf
2025-04-04 08:13:54,622 - INFO - Found vCard file: testCardGroup.vcf
2025-04-04 08:13:54,622 - INFO - File details for testCardGroup.vcf:
2025-04-04 08:13:54,622 - INFO -   Size: 879 bytes
2025-04-04 08:13:54,622 - INFO -   Permissions: 0o100644
2025-04-04 08:13:54,622 - INFO -   Modified: 2025-03-28 12:15:33.731049
2025-04-04 08:13:54,622 - INFO - Processing card: testCardGroup.vcf
2025-04-04 08:13:54,622 - INFO - File contents of testCardGroup.vcf:
BEGIN:VCARD
VERSION:4.0
N:Doe;John;;;
FN:John Doe
ORG:Example.com Inc.;
TITLE:Imaginary test person
EMAIL;type=INTERNET;type=WORK;type=pref:johnDoe@example.org
TEL;type=WORK;type=pref:+1 617 555 1212
TEL;type=CELL:+1 781 555 1212
TEL;type=HOME:+1 202 555 1212
TEL;type=WORK:+1 (617) 555-1234
item1.ADR;type=WORK:;;2 Example Avenue;Anytown;NY;01111;USA
item1.X-ABADR:us
item2.ADR;type=HOME;type=pref:;;3 Acacia Avenue;Newtown;MA;02222;USA
item2.X-ABADR:us
NOTE:John Doe has a long and varied history
 , being documented on more police files that anyone else. Reports of his death are alas numerous.
item3.URL;type=pref:http://www.example/com/doe
item3.X-ABLabel:_$!<HomePage>!$_
item4.URL:http://www.example.com/Joe/foaf.df
item4.X-ABLabel:FOAF
item5.X-ABRELATEDNAMES;type=pref:Jane Doe
item5.X-ABLabel:_$!<Friend>!$_
CATEGORIES:Work,Test group
END:VCARD

2025-04-04 08:13:54,622 - INFO - Successfully created card for testCardGroup.vcf
2025-04-04 08:13:54,622 - ERROR - Card validation failed for testCardGroup.vcf: code 3
2025-04-04 08:13:54,622 - INFO - Found vCard file: testCardNoVersion.vcf
2025-04-04 08:13:54,622 - INFO - File details for testCardNoVersion.vcf:
2025-04-04 08:13:54,622 - INFO -   Size: 44 bytes
2025-04-04 08:13:54,622 - INFO -   Permissions: 0o100644
2025-04-04 08:13:54,622 - INFO -   Modified: 2025-03-28 12:15:51.625049
2025-04-04 08:13:54,622 - INFO - Processing card: testCardNoVersion.vcf
2025-04-04 08:13:54,622 - INFO - File contents of testCardNoVersion.vcf:
BEGIN:VCARD
FN:Simon Perreault
END:VCARD

2025-04-04 08:13:54,622 - ERROR - Failed to create card testCardNoVersion.vcf: code 2
2025-04-04 08:13:54,622 - INFO - Found vCard file: another_june.vcf
2025-04-04 08:13:54,622 - INFO - File details for another_june.vcf:
2025-04-04 08:13:54,622 - INFO -   Size: 115 bytes
2025-04-04 08:13:54,622 - INFO -   Permissions: 0o100644
2025-04-04 08:13:54,622 - INFO -   Modified: 2025-04-04 08:13:46.704509
2025-04-04 08:13:54,622 - INFO - Processing card: another_june.vcf
2025-04-04 08:13:54,622 - INFO - File contents of another_june.vcf:
BEGIN:VCARD
VERSION:4.0
FN:Bob Smith
NOTE:Product Manager
BDAY;VALUE=DATE-TIME:1985-06-03T10:20:00
END:VCARD

2025-04-04 08:13:54,622 - INFO - Successfully created card for another_june.vcf
2025-04-04 08:13:54,622 - ERROR - Card validation failed for another_june.vcf: code 4
2025-04-04 08:13:54,622 - INFO - Found vCard file: testCard-BdayTime.vcf
2025-04-04 08:13:54,622 - INFO - File details for testCard-BdayTime.vcf:
2025-04-04 08:13:54,622 - INFO -   Size: 71 bytes
2025-04-04 08:13:54,622 - INFO -   Permissions: 0o100644
2025-04-04 08:13:54,622 - INFO -   Modified: 2025-03-28 12:15:32.684049
2025-04-04 08:13:54,622 - INFO - Processing card: testCard-BdayTime.vcf
2025-04-04 08:13:54,622 - INFO - File contents of testCard-BdayTime.vcf:
BEGIN:VCARD
VERSION:4.0
FN:Simon Perreault
BDAY:T143000
END:VCARD

2025-04-04 08:13:54,622 - INFO - Successfully created card for testCard-BdayTime.vcf
2025-04-04 08:13:54,622 - INFO - Successfully validated card for testCard-BdayTime.vcf
2025-04-04 08:13:54,622 - INFO - Successfully cached valid card: testCard-BdayTime.vcf
2025-04-04 08:13:54,622 - INFO - Found vCard file: testCardProps-simpleVal.vcf
2025-04-04 08:13:54,622 - INFO - File details for testCardProps-simpleVal.vcf:
2025-04-04 08:13:54,622 - INFO -   Size: 81 bytes
2025-04-04 08:13:54,622 - INFO -   Permissions: 0o100644
2025-04-04 08:13:54,622 - INFO -   Modified: 2025-03-28 12:15:33.163049
2025-04-04 08:13:54,622 - INFO - Processing card: testCardProps-simpleVal.vcf
2025-04-04 08:13:54,622 - INFO - File contents of testCardProps-simpleVal.vcf:
BEGIN:VCARD
VERSION:4.0
FN:Simon Perreault
GENDER:M
ORG:Viagenie
END:VCARD

2025-04-04 08:13:54,622 - INFO - Successfully created card for testCardProps-simpleVal.vcf
2025-04-04 08:13:54,622 - INFO - Successfully validated card for testCardProps-simpleVal.vcf
2025-04-04 08:13:54,622 - INFO - Successfully cached valid card: testCardProps-simpleVal.vcf
2025-04-04 08:13:54,622 - INFO - Found vCard file: testCard-BdayText.vcf
2025-04-04 08:13:54,622 - INFO - File details for testCard-BdayText.vcf:
2025-04-04 08:13:54,622 - INFO -   Size: 85 bytes
2025-04-04 08:13:54,622 - INFO -   Permissions: 0o100644
2025-04-04 08:13:54,622 - INFO -   Modified: 2025-03-28 12:15:33.772049
2025-04-04 08:13:54,622 - INFO - Processing card: testCard-BdayText.vcf
2025-04-04 08:13:54,622 - INFO - File contents of testCard-BdayText.vcf:
BEGIN:VCARD
VERSION:4.0
FN:Simon Perreault
BDAY;VALUE=text:circa 1960
END:VCARD

2025-04-04 08:13:54,622 - INFO - Successfully created card for testCard-BdayText.vcf
2025-04-04 08:13:54,622 - INFO - Successfully validated card for testCard-BdayText.vcf
2025-04-04 08:13:54,622 - INFO - Successfully cached valid card: testCard-BdayText.vcf
2025-04-04 08:13:54,622 - INFO - Found vCard file: testCardProp-ParamsVals.vcf
2025-04-04 08:13:54,622 - INFO - File details for testCardProp-ParamsVals.vcf:
2025-04-04 08:13:54,622 - INFO -   Size: 125 bytes
2025-04-04 08:13:54,622 - INFO -   Permissions: 0o100644
2025-04-04 08:13:54,622 - INFO -   Modified: 2025-03-28 12:15:33.041049
2025-04-04 08:13:54,622 - INFO - Processing card: testCardProp-ParamsVals.vcf
2025-04-04 08:13:54,622 - INFO - File contents of testCardProp-ParamsVals.vcf:
BEGIN:VCARD
VERSION:4.0
FN:Simon Perreault
TEL;VALUE=uri;TYPE="work,voice";PREF=1:tel:+1-418-656-9254;ext=102
END:VCARD

2025-04-04 08:13:54,622 - INFO - Successfully created card for testCardProp-ParamsVals.vcf
2025-04-04 08:13:54,622 - INFO - Successfully validated card for testCardProp-ParamsVals.vcf
2025-04-04 08:13:54,622 - INFO - Successfully cached valid card: testCardProp-ParamsVals.vcf
2025-04-04 08:13:54,622 - INFO - Found vCard file: nnnn.vcf
2025-04-04 08:13:54,622 - INFO - File details for nnnn.vcf:
2025-04-04 08:13:54,622 - INFO -   Size: 47 bytes
2025-04-04 08:13:54,622 - INFO -   Permissions: 0o100644
2025-04-04 08:13:54,622 - INFO -   Modified: 2025-03-28 12:28:54.030319
2025-04-04 08:13:54,622 - INFO - Processing card: nnnn.vcf
2025-04-04 08:13:54,622 - INFO - File contents of nnnn.vcf:
BEGIN:VCARD
VERSION:4.0
FN:mani2
END:VCARD

2025-04-04 08:13:54,622 - INFO - Successfully created card for nnnn.vcf
2025-04-04 08:13:54,622 - INFO - Successfully validated card for nnnn.vcf
2025-04-04 08:13:54,622 - INFO - Successfully cached valid card: nnnn.vcf
2025-04-04 08:13:54,622 - INFO - Found vCard file: testCard-bothDT.vcf
2025-04-04 08:13:54,623 - INFO - File details for testCard-bothDT.vcf:
2025-04-04 08:13:54,623 - INFO -   Size: 108 bytes
2025-04-04 08:13:54,623 - INFO -   Permissions: 0o100644
2025-04-04 08:13:54,623 - INFO -   Modified: 2025-03-28 12:15:33.095049
2025-04-04 08:13:54,623 - INFO - Processing card: testCard-bothDT.vcf
2025-04-04 08:13:54,623 - INFO - File contents of testCard-bothDT.vcf:
BEGIN:VCARD
VERSION:4.0
FN:Simon Perreault
BDAY:19540203T123012
ANNIVERSARY:20090808T143000
END:VCARD

2025-04-04 08:13:54,623 - INFO - Successfully created card for testCard-bothDT.vcf
2025-04-04 08:13:54,623 - INFO - Successfully validated card for testCard-bothDT.vcf
2025-04-04 08:13:54,623 - INFO - Successfully cached valid card: testCard-bothDT.vcf
2025-04-04 08:13:54,623 - INFO - Found vCard file: testCard.vcf
2025-04-04 08:13:54,623 - INFO - File details for testCard.vcf:
2025-04-04 08:13:54,623 - INFO -   Size: 613 bytes
2025-04-04 08:13:54,623 - INFO -   Permissions: 0o100644
2025-04-04 08:13:54,623 - INFO -   Modified: 2025-03-28 12:15:33.945049
2025-04-04 08:13:54,623 - INFO - Processing card: testCard.vcf
2025-04-04 08:13:54,623 - INFO - File contents of testCard.vcf:
BEGIN:VCARD
VERSION:4.0
FN:Simon Perreault
N:Perreault;Simon;;;ing. jr,M.Sc.
BDAY:--0203
ANNIVERSARY:20090808T143000
GENDER:M
LANG;PREF=1:fr
LANG;PREF=2:en
ORG;TYPE=work:Viagenie
ADR;TYPE=work:;Suite D2-630;2875 Laurier;
 Quebec;QC;G1V 2M2;Canada
TEL;VALUE=uri;TYPE="work,voice";PREF=1:tel:+1-418-656-9254;ext=102
TEL;VALUE=uri;TYPE="work,cell,voice,video,text":tel:+1-418-262-6501
EMAIL;TYPE=work:simon.perreault@viagenie.ca
GEO;TYPE=work:geo:46.772673,-71.282945
KEY;TYPE=work;VALUE=uri:
 http://www.viagenie.ca/simon.perreault/simon.asc
TZ:-0500
URL;TYPE=home:http://nomis80.org
END:VCARD

2025-04-04 08:13:54,623 - INFO - Successfully created card for testCard.vcf
2025-04-04 08:13:54,623 - ERROR - Card validation failed for testCard.vcf: code 3
2025-04-04 08:13:54,623 - INFO - Found vCard file: borninjune.vcf
2025-04-04 08:13:54,623 - INFO - File details for borninjune.vcf:
2025-04-04 08:13:54,623 - INFO -   Size: 45 bytes
2025-04-04 08:13:54,623 - INFO -   Permissions: 0o100644
2025-04-04 08:13:54,623 - INFO -   Modified: 2025-04-03 13:32:08.262929
2025-04-04 08:13:54,623 - INFO - Processing card: borninjune.vcf
2025-04-04 08:13:54,623 - INFO - File contents of borninjune.vcf:
BEGIN:VCARD
VERSION:4.0
FN:bbj
END:VCARD

2025-04-04 08:13:54,623 - INFO - Successfully created card for borninjune.vcf
2025-04-04 08:13:54,623 - INFO - Successfully validated card for borninjune.vcf
2025-04-04 08:13:54,623 - INFO - Successfully cached valid card: borninjune.vcf
2025-04-04 08:13:54,623 - INFO - Found vCard file: testCardProps-compVal.vcf
2025-04-04 08:13:54,623 - INFO - File details for testCardProps-compVal.vcf:
2025-04-04 08:13:54,623 - INFO -   Size: 179 bytes
2025-04-04 08:13:54,623 - INFO -   Permissions: 0o100644
2025-04-04 08:13:54,623 - INFO -   Modified: 2025-03-28 12:15:32.410049
2025-04-04 08:13:54,623 - INFO - Processing card: testCardProps-compVal.vcf
2025-04-04 08:13:54,623 - INFO - File contents of testCardProps-compVal.vcf:
BEGIN:VCARD
VERSION:4.0
FN:Simon Perreault
N:Perreault;Simon;;;ing. jr,M.Sc.
ADR:;Suite D2-630;2875 Laurier;Quebec;QC;G1V 2M2;Canada
GEO:geo:46.772673,-71.282945
END:VCARD

2025-04-04 08:13:54,623 - INFO - Successfully created card for testCardProps-compVal.vcf
2025-04-04 08:13:54,623 - INFO - Successfully validated card for testCardProps-compVal.vcf
2025-04-04 08:13:54,623 - INFO - Successfully cached valid card: testCardProps-compVal.vcf
2025-04-04 08:13:54,623 - INFO - Found vCard file: testCard-SimpleFold1.vcf
2025-04-04 08:13:54,623 - INFO - File details for testCard-SimpleFold1.vcf:
2025-04-04 08:13:54,623 - INFO -   Size: 60 bytes
2025-04-04 08:13:54,623 - INFO -   Permissions: 0o100644
2025-04-04 08:13:54,623 - INFO -   Modified: 2025-03-28 12:15:33.623049
2025-04-04 08:13:54,623 - INFO - Processing card: testCard-SimpleFold1.vcf
2025-04-04 08:13:54,623 - INFO - File contents of testCard-SimpleFold1.vcf:
BEGIN:VCARD
VERSION:4.0
FN:Sim
 on Perreault
END:VCARD

2025-04-04 08:13:54,623 - INFO - Successfully created card for testCard-SimpleFold1.vcf
2025-04-04 08:13:54,623 - INFO - Successfully validated card for testCard-SimpleFold1.vcf
2025-04-04 08:13:54,623 - INFO - Successfully cached valid card: testCard-SimpleFold1.vcf
2025-04-04 08:13:54,623 - INFO - Found vCard file: testCard-MoreFold.vcf
2025-04-04 08:13:54,623 - INFO - File details for testCard-MoreFold.vcf:
2025-04-04 08:13:54,623 - INFO -   Size: 204 bytes
2025-04-04 08:13:54,623 - INFO -   Permissions: 0o100644
2025-04-04 08:13:54,623 - INFO -   Modified: 2025-03-28 12:15:32.510049
2025-04-04 08:13:54,623 - INFO - Processing card: testCard-MoreFold.vcf
2025-04-04 08:13:54,623 - INFO - File contents of testCard-MoreFold.vcf:
BEGIN:VCARD
VERSION:4.0
FN:Simon Perreault
ADR;TYPE=work:;Suite D2-630;2875 Laurier;
 Quebec;QC;G1V 2M2;Canada
KEY;TYPE=work;VALUE=uri:
 http://www.viagenie.ca/simon.perreault/simon.asc
END:VCARD

2025-04-04 08:13:54,623 - INFO - Successfully created card for testCard-MoreFold.vcf
2025-04-04 08:13:54,623 - ERROR - Card validation failed for testCard-MoreFold.vcf: code 3
2025-04-04 08:13:54,623 - INFO - Found vCard file: testCard-AnnUTC.vcf
2025-04-04 08:13:54,623 - INFO - File details for testCard-AnnUTC.vcf:
2025-04-04 08:13:54,623 - INFO -   Size: 87 bytes
2025-04-04 08:13:54,623 - INFO -   Permissions: 0o100644
2025-04-04 08:13:54,623 - INFO -   Modified: 2025-03-28 12:15:33.475049
2025-04-04 08:13:54,623 - INFO - Processing card: testCard-AnnUTC.vcf
2025-04-04 08:13:54,623 - INFO - File contents of testCard-AnnUTC.vcf:
BEGIN:VCARD
VERSION:4.0
FN:Simon Perreault
ANNIVERSARY:20090808T143000Z
END:VCARD

2025-04-04 08:13:54,623 - INFO - Successfully created card for testCard-AnnUTC.vcf
2025-04-04 08:13:54,623 - ERROR - Card validation failed for testCard-AnnUTC.vcf: code 4
2025-04-04 08:13:54,623 - INFO - Current cache state:
2025-04-04 08:13:54,623 - INFO -   testCardN-compVal.vcf: last_modified=2025-03-28 12:15:33.366049
2025-04-04 08:13:54,623 - INFO -   testCardProps-Groups.vcf: last_modified=2025-03-28 12:15:34.011049
2025-04-04 08:13:54,623 - INFO -   editable.vcf: last_modified=2025-04-04 07:54:55.288564
2025-04-04 08:13:54,623 - INFO -   testCardProp-Param.vcf: last_modified=2025-03-28 12:15:33.316049
2025-04-04 08:13:54,623 - INFO -   testCardProp-simpleVal.vcf: last_modified=2025-03-28 12:15:34.107049
2025-04-04 08:13:54,623 - INFO -   testCard-SimpleFold2.vcf: last_modified=2025-03-28 12:15:33.214049
2025-04-04 08:13:54,624 - INFO -   testCardMin.vcf: last_modified=2025-03-28 12:15:33.562049
2025-04-04 08:13:54,624 - INFO -   mmmm.vcf: last_modified=2025-03-28 12:18:48.658144
2025-04-04 08:13:54,624 - INFO -   testCard-Ann.vcf: last_modified=2025-03-28 12:15:32.944049
2025-04-04 08:13:54,624 - INFO -   testCardProps-Params.vcf: last_modified=2025-03-28 12:15:32.591049
2025-04-04 08:13:54,624 - INFO -   testCard-BdayTime.vcf: last_modified=2025-03-28 12:15:32.684049
2025-04-04 08:13:54,624 - INFO -   testCardProps-simpleVal.vcf: last_modified=2025-03-28 12:15:33.163049
2025-04-04 08:13:54,624 - INFO -   testCard-BdayText.vcf: last_modified=2025-03-28 12:15:33.772049
2025-04-04 08:13:54,624 - INFO -   testCardProp-ParamsVals.vcf: last_modified=2025-03-28 12:15:33.041049
2025-04-04 08:13:54,624 - INFO -   nnnn.vcf: last_modified=2025-03-28 12:28:54.030319
2025-04-04 08:13:54,624 - INFO -   testCard-bothDT.vcf: last_modified=2025-03-28 12:15:33.095049
2025-04-04 08:13:54,624 - INFO -   borninjune.vcf: last_modified=2025-04-03 13:32:08.262929
2025-04-04 08:13:54,624 - INFO -   testCardProps-compVal.vcf: last_modified=2025-03-28 12:15:32.410049
2025-04-04 08:13:54,624 - INFO -   testCard-SimpleFold1.vcf: last_modified=2025-03-28 12:15:33.623049
2025-04-04 08:13:54,624 - INFO - Card cache refresh complete. Valid cards: ['testCardN-compVal.vcf', 'testCardProps-Groups.vcf', 'editable.vcf', 'testCardProp-Param.vcf', 'testCardProp-simpleVal.vcf', 'testCard-SimpleFold2.vcf', 'testCardMin.vcf', 'mmmm.vcf', 'testCard-Ann.vcf', 'testCardProps-Params.vcf', 'testCard-BdayTime.vcf', 'testCardProps-simpleVal.vcf', 'testCard-BdayText.vcf', 'testCardProp-ParamsVals.vcf', 'nnnn.vcf', 'testCard-bothDT.vcf', 'borninjune.vcf', 'testCardProps-compVal.vcf', 'testCard-SimpleFold1.vcf']
2025-04-04 08:13:54,624 - INFO - No database connection, skipping sync
2025-04-04 08:13:54,625 - INFO - Refreshing card cache
2025-04-04 08:13:54,625 - INFO - Scanning directory: /home/socs/assign1/assign2/assign3/./bin/cards
2025-04-04 08:13:54,625 - INFO - All files in directory: ['testCardN-compVal.vcf', 'testCardProps-ParamsVals.vcf', 'testCardProps-Groups.vcf', 'editable.vcf', 'testCard-TruncBday.vcf', 'testCardProp-Param.vcf', 'testCardInvEndings.vcf', 'testCardNoEnd.vcf', 'testCardProp-simpleVal.vcf', 'testCard-SimpleFold2.vcf', 'testCardMin.vcf', 'mmmm.vcf', 'testCard-Ann.vcf', 'june_birthday.vcf', 'testCardProps-Params.vcf', 'testCardGroup.vcf', 'testCardNoVersion.vcf', 'another_june.vcf', 'testCard-BdayTime.vcf', 'testCardProps-simpleVal.vcf', 'testCard-BdayText.vcf', 'testCardProp-ParamsVals.vcf', 'nnnn.vcf', 'testCard-bothDT.vcf', 'testCard.vcf', 'borninjune.vcf', 'testCardProps-compVal.vcf', 'testCard-SimpleFold1.vcf', 'testCard-MoreFold.vcf', 'testCard-AnnUTC.vcf']
2025-04-04 08:13:54,625 - INFO - Found vCard file: testCardN-compVal.vcf
2025-04-04 08:13:54,625 - INFO - File details for testCardN-compVal.vcf:
2025-04-04 08:13:54,625 - INFO -   Size: 92 bytes
2025-04-04 08:13:54,625 - INFO -   Permissions: 0o100644
2025-04-04 08:13:54,625 - INFO -   Modified: 2025-03-28 12:15:33.366049
2025-04-04 08:13:54,625 - INFO - Card testCardN-compVal.vcf unchanged, using cached version
2025-04-04 08:13:54,625 - INFO - Found vCard file: testCardProps-ParamsVals.vcf
2025-04-04 08:13:54,625 - INFO - File details for testCardProps-ParamsVals.vcf:
2025-04-04 08:13:54,625 - INFO -   Size: 565 bytes
2025-04-04 08:13:54,625 - INFO -   Permissions: 0o100644
2025-04-04 08:13:54,625 - INFO -   Modified: 2025-03-28 12:15:32.855049
2025-04-04 08:13:54,625 - INFO - Processing card: testCardProps-ParamsVals.vcf
2025-04-04 08:13:54,625 - INFO - File contents of testCardProps-ParamsVals.vcf:
BEGIN:VCARD
VERSION:4.0
FN:Simon Perreault
N:Perreault;Simon;;;ing. jr,M.Sc.
GENDER:M
LANG;PREF=1:fr
LANG;PREF=2:en
ORG;TYPE=work:Viagenie
ADR;TYPE=work:;Suite D2-630;2875 Laurier;Quebec;QC;G1V 2M2;Canada
TEL;VALUE=uri;TYPE="work,voice";PREF=1:tel:+1-418-656-9254;ext=102
TEL;VALUE=uri;TYPE="work,cell,voice,video,text":tel:+1-418-262-6501
EMAIL;TYPE=work:simon.perreault@viagenie.ca
GEO;TYPE=work:geo:46.772673,-71.282945
KEY;TYPE=work;VALUE=uri:http://www.viagenie.ca/simon.perreault/simon.asc
TZ:-0500
URL;TYPE=home:http://nomis80.org
END:VCARD

2025-04-04 08:13:54,625 - INFO - Successfully created card for testCardProps-ParamsVals.vcf
2025-04-04 08:13:54,625 - ERROR - Card validation failed for testCardProps-ParamsVals.vcf: code 3
2025-04-04 08:13:54,625 - INFO - Found vCard file: testCardProps-Groups.vcf
2025-04-04 08:13:54,625 - INFO - File details for testCardProps-Groups.vcf:
2025-04-04 08:13:54,625 - INFO -   Size: 268 bytes
2025-04-04 08:13:54,625 - INFO -   Permissions: 0o100644
2025-04-04 08:13:54,625 - INFO -   Modified: 2025-03-28 12:15:34.011049
2025-04-04 08:13:54,625 - INFO - Card testCardProps-Groups.vcf unchanged, using cached version
2025-04-04 08:13:54,625 - INFO - Found vCard file: editable.vcf
2025-04-04 08:13:54,625 - INFO - File details for editable.vcf:
2025-04-04 08:13:54,625 - INFO -   Size: 46 bytes
2025-04-04 08:13:54,625 - INFO -   Permissions: 0o100644
2025-04-04 08:13:54,625 - INFO -   Modified: 2025-04-04 07:54:55.288564
2025-04-04 08:13:54,625 - INFO - Card editable.vcf unchanged, using cached version
2025-04-04 08:13:54,625 - INFO - Found vCard file: testCard-TruncBday.vcf
2025-04-04 08:13:54,625 - INFO - File details for testCard-TruncBday.vcf:
2025-04-04 08:13:54,625 - INFO -   Size: 70 bytes
2025-04-04 08:13:54,625 - INFO -   Permissions: 0o100644
2025-04-04 08:13:54,625 - INFO -   Modified: 2025-03-28 12:15:33.882049
2025-04-04 08:13:54,625 - INFO - Processing card: testCard-TruncBday.vcf
2025-04-04 08:13:54,626 - INFO - File contents of testCard-TruncBday.vcf:
BEGIN:VCARD
VERSION:4.0
FN:Simon Perreault
BDAY:--0203
END:VCARD

2025-04-04 08:13:54,626 - INFO - Successfully created card for testCard-TruncBday.vcf
2025-04-04 08:13:54,626 - ERROR - Card validation failed for testCard-TruncBday.vcf: code 4
2025-04-04 08:13:54,626 - INFO - Found vCard file: testCardProp-Param.vcf
2025-04-04 08:13:54,626 - INFO - File details for testCardProp-Param.vcf:
2025-04-04 08:13:54,626 - INFO -   Size: 83 bytes
2025-04-04 08:13:54,626 - INFO -   Permissions: 0o100644
2025-04-04 08:13:54,626 - INFO -   Modified: 2025-03-28 12:15:33.316049
2025-04-04 08:13:54,626 - INFO - Card testCardProp-Param.vcf unchanged, using cached version
2025-04-04 08:13:54,626 - INFO - Found vCard file: testCardInvEndings.vcf
2025-04-04 08:13:54,626 - INFO - File details for testCardInvEndings.vcf:
2025-04-04 08:13:54,626 - INFO -   Size: 53 bytes
2025-04-04 08:13:54,626 - INFO -   Permissions: 0o100644
2025-04-04 08:13:54,626 - INFO -   Modified: 2025-03-28 12:15:51.528049
2025-04-04 08:13:54,626 - INFO - Processing card: testCardInvEndings.vcf
2025-04-04 08:13:54,626 - INFO - File contents of testCardInvEndings.vcf:
BEGIN:VCARD
VERSION:4.0
FN:Simon Perreault
END:VCARD

2025-04-04 08:13:54,626 - ERROR - Failed to create card testCardInvEndings.vcf: code 2
2025-04-04 08:13:54,626 - INFO - Found vCard file: testCardNoEnd.vcf
2025-04-04 08:13:54,626 - INFO - File details for testCardNoEnd.vcf:
2025-04-04 08:13:54,626 - INFO -   Size: 46 bytes
2025-04-04 08:13:54,626 - INFO -   Permissions: 0o100644
2025-04-04 08:13:54,626 - INFO -   Modified: 2025-03-28 12:15:51.468049
2025-04-04 08:13:54,626 - INFO - Processing card: testCardNoEnd.vcf
2025-04-04 08:13:54,626 - INFO - File contents of testCardNoEnd.vcf:
BEGIN:VCARD
VERSION:4.0
FN:Simon Perreault

2025-04-04 08:13:54,626 - ERROR - Failed to create card testCardNoEnd.vcf: code 2
2025-04-04 08:13:54,626 - INFO - Found vCard file: testCardProp-simpleVal.vcf
2025-04-04 08:13:54,626 - INFO - File details for testCardProp-simpleVal.vcf:
2025-04-04 08:13:54,626 - INFO -   Size: 67 bytes
2025-04-04 08:13:54,626 - INFO -   Permissions: 0o100644
2025-04-04 08:13:54,626 - INFO -   Modified: 2025-03-28 12:15:34.107049
2025-04-04 08:13:54,626 - INFO - Card testCardProp-simpleVal.vcf unchanged, using cached version
2025-04-04 08:13:54,626 - INFO - Found vCard file: testCard-SimpleFold2.vcf
2025-04-04 08:13:54,626 - INFO - File details for testCard-SimpleFold2.vcf:
2025-04-04 08:13:54,626 - INFO -   Size: 60 bytes
2025-04-04 08:13:54,626 - INFO -   Permissions: 0o100644
2025-04-04 08:13:54,626 - INFO -   Modified: 2025-03-28 12:15:33.214049
2025-04-04 08:13:54,626 - INFO - Card testCard-SimpleFold2.vcf unchanged, using cached version
2025-04-04 08:13:54,626 - INFO - Found vCard file: testCardMin.vcf
2025-04-04 08:13:54,626 - INFO - File details for testCardMin.vcf:
2025-04-04 08:13:54,626 - INFO -   Size: 57 bytes
2025-04-04 08:13:54,626 - INFO -   Permissions: 0o100644
2025-04-04 08:13:54,626 - INFO -   Modified: 2025-03-28 12:15:33.562049
2025-04-04 08:13:54,626 - INFO - Card testCardMin.vcf unchanged, using cached version
2025-04-04 08:13:54,626 - INFO - Found vCard file: mmmm.vcf
2025-04-04 08:13:54,626 - INFO - File details for mmmm.vcf:
2025-04-04 08:13:54,626 - INFO -   Size: 46 bytes
2025-04-04 08:13:54,626 - INFO -   Permissions: 0o100644
2025-04-04 08:13:54,626 - INFO -   Modified: 2025-03-28 12:18:48.658144
2025-04-04 08:13:54,626 - INFO - Card mmmm.vcf unchanged, using cached version
2025-04-04 08:13:54,626 - INFO - Found vCard file: testCard-Ann.vcf
2025-04-04 08:13:54,626 - INFO - File details for testCard-Ann.vcf:
2025-04-04 08:13:54,626 - INFO -   Size: 86 bytes
2025-04-04 08:13:54,626 - INFO -   Permissions: 0o100644
2025-04-04 08:13:54,626 - INFO -   Modified: 2025-03-28 12:15:32.944049
2025-04-04 08:13:54,626 - INFO - Card testCard-Ann.vcf unchanged, using cached version
2025-04-04 08:13:54,626 - INFO - Found vCard file: june_birthday.vcf
2025-04-04 08:13:54,626 - INFO - File details for june_birthday.vcf:
2025-04-04 08:13:54,626 - INFO -   Size: 121 bytes
2025-04-04 08:13:54,626 - INFO -   Permissions: 0o100644
2025-04-04 08:13:54,626 - INFO -   Modified: 2025-04-04 08:13:41.277509
2025-04-04 08:13:54,626 - INFO - Processing card: june_birthday.vcf
2025-04-04 08:13:54,626 - INFO - File contents of june_birthday.vcf:
BEGIN:VCARD
VERSION:4.0
FN:Alice Johnson
NOTE:Software Engineer
BDAY;VALUE=DATE-TIME:1990-06-15T14:30:00
END:VCARD

2025-04-04 08:13:54,626 - INFO - Successfully created card for june_birthday.vcf
2025-04-04 08:13:54,626 - ERROR - Card validation failed for june_birthday.vcf: code 4
2025-04-04 08:13:54,626 - INFO - Found vCard file: testCardProps-Params.vcf
2025-04-04 08:13:54,626 - INFO - File details for testCardProps-Params.vcf:
2025-04-04 08:13:54,626 - INFO -   Size: 202 bytes
2025-04-04 08:13:54,626 - INFO -   Permissions: 0o100644
2025-04-04 08:13:54,626 - INFO -   Modified: 2025-03-28 12:15:32.591049
2025-04-04 08:13:54,626 - INFO - Card testCardProps-Params.vcf unchanged, using cached version
2025-04-04 08:13:54,626 - INFO - Found vCard file: testCardGroup.vcf
2025-04-04 08:13:54,626 - INFO - File details for testCardGroup.vcf:
2025-04-04 08:13:54,626 - INFO -   Size: 879 bytes
2025-04-04 08:13:54,626 - INFO -   Permissions: 0o100644
2025-04-04 08:13:54,626 - INFO -   Modified: 2025-03-28 12:15:33.731049
2025-04-04 08:13:54,626 - INFO - Processing card: testCardGroup.vcf
2025-04-04 08:13:54,627 - INFO - File contents of testCardGroup.vcf:
BEGIN:VCARD
VERSION:4.0
N:Doe;John;;;
FN:John Doe
ORG:Example.com Inc.;
TITLE:Imaginary test person
EMAIL;type=INTERNET;type=WORK;type=pref:johnDoe@example.org
TEL;type=WORK;type=pref:+1 617 555 1212
TEL;type=CELL:+1 781 555 1212
TEL;type=HOME:+1 202 555 1212
TEL;type=WORK:+1 (617) 555-1234
item1.ADR;type=WORK:;;2 Example Avenue;Anytown;NY;01111;USA
item1.X-ABADR:us
item2.ADR;type=HOME;type=pref:;;3 Acacia Avenue;Newtown;MA;02222;USA
item2.X-ABADR:us
NOTE:John Doe has a long and varied history
 , being documented on more police files that anyone else. Reports of his death are alas numerous.
item3.URL;type=pref:http://www.example/com/doe
item3.X-ABLabel:_$!<HomePage>!$_
item4.URL:http://www.example.com/Joe/foaf.df
item4.X-ABLabel:FOAF
item5.X-ABRELATEDNAMES;type=pref:Jane Doe
item5.X-ABLabel:_$!<Friend>!$_
CATEGORIES:Work,Test group
END:VCARD

2025-04-04 08:13:54,627 - INFO - Successfully created card for testCardGroup.vcf
2025-04-04 08:13:54,627 - ERROR - Card validation failed for testCardGroup.vcf: code 3
2025-04-04 08:13:54,627 - INFO - Found vCard file: testCardNoVersion.vcf
2025-04-04 08:13:54,627 - INFO - File details for testCardNoVersion.vcf:
2025-04-04 08:13:54,627 - INFO -   Size: 44 bytes
2025-04-04 08:13:54,627 - INFO -   Permissions: 0o100644
2025-04-04 08:13:54,627 - INFO -   Modified: 2025-03-28 12:15:51.625049
2025-04-04 08:13:54,627 - INFO - Processing card: testCardNoVersion.vcf
2025-04-04 08:13:54,627 - INFO - File contents of testCardNoVersion.vcf:
BEGIN:VCARD
FN:Simon Perreault
END:VCARD

2025-04-04 08:13:54,627 - ERROR - Failed to create card testCardNoVersion.vcf: code 2
2025-04-04 08:13:54,627 - INFO - Found vCard file: another_june.vcf
2025-04-04 08:13:54,627 - INFO - File details for another_june.vcf:
2025-04-04 08:13:54,627 - INFO -   Size: 115 bytes
2025-04-04 08:13:54,627 - INFO -   Permissions: 0o100644
2025-04-04 08:13:54,627 - INFO -   Modified: 2025-04-04 08:13:46.704509
2025-04-04 08:13:54,627 - INFO - Processing card: another_june.vcf
2025-04-04 08:13:54,627 - INFO - File contents of another_june.vcf:
BEGIN:VCARD
VERSION:4.0
FN:Bob Smith
NOTE:Product Manager
BDAY;VALUE=DATE-TIME:1985-06-03T10:20:00
END:VCARD

2025-04-04 08:13:54,627 - INFO - Successfully created card for another_june.vcf
2025-04-04 08:13:54,627 - ERROR - Card validation failed for another_june.vcf: code 4
2025-04-04 08:13:54,627 - INFO - Found vCard file: testCard-BdayTime.vcf
2025-04-04 08:13:54,627 - INFO - File details for testCard-BdayTime.vcf:
2025-04-04 08:13:54,627 - INFO -   Size: 71 bytes
2025-04-04 08:13:54,627 - INFO -   Permissions: 0o100644
2025-04-04 08:13:54,627 - INFO -   Modified: 2025-03-28 12:15:32.684049
2025-04-04 08:13:54,627 - INFO - Card testCard-BdayTime.vcf unchanged, using cached version
2025-04-04 08:13:54,627 - INFO - Found vCard file: testCardProps-simpleVal.vcf
2025-04-04 08:13:54,627 - INFO - File details for testCardProps-simpleVal.vcf:
2025-04-04 08:13:54,627 - INFO -   Size: 81 bytes
2025-04-04 08:13:54,627 - INFO -   Permissions: 0o100644
2025-04-04 08:13:54,627 - INFO -   Modified: 2025-03-28 12:15:33.163049
2025-04-04 08:13:54,627 - INFO - Card testCardProps-simpleVal.vcf unchanged, using cached version
2025-04-04 08:13:54,627 - INFO - Found vCard file: testCard-BdayText.vcf
2025-04-04 08:13:54,627 - INFO - File details for testCard-BdayText.vcf:
2025-04-04 08:13:54,627 - INFO -   Size: 85 bytes
2025-04-04 08:13:54,627 - INFO -   Permissions: 0o100644
2025-04-04 08:13:54,627 - INFO -   Modified: 2025-03-28 12:15:33.772049
2025-04-04 08:13:54,627 - INFO - Card testCard-BdayText.vcf unchanged, using cached version
2025-04-04 08:13:54,627 - INFO - Found vCard file: testCardProp-ParamsVals.vcf
2025-04-04 08:13:54,627 - INFO - File details for testCardProp-ParamsVals.vcf:
2025-04-04 08:13:54,627 - INFO -   Size: 125 bytes
2025-04-04 08:13:54,627 - INFO -   Permissions: 0o100644
2025-04-04 08:13:54,627 - INFO -   Modified: 2025-03-28 12:15:33.041049
2025-04-04 08:13:54,627 - INFO - Card testCardProp-ParamsVals.vcf unchanged, using cached version
2025-04-04 08:13:54,627 - INFO - Found vCard file: nnnn.vcf
2025-04-04 08:13:54,627 - INFO - File details for nnnn.vcf:
2025-04-04 08:13:54,627 - INFO -   Size: 47 bytes
2025-04-04 08:13:54,627 - INFO -   Permissions: 0o100644
2025-04-04 08:13:54,627 - INFO -   Modified: 2025-03-28 12:28:54.030319
2025-04-04 08:13:54,627 - INFO - Card nnnn.vcf unchanged, using cached version
2025-04-04 08:13:54,627 - INFO - Found vCard file: testCard-bothDT.vcf
2025-04-04 08:13:54,627 - INFO - File details for testCard-bothDT.vcf:
2025-04-04 08:13:54,627 - INFO -   Size: 108 bytes
2025-04-04 08:13:54,627 - INFO -   Permissions: 0o100644
2025-04-04 08:13:54,627 - INFO -   Modified: 2025-03-28 12:15:33.095049
2025-04-04 08:13:54,627 - INFO - Card testCard-bothDT.vcf unchanged, using cached version
2025-04-04 08:13:54,627 - INFO - Found vCard file: testCard.vcf
2025-04-04 08:13:54,627 - INFO - File details for testCard.vcf:
2025-04-04 08:13:54,627 - INFO -   Size: 613 bytes
2025-04-04 08:13:54,627 - INFO -   Permissions: 0o100644
2025-04-04 08:13:54,627 - INFO -   Modified: 2025-03-28 12:15:33.945049
2025-04-04 08:13:54,627 - INFO - Processing card: testCard.vcf
2025-04-04 08:13:54,627 - INFO - File contents of testCard.vcf:
BEGIN:VCARD
VERSION:4.0
FN:Simon Perreault
N:Perreault;Simon;;;ing. jr,M.Sc.
BDAY:--0203
ANNIVERSARY:20090808T143000
GENDER:M
LANG;PREF=1:fr
LANG;PREF=2:en
ORG;TYPE=work:Viagenie
ADR;TYPE=work:;Suite D2-630;2875 Laurier;
 Quebec;QC;G1V 2M2;Canada
TEL;VALUE=uri;TYPE="work,voice";PREF=1:tel:+1-418-656-9254;ext=102
TEL;VALUE=uri;TYPE="work,cell,voice,video,text":tel:+1-418-262-6501
EMAIL;TYPE=work:simon.perreault@viagenie.ca
GEO;TYPE=work:geo:46.772673,-71.282945
KEY;TYPE=work;VALUE=uri:
 http://www.viagenie.ca/simon.perreault/simon.asc
TZ:-0500
URL;TYPE=home:http://nomis80.org
END:VCARD

2025-04-04 08:13:54,627 - INFO - Successfully created card for testCard.vcf
2025-04-04 08:13:54,627 - ERROR - Card validation failed for testCard.vcf: code 3
2025-04-04 08:13:54,627 - INFO - Found vCard file: borninjune.vcf
2025-04-04 08:13:54,627 - INFO - File details for borninjune.vcf:
2025-04-04 08:13:54,627 - INFO -   Size: 45 bytes
2025-04-04 08:13:54,627 - INFO -   Permissions: 0o100644
2025-04-04 08:13:54,627 - INFO -   Modified: 2025-04-03 13:32:08.262929
2025-04-04 08:13:54,627 - INFO - Card borninjune.vcf unchanged, using cached version
2025-04-04 08:13:54,627 - INFO - Found vCard file: testCardProps-compVal.vcf
2025-04-04 08:13:54,627 - INFO - File details for testCardProps-compVal.vcf:
2025-04-04 08:13:54,627 - INFO -   Size: 179 bytes
2025-04-04 08:13:54,627 - INFO -   Permissions: 0o100644
2025-04-04 08:13:54,627 - INFO -   Modified: 2025-03-28 12:15:32.410049
2025-04-04 08:13:54,627 - INFO - Card testCardProps-compVal.vcf unchanged, using cached version
2025-04-04 08:13:54,627 - INFO - Found vCard file: testCard-SimpleFold1.vcf
2025-04-04 08:13:54,627 - INFO - File details for testCard-SimpleFold1.vcf:
2025-04-04 08:13:54,627 - INFO -   Size: 60 bytes
2025-04-04 08:13:54,627 - INFO -   Permissions: 0o100644
2025-04-04 08:13:54,627 - INFO -   Modified: 2025-03-28 12:15:33.623049
2025-04-04 08:13:54,627 - INFO - Card testCard-SimpleFold1.vcf unchanged, using cached version
2025-04-04 08:13:54,627 - INFO - Found vCard file: testCard-MoreFold.vcf
2025-04-04 08:13:54,627 - INFO - File details for testCard-MoreFold.vcf:
2025-04-04 08:13:54,627 - INFO -   Size: 204 bytes
2025-04-04 08:13:54,627 - INFO -   Permissions: 0o100644
2025-04-04 08:13:54,627 - INFO -   Modified: 2025-03-28 12:15:32.510049
2025-04-04 08:13:54,627 - INFO - Processing card: testCard-MoreFold.vcf
2025-04-04 08:13:54,627 - INFO - File contents of testCard-MoreFold.vcf:
BEGIN:VCARD
VERSION:4.0
FN:Simon Perreault
ADR;TYPE=work:;Suite D2-630;2875 Laurier;
 Quebec;QC;G1V 2M2;Canada
KEY;TYPE=work;VALUE=uri:
 http://www.viagenie.ca/simon.perreault/simon.asc
END:VCARD

2025-04-04 08:13:54,628 - INFO - Successfully created card for testCard-MoreFold.vcf
2025-04-04 08:13:54,628 - ERROR - Card validation failed for testCard-MoreFold.vcf: code 3
2025-04-04 08:13:54,628 - INFO - Found vCard file: testCard-AnnUTC.vcf
2025-04-04 08:13:54,628 - INFO - File details for testCard-AnnUTC.vcf:
2025-04-04 08:13:54,628 - INFO -   Size: 87 bytes
2025-04-04 08:13:54,628 - INFO -   Permissions: 0o100644
2025-04-04 08:13:54,628 - INFO -   Modified: 2025-03-28 12:15:33.475049
2025-04-04 08:13:54,628 - INFO - Processing card: testCard-AnnUTC.vcf
2025-04-04 08:13:54,628 - INFO - File contents of testCard-AnnUTC.vcf:
BEGIN:VCARD
VERSION:4.0
FN:Simon Perreault
ANNIVERSARY:20090808T143000Z
END:VCARD

2025-04-04 08:13:54,628 - INFO - Successfully created card for testCard-AnnUTC.vcf
2025-04-04 08:13:54,628 - ERROR - Card validation failed for testCard-AnnUTC.vcf: code 4
2025-04-04 08:13:54,628 - INFO - Current cache state:
2025-04-04 08:13:54,628 - INFO -   testCardN-compVal.vcf: last_modified=2025-03-28 12:15:33.366049
2025-04-04 08:13:54,628 - INFO -   testCardProps-Groups.vcf: last_modified=2025-03-28 12:15:34.011049
2025-04-04 08:13:54,628 - INFO -   editable.vcf: last_modified=2025-04-04 07:54:55.288564
2025-04-04 08:13:54,628 - INFO -   testCardProp-Param.vcf: last_modified=2025-03-28 12:15:33.316049
2025-04-04 08:13:54,628 - INFO -   testCardProp-simpleVal.vcf: last_modified=2025-03-28 12:15:34.107049
2025-04-04 08:13:54,628 - INFO -   testCard-SimpleFold2.vcf: last_modified=2025-03-28 12:15:33.214049
2025-04-04 08:13:54,628 - INFO -   testCardMin.vcf: last_modified=2025-03-28 12:15:33.562049
2025-04-04 08:13:54,628 - INFO -   mmmm.vcf: last_modified=2025-03-28 12:18:48.658144
2025-04-04 08:13:54,628 - INFO -   testCard-Ann.vcf: last_modified=2025-03-28 12:15:32.944049
2025-04-04 08:13:54,628 - INFO -   testCardProps-Params.vcf: last_modified=2025-03-28 12:15:32.591049
2025-04-04 08:13:54,628 - INFO -   testCard-BdayTime.vcf: last_modified=2025-03-28 12:15:32.684049
2025-04-04 08:13:54,628 - INFO -   testCardProps-simpleVal.vcf: last_modified=2025-03-28 12:15:33.163049
2025-04-04 08:13:54,628 - INFO -   testCard-BdayText.vcf: last_modified=2025-03-28 12:15:33.772049
2025-04-04 08:13:54,628 - INFO -   testCardProp-ParamsVals.vcf: last_modified=2025-03-28 12:15:33.041049
2025-04-04 08:13:54,628 - INFO -   nnnn.vcf: last_modified=2025-03-28 12:28:54.030319
2025-04-04 08:13:54,628 - INFO -   testCard-bothDT.vcf: last_modified=2025-03-28 12:15:33.095049
2025-04-04 08:13:54,628 - INFO -   borninjune.vcf: last_modified=2025-04-03 13:32:08.262929
2025-04-04 08:13:54,628 - INFO -   testCardProps-compVal.vcf: last_modified=2025-03-28 12:15:32.410049
2025-04-04 08:13:54,628 - INFO -   testCard-SimpleFold1.vcf: last_modified=2025-03-28 12:15:33.623049
2025-04-04 08:13:54,628 - INFO - Card cache refresh complete. Valid cards: ['testCardN-compVal.vcf', 'testCardProps-Groups.vcf', 'editable.vcf', 'testCardProp-Param.vcf', 'testCardProp-simpleVal.vcf', 'testCard-SimpleFold2.vcf', 'testCardMin.vcf', 'mmmm.vcf', 'testCard-Ann.vcf', 'testCardProps-Params.vcf', 'testCard-BdayTime.vcf', 'testCardProps-simpleVal.vcf', 'testCard-BdayText.vcf', 'testCardProp-ParamsVals.vcf', 'nnnn.vcf', 'testCard-bothDT.vcf', 'borninjune.vcf', 'testCardProps-compVal.vcf', 'testCard-SimpleFold1.vcf']
2025-04-04 08:13:54,628 - INFO - No database connection, skipping sync
2025-04-04 08:13:54,628 - INFO - Found 19 valid vCard files
2025-04-04 08:13:54,628 - DEBUG - Updating: filename
2025-04-04 08:13:54,628 - DEBUG - Form field changed
2025-04-04 08:13:54,628 - DEBUG - Updating: contact_name
2025-04-04 08:13:54,628 - DEBUG - Form field changed
2025-04-04 08:13:54,628 - DEBUG - Updating: None
2025-04-04 08:13:54,628 - DEBUG - Updating: None
2025-04-04 08:13:54,628 - DEBUG - Updating: None
2025-04-04 08:13:54,628 - DEBUG - Updating: None
2025-04-04 08:13:54,628 - DEBUG - Updating: None
2025-04-04 08:13:54,628 - DEBUG - Updating: None
2025-04-04 08:13:54,628 - DEBUG - Updating: None
2025-04-04 08:13:54,628 - DEBUG - Updating: filename
2025-04-04 08:13:54,628 - DEBUG - Updating: contact_name
2025-04-04 08:13:54,628 - DEBUG - Form field changed
2025-04-04 08:13:54,628 - DEBUG - Updating: birthday
2025-04-04 08:13:54,629 - DEBUG - Updating: anniversary
2025-04-04 08:13:54,629 - DEBUG - Updating: other_props
2025-04-04 08:13:54,629 - DEBUG - Updating: None
2025-04-04 08:13:54,629 - DEBUG - Updating: None
2025-04-04 08:13:54,629 - DEBUG - Updating: None
2025-04-04 08:13:54,629 - DEBUG - Updating: None
2025-04-04 08:13:54,629 - DEBUG - Updating: None
2025-04-04 08:13:54,629 - DEBUG - Updating: None
2025-04-04 08:13:54,629 - DEBUG - Updating: username
2025-04-04 08:13:54,629 - DEBUG - Updating: password
2025-04-04 08:13:54,629 - DEBUG - Updating: database
2025-04-04 08:13:54,629 - DEBUG - Updating: None
2025-04-04 08:13:54,629 - DEBUG - Updating: None
2025-04-04 08:13:54,629 - DEBUG - Updating: None
2025-04-04 08:13:54,629 - DEBUG - Updating: None
2025-04-04 08:13:54,629 - DEBUG - Updating: None
2025-04-04 08:13:54,629 - DEBUG - Updating: None
2025-04-04 08:13:54,629 - DEBUG - Updating: username
2025-04-04 08:13:54,629 - DEBUG - Updating: password
2025-04-04 08:13:54,629 - DEBUG - Updating: database
2025-04-04 08:13:54,629 - DEBUG - Updating: None
2025-04-04 08:13:54,629 - DEBUG - Widget blur: <asciimatics.widgets.label.Label object at 0xffff80133d30>
2025-04-04 08:13:54,629 - DEBUG - Widget blur: <asciimatics.widgets.label.Label object at 0xffff8016c110>
2025-04-04 08:13:54,629 - DEBUG - Widget blur: <asciimatics.widgets.text.Text object at 0xffff80b33b50>
2025-04-04 08:13:54,629 - DEBUG - Widget blur: <asciimatics.widgets.text.Text object at 0xffff80bd7880>
2025-04-04 08:13:54,629 - DEBUG - Widget blur: <asciimatics.widgets.text.Text object at 0xffff80bd76a0>
2025-04-04 08:13:54,629 - DEBUG - Widget blur: <asciimatics.widgets.label.Label object at 0xffff8016c380>
2025-04-04 08:13:54,629 - DEBUG - Blur: <asciimatics.widgets.layout.Layout object at 0xffff80160460>
2025-04-04 08:13:54,629 - DEBUG - Updating: None
2025-04-04 08:13:54,629 - DEBUG - Updating: None
2025-04-04 08:13:54,629 - DEBUG - Widget blur: <asciimatics.widgets.button.Button object at 0xffff80154820>
2025-04-04 08:13:54,629 - DEBUG - Widget blur: <asciimatics.widgets.button.Button object at 0xffff80154900>
2025-04-04 08:13:54,629 - DEBUG - Blur: <asciimatics.widgets.layout.Layout object at 0xffff801604c0>
2025-04-04 08:13:54,629 - DEBUG - Updating: None
2025-04-04 08:13:54,629 - DEBUG - Widget blur: <asciimatics.widgets.label.Label object at 0xffff8016c1e0>
2025-04-04 08:13:54,629 - DEBUG - Blur: <asciimatics.widgets.layout.Layout object at 0xffff80160520>
2025-04-04 08:13:54,629 - DEBUG - Focus: <asciimatics.widgets.layout.Layout object at 0xffff80160460>
2025-04-04 08:13:54,629 - DEBUG - Widget focus: <asciimatics.widgets.text.Text object at 0xffff80b33b50>
2025-04-04 08:13:54,629 - DEBUG - Cloning: Login to Database
2025-04-04 08:13:54,629 - DEBUG - Updating: None
2025-04-04 08:13:54,629 - DEBUG - Updating: None
2025-04-04 08:13:54,629 - DEBUG - Updating: username
2025-04-04 08:13:54,629 - DEBUG - Updating: password
2025-04-04 08:13:54,629 - DEBUG - Updating: database
2025-04-04 08:13:54,629 - DEBUG - Updating: None
2025-04-04 08:13:54,629 - DEBUG - Updating: None
2025-04-04 08:13:54,629 - DEBUG - Updating: None
2025-04-04 08:13:54,629 - DEBUG - Updating: None
2025-04-04 08:13:54,629 - DEBUG - Updating: None
2025-04-04 08:13:54,629 - DEBUG - Updating: None
2025-04-04 08:13:54,629 - DEBUG - Updating: username
2025-04-04 08:13:54,629 - DEBUG - Updating: password
2025-04-04 08:13:54,629 - DEBUG - Updating: database
2025-04-04 08:13:54,629 - DEBUG - Updating: None
2025-04-04 08:13:54,629 - DEBUG - Updating: None
2025-04-04 08:13:54,629 - DEBUG - Updating: None
2025-04-04 08:13:54,629 - DEBUG - Updating: None
2025-04-04 08:13:55,515 - DEBUG - Processing key: 6d
2025-04-04 08:13:55,516 - DEBUG - Returning key: 6d
2025-04-04 08:13:55,516 - DEBUG - New event: KeyboardEvent: 109
2025-04-04 08:13:55,516 - DEBUG - Focus: <asciimatics.widgets.layout.Layout object at 0xffff80160460>
2025-04-04 08:13:55,516 - DEBUG - Layout event: <asciimatics.widgets.layout.Layout object at 0xffff80160460> KeyboardEvent: 109
2025-04-04 08:13:55,516 - DEBUG - Current widget left event: None
2025-04-04 08:13:55,670 - DEBUG - Processing key: 72
2025-04-04 08:13:55,670 - DEBUG - Returning key: 72
2025-04-04 08:13:55,670 - DEBUG - New event: KeyboardEvent: 114
2025-04-04 08:13:55,670 - DEBUG - Layout event: <asciimatics.widgets.layout.Layout object at 0xffff80160460> KeyboardEvent: 114
2025-04-04 08:13:55,670 - DEBUG - Current widget left event: None
2025-04-04 08:13:55,826 - DEBUG - Processing key: 61
2025-04-04 08:13:55,826 - DEBUG - Returning key: 61
2025-04-04 08:13:55,826 - DEBUG - New event: KeyboardEvent: 97
2025-04-04 08:13:55,826 - DEBUG - Layout event: <asciimatics.widgets.layout.Layout object at 0xffff80160460> KeyboardEvent: 97
2025-04-04 08:13:55,826 - DEBUG - Current widget left event: None
2025-04-04 08:13:55,877 - DEBUG - Processing key: 73
2025-04-04 08:13:55,878 - DEBUG - Returning key: 73
2025-04-04 08:13:55,878 - DEBUG - New event: KeyboardEvent: 115
2025-04-04 08:13:55,878 - DEBUG - Layout event: <asciimatics.widgets.layout.Layout object at 0xffff80160460> KeyboardEvent: 115
2025-04-04 08:13:55,878 - DEBUG - Current widget left event: None
2025-04-04 08:13:56,034 - DEBUG - Processing key: 68
2025-04-04 08:13:56,034 - DEBUG - Returning key: 68
2025-04-04 08:13:56,035 - DEBUG - New event: KeyboardEvent: 104
2025-04-04 08:13:56,035 - DEBUG - Layout event: <asciimatics.widgets.layout.Layout object at 0xffff80160460> KeyboardEvent: 104
2025-04-04 08:13:56,035 - DEBUG - Current widget left event: None
2025-04-04 08:13:56,195 - DEBUG - Processing key: 61
2025-04-04 08:13:56,196 - DEBUG - Returning key: 61
2025-04-04 08:13:56,196 - DEBUG - New event: KeyboardEvent: 97
2025-04-04 08:13:56,196 - DEBUG - Layout event: <asciimatics.widgets.layout.Layout object at 0xffff80160460> KeyboardEvent: 97
2025-04-04 08:13:56,196 - DEBUG - Current widget left event: None
2025-04-04 08:13:56,246 - DEBUG - Processing key: 68
2025-04-04 08:13:56,246 - DEBUG - Returning key: 68
2025-04-04 08:13:56,246 - DEBUG - New event: KeyboardEvent: 104
2025-04-04 08:13:56,246 - DEBUG - Layout event: <asciimatics.widgets.layout.Layout object at 0xffff80160460> KeyboardEvent: 104
2025-04-04 08:13:56,246 - DEBUG - Current widget left event: None
2025-04-04 08:13:56,453 - DEBUG - Processing key: 6d
2025-04-04 08:13:56,453 - DEBUG - Returning key: 6d
2025-04-04 08:13:56,453 - DEBUG - New event: KeyboardEvent: 109
2025-04-04 08:13:56,453 - DEBUG - Layout event: <asciimatics.widgets.layout.Layout object at 0xffff80160460> KeyboardEvent: 109
2025-04-04 08:13:56,453 - DEBUG - Current widget left event: None
2025-04-04 08:13:56,504 - DEBUG - Processing key: 9
2025-04-04 08:13:56,504 - DEBUG - Returning key: 9
2025-04-04 08:13:56,504 - DEBUG - New event: KeyboardEvent: -301
2025-04-04 08:13:56,504 - DEBUG - Layout event: <asciimatics.widgets.layout.Layout object at 0xffff80160460> KeyboardEvent: -301
2025-04-04 08:13:56,504 - DEBUG - Widget blur: <asciimatics.widgets.text.Text object at 0xffff80b33b50>
2025-04-04 08:13:56,504 - DEBUG - Widget focus: <asciimatics.widgets.text.Text object at 0xffff80bd7880>
2025-04-04 08:13:56,504 - DEBUG - Current widget left event: None
2025-04-04 08:13:57,204 - DEBUG - Processing key: 31
2025-04-04 08:13:57,204 - DEBUG - Returning key: 31
2025-04-04 08:13:57,204 - DEBUG - New event: KeyboardEvent: 49
2025-04-04 08:13:57,204 - DEBUG - Layout event: <asciimatics.widgets.layout.Layout object at 0xffff80160460> KeyboardEvent: 49
2025-04-04 08:13:57,204 - DEBUG - Current widget left event: None
2025-04-04 08:13:57,509 - DEBUG - Processing key: 32
2025-04-04 08:13:57,509 - DEBUG - Returning key: 32
2025-04-04 08:13:57,509 - DEBUG - New event: KeyboardEvent: 50
2025-04-04 08:13:57,509 - DEBUG - Layout event: <asciimatics.widgets.layout.Layout object at 0xffff80160460> KeyboardEvent: 50
2025-04-04 08:13:57,509 - DEBUG - Current widget left event: None
2025-04-04 08:13:57,715 - DEBUG - Processing key: 35
2025-04-04 08:13:57,715 - DEBUG - Returning key: 35
2025-04-04 08:13:57,715 - DEBUG - New event: KeyboardEvent: 53
2025-04-04 08:13:57,716 - DEBUG - Layout event: <asciimatics.widgets.layout.Layout object at 0xffff80160460> KeyboardEvent: 53
2025-04-04 08:13:57,716 - DEBUG - Current widget left event: None
2025-04-04 08:13:57,974 - DEBUG - Processing key: 30
2025-04-04 08:13:57,975 - DEBUG - Returning key: 30
2025-04-04 08:13:57,975 - DEBUG - New event: KeyboardEvent: 48
2025-04-04 08:13:57,975 - DEBUG - Layout event: <asciimatics.widgets.layout.Layout object at 0xffff80160460> KeyboardEvent: 48
2025-04-04 08:13:57,975 - DEBUG - Current widget left event: None
2025-04-04 08:13:58,192 - DEBUG - Processing key: 34
2025-04-04 08:13:58,193 - DEBUG - Returning key: 34
2025-04-04 08:13:58,193 - DEBUG - New event: KeyboardEvent: 52
2025-04-04 08:13:58,193 - DEBUG - Layout event: <asciimatics.widgets.layout.Layout object at 0xffff80160460> KeyboardEvent: 52
2025-04-04 08:13:58,193 - DEBUG - Current widget left event: None
2025-04-04 08:13:58,407 - DEBUG - Processing key: 35
2025-04-04 08:13:58,407 - DEBUG - Returning key: 35
2025-04-04 08:13:58,407 - DEBUG - New event: KeyboardEvent: 53
2025-04-04 08:13:58,407 - DEBUG - Layout event: <asciimatics.widgets.layout.Layout object at 0xffff80160460> KeyboardEvent: 53
2025-04-04 08:13:58,407 - DEBUG - Current widget left event: None
2025-04-04 08:13:58,613 - DEBUG - Processing key: 39
2025-04-04 08:13:58,613 - DEBUG - Returning key: 39
2025-04-04 08:13:58,613 - DEBUG - New event: KeyboardEvent: 57
2025-04-04 08:13:58,614 - DEBUG - Layout event: <asciimatics.widgets.layout.Layout object at 0xffff80160460> KeyboardEvent: 57
2025-04-04 08:13:58,614 - DEBUG - Current widget left event: None
2025-04-04 08:13:58,765 - DEBUG - Processing key: 9
2025-04-04 08:13:58,765 - DEBUG - Returning key: 9
2025-04-04 08:13:58,765 - DEBUG - New event: KeyboardEvent: -301
2025-04-04 08:13:58,765 - DEBUG - Layout event: <asciimatics.widgets.layout.Layout object at 0xffff80160460> KeyboardEvent: -301
2025-04-04 08:13:58,765 - DEBUG - Widget blur: <asciimatics.widgets.text.Text object at 0xffff80bd7880>
2025-04-04 08:13:58,765 - DEBUG - Widget focus: <asciimatics.widgets.text.Text object at 0xffff80bd76a0>
2025-04-04 08:13:58,765 - DEBUG - Current widget left event: None
2025-04-04 08:13:59,619 - DEBUG - Processing key: 6d
2025-04-04 08:13:59,621 - DEBUG - Returning key: 6d
2025-04-04 08:13:59,621 - DEBUG - New event: KeyboardEvent: 109
2025-04-04 08:13:59,621 - DEBUG - Layout event: <asciimatics.widgets.layout.Layout object at 0xffff80160460> KeyboardEvent: 109
2025-04-04 08:13:59,621 - DEBUG - Current widget left event: None
2025-04-04 08:13:59,881 - DEBUG - Processing key: 72
2025-04-04 08:13:59,882 - DEBUG - Returning key: 72
2025-04-04 08:13:59,883 - DEBUG - New event: KeyboardEvent: 114
2025-04-04 08:13:59,883 - DEBUG - Layout event: <asciimatics.widgets.layout.Layout object at 0xffff80160460> KeyboardEvent: 114
2025-04-04 08:13:59,883 - DEBUG - Current widget left event: None
2025-04-04 08:14:00,155 - DEBUG - Processing key: 61
2025-04-04 08:14:00,155 - DEBUG - Returning key: 61
2025-04-04 08:14:00,155 - DEBUG - New event: KeyboardEvent: 97
2025-04-04 08:14:00,155 - DEBUG - Layout event: <asciimatics.widgets.layout.Layout object at 0xffff80160460> KeyboardEvent: 97
2025-04-04 08:14:00,155 - DEBUG - Current widget left event: None
2025-04-04 08:14:00,205 - DEBUG - Processing key: 73
2025-04-04 08:14:00,206 - DEBUG - Returning key: 73
2025-04-04 08:14:00,206 - DEBUG - New event: KeyboardEvent: 115
2025-04-04 08:14:00,206 - DEBUG - Layout event: <asciimatics.widgets.layout.Layout object at 0xffff80160460> KeyboardEvent: 115
2025-04-04 08:14:00,206 - DEBUG - Current widget left event: None
2025-04-04 08:14:00,359 - DEBUG - Processing key: 68
2025-04-04 08:14:00,359 - DEBUG - Returning key: 68
2025-04-04 08:14:00,359 - DEBUG - New event: KeyboardEvent: 104
2025-04-04 08:14:00,359 - DEBUG - Layout event: <asciimatics.widgets.layout.Layout object at 0xffff80160460> KeyboardEvent: 104
2025-04-04 08:14:00,359 - DEBUG - Current widget left event: None
2025-04-04 08:14:00,570 - DEBUG - Processing key: 61
2025-04-04 08:14:00,570 - DEBUG - Returning key: 61
2025-04-04 08:14:00,570 - DEBUG - New event: KeyboardEvent: 97
2025-04-04 08:14:00,570 - DEBUG - Layout event: <asciimatics.widgets.layout.Layout object at 0xffff80160460> KeyboardEvent: 97
2025-04-04 08:14:00,570 - DEBUG - Current widget left event: None
2025-04-04 08:14:00,621 - DEBUG - Processing key: 68
2025-04-04 08:14:00,621 - DEBUG - Returning key: 68
2025-04-04 08:14:00,621 - DEBUG - New event: KeyboardEvent: 104
2025-04-04 08:14:00,621 - DEBUG - Layout event: <asciimatics.widgets.layout.Layout object at 0xffff80160460> KeyboardEvent: 104
2025-04-04 08:14:00,621 - DEBUG - Current widget left event: None
2025-04-04 08:14:00,827 - DEBUG - Processing key: 6d
2025-04-04 08:14:00,828 - DEBUG - Returning key: 6d
2025-04-04 08:14:00,828 - DEBUG - New event: KeyboardEvent: 109
2025-04-04 08:14:00,828 - DEBUG - Layout event: <asciimatics.widgets.layout.Layout object at 0xffff80160460> KeyboardEvent: 109
2025-04-04 08:14:00,828 - DEBUG - Current widget left event: None
2025-04-04 08:14:01,475 - DEBUG - Processing key: 102
2025-04-04 08:14:01,475 - DEBUG - Returning key: 102
2025-04-04 08:14:01,475 - DEBUG - New event: KeyboardEvent: -206
2025-04-04 08:14:01,475 - DEBUG - Layout event: <asciimatics.widgets.layout.Layout object at 0xffff80160460> KeyboardEvent: -206
2025-04-04 08:14:01,475 - DEBUG - Current widget left event: KeyboardEvent: -206
2025-04-04 08:14:01,475 - DEBUG - Blur: <asciimatics.widgets.layout.Layout object at 0xffff80160460>
2025-04-04 08:14:01,476 - DEBUG - Widget blur: <asciimatics.widgets.text.Text object at 0xffff80bd76a0>
2025-04-04 08:14:01,476 - DEBUG - Focus: <asciimatics.widgets.layout.Layout object at 0xffff801604c0>
2025-04-04 08:14:01,476 - DEBUG - Widget focus: <asciimatics.widgets.button.Button object at 0xffff80154820>
2025-04-04 08:14:01,793 - DEBUG - Processing key: a
2025-04-04 08:14:01,793 - DEBUG - Returning key: a
2025-04-04 08:14:01,793 - DEBUG - New event: KeyboardEvent: 10
2025-04-04 08:14:01,793 - DEBUG - Layout event: <asciimatics.widgets.layout.Layout object at 0xffff801604c0> KeyboardEvent: 10
2025-04-04 08:14:02,074 - DEBUG - Updating: files
2025-04-04 08:14:02,075 - DEBUG - Updating: None
2025-04-04 08:14:02,075 - DEBUG - Updating: None
2025-04-04 08:14:02,075 - DEBUG - Updating: None
2025-04-04 08:14:02,075 - DEBUG - Updating: None
2025-04-04 08:14:02,075 - DEBUG - Updating: None
2025-04-04 08:14:02,076 - DEBUG - Updating: files
2025-04-04 08:14:02,076 - DEBUG - Widget blur: <asciimatics.widgets.listbox.ListBox object at 0xffff80134b00>
2025-04-04 08:14:02,076 - DEBUG - Blur: <asciimatics.widgets.layout.Layout object at 0xffff801605e0>
2025-04-04 08:14:02,076 - DEBUG - Updating: None
2025-04-04 08:14:02,076 - DEBUG - Updating: None
2025-04-04 08:14:02,076 - DEBUG - Updating: None
2025-04-04 08:14:02,076 - DEBUG - Updating: None
2025-04-04 08:14:02,076 - DEBUG - Widget blur: <asciimatics.widgets.button.Button object at 0xffff801549e0>
2025-04-04 08:14:02,076 - DEBUG - Widget blur: <asciimatics.widgets.button.Button object at 0xffff80154ac0>
2025-04-04 08:14:02,076 - DEBUG - Widget blur: <asciimatics.widgets.button.Button object at 0xffff80154ba0>
2025-04-04 08:14:02,076 - DEBUG - Widget blur: <asciimatics.widgets.button.Button object at 0xffff80154c80>
2025-04-04 08:14:02,077 - DEBUG - Blur: <asciimatics.widgets.layout.Layout object at 0xffff80160640>
2025-04-04 08:14:02,077 - DEBUG - Updating: None
2025-04-04 08:14:02,077 - DEBUG - Widget blur: <asciimatics.widgets.label.Label object at 0xffff8016c2b0>
2025-04-04 08:14:02,077 - DEBUG - Blur: <asciimatics.widgets.layout.Layout object at 0xffff80160580>
2025-04-04 08:14:02,077 - DEBUG - Focus: <asciimatics.widgets.layout.Layout object at 0xffff801605e0>
2025-04-04 08:14:02,077 - DEBUG - Widget focus: <asciimatics.widgets.listbox.ListBox object at 0xffff80134b00>
2025-04-04 08:14:03,193 - DEBUG - New event: MouseEvent (51, 9) 0
2025-04-04 08:14:03,194 - DEBUG - Layout event: <asciimatics.widgets.layout.Layout object at 0xffff801605e0> MouseEvent (51, 9) 0
2025-04-04 08:14:03,194 - DEBUG - Check layout: 51, 9
2025-04-04 08:14:03,194 - DEBUG - Current widget left event: MouseEvent (51, 9) 0
2025-04-04 08:14:03,194 - DEBUG - Layout event: <asciimatics.widgets.layout.Layout object at 0xffff801605e0> MouseEvent (51, 9) 0
2025-04-04 08:14:03,194 - DEBUG - Check layout: 51, 9
2025-04-04 08:14:03,194 - DEBUG - Layout event: <asciimatics.widgets.layout.Layout object at 0xffff80160640> MouseEvent (51, 9) 0
2025-04-04 08:14:03,194 - DEBUG - Check layout: 51, 9
2025-04-04 08:14:03,194 - DEBUG - Layout event: <asciimatics.widgets.layout.Layout object at 0xffff80160580> MouseEvent (51, 9) 0
2025-04-04 08:14:03,244 - DEBUG - New event: MouseEvent (51, 9) 0
2025-04-04 08:14:03,244 - DEBUG - Layout event: <asciimatics.widgets.layout.Layout object at 0xffff801605e0> MouseEvent (51, 9) 0
2025-04-04 08:14:03,244 - DEBUG - Check layout: 51, 9
2025-04-04 08:14:03,244 - DEBUG - Current widget left event: MouseEvent (51, 9) 0
2025-04-04 08:14:03,244 - DEBUG - Layout event: <asciimatics.widgets.layout.Layout object at 0xffff801605e0> MouseEvent (51, 9) 0
2025-04-04 08:14:03,244 - DEBUG - Check layout: 51, 9
2025-04-04 08:14:03,244 - DEBUG - Layout event: <asciimatics.widgets.layout.Layout object at 0xffff80160640> MouseEvent (51, 9) 0
2025-04-04 08:14:03,244 - DEBUG - Check layout: 51, 9
2025-04-04 08:14:03,244 - DEBUG - Layout event: <asciimatics.widgets.layout.Layout object at 0xffff80160580> MouseEvent (51, 9) 0
2025-04-04 08:14:03,244 - DEBUG - New event: MouseEvent (51, 9) 0
2025-04-04 08:14:03,244 - DEBUG - Layout event: <asciimatics.widgets.layout.Layout object at 0xffff801605e0> MouseEvent (51, 9) 0
2025-04-04 08:14:03,244 - DEBUG - Check layout: 51, 9
2025-04-04 08:14:03,244 - DEBUG - Current widget left event: MouseEvent (51, 9) 0
2025-04-04 08:14:03,244 - DEBUG - Layout event: <asciimatics.widgets.layout.Layout object at 0xffff801605e0> MouseEvent (51, 9) 0
2025-04-04 08:14:03,244 - DEBUG - Check layout: 51, 9
2025-04-04 08:14:03,244 - DEBUG - Layout event: <asciimatics.widgets.layout.Layout object at 0xffff80160640> MouseEvent (51, 9) 0
2025-04-04 08:14:03,244 - DEBUG - Check layout: 51, 9
2025-04-04 08:14:03,244 - DEBUG - Layout event: <asciimatics.widgets.layout.Layout object at 0xffff80160580> MouseEvent (51, 9) 0
2025-04-04 08:14:03,244 - DEBUG - New event: MouseEvent (51, 9) 0
2025-04-04 08:14:03,244 - DEBUG - Layout event: <asciimatics.widgets.layout.Layout object at 0xffff801605e0> MouseEvent (51, 9) 0
2025-04-04 08:14:03,244 - DEBUG - Check layout: 51, 9
2025-04-04 08:14:03,245 - DEBUG - Current widget left event: MouseEvent (51, 9) 0
2025-04-04 08:14:03,245 - DEBUG - Layout event: <asciimatics.widgets.layout.Layout object at 0xffff801605e0> MouseEvent (51, 9) 0
2025-04-04 08:14:03,245 - DEBUG - Check layout: 51, 9
2025-04-04 08:14:03,245 - DEBUG - Layout event: <asciimatics.widgets.layout.Layout object at 0xffff80160640> MouseEvent (51, 9) 0
2025-04-04 08:14:03,245 - DEBUG - Check layout: 51, 9
2025-04-04 08:14:03,245 - DEBUG - Layout event: <asciimatics.widgets.layout.Layout object at 0xffff80160580> MouseEvent (51, 9) 0
2025-04-04 08:14:03,245 - DEBUG - New event: MouseEvent (51, 9) 0
2025-04-04 08:14:03,245 - DEBUG - Layout event: <asciimatics.widgets.layout.Layout object at 0xffff801605e0> MouseEvent (51, 9) 0
2025-04-04 08:14:03,245 - DEBUG - Check layout: 51, 9
2025-04-04 08:14:03,245 - DEBUG - Current widget left event: MouseEvent (51, 9) 0
2025-04-04 08:14:03,245 - DEBUG - Layout event: <asciimatics.widgets.layout.Layout object at 0xffff801605e0> MouseEvent (51, 9) 0
2025-04-04 08:14:03,245 - DEBUG - Check layout: 51, 9
2025-04-04 08:14:03,245 - DEBUG - Layout event: <asciimatics.widgets.layout.Layout object at 0xffff80160640> MouseEvent (51, 9) 0
2025-04-04 08:14:03,245 - DEBUG - Check layout: 51, 9
2025-04-04 08:14:03,245 - DEBUG - Layout event: <asciimatics.widgets.layout.Layout object at 0xffff80160580> MouseEvent (51, 9) 0
2025-04-04 08:14:03,246 - DEBUG - New event: MouseEvent (51, 9) 0
2025-04-04 08:14:03,246 - DEBUG - Layout event: <asciimatics.widgets.layout.Layout object at 0xffff801605e0> MouseEvent (51, 9) 0
2025-04-04 08:14:03,246 - DEBUG - Check layout: 51, 9
2025-04-04 08:14:03,246 - DEBUG - Current widget left event: MouseEvent (51, 9) 0
2025-04-04 08:14:03,246 - DEBUG - Layout event: <asciimatics.widgets.layout.Layout object at 0xffff801605e0> MouseEvent (51, 9) 0
2025-04-04 08:14:03,246 - DEBUG - Check layout: 51, 9
2025-04-04 08:14:03,246 - DEBUG - Layout event: <asciimatics.widgets.layout.Layout object at 0xffff80160640> MouseEvent (51, 9) 0
2025-04-04 08:14:03,246 - DEBUG - Check layout: 51, 9
2025-04-04 08:14:03,246 - DEBUG - Layout event: <asciimatics.widgets.layout.Layout object at 0xffff80160580> MouseEvent (51, 9) 0
2025-04-04 08:14:03,295 - DEBUG - New event: MouseEvent (51, 9) 0
2025-04-04 08:14:03,295 - DEBUG - Layout event: <asciimatics.widgets.layout.Layout object at 0xffff801605e0> MouseEvent (51, 9) 0
2025-04-04 08:14:03,295 - DEBUG - Check layout: 51, 9
2025-04-04 08:14:03,295 - DEBUG - Current widget left event: MouseEvent (51, 9) 0
2025-04-04 08:14:03,295 - DEBUG - Layout event: <asciimatics.widgets.layout.Layout object at 0xffff801605e0> MouseEvent (51, 9) 0
2025-04-04 08:14:03,295 - DEBUG - Check layout: 51, 9
2025-04-04 08:14:03,295 - DEBUG - Layout event: <asciimatics.widgets.layout.Layout object at 0xffff80160640> MouseEvent (51, 9) 0
2025-04-04 08:14:03,295 - DEBUG - Check layout: 51, 9
2025-04-04 08:14:03,295 - DEBUG - Layout event: <asciimatics.widgets.layout.Layout object at 0xffff80160580> MouseEvent (51, 9) 0
2025-04-04 08:14:03,295 - DEBUG - New event: MouseEvent (51, 9) 0
2025-04-04 08:14:03,295 - DEBUG - Layout event: <asciimatics.widgets.layout.Layout object at 0xffff801605e0> MouseEvent (51, 9) 0
2025-04-04 08:14:03,295 - DEBUG - Check layout: 51, 9
2025-04-04 08:14:03,295 - DEBUG - Current widget left event: MouseEvent (51, 9) 0
2025-04-04 08:14:03,295 - DEBUG - Layout event: <asciimatics.widgets.layout.Layout object at 0xffff801605e0> MouseEvent (51, 9) 0
2025-04-04 08:14:03,295 - DEBUG - Check layout: 51, 9
2025-04-04 08:14:03,295 - DEBUG - Layout event: <asciimatics.widgets.layout.Layout object at 0xffff80160640> MouseEvent (51, 9) 0
2025-04-04 08:14:03,295 - DEBUG - Check layout: 51, 9
2025-04-04 08:14:03,295 - DEBUG - Layout event: <asciimatics.widgets.layout.Layout object at 0xffff80160580> MouseEvent (51, 9) 0
2025-04-04 08:14:03,295 - DEBUG - New event: MouseEvent (51, 9) 0
2025-04-04 08:14:03,295 - DEBUG - Layout event: <asciimatics.widgets.layout.Layout object at 0xffff801605e0> MouseEvent (51, 9) 0
2025-04-04 08:14:03,295 - DEBUG - Check layout: 51, 9
2025-04-04 08:14:03,295 - DEBUG - Current widget left event: MouseEvent (51, 9) 0
2025-04-04 08:14:03,295 - DEBUG - Layout event: <asciimatics.widgets.layout.Layout object at 0xffff801605e0> MouseEvent (51, 9) 0
2025-04-04 08:14:03,295 - DEBUG - Check layout: 51, 9
2025-04-04 08:14:03,295 - DEBUG - Layout event: <asciimatics.widgets.layout.Layout object at 0xffff80160640> MouseEvent (51, 9) 0
2025-04-04 08:14:03,295 - DEBUG - Check layout: 51, 9
2025-04-04 08:14:03,295 - DEBUG - Layout event: <asciimatics.widgets.layout.Layout object at 0xffff80160580> MouseEvent (51, 9) 0
2025-04-04 08:14:03,295 - DEBUG - New event: MouseEvent (51, 9) 0
2025-04-04 08:14:03,295 - DEBUG - Layout event: <asciimatics.widgets.layout.Layout object at 0xffff801605e0> MouseEvent (51, 9) 0
2025-04-04 08:14:03,295 - DEBUG - Check layout: 51, 9
2025-04-04 08:14:03,295 - DEBUG - Current widget left event: MouseEvent (51, 9) 0
2025-04-04 08:14:03,296 - DEBUG - Layout event: <asciimatics.widgets.layout.Layout object at 0xffff801605e0> MouseEvent (51, 9) 0
2025-04-04 08:14:03,296 - DEBUG - Check layout: 51, 9
2025-04-04 08:14:03,296 - DEBUG - Layout event: <asciimatics.widgets.layout.Layout object at 0xffff80160640> MouseEvent (51, 9) 0
2025-04-04 08:14:03,296 - DEBUG - Check layout: 51, 9
2025-04-04 08:14:03,296 - DEBUG - Layout event: <asciimatics.widgets.layout.Layout object at 0xffff80160580> MouseEvent (51, 9) 0
2025-04-04 08:14:03,296 - DEBUG - New event: MouseEvent (51, 9) 0
2025-04-04 08:14:03,296 - DEBUG - Layout event: <asciimatics.widgets.layout.Layout object at 0xffff801605e0> MouseEvent (51, 9) 0
2025-04-04 08:14:03,296 - DEBUG - Check layout: 51, 9
2025-04-04 08:14:03,296 - DEBUG - Current widget left event: MouseEvent (51, 9) 0
2025-04-04 08:14:03,296 - DEBUG - Layout event: <asciimatics.widgets.layout.Layout object at 0xffff801605e0> MouseEvent (51, 9) 0
2025-04-04 08:14:03,296 - DEBUG - Check layout: 51, 9
2025-04-04 08:14:03,296 - DEBUG - Layout event: <asciimatics.widgets.layout.Layout object at 0xffff80160640> MouseEvent (51, 9) 0
2025-04-04 08:14:03,296 - DEBUG - Check layout: 51, 9
2025-04-04 08:14:03,296 - DEBUG - Layout event: <asciimatics.widgets.layout.Layout object at 0xffff80160580> MouseEvent (51, 9) 0
2025-04-04 08:14:03,296 - DEBUG - New event: MouseEvent (51, 9) 0
2025-04-04 08:14:03,296 - DEBUG - Layout event: <asciimatics.widgets.layout.Layout object at 0xffff801605e0> MouseEvent (51, 9) 0
2025-04-04 08:14:03,296 - DEBUG - Check layout: 51, 9
2025-04-04 08:14:03,296 - DEBUG - Current widget left event: MouseEvent (51, 9) 0
2025-04-04 08:14:03,296 - DEBUG - Layout event: <asciimatics.widgets.layout.Layout object at 0xffff801605e0> MouseEvent (51, 9) 0
2025-04-04 08:14:03,296 - DEBUG - Check layout: 51, 9
2025-04-04 08:14:03,296 - DEBUG - Layout event: <asciimatics.widgets.layout.Layout object at 0xffff80160640> MouseEvent (51, 9) 0
2025-04-04 08:14:03,296 - DEBUG - Check layout: 51, 9
2025-04-04 08:14:03,296 - DEBUG - Layout event: <asciimatics.widgets.layout.Layout object at 0xffff80160580> MouseEvent (51, 9) 0
2025-04-04 08:14:03,346 - DEBUG - New event: MouseEvent (51, 9) 0
2025-04-04 08:14:03,346 - DEBUG - Layout event: <asciimatics.widgets.layout.Layout object at 0xffff801605e0> MouseEvent (51, 9) 0
2025-04-04 08:14:03,346 - DEBUG - Check layout: 51, 9
2025-04-04 08:14:03,346 - DEBUG - Current widget left event: MouseEvent (51, 9) 0
2025-04-04 08:14:03,346 - DEBUG - Layout event: <asciimatics.widgets.layout.Layout object at 0xffff801605e0> MouseEvent (51, 9) 0
2025-04-04 08:14:03,346 - DEBUG - Check layout: 51, 9
2025-04-04 08:14:03,346 - DEBUG - Layout event: <asciimatics.widgets.layout.Layout object at 0xffff80160640> MouseEvent (51, 9) 0
2025-04-04 08:14:03,346 - DEBUG - Check layout: 51, 9
2025-04-04 08:14:03,346 - DEBUG - Layout event: <asciimatics.widgets.layout.Layout object at 0xffff80160580> MouseEvent (51, 9) 0
2025-04-04 08:14:03,346 - DEBUG - New event: MouseEvent (51, 9) 0
2025-04-04 08:14:03,346 - DEBUG - Layout event: <asciimatics.widgets.layout.Layout object at 0xffff801605e0> MouseEvent (51, 9) 0
2025-04-04 08:14:03,346 - DEBUG - Check layout: 51, 9
2025-04-04 08:14:03,346 - DEBUG - Current widget left event: MouseEvent (51, 9) 0
2025-04-04 08:14:03,346 - DEBUG - Layout event: <asciimatics.widgets.layout.Layout object at 0xffff801605e0> MouseEvent (51, 9) 0
2025-04-04 08:14:03,346 - DEBUG - Check layout: 51, 9
2025-04-04 08:14:03,346 - DEBUG - Layout event: <asciimatics.widgets.layout.Layout object at 0xffff80160640> MouseEvent (51, 9) 0
2025-04-04 08:14:03,346 - DEBUG - Check layout: 51, 9
2025-04-04 08:14:03,346 - DEBUG - Layout event: <asciimatics.widgets.layout.Layout object at 0xffff80160580> MouseEvent (51, 9) 0
2025-04-04 08:14:03,346 - DEBUG - New event: MouseEvent (51, 9) 0
2025-04-04 08:14:03,346 - DEBUG - Layout event: <asciimatics.widgets.layout.Layout object at 0xffff801605e0> MouseEvent (51, 9) 0
2025-04-04 08:14:03,346 - DEBUG - Check layout: 51, 9
2025-04-04 08:14:03,346 - DEBUG - Current widget left event: MouseEvent (51, 9) 0
2025-04-04 08:14:03,346 - DEBUG - Layout event: <asciimatics.widgets.layout.Layout object at 0xffff801605e0> MouseEvent (51, 9) 0
2025-04-04 08:14:03,346 - DEBUG - Check layout: 51, 9
2025-04-04 08:14:03,346 - DEBUG - Layout event: <asciimatics.widgets.layout.Layout object at 0xffff80160640> MouseEvent (51, 9) 0
2025-04-04 08:14:03,346 - DEBUG - Check layout: 51, 9
2025-04-04 08:14:03,346 - DEBUG - Layout event: <asciimatics.widgets.layout.Layout object at 0xffff80160580> MouseEvent (51, 9) 0
2025-04-04 08:14:03,346 - DEBUG - New event: MouseEvent (51, 9) 0
2025-04-04 08:14:03,346 - DEBUG - Layout event: <asciimatics.widgets.layout.Layout object at 0xffff801605e0> MouseEvent (51, 9) 0
2025-04-04 08:14:03,346 - DEBUG - Check layout: 51, 9
2025-04-04 08:14:03,346 - DEBUG - Current widget left event: MouseEvent (51, 9) 0
2025-04-04 08:14:03,346 - DEBUG - Layout event: <asciimatics.widgets.layout.Layout object at 0xffff801605e0> MouseEvent (51, 9) 0
2025-04-04 08:14:03,346 - DEBUG - Check layout: 51, 9
2025-04-04 08:14:03,346 - DEBUG - Layout event: <asciimatics.widgets.layout.Layout object at 0xffff80160640> MouseEvent (51, 9) 0
2025-04-04 08:14:03,346 - DEBUG - Check layout: 51, 9
2025-04-04 08:14:03,346 - DEBUG - Layout event: <asciimatics.widgets.layout.Layout object at 0xffff80160580> MouseEvent (51, 9) 0
2025-04-04 08:14:03,346 - DEBUG - New event: MouseEvent (51, 9) 0
2025-04-04 08:14:03,346 - DEBUG - Layout event: <asciimatics.widgets.layout.Layout object at 0xffff801605e0> MouseEvent (51, 9) 0
2025-04-04 08:14:03,346 - DEBUG - Check layout: 51, 9
2025-04-04 08:14:03,346 - DEBUG - Current widget left event: MouseEvent (51, 9) 0
2025-04-04 08:14:03,346 - DEBUG - Layout event: <asciimatics.widgets.layout.Layout object at 0xffff801605e0> MouseEvent (51, 9) 0
2025-04-04 08:14:03,346 - DEBUG - Check layout: 51, 9
2025-04-04 08:14:03,346 - DEBUG - Layout event: <asciimatics.widgets.layout.Layout object at 0xffff80160640> MouseEvent (51, 9) 0
2025-04-04 08:14:03,346 - DEBUG - Check layout: 51, 9
2025-04-04 08:14:03,346 - DEBUG - Layout event: <asciimatics.widgets.layout.Layout object at 0xffff80160580> MouseEvent (51, 9) 0
2025-04-04 08:14:03,346 - DEBUG - New event: MouseEvent (51, 9) 0
2025-04-04 08:14:03,346 - DEBUG - Layout event: <asciimatics.widgets.layout.Layout object at 0xffff801605e0> MouseEvent (51, 9) 0
2025-04-04 08:14:03,346 - DEBUG - Check layout: 51, 9
2025-04-04 08:14:03,346 - DEBUG - Current widget left event: MouseEvent (51, 9) 0
2025-04-04 08:14:03,346 - DEBUG - Layout event: <asciimatics.widgets.layout.Layout object at 0xffff801605e0> MouseEvent (51, 9) 0
2025-04-04 08:14:03,346 - DEBUG - Check layout: 51, 9
2025-04-04 08:14:03,346 - DEBUG - Layout event: <asciimatics.widgets.layout.Layout object at 0xffff80160640> MouseEvent (51, 9) 0
2025-04-04 08:14:03,346 - DEBUG - Check layout: 51, 9
2025-04-04 08:14:03,346 - DEBUG - Layout event: <asciimatics.widgets.layout.Layout object at 0xffff80160580> MouseEvent (51, 9) 0
2025-04-04 08:14:03,397 - DEBUG - New event: MouseEvent (51, 9) 0
2025-04-04 08:14:03,397 - DEBUG - Layout event: <asciimatics.widgets.layout.Layout object at 0xffff801605e0> MouseEvent (51, 9) 0
2025-04-04 08:14:03,397 - DEBUG - Check layout: 51, 9
2025-04-04 08:14:03,397 - DEBUG - Current widget left event: MouseEvent (51, 9) 0
2025-04-04 08:14:03,397 - DEBUG - Layout event: <asciimatics.widgets.layout.Layout object at 0xffff801605e0> MouseEvent (51, 9) 0
2025-04-04 08:14:03,397 - DEBUG - Check layout: 51, 9
2025-04-04 08:14:03,397 - DEBUG - Layout event: <asciimatics.widgets.layout.Layout object at 0xffff80160640> MouseEvent (51, 9) 0
2025-04-04 08:14:03,397 - DEBUG - Check layout: 51, 9
2025-04-04 08:14:03,397 - DEBUG - Layout event: <asciimatics.widgets.layout.Layout object at 0xffff80160580> MouseEvent (51, 9) 0
2025-04-04 08:14:03,397 - DEBUG - New event: MouseEvent (51, 9) 0
2025-04-04 08:14:03,397 - DEBUG - Layout event: <asciimatics.widgets.layout.Layout object at 0xffff801605e0> MouseEvent (51, 9) 0
2025-04-04 08:14:03,397 - DEBUG - Check layout: 51, 9
2025-04-04 08:14:03,397 - DEBUG - Current widget left event: MouseEvent (51, 9) 0
2025-04-04 08:14:03,397 - DEBUG - Layout event: <asciimatics.widgets.layout.Layout object at 0xffff801605e0> MouseEvent (51, 9) 0
2025-04-04 08:14:03,397 - DEBUG - Check layout: 51, 9
2025-04-04 08:14:03,397 - DEBUG - Layout event: <asciimatics.widgets.layout.Layout object at 0xffff80160640> MouseEvent (51, 9) 0
2025-04-04 08:14:03,397 - DEBUG - Check layout: 51, 9
2025-04-04 08:14:03,397 - DEBUG - Layout event: <asciimatics.widgets.layout.Layout object at 0xffff80160580> MouseEvent (51, 9) 0
2025-04-04 08:14:03,397 - DEBUG - New event: MouseEvent (51, 9) 0
2025-04-04 08:14:03,397 - DEBUG - Layout event: <asciimatics.widgets.layout.Layout object at 0xffff801605e0> MouseEvent (51, 9) 0
2025-04-04 08:14:03,397 - DEBUG - Check layout: 51, 9
2025-04-04 08:14:03,397 - DEBUG - Current widget left event: MouseEvent (51, 9) 0
2025-04-04 08:14:03,397 - DEBUG - Layout event: <asciimatics.widgets.layout.Layout object at 0xffff801605e0> MouseEvent (51, 9) 0
2025-04-04 08:14:03,397 - DEBUG - Check layout: 51, 9
2025-04-04 08:14:03,397 - DEBUG - Layout event: <asciimatics.widgets.layout.Layout object at 0xffff80160640> MouseEvent (51, 9) 0
2025-04-04 08:14:03,397 - DEBUG - Check layout: 51, 9
2025-04-04 08:14:03,397 - DEBUG - Layout event: <asciimatics.widgets.layout.Layout object at 0xffff80160580> MouseEvent (51, 9) 0
2025-04-04 08:14:03,397 - DEBUG - New event: MouseEvent (51, 9) 0
2025-04-04 08:14:03,397 - DEBUG - Layout event: <asciimatics.widgets.layout.Layout object at 0xffff801605e0> MouseEvent (51, 9) 0
2025-04-04 08:14:03,397 - DEBUG - Check layout: 51, 9
2025-04-04 08:14:03,397 - DEBUG - Current widget left event: MouseEvent (51, 9) 0
2025-04-04 08:14:03,397 - DEBUG - Layout event: <asciimatics.widgets.layout.Layout object at 0xffff801605e0> MouseEvent (51, 9) 0
2025-04-04 08:14:03,397 - DEBUG - Check layout: 51, 9
2025-04-04 08:14:03,397 - DEBUG - Layout event: <asciimatics.widgets.layout.Layout object at 0xffff80160640> MouseEvent (51, 9) 0
2025-04-04 08:14:03,397 - DEBUG - Check layout: 51, 9
2025-04-04 08:14:03,397 - DEBUG - Layout event: <asciimatics.widgets.layout.Layout object at 0xffff80160580> MouseEvent (51, 9) 0
2025-04-04 08:14:03,397 - DEBUG - New event: MouseEvent (51, 9) 0
2025-04-04 08:14:03,397 - DEBUG - Layout event: <asciimatics.widgets.layout.Layout object at 0xffff801605e0> MouseEvent (51, 9) 0
2025-04-04 08:14:03,397 - DEBUG - Check layout: 51, 9
2025-04-04 08:14:03,397 - DEBUG - Current widget left event: MouseEvent (51, 9) 0
2025-04-04 08:14:03,397 - DEBUG - Layout event: <asciimatics.widgets.layout.Layout object at 0xffff801605e0> MouseEvent (51, 9) 0
2025-04-04 08:14:03,397 - DEBUG - Check layout: 51, 9
2025-04-04 08:14:03,397 - DEBUG - Layout event: <asciimatics.widgets.layout.Layout object at 0xffff80160640> MouseEvent (51, 9) 0
2025-04-04 08:14:03,397 - DEBUG - Check layout: 51, 9
2025-04-04 08:14:03,397 - DEBUG - Layout event: <asciimatics.widgets.layout.Layout object at 0xffff80160580> MouseEvent (51, 9) 0
2025-04-04 08:14:03,397 - DEBUG - New event: MouseEvent (51, 9) 0
2025-04-04 08:14:03,397 - DEBUG - Layout event: <asciimatics.widgets.layout.Layout object at 0xffff801605e0> MouseEvent (51, 9) 0
2025-04-04 08:14:03,397 - DEBUG - Check layout: 51, 9
2025-04-04 08:14:03,397 - DEBUG - Current widget left event: MouseEvent (51, 9) 0
2025-04-04 08:14:03,397 - DEBUG - Layout event: <asciimatics.widgets.layout.Layout object at 0xffff801605e0> MouseEvent (51, 9) 0
2025-04-04 08:14:03,397 - DEBUG - Check layout: 51, 9
2025-04-04 08:14:03,397 - DEBUG - Layout event: <asciimatics.widgets.layout.Layout object at 0xffff80160640> MouseEvent (51, 9) 0
2025-04-04 08:14:03,397 - DEBUG - Check layout: 51, 9
2025-04-04 08:14:03,397 - DEBUG - Layout event: <asciimatics.widgets.layout.Layout object at 0xffff80160580> MouseEvent (51, 9) 0
2025-04-04 08:14:03,448 - DEBUG - New event: MouseEvent (51, 9) 0
2025-04-04 08:14:03,448 - DEBUG - Layout event: <asciimatics.widgets.layout.Layout object at 0xffff801605e0> MouseEvent (51, 9) 0
2025-04-04 08:14:03,448 - DEBUG - Check layout: 51, 9
2025-04-04 08:14:03,448 - DEBUG - Current widget left event: MouseEvent (51, 9) 0
2025-04-04 08:14:03,448 - DEBUG - Layout event: <asciimatics.widgets.layout.Layout object at 0xffff801605e0> MouseEvent (51, 9) 0
2025-04-04 08:14:03,448 - DEBUG - Check layout: 51, 9
2025-04-04 08:14:03,448 - DEBUG - Layout event: <asciimatics.widgets.layout.Layout object at 0xffff80160640> MouseEvent (51, 9) 0
2025-04-04 08:14:03,448 - DEBUG - Check layout: 51, 9
2025-04-04 08:14:03,448 - DEBUG - Layout event: <asciimatics.widgets.layout.Layout object at 0xffff80160580> MouseEvent (51, 9) 0
2025-04-04 08:14:03,448 - DEBUG - New event: MouseEvent (51, 9) 0
2025-04-04 08:14:03,448 - DEBUG - Layout event: <asciimatics.widgets.layout.Layout object at 0xffff801605e0> MouseEvent (51, 9) 0
2025-04-04 08:14:03,448 - DEBUG - Check layout: 51, 9
2025-04-04 08:14:03,448 - DEBUG - Current widget left event: MouseEvent (51, 9) 0
2025-04-04 08:14:03,448 - DEBUG - Layout event: <asciimatics.widgets.layout.Layout object at 0xffff801605e0> MouseEvent (51, 9) 0
2025-04-04 08:14:03,448 - DEBUG - Check layout: 51, 9
2025-04-04 08:14:03,448 - DEBUG - Layout event: <asciimatics.widgets.layout.Layout object at 0xffff80160640> MouseEvent (51, 9) 0
2025-04-04 08:14:03,449 - DEBUG - Check layout: 51, 9
2025-04-04 08:14:03,449 - DEBUG - Layout event: <asciimatics.widgets.layout.Layout object at 0xffff80160580> MouseEvent (51, 9) 0
2025-04-04 08:14:03,449 - DEBUG - New event: MouseEvent (51, 9) 0
2025-04-04 08:14:03,449 - DEBUG - Layout event: <asciimatics.widgets.layout.Layout object at 0xffff801605e0> MouseEvent (51, 9) 0
2025-04-04 08:14:03,449 - DEBUG - Check layout: 51, 9
2025-04-04 08:14:03,449 - DEBUG - Current widget left event: MouseEvent (51, 9) 0
2025-04-04 08:14:03,449 - DEBUG - Layout event: <asciimatics.widgets.layout.Layout object at 0xffff801605e0> MouseEvent (51, 9) 0
2025-04-04 08:14:03,449 - DEBUG - Check layout: 51, 9
2025-04-04 08:14:03,449 - DEBUG - Layout event: <asciimatics.widgets.layout.Layout object at 0xffff80160640> MouseEvent (51, 9) 0
2025-04-04 08:14:03,449 - DEBUG - Check layout: 51, 9
2025-04-04 08:14:03,449 - DEBUG - Layout event: <asciimatics.widgets.layout.Layout object at 0xffff80160580> MouseEvent (51, 9) 0
2025-04-04 08:14:04,457 - DEBUG - New event: MouseEvent (39, 14) 1
2025-04-04 08:14:04,457 - DEBUG - Focus: <asciimatics.widgets.layout.Layout object at 0xffff801605e0>
2025-04-04 08:14:04,458 - DEBUG - Blurring: [<__main__.MainView object at 0xffff80178b10>]
2025-04-04 08:14:04,458 - DEBUG - Layout event: <asciimatics.widgets.layout.Layout object at 0xffff801605e0> MouseEvent (39, 14) 1
2025-04-04 08:14:04,458 - DEBUG - Widget: <asciimatics.widgets.listbox.ListBox object at 0xffff80134b00> (1, 1) (64, 13)
2025-04-04 08:14:04,458 - DEBUG - Check layout: 39, 14
2025-04-04 08:14:04,458 - DEBUG - Widget: <asciimatics.widgets.listbox.ListBox object at 0xffff80134b00> (1, 1) (64, 13)
2025-04-04 08:14:04,458 - DEBUG - Current widget left event: MouseEvent (39, 14) 1
2025-04-04 08:14:04,458 - DEBUG - Layout event: <asciimatics.widgets.layout.Layout object at 0xffff801605e0> MouseEvent (39, 14) 1
2025-04-04 08:14:04,458 - DEBUG - Widget: <asciimatics.widgets.listbox.ListBox object at 0xffff80134b00> (1, 1) (64, 13)
2025-04-04 08:14:04,458 - DEBUG - Check layout: 39, 14
2025-04-04 08:14:04,458 - DEBUG - Widget: <asciimatics.widgets.listbox.ListBox object at 0xffff80134b00> (1, 1) (64, 13)
2025-04-04 08:14:04,458 - DEBUG - Layout event: <asciimatics.widgets.layout.Layout object at 0xffff80160640> MouseEvent (39, 14) 1
2025-04-04 08:14:04,458 - DEBUG - Check layout: 39, 14
2025-04-04 08:14:04,458 - DEBUG - Widget: <asciimatics.widgets.button.Button object at 0xffff801549e0> (4, 14) (10, 1)
2025-04-04 08:14:04,459 - DEBUG - Widget: <asciimatics.widgets.button.Button object at 0xffff80154ac0> (21, 14) (8, 1)
2025-04-04 08:14:04,459 - DEBUG - Widget: <asciimatics.widgets.button.Button object at 0xffff80154ba0> (34, 14) (14, 1)
2025-04-04 08:14:04,459 - DEBUG - Blur: <asciimatics.widgets.layout.Layout object at 0xffff801605e0>
2025-04-04 08:14:04,459 - DEBUG - Widget blur: <asciimatics.widgets.listbox.ListBox object at 0xffff80134b00>
2025-04-04 08:14:04,459 - DEBUG - Focus: <asciimatics.widgets.layout.Layout object at 0xffff80160640>
2025-04-04 08:14:04,459 - DEBUG - Widget focus: <asciimatics.widgets.button.Button object at 0xffff80154ba0>
2025-04-04 08:14:04,459 - DEBUG - Widget: <asciimatics.widgets.button.Button object at 0xffff80154ba0> (34, 14) (14, 1)
2025-04-04 08:14:04,459 - DEBUG - Updating: results
2025-04-04 08:14:04,459 - DEBUG - Updating: None
2025-04-04 08:14:04,459 - DEBUG - Updating: None
2025-04-04 08:14:04,459 - DEBUG - Updating: None
2025-04-04 08:14:04,459 - DEBUG - Updating: None
2025-04-04 08:14:04,460 - DEBUG - Updating: results
2025-04-04 08:14:04,460 - DEBUG - Widget blur: <asciimatics.widgets.textbox.TextBox object at 0xffff80148940>
2025-04-04 08:14:04,460 - DEBUG - Blur: <asciimatics.widgets.layout.Layout object at 0xffff80160940>
2025-04-04 08:14:04,460 - DEBUG - Updating: None
2025-04-04 08:14:04,460 - DEBUG - Updating: None
2025-04-04 08:14:04,460 - DEBUG - Updating: None
2025-04-04 08:14:04,460 - DEBUG - Widget blur: <asciimatics.widgets.button.Button object at 0xffff80155d20>
2025-04-04 08:14:04,460 - DEBUG - Widget blur: <asciimatics.widgets.button.Button object at 0xffff80155e00>
2025-04-04 08:14:04,460 - DEBUG - Widget blur: <asciimatics.widgets.button.Button object at 0xffff80155ee0>
2025-04-04 08:14:04,460 - DEBUG - Blur: <asciimatics.widgets.layout.Layout object at 0xffff801609a0>
2025-04-04 08:14:04,460 - DEBUG - Updating: None
2025-04-04 08:14:04,460 - DEBUG - Widget blur: <asciimatics.widgets.label.Label object at 0xffff8016cad0>
2025-04-04 08:14:04,460 - DEBUG - Blur: <asciimatics.widgets.layout.Layout object at 0xffff801608e0>
2025-04-04 08:14:04,460 - DEBUG - Focus: <asciimatics.widgets.layout.Layout object at 0xffff80160940>
2025-04-04 08:14:04,460 - DEBUG - Widget focus: <asciimatics.widgets.textbox.TextBox object at 0xffff80148940>
2025-04-04 08:14:04,460 - DEBUG - Cursor: 0,0
2025-04-04 08:14:05,360 - DEBUG - New event: MouseEvent (17, 14) 1
2025-04-04 08:14:05,361 - DEBUG - Focus: <asciimatics.widgets.layout.Layout object at 0xffff80160940>
2025-04-04 08:14:05,361 - DEBUG - Blurring: [<__main__.DBQueryView object at 0xffff80189410>]
2025-04-04 08:14:05,361 - DEBUG - Layout event: <asciimatics.widgets.layout.Layout object at 0xffff80160940> MouseEvent (17, 14) 1
2025-04-04 08:14:05,361 - DEBUG - Widget: <asciimatics.widgets.textbox.TextBox object at 0xffff80148940> (1, 1) (64, 13)
2025-04-04 08:14:05,361 - DEBUG - Check layout: 17, 14
2025-04-04 08:14:05,361 - DEBUG - Widget: <asciimatics.widgets.textbox.TextBox object at 0xffff80148940> (1, 1) (64, 13)
2025-04-04 08:14:05,361 - DEBUG - Current widget left event: MouseEvent (17, 14) 1
2025-04-04 08:14:05,362 - DEBUG - Layout event: <asciimatics.widgets.layout.Layout object at 0xffff80160940> MouseEvent (17, 14) 1
2025-04-04 08:14:05,362 - DEBUG - Widget: <asciimatics.widgets.textbox.TextBox object at 0xffff80148940> (1, 1) (64, 13)
2025-04-04 08:14:05,362 - DEBUG - Check layout: 17, 14
2025-04-04 08:14:05,362 - DEBUG - Widget: <asciimatics.widgets.textbox.TextBox object at 0xffff80148940> (1, 1) (64, 13)
2025-04-04 08:14:05,362 - DEBUG - Layout event: <asciimatics.widgets.layout.Layout object at 0xffff801609a0> MouseEvent (17, 14) 1
2025-04-04 08:14:05,362 - DEBUG - Check layout: 17, 14
2025-04-04 08:14:05,362 - DEBUG - Widget: <asciimatics.widgets.button.Button object at 0xffff80155d20> (1, 14) (21, 1)
2025-04-04 08:14:05,362 - DEBUG - Blur: <asciimatics.widgets.layout.Layout object at 0xffff80160940>
2025-04-04 08:14:05,362 - DEBUG - Widget blur: <asciimatics.widgets.textbox.TextBox object at 0xffff80148940>
2025-04-04 08:14:05,362 - DEBUG - Focus: <asciimatics.widgets.layout.Layout object at 0xffff801609a0>
2025-04-04 08:14:05,362 - DEBUG - Widget focus: <asciimatics.widgets.button.Button object at 0xffff80155d20>
2025-04-04 08:14:05,362 - DEBUG - Widget: <asciimatics.widgets.button.Button object at 0xffff80155d20> (1, 14) (21, 1)
2025-04-04 08:14:06,649 - DEBUG - New event: MouseEvent (51, 14) 1
2025-04-04 08:14:06,650 - DEBUG - Blurring: [<__main__.DBQueryView object at 0xffff80189410>]
2025-04-04 08:14:06,650 - DEBUG - Layout event: <asciimatics.widgets.layout.Layout object at 0xffff801609a0> MouseEvent (51, 14) 1
2025-04-04 08:14:06,650 - DEBUG - Widget: <asciimatics.widgets.button.Button object at 0xffff80155d20> (1, 14) (21, 1)
2025-04-04 08:14:06,650 - DEBUG - Check layout: 51, 14
2025-04-04 08:14:06,650 - DEBUG - Widget: <asciimatics.widgets.button.Button object at 0xffff80155d20> (1, 14) (21, 1)
2025-04-04 08:14:06,650 - DEBUG - Widget: <asciimatics.widgets.button.Button object at 0xffff80155e00> (22, 14) (21, 1)
2025-04-04 08:14:06,650 - DEBUG - Widget: <asciimatics.widgets.button.Button object at 0xffff80155ee0> (48, 14) (10, 1)
2025-04-04 08:14:06,650 - DEBUG - Blur: <asciimatics.widgets.layout.Layout object at 0xffff801609a0>
2025-04-04 08:14:06,650 - DEBUG - Widget blur: <asciimatics.widgets.button.Button object at 0xffff80155d20>
2025-04-04 08:14:06,650 - DEBUG - Focus: <asciimatics.widgets.layout.Layout object at 0xffff801609a0>
2025-04-04 08:14:06,650 - DEBUG - Widget focus: <asciimatics.widgets.button.Button object at 0xffff80155ee0>
2025-04-04 08:14:06,650 - DEBUG - Widget: <asciimatics.widgets.button.Button object at 0xffff80155ee0> (48, 14) (10, 1)
2025-04-04 08:14:06,650 - DEBUG - Updating: files
2025-04-04 08:14:06,650 - DEBUG - Updating: None
2025-04-04 08:14:06,650 - DEBUG - Updating: None
2025-04-04 08:14:06,651 - DEBUG - Updating: None
2025-04-04 08:14:06,651 - DEBUG - Updating: None
2025-04-04 08:14:06,651 - DEBUG - Updating: None
2025-04-04 08:14:06,651 - DEBUG - Updating: files
2025-04-04 08:14:06,651 - DEBUG - Widget blur: <asciimatics.widgets.listbox.ListBox object at 0xffff80134b00>
2025-04-04 08:14:06,651 - DEBUG - Blur: <asciimatics.widgets.layout.Layout object at 0xffff801605e0>
2025-04-04 08:14:06,651 - DEBUG - Updating: None
2025-04-04 08:14:06,651 - DEBUG - Updating: None
2025-04-04 08:14:06,651 - DEBUG - Updating: None
2025-04-04 08:14:06,651 - DEBUG - Updating: None
2025-04-04 08:14:06,651 - DEBUG - Widget blur: <asciimatics.widgets.button.Button object at 0xffff801549e0>
2025-04-04 08:14:06,651 - DEBUG - Widget blur: <asciimatics.widgets.button.Button object at 0xffff80154ac0>
2025-04-04 08:14:06,651 - DEBUG - Widget blur: <asciimatics.widgets.button.Button object at 0xffff80154ba0>
2025-04-04 08:14:06,651 - DEBUG - Widget blur: <asciimatics.widgets.button.Button object at 0xffff80154c80>
2025-04-04 08:14:06,651 - DEBUG - Blur: <asciimatics.widgets.layout.Layout object at 0xffff80160640>
2025-04-04 08:14:06,651 - DEBUG - Widget blur: <asciimatics.widgets.button.Button object at 0xffff80154ba0>
2025-04-04 08:14:06,651 - DEBUG - Updating: None
2025-04-04 08:14:06,651 - DEBUG - Widget blur: <asciimatics.widgets.label.Label object at 0xffff8016c2b0>
2025-04-04 08:14:06,651 - DEBUG - Blur: <asciimatics.widgets.layout.Layout object at 0xffff80160580>
2025-04-04 08:14:06,651 - DEBUG - Focus: <asciimatics.widgets.layout.Layout object at 0xffff801605e0>
2025-04-04 08:14:06,651 - DEBUG - Widget focus: <asciimatics.widgets.listbox.ListBox object at 0xffff80134b00>
2025-04-04 08:15:16,720 - DEBUG - New event: MouseEvent (55, 14) 1
2025-04-04 08:15:16,723 - DEBUG - Blurring: [<__main__.MainView object at 0xffff80178b10>]
2025-04-04 08:15:16,723 - DEBUG - Layout event: <asciimatics.widgets.layout.Layout object at 0xffff801605e0> MouseEvent (55, 14) 1
2025-04-04 08:15:16,723 - DEBUG - Widget: <asciimatics.widgets.listbox.ListBox object at 0xffff80134b00> (1, 1) (64, 13)
2025-04-04 08:15:16,723 - DEBUG - Check layout: 55, 14
2025-04-04 08:15:16,723 - DEBUG - Widget: <asciimatics.widgets.listbox.ListBox object at 0xffff80134b00> (1, 1) (64, 13)
2025-04-04 08:15:16,723 - DEBUG - Current widget left event: MouseEvent (55, 14) 1
2025-04-04 08:15:16,723 - DEBUG - Layout event: <asciimatics.widgets.layout.Layout object at 0xffff801605e0> MouseEvent (55, 14) 1
2025-04-04 08:15:16,723 - DEBUG - Widget: <asciimatics.widgets.listbox.ListBox object at 0xffff80134b00> (1, 1) (64, 13)
2025-04-04 08:15:16,723 - DEBUG - Check layout: 55, 14
2025-04-04 08:15:16,723 - DEBUG - Widget: <asciimatics.widgets.listbox.ListBox object at 0xffff80134b00> (1, 1) (64, 13)
2025-04-04 08:15:16,723 - DEBUG - Layout event: <asciimatics.widgets.layout.Layout object at 0xffff80160640> MouseEvent (55, 14) 1
2025-04-04 08:15:16,724 - DEBUG - Check layout: 55, 14
2025-04-04 08:15:16,724 - DEBUG - Widget: <asciimatics.widgets.button.Button object at 0xffff801549e0> (4, 14) (10, 1)
2025-04-04 08:15:16,724 - DEBUG - Widget: <asciimatics.widgets.button.Button object at 0xffff80154ac0> (21, 14) (8, 1)
2025-04-04 08:15:16,724 - DEBUG - Widget: <asciimatics.widgets.button.Button object at 0xffff80154ba0> (34, 14) (14, 1)
2025-04-04 08:15:16,724 - DEBUG - Widget: <asciimatics.widgets.button.Button object at 0xffff80154c80> (53, 14) (8, 1)
2025-04-04 08:15:16,724 - DEBUG - Blur: <asciimatics.widgets.layout.Layout object at 0xffff801605e0>
2025-04-04 08:15:16,724 - DEBUG - Widget blur: <asciimatics.widgets.listbox.ListBox object at 0xffff80134b00>
2025-04-04 08:15:16,724 - DEBUG - Focus: <asciimatics.widgets.layout.Layout object at 0xffff80160640>
2025-04-04 08:15:16,724 - DEBUG - Widget focus: <asciimatics.widgets.button.Button object at 0xffff80154c80>
2025-04-04 08:15:16,724 - DEBUG - Widget: <asciimatics.widgets.button.Button object at 0xffff80154c80> (53, 14) (8, 1)
