2025-04-04 08:01:11,448 - INFO - Refreshing card cache
2025-04-04 08:01:11,448 - INFO - Scanning directory: /home/socs/assign1/assign2/assign3/./bin/cards
2025-04-04 08:01:11,448 - INFO - All files in directory: ['testCardN-compVal.vcf', 'testCardProps-ParamsVals.vcf', 'testCardProps-Groups.vcf', 'editable.vcf', 'testCard-TruncBday.vcf', 'testCardProp-Param.vcf', 'testCardInvEndings.vcf', 'testCardNoEnd.vcf', 'testCardProp-simpleVal.vcf', 'testCard-SimpleFold2.vcf', 'testCardMin.vcf', 'mmmm.vcf', 'testCard-Ann.vcf', 'testCardProps-Params.vcf', 'testCardGroup.vcf', 'testCardNoVersion.vcf', 'testCard-BdayTime.vcf', 'testCardProps-simpleVal.vcf', 'testCard-BdayText.vcf', 'testCardProp-ParamsVals.vcf', 'nnnn.vcf', 'testCard-bothDT.vcf', 'testCard.vcf', 'borninjune.vcf', 'testCardProps-compVal.vcf', 'testCard-SimpleFold1.vcf', 'testCard-MoreFold.vcf', 'testCard-AnnUTC.vcf']
2025-04-04 08:01:11,448 - INFO - Found vCard file: testCardN-compVal.vcf
2025-04-04 08:01:11,448 - INFO - File details for testCardN-compVal.vcf:
2025-04-04 08:01:11,448 - INFO -   Size: 92 bytes
2025-04-04 08:01:11,448 - INFO -   Permissions: 0o100644
2025-04-04 08:01:11,448 - INFO -   Modified: 2025-03-28 12:15:33.366049
2025-04-04 08:01:11,448 - INFO - Processing card: testCardN-compVal.vcf
2025-04-04 08:01:11,448 - INFO - File contents of testCardN-compVal.vcf:
BEGIN:VCARD
VERSION:4.0
FN:Simon Perreault
N:Perreault;Simon;;;ing. jr,M.Sc.
END:VCARD

2025-04-04 08:01:11,448 - INFO - Successfully created card for testCardN-compVal.vcf
2025-04-04 08:01:11,448 - INFO - Successfully validated card for testCardN-compVal.vcf
2025-04-04 08:01:11,448 - INFO - Successfully cached valid card: testCardN-compVal.vcf
2025-04-04 08:01:11,448 - INFO - Found vCard file: testCardProps-ParamsVals.vcf
2025-04-04 08:01:11,448 - INFO - File details for testCardProps-ParamsVals.vcf:
2025-04-04 08:01:11,448 - INFO -   Size: 565 bytes
2025-04-04 08:01:11,448 - INFO -   Permissions: 0o100644
2025-04-04 08:01:11,448 - INFO -   Modified: 2025-03-28 12:15:32.855049
2025-04-04 08:01:11,448 - INFO - Processing card: testCardProps-ParamsVals.vcf
2025-04-04 08:01:11,448 - INFO - File contents of testCardProps-ParamsVals.vcf:
BEGIN:VCARD
VERSION:4.0
FN:Simon Perreault
N:Perreault;Simon;;;ing. jr,M.Sc.
GENDER:M
LANG;PREF=1:fr
LANG;PREF=2:en
ORG;TYPE=work:Viagenie
ADR;TYPE=work:;Suite D2-630;2875 Laurier;Quebec;QC;G1V 2M2;Canada
TEL;VALUE=uri;TYPE="work,voice";PREF=1:tel:+1-418-656-9254;ext=102
TEL;VALUE=uri;TYPE="work,cell,voice,video,text":tel:+1-418-262-6501
EMAIL;TYPE=work:simon.perreault@viagenie.ca
GEO;TYPE=work:geo:46.772673,-71.282945
KEY;TYPE=work;VALUE=uri:http://www.viagenie.ca/simon.perreault/simon.asc
TZ:-0500
URL;TYPE=home:http://nomis80.org
END:VCARD

2025-04-04 08:01:11,449 - INFO - Successfully created card for testCardProps-ParamsVals.vcf
2025-04-04 08:01:11,449 - ERROR - Card validation failed for testCardProps-ParamsVals.vcf: Invalid property (code 3)
2025-04-04 08:01:11,449 - INFO - Found vCard file: testCardProps-Groups.vcf
2025-04-04 08:01:11,449 - INFO - File details for testCardProps-Groups.vcf:
2025-04-04 08:01:11,449 - INFO -   Size: 268 bytes
2025-04-04 08:01:11,449 - INFO -   Permissions: 0o100644
2025-04-04 08:01:11,449 - INFO -   Modified: 2025-03-28 12:15:34.011049
2025-04-04 08:01:11,449 - INFO - Processing card: testCardProps-Groups.vcf
2025-04-04 08:01:11,449 - INFO - File contents of testCardProps-Groups.vcf:
BEGIN:VCARD
VERSION:4.0
FN:Simon Perreault
GENDER:M
LangPrefs.LANG;PREF=1:fr
LangPrefs.LANG;PREF=2:en
Phone.TEL;VALUE=uri;TYPE="work,cell,voice,video,text":tel:+1-418-262-6501
Phone.TEL;VALUE=uri;TYPE="work,voice";PREF=1:tel:+1-418-656-9254;ext=102
END:VCARD

2025-04-04 08:01:11,449 - INFO - Successfully created card for testCardProps-Groups.vcf
2025-04-04 08:01:11,449 - INFO - Successfully validated card for testCardProps-Groups.vcf
2025-04-04 08:01:11,449 - INFO - Successfully cached valid card: testCardProps-Groups.vcf
2025-04-04 08:01:11,449 - INFO - Found vCard file: editable.vcf
2025-04-04 08:01:11,449 - INFO - File details for editable.vcf:
2025-04-04 08:01:11,449 - INFO -   Size: 46 bytes
2025-04-04 08:01:11,449 - INFO -   Permissions: 0o100644
2025-04-04 08:01:11,449 - INFO -   Modified: 2025-04-04 07:54:55.288564
2025-04-04 08:01:11,449 - INFO - Processing card: editable.vcf
2025-04-04 08:01:11,449 - INFO - File contents of editable.vcf:
BEGIN:VCARD
VERSION:4.0
FN:edit
END:VCARD

2025-04-04 08:01:11,449 - INFO - Successfully created card for editable.vcf
2025-04-04 08:01:11,449 - INFO - Successfully validated card for editable.vcf
2025-04-04 08:01:11,449 - INFO - Successfully cached valid card: editable.vcf
2025-04-04 08:01:11,449 - INFO - Found vCard file: testCard-TruncBday.vcf
2025-04-04 08:01:11,449 - INFO - File details for testCard-TruncBday.vcf:
2025-04-04 08:01:11,449 - INFO -   Size: 70 bytes
2025-04-04 08:01:11,449 - INFO -   Permissions: 0o100644
2025-04-04 08:01:11,449 - INFO -   Modified: 2025-03-28 12:15:33.882049
2025-04-04 08:01:11,449 - INFO - Processing card: testCard-TruncBday.vcf
2025-04-04 08:01:11,449 - INFO - File contents of testCard-TruncBday.vcf:
BEGIN:VCARD
VERSION:4.0
FN:Simon Perreault
BDAY:--0203
END:VCARD

2025-04-04 08:01:11,449 - INFO - Successfully created card for testCard-TruncBday.vcf
2025-04-04 08:01:11,449 - ERROR - Card validation failed for testCard-TruncBday.vcf: Invalid date/time (code 4)
2025-04-04 08:01:11,449 - INFO - Found vCard file: testCardProp-Param.vcf
2025-04-04 08:01:11,449 - INFO - File details for testCardProp-Param.vcf:
2025-04-04 08:01:11,449 - INFO -   Size: 83 bytes
2025-04-04 08:01:11,449 - INFO -   Permissions: 0o100644
2025-04-04 08:01:11,449 - INFO -   Modified: 2025-03-28 12:15:33.316049
2025-04-04 08:01:11,449 - INFO - Processing card: testCardProp-Param.vcf
2025-04-04 08:01:11,449 - INFO - File contents of testCardProp-Param.vcf:
BEGIN:VCARD
VERSION:4.0
FN:Simon Perreault
GENDER:M
LANG;PREF=1:fr
END:VCARD

2025-04-04 08:01:11,449 - INFO - Successfully created card for testCardProp-Param.vcf
2025-04-04 08:01:11,449 - INFO - Successfully validated card for testCardProp-Param.vcf
2025-04-04 08:01:11,449 - INFO - Successfully cached valid card: testCardProp-Param.vcf
2025-04-04 08:01:11,449 - INFO - Found vCard file: testCardInvEndings.vcf
2025-04-04 08:01:11,449 - INFO - File details for testCardInvEndings.vcf:
2025-04-04 08:01:11,449 - INFO -   Size: 53 bytes
2025-04-04 08:01:11,449 - INFO -   Permissions: 0o100644
2025-04-04 08:01:11,449 - INFO -   Modified: 2025-03-28 12:15:51.528049
2025-04-04 08:01:11,449 - INFO - Processing card: testCardInvEndings.vcf
2025-04-04 08:01:11,449 - INFO - File contents of testCardInvEndings.vcf:
BEGIN:VCARD
VERSION:4.0
FN:Simon Perreault
END:VCARD

2025-04-04 08:01:11,449 - ERROR - Failed to create card testCardInvEndings.vcf: Invalid card format (code 2)
2025-04-04 08:01:11,450 - INFO - Found vCard file: testCardNoEnd.vcf
2025-04-04 08:01:11,450 - INFO - File details for testCardNoEnd.vcf:
2025-04-04 08:01:11,450 - INFO -   Size: 46 bytes
2025-04-04 08:01:11,450 - INFO -   Permissions: 0o100644
2025-04-04 08:01:11,450 - INFO -   Modified: 2025-03-28 12:15:51.468049
2025-04-04 08:01:11,450 - INFO - Processing card: testCardNoEnd.vcf
2025-04-04 08:01:11,450 - INFO - File contents of testCardNoEnd.vcf:
BEGIN:VCARD
VERSION:4.0
FN:Simon Perreault

2025-04-04 08:01:11,450 - ERROR - Failed to create card testCardNoEnd.vcf: Invalid card format (code 2)
2025-04-04 08:01:11,450 - INFO - Found vCard file: testCardProp-simpleVal.vcf
2025-04-04 08:01:11,450 - INFO - File details for testCardProp-simpleVal.vcf:
2025-04-04 08:01:11,450 - INFO -   Size: 67 bytes
2025-04-04 08:01:11,450 - INFO -   Permissions: 0o100644
2025-04-04 08:01:11,450 - INFO -   Modified: 2025-03-28 12:15:34.107049
2025-04-04 08:01:11,450 - INFO - Processing card: testCardProp-simpleVal.vcf
2025-04-04 08:01:11,450 - INFO - File contents of testCardProp-simpleVal.vcf:
BEGIN:VCARD
VERSION:4.0
FN:Simon Perreault
GENDER:M
END:VCARD

2025-04-04 08:01:11,450 - INFO - Successfully created card for testCardProp-simpleVal.vcf
2025-04-04 08:01:11,450 - INFO - Successfully validated card for testCardProp-simpleVal.vcf
2025-04-04 08:01:11,450 - INFO - Successfully cached valid card: testCardProp-simpleVal.vcf
2025-04-04 08:01:11,450 - INFO - Found vCard file: testCard-SimpleFold2.vcf
2025-04-04 08:01:11,450 - INFO - File details for testCard-SimpleFold2.vcf:
2025-04-04 08:01:11,450 - INFO -   Size: 60 bytes
2025-04-04 08:01:11,450 - INFO -   Permissions: 0o100644
2025-04-04 08:01:11,450 - INFO -   Modified: 2025-03-28 12:15:33.214049
2025-04-04 08:01:11,450 - INFO - Processing card: testCard-SimpleFold2.vcf
2025-04-04 08:01:11,450 - INFO - File contents of testCard-SimpleFold2.vcf:
BEGIN:VCARD
VERSION:4.0
FN:Simon
  Perreault
END:VCARD

2025-04-04 08:01:11,450 - INFO - Successfully created card for testCard-SimpleFold2.vcf
2025-04-04 08:01:11,450 - INFO - Successfully validated card for testCard-SimpleFold2.vcf
2025-04-04 08:01:11,450 - INFO - Successfully cached valid card: testCard-SimpleFold2.vcf
2025-04-04 08:01:11,450 - INFO - Found vCard file: testCardMin.vcf
2025-04-04 08:01:11,450 - INFO - File details for testCardMin.vcf:
2025-04-04 08:01:11,450 - INFO -   Size: 57 bytes
2025-04-04 08:01:11,450 - INFO -   Permissions: 0o100644
2025-04-04 08:01:11,450 - INFO -   Modified: 2025-03-28 12:15:33.562049
2025-04-04 08:01:11,450 - INFO - Processing card: testCardMin.vcf
2025-04-04 08:01:11,450 - INFO - File contents of testCardMin.vcf:
BEGIN:VCARD
VERSION:4.0
FN:Simon Perreault
END:VCARD

2025-04-04 08:01:11,450 - INFO - Successfully created card for testCardMin.vcf
2025-04-04 08:01:11,450 - INFO - Successfully validated card for testCardMin.vcf
2025-04-04 08:01:11,450 - INFO - Successfully cached valid card: testCardMin.vcf
2025-04-04 08:01:11,450 - INFO - Found vCard file: mmmm.vcf
2025-04-04 08:01:11,450 - INFO - File details for mmmm.vcf:
2025-04-04 08:01:11,450 - INFO -   Size: 46 bytes
2025-04-04 08:01:11,450 - INFO -   Permissions: 0o100644
2025-04-04 08:01:11,450 - INFO -   Modified: 2025-03-28 12:18:48.658144
2025-04-04 08:01:11,450 - INFO - Processing card: mmmm.vcf
2025-04-04 08:01:11,450 - INFO - File contents of mmmm.vcf:
BEGIN:VCARD
VERSION:4.0
FN:mani
END:VCARD

2025-04-04 08:01:11,450 - INFO - Successfully created card for mmmm.vcf
2025-04-04 08:01:11,450 - INFO - Successfully validated card for mmmm.vcf
2025-04-04 08:01:11,450 - INFO - Successfully cached valid card: mmmm.vcf
2025-04-04 08:01:11,450 - INFO - Found vCard file: testCard-Ann.vcf
2025-04-04 08:01:11,450 - INFO - File details for testCard-Ann.vcf:
2025-04-04 08:01:11,450 - INFO -   Size: 86 bytes
2025-04-04 08:01:11,450 - INFO -   Permissions: 0o100644
2025-04-04 08:01:11,450 - INFO -   Modified: 2025-03-28 12:15:32.944049
2025-04-04 08:01:11,450 - INFO - Processing card: testCard-Ann.vcf
2025-04-04 08:01:11,450 - INFO - File contents of testCard-Ann.vcf:
BEGIN:VCARD
VERSION:4.0
FN:Simon Perreault
ANNIVERSARY:20090808T143000
END:VCARD

2025-04-04 08:01:11,450 - INFO - Successfully created card for testCard-Ann.vcf
2025-04-04 08:01:11,450 - INFO - Successfully validated card for testCard-Ann.vcf
2025-04-04 08:01:11,450 - INFO - Successfully cached valid card: testCard-Ann.vcf
2025-04-04 08:01:11,450 - INFO - Found vCard file: testCardProps-Params.vcf
2025-04-04 08:01:11,450 - INFO - File details for testCardProps-Params.vcf:
2025-04-04 08:01:11,450 - INFO -   Size: 202 bytes
2025-04-04 08:01:11,450 - INFO -   Permissions: 0o100644
2025-04-04 08:01:11,450 - INFO -   Modified: 2025-03-28 12:15:32.591049
2025-04-04 08:01:11,450 - INFO - Processing card: testCardProps-Params.vcf
2025-04-04 08:01:11,450 - INFO - File contents of testCardProps-Params.vcf:
BEGIN:VCARD
VERSION:4.0
FN:Simon Perreault
GENDER:M
LANG;PREF=1:fr
LANG;PREF=2:en
TEL;VALUE=uri;TYPE="work,cell,voice,video,text":tel:+1-418-262-6501
URL;TYPE=home:http://nomis80.org
END:VCARD

2025-04-04 08:01:11,450 - INFO - Successfully created card for testCardProps-Params.vcf
2025-04-04 08:01:11,450 - INFO - Successfully validated card for testCardProps-Params.vcf
2025-04-04 08:01:11,450 - INFO - Successfully cached valid card: testCardProps-Params.vcf
2025-04-04 08:01:11,450 - INFO - Found vCard file: testCardGroup.vcf
2025-04-04 08:01:11,450 - INFO - File details for testCardGroup.vcf:
2025-04-04 08:01:11,450 - INFO -   Size: 879 bytes
2025-04-04 08:01:11,450 - INFO -   Permissions: 0o100644
2025-04-04 08:01:11,450 - INFO -   Modified: 2025-03-28 12:15:33.731049
2025-04-04 08:01:11,451 - INFO - Processing card: testCardGroup.vcf
2025-04-04 08:01:11,451 - INFO - File contents of testCardGroup.vcf:
BEGIN:VCARD
VERSION:4.0
N:Doe;John;;;
FN:John Doe
ORG:Example.com Inc.;
TITLE:Imaginary test person
EMAIL;type=INTERNET;type=WORK;type=pref:johnDoe@example.org
TEL;type=WORK;type=pref:+1 617 555 1212
TEL;type=CELL:+1 781 555 1212
TEL;type=HOME:+1 202 555 1212
TEL;type=WORK:+1 (617) 555-1234
item1.ADR;type=WORK:;;2 Example Avenue;Anytown;NY;01111;USA
item1.X-ABADR:us
item2.ADR;type=HOME;type=pref:;;3 Acacia Avenue;Newtown;MA;02222;USA
item2.X-ABADR:us
NOTE:John Doe has a long and varied history
 , being documented on more police files that anyone else. Reports of his death are alas numerous.
item3.URL;type=pref:http://www.example/com/doe
item3.X-ABLabel:_$!<HomePage>!$_
item4.URL:http://www.example.com/Joe/foaf.df
item4.X-ABLabel:FOAF
item5.X-ABRELATEDNAMES;type=pref:Jane Doe
item5.X-ABLabel:_$!<Friend>!$_
CATEGORIES:Work,Test group
END:VCARD

2025-04-04 08:01:11,451 - INFO - Successfully created card for testCardGroup.vcf
2025-04-04 08:01:11,451 - ERROR - Card validation failed for testCardGroup.vcf: Invalid property (code 3)
2025-04-04 08:01:11,451 - INFO - Found vCard file: testCardNoVersion.vcf
2025-04-04 08:01:11,451 - INFO - File details for testCardNoVersion.vcf:
2025-04-04 08:01:11,451 - INFO -   Size: 44 bytes
2025-04-04 08:01:11,451 - INFO -   Permissions: 0o100644
2025-04-04 08:01:11,451 - INFO -   Modified: 2025-03-28 12:15:51.625049
2025-04-04 08:01:11,451 - INFO - Processing card: testCardNoVersion.vcf
2025-04-04 08:01:11,451 - INFO - File contents of testCardNoVersion.vcf:
BEGIN:VCARD
FN:Simon Perreault
END:VCARD

2025-04-04 08:01:11,451 - ERROR - Failed to create card testCardNoVersion.vcf: Invalid card format (code 2)
2025-04-04 08:01:11,451 - INFO - Found vCard file: testCard-BdayTime.vcf
2025-04-04 08:01:11,451 - INFO - File details for testCard-BdayTime.vcf:
2025-04-04 08:01:11,451 - INFO -   Size: 71 bytes
2025-04-04 08:01:11,451 - INFO -   Permissions: 0o100644
2025-04-04 08:01:11,451 - INFO -   Modified: 2025-03-28 12:15:32.684049
2025-04-04 08:01:11,451 - INFO - Processing card: testCard-BdayTime.vcf
2025-04-04 08:01:11,451 - INFO - File contents of testCard-BdayTime.vcf:
BEGIN:VCARD
VERSION:4.0
FN:Simon Perreault
BDAY:T143000
END:VCARD

2025-04-04 08:01:11,451 - INFO - Successfully created card for testCard-BdayTime.vcf
2025-04-04 08:01:11,451 - INFO - Successfully validated card for testCard-BdayTime.vcf
2025-04-04 08:01:11,451 - INFO - Successfully cached valid card: testCard-BdayTime.vcf
2025-04-04 08:01:11,451 - INFO - Found vCard file: testCardProps-simpleVal.vcf
2025-04-04 08:01:11,451 - INFO - File details for testCardProps-simpleVal.vcf:
2025-04-04 08:01:11,451 - INFO -   Size: 81 bytes
2025-04-04 08:01:11,451 - INFO -   Permissions: 0o100644
2025-04-04 08:01:11,451 - INFO -   Modified: 2025-03-28 12:15:33.163049
2025-04-04 08:01:11,451 - INFO - Processing card: testCardProps-simpleVal.vcf
2025-04-04 08:01:11,451 - INFO - File contents of testCardProps-simpleVal.vcf:
BEGIN:VCARD
VERSION:4.0
FN:Simon Perreault
GENDER:M
ORG:Viagenie
END:VCARD

2025-04-04 08:01:11,451 - INFO - Successfully created card for testCardProps-simpleVal.vcf
2025-04-04 08:01:11,451 - INFO - Successfully validated card for testCardProps-simpleVal.vcf
2025-04-04 08:01:11,451 - INFO - Successfully cached valid card: testCardProps-simpleVal.vcf
2025-04-04 08:01:11,451 - INFO - Found vCard file: testCard-BdayText.vcf
2025-04-04 08:01:11,451 - INFO - File details for testCard-BdayText.vcf:
2025-04-04 08:01:11,451 - INFO -   Size: 85 bytes
2025-04-04 08:01:11,451 - INFO -   Permissions: 0o100644
2025-04-04 08:01:11,451 - INFO -   Modified: 2025-03-28 12:15:33.772049
2025-04-04 08:01:11,451 - INFO - Processing card: testCard-BdayText.vcf
2025-04-04 08:01:11,451 - INFO - File contents of testCard-BdayText.vcf:
BEGIN:VCARD
VERSION:4.0
FN:Simon Perreault
BDAY;VALUE=text:circa 1960
END:VCARD

2025-04-04 08:01:11,451 - INFO - Successfully created card for testCard-BdayText.vcf
2025-04-04 08:01:11,451 - INFO - Successfully validated card for testCard-BdayText.vcf
2025-04-04 08:01:11,451 - INFO - Successfully cached valid card: testCard-BdayText.vcf
2025-04-04 08:01:11,451 - INFO - Found vCard file: testCardProp-ParamsVals.vcf
2025-04-04 08:01:11,451 - INFO - File details for testCardProp-ParamsVals.vcf:
2025-04-04 08:01:11,451 - INFO -   Size: 125 bytes
2025-04-04 08:01:11,451 - INFO -   Permissions: 0o100644
2025-04-04 08:01:11,451 - INFO -   Modified: 2025-03-28 12:15:33.041049
2025-04-04 08:01:11,451 - INFO - Processing card: testCardProp-ParamsVals.vcf
2025-04-04 08:01:11,451 - INFO - File contents of testCardProp-ParamsVals.vcf:
BEGIN:VCARD
VERSION:4.0
FN:Simon Perreault
TEL;VALUE=uri;TYPE="work,voice";PREF=1:tel:+1-418-656-9254;ext=102
END:VCARD

2025-04-04 08:01:11,451 - INFO - Successfully created card for testCardProp-ParamsVals.vcf
2025-04-04 08:01:11,451 - INFO - Successfully validated card for testCardProp-ParamsVals.vcf
2025-04-04 08:01:11,451 - INFO - Successfully cached valid card: testCardProp-ParamsVals.vcf
2025-04-04 08:01:11,451 - INFO - Found vCard file: nnnn.vcf
2025-04-04 08:01:11,451 - INFO - File details for nnnn.vcf:
2025-04-04 08:01:11,451 - INFO -   Size: 47 bytes
2025-04-04 08:01:11,451 - INFO -   Permissions: 0o100644
2025-04-04 08:01:11,451 - INFO -   Modified: 2025-03-28 12:28:54.030319
2025-04-04 08:01:11,451 - INFO - Processing card: nnnn.vcf
2025-04-04 08:01:11,451 - INFO - File contents of nnnn.vcf:
BEGIN:VCARD
VERSION:4.0
FN:mani2
END:VCARD

2025-04-04 08:01:11,451 - INFO - Successfully created card for nnnn.vcf
2025-04-04 08:01:11,451 - INFO - Successfully validated card for nnnn.vcf
2025-04-04 08:01:11,451 - INFO - Successfully cached valid card: nnnn.vcf
2025-04-04 08:01:11,451 - INFO - Found vCard file: testCard-bothDT.vcf
2025-04-04 08:01:11,451 - INFO - File details for testCard-bothDT.vcf:
2025-04-04 08:01:11,451 - INFO -   Size: 108 bytes
2025-04-04 08:01:11,451 - INFO -   Permissions: 0o100644
2025-04-04 08:01:11,451 - INFO -   Modified: 2025-03-28 12:15:33.095049
2025-04-04 08:01:11,451 - INFO - Processing card: testCard-bothDT.vcf
2025-04-04 08:01:11,451 - INFO - File contents of testCard-bothDT.vcf:
BEGIN:VCARD
VERSION:4.0
FN:Simon Perreault
BDAY:19540203T123012
ANNIVERSARY:20090808T143000
END:VCARD

2025-04-04 08:01:11,451 - INFO - Successfully created card for testCard-bothDT.vcf
2025-04-04 08:01:11,451 - INFO - Successfully validated card for testCard-bothDT.vcf
2025-04-04 08:01:11,451 - INFO - Successfully cached valid card: testCard-bothDT.vcf
2025-04-04 08:01:11,451 - INFO - Found vCard file: testCard.vcf
2025-04-04 08:01:11,451 - INFO - File details for testCard.vcf:
2025-04-04 08:01:11,451 - INFO -   Size: 613 bytes
2025-04-04 08:01:11,451 - INFO -   Permissions: 0o100644
2025-04-04 08:01:11,451 - INFO -   Modified: 2025-03-28 12:15:33.945049
2025-04-04 08:01:11,452 - INFO - Processing card: testCard.vcf
2025-04-04 08:01:11,452 - INFO - File contents of testCard.vcf:
BEGIN:VCARD
VERSION:4.0
FN:Simon Perreault
N:Perreault;Simon;;;ing. jr,M.Sc.
BDAY:--0203
ANNIVERSARY:20090808T143000
GENDER:M
LANG;PREF=1:fr
LANG;PREF=2:en
ORG;TYPE=work:Viagenie
ADR;TYPE=work:;Suite D2-630;2875 Laurier;
 Quebec;QC;G1V 2M2;Canada
TEL;VALUE=uri;TYPE="work,voice";PREF=1:tel:+1-418-656-9254;ext=102
TEL;VALUE=uri;TYPE="work,cell,voice,video,text":tel:+1-418-262-6501
EMAIL;TYPE=work:simon.perreault@viagenie.ca
GEO;TYPE=work:geo:46.772673,-71.282945
KEY;TYPE=work;VALUE=uri:
 http://www.viagenie.ca/simon.perreault/simon.asc
TZ:-0500
URL;TYPE=home:http://nomis80.org
END:VCARD

2025-04-04 08:01:11,452 - INFO - Successfully created card for testCard.vcf
2025-04-04 08:01:11,452 - ERROR - Card validation failed for testCard.vcf: Invalid property (code 3)
2025-04-04 08:01:11,452 - INFO - Found vCard file: borninjune.vcf
2025-04-04 08:01:11,452 - INFO - File details for borninjune.vcf:
2025-04-04 08:01:11,452 - INFO -   Size: 45 bytes
2025-04-04 08:01:11,452 - INFO -   Permissions: 0o100644
2025-04-04 08:01:11,452 - INFO -   Modified: 2025-04-03 13:32:08.262929
2025-04-04 08:01:11,452 - INFO - Processing card: borninjune.vcf
2025-04-04 08:01:11,452 - INFO - File contents of borninjune.vcf:
BEGIN:VCARD
VERSION:4.0
FN:bbj
END:VCARD

2025-04-04 08:01:11,452 - INFO - Successfully created card for borninjune.vcf
2025-04-04 08:01:11,452 - INFO - Successfully validated card for borninjune.vcf
2025-04-04 08:01:11,452 - INFO - Successfully cached valid card: borninjune.vcf
2025-04-04 08:01:11,452 - INFO - Found vCard file: testCardProps-compVal.vcf
2025-04-04 08:01:11,452 - INFO - File details for testCardProps-compVal.vcf:
2025-04-04 08:01:11,452 - INFO -   Size: 179 bytes
2025-04-04 08:01:11,452 - INFO -   Permissions: 0o100644
2025-04-04 08:01:11,452 - INFO -   Modified: 2025-03-28 12:15:32.410049
2025-04-04 08:01:11,452 - INFO - Processing card: testCardProps-compVal.vcf
2025-04-04 08:01:11,452 - INFO - File contents of testCardProps-compVal.vcf:
BEGIN:VCARD
VERSION:4.0
FN:Simon Perreault
N:Perreault;Simon;;;ing. jr,M.Sc.
ADR:;Suite D2-630;2875 Laurier;Quebec;QC;G1V 2M2;Canada
GEO:geo:46.772673,-71.282945
END:VCARD

2025-04-04 08:01:11,452 - INFO - Successfully created card for testCardProps-compVal.vcf
2025-04-04 08:01:11,452 - INFO - Successfully validated card for testCardProps-compVal.vcf
2025-04-04 08:01:11,452 - INFO - Successfully cached valid card: testCardProps-compVal.vcf
2025-04-04 08:01:11,452 - INFO - Found vCard file: testCard-SimpleFold1.vcf
2025-04-04 08:01:11,452 - INFO - File details for testCard-SimpleFold1.vcf:
2025-04-04 08:01:11,452 - INFO -   Size: 60 bytes
2025-04-04 08:01:11,452 - INFO -   Permissions: 0o100644
2025-04-04 08:01:11,452 - INFO -   Modified: 2025-03-28 12:15:33.623049
2025-04-04 08:01:11,452 - INFO - Processing card: testCard-SimpleFold1.vcf
2025-04-04 08:01:11,452 - INFO - File contents of testCard-SimpleFold1.vcf:
BEGIN:VCARD
VERSION:4.0
FN:Sim
 on Perreault
END:VCARD

2025-04-04 08:01:11,452 - INFO - Successfully created card for testCard-SimpleFold1.vcf
2025-04-04 08:01:11,452 - INFO - Successfully validated card for testCard-SimpleFold1.vcf
2025-04-04 08:01:11,452 - INFO - Successfully cached valid card: testCard-SimpleFold1.vcf
2025-04-04 08:01:11,452 - INFO - Found vCard file: testCard-MoreFold.vcf
2025-04-04 08:01:11,452 - INFO - File details for testCard-MoreFold.vcf:
2025-04-04 08:01:11,452 - INFO -   Size: 204 bytes
2025-04-04 08:01:11,452 - INFO -   Permissions: 0o100644
2025-04-04 08:01:11,452 - INFO -   Modified: 2025-03-28 12:15:32.510049
2025-04-04 08:01:11,452 - INFO - Processing card: testCard-MoreFold.vcf
2025-04-04 08:01:11,452 - INFO - File contents of testCard-MoreFold.vcf:
BEGIN:VCARD
VERSION:4.0
FN:Simon Perreault
ADR;TYPE=work:;Suite D2-630;2875 Laurier;
 Quebec;QC;G1V 2M2;Canada
KEY;TYPE=work;VALUE=uri:
 http://www.viagenie.ca/simon.perreault/simon.asc
END:VCARD

2025-04-04 08:01:11,452 - INFO - Successfully created card for testCard-MoreFold.vcf
2025-04-04 08:01:11,452 - ERROR - Card validation failed for testCard-MoreFold.vcf: Invalid property (code 3)
2025-04-04 08:01:11,452 - INFO - Found vCard file: testCard-AnnUTC.vcf
2025-04-04 08:01:11,452 - INFO - File details for testCard-AnnUTC.vcf:
2025-04-04 08:01:11,452 - INFO -   Size: 87 bytes
2025-04-04 08:01:11,452 - INFO -   Permissions: 0o100644
2025-04-04 08:01:11,452 - INFO -   Modified: 2025-03-28 12:15:33.475049
2025-04-04 08:01:11,452 - INFO - Processing card: testCard-AnnUTC.vcf
2025-04-04 08:01:11,452 - INFO - File contents of testCard-AnnUTC.vcf:
BEGIN:VCARD
VERSION:4.0
FN:Simon Perreault
ANNIVERSARY:20090808T143000Z
END:VCARD

2025-04-04 08:01:11,452 - INFO - Successfully created card for testCard-AnnUTC.vcf
2025-04-04 08:01:11,452 - ERROR - Card validation failed for testCard-AnnUTC.vcf: Invalid date/time (code 4)
2025-04-04 08:01:11,452 - INFO - Current cache state:
2025-04-04 08:01:11,452 - INFO -   testCardN-compVal.vcf: last_modified=2025-03-28 12:15:33.366049
2025-04-04 08:01:11,452 - INFO -   testCardProps-Groups.vcf: last_modified=2025-03-28 12:15:34.011049
2025-04-04 08:01:11,452 - INFO -   editable.vcf: last_modified=2025-04-04 07:54:55.288564
2025-04-04 08:01:11,452 - INFO -   testCardProp-Param.vcf: last_modified=2025-03-28 12:15:33.316049
2025-04-04 08:01:11,452 - INFO -   testCardProp-simpleVal.vcf: last_modified=2025-03-28 12:15:34.107049
2025-04-04 08:01:11,452 - INFO -   testCard-SimpleFold2.vcf: last_modified=2025-03-28 12:15:33.214049
2025-04-04 08:01:11,452 - INFO -   testCardMin.vcf: last_modified=2025-03-28 12:15:33.562049
2025-04-04 08:01:11,452 - INFO -   mmmm.vcf: last_modified=2025-03-28 12:18:48.658144
2025-04-04 08:01:11,452 - INFO -   testCard-Ann.vcf: last_modified=2025-03-28 12:15:32.944049
2025-04-04 08:01:11,452 - INFO -   testCardProps-Params.vcf: last_modified=2025-03-28 12:15:32.591049
2025-04-04 08:01:11,452 - INFO -   testCard-BdayTime.vcf: last_modified=2025-03-28 12:15:32.684049
2025-04-04 08:01:11,452 - INFO -   testCardProps-simpleVal.vcf: last_modified=2025-03-28 12:15:33.163049
2025-04-04 08:01:11,452 - INFO -   testCard-BdayText.vcf: last_modified=2025-03-28 12:15:33.772049
2025-04-04 08:01:11,452 - INFO -   testCardProp-ParamsVals.vcf: last_modified=2025-03-28 12:15:33.041049
2025-04-04 08:01:11,452 - INFO -   nnnn.vcf: last_modified=2025-03-28 12:28:54.030319
2025-04-04 08:01:11,452 - INFO -   testCard-bothDT.vcf: last_modified=2025-03-28 12:15:33.095049
2025-04-04 08:01:11,452 - INFO -   borninjune.vcf: last_modified=2025-04-03 13:32:08.262929
2025-04-04 08:01:11,452 - INFO -   testCardProps-compVal.vcf: last_modified=2025-03-28 12:15:32.410049
2025-04-04 08:01:11,452 - INFO -   testCard-SimpleFold1.vcf: last_modified=2025-03-28 12:15:33.623049
2025-04-04 08:01:11,452 - INFO - Card cache refresh complete. Valid cards: ['testCardN-compVal.vcf', 'testCardProps-Groups.vcf', 'editable.vcf', 'testCardProp-Param.vcf', 'testCardProp-simpleVal.vcf', 'testCard-SimpleFold2.vcf', 'testCardMin.vcf', 'mmmm.vcf', 'testCard-Ann.vcf', 'testCardProps-Params.vcf', 'testCard-BdayTime.vcf', 'testCardProps-simpleVal.vcf', 'testCard-BdayText.vcf', 'testCardProp-ParamsVals.vcf', 'nnnn.vcf', 'testCard-bothDT.vcf', 'borninjune.vcf', 'testCardProps-compVal.vcf', 'testCard-SimpleFold1.vcf']
2025-04-04 08:01:11,454 - INFO - Refreshing card cache
2025-04-04 08:01:11,454 - INFO - Scanning directory: /home/socs/assign1/assign2/assign3/./bin/cards
2025-04-04 08:01:11,454 - INFO - All files in directory: ['testCardN-compVal.vcf', 'testCardProps-ParamsVals.vcf', 'testCardProps-Groups.vcf', 'editable.vcf', 'testCard-TruncBday.vcf', 'testCardProp-Param.vcf', 'testCardInvEndings.vcf', 'testCardNoEnd.vcf', 'testCardProp-simpleVal.vcf', 'testCard-SimpleFold2.vcf', 'testCardMin.vcf', 'mmmm.vcf', 'testCard-Ann.vcf', 'testCardProps-Params.vcf', 'testCardGroup.vcf', 'testCardNoVersion.vcf', 'testCard-BdayTime.vcf', 'testCardProps-simpleVal.vcf', 'testCard-BdayText.vcf', 'testCardProp-ParamsVals.vcf', 'nnnn.vcf', 'testCard-bothDT.vcf', 'testCard.vcf', 'borninjune.vcf', 'testCardProps-compVal.vcf', 'testCard-SimpleFold1.vcf', 'testCard-MoreFold.vcf', 'testCard-AnnUTC.vcf']
2025-04-04 08:01:11,454 - INFO - Found vCard file: testCardN-compVal.vcf
2025-04-04 08:01:11,454 - INFO - File details for testCardN-compVal.vcf:
2025-04-04 08:01:11,454 - INFO -   Size: 92 bytes
2025-04-04 08:01:11,454 - INFO -   Permissions: 0o100644
2025-04-04 08:01:11,454 - INFO -   Modified: 2025-03-28 12:15:33.366049
2025-04-04 08:01:11,454 - INFO - Card testCardN-compVal.vcf unchanged, using cached version
2025-04-04 08:01:11,454 - INFO - Found vCard file: testCardProps-ParamsVals.vcf
2025-04-04 08:01:11,454 - INFO - File details for testCardProps-ParamsVals.vcf:
2025-04-04 08:01:11,454 - INFO -   Size: 565 bytes
2025-04-04 08:01:11,454 - INFO -   Permissions: 0o100644
2025-04-04 08:01:11,454 - INFO -   Modified: 2025-03-28 12:15:32.855049
2025-04-04 08:01:11,454 - INFO - Processing card: testCardProps-ParamsVals.vcf
2025-04-04 08:01:11,454 - INFO - File contents of testCardProps-ParamsVals.vcf:
BEGIN:VCARD
VERSION:4.0
FN:Simon Perreault
N:Perreault;Simon;;;ing. jr,M.Sc.
GENDER:M
LANG;PREF=1:fr
LANG;PREF=2:en
ORG;TYPE=work:Viagenie
ADR;TYPE=work:;Suite D2-630;2875 Laurier;Quebec;QC;G1V 2M2;Canada
TEL;VALUE=uri;TYPE="work,voice";PREF=1:tel:+1-418-656-9254;ext=102
TEL;VALUE=uri;TYPE="work,cell,voice,video,text":tel:+1-418-262-6501
EMAIL;TYPE=work:simon.perreault@viagenie.ca
GEO;TYPE=work:geo:46.772673,-71.282945
KEY;TYPE=work;VALUE=uri:http://www.viagenie.ca/simon.perreault/simon.asc
TZ:-0500
URL;TYPE=home:http://nomis80.org
END:VCARD

2025-04-04 08:01:11,454 - INFO - Successfully created card for testCardProps-ParamsVals.vcf
2025-04-04 08:01:11,454 - ERROR - Card validation failed for testCardProps-ParamsVals.vcf: Invalid property (code 3)
2025-04-04 08:01:11,454 - INFO - Found vCard file: testCardProps-Groups.vcf
2025-04-04 08:01:11,454 - INFO - File details for testCardProps-Groups.vcf:
2025-04-04 08:01:11,454 - INFO -   Size: 268 bytes
2025-04-04 08:01:11,454 - INFO -   Permissions: 0o100644
2025-04-04 08:01:11,454 - INFO -   Modified: 2025-03-28 12:15:34.011049
2025-04-04 08:01:11,454 - INFO - Card testCardProps-Groups.vcf unchanged, using cached version
2025-04-04 08:01:11,454 - INFO - Found vCard file: editable.vcf
2025-04-04 08:01:11,454 - INFO - File details for editable.vcf:
2025-04-04 08:01:11,454 - INFO -   Size: 46 bytes
2025-04-04 08:01:11,454 - INFO -   Permissions: 0o100644
2025-04-04 08:01:11,454 - INFO -   Modified: 2025-04-04 07:54:55.288564
2025-04-04 08:01:11,454 - INFO - Card editable.vcf unchanged, using cached version
2025-04-04 08:01:11,454 - INFO - Found vCard file: testCard-TruncBday.vcf
2025-04-04 08:01:11,454 - INFO - File details for testCard-TruncBday.vcf:
2025-04-04 08:01:11,454 - INFO -   Size: 70 bytes
2025-04-04 08:01:11,454 - INFO -   Permissions: 0o100644
2025-04-04 08:01:11,454 - INFO -   Modified: 2025-03-28 12:15:33.882049
2025-04-04 08:01:11,454 - INFO - Processing card: testCard-TruncBday.vcf
2025-04-04 08:01:11,454 - INFO - File contents of testCard-TruncBday.vcf:
BEGIN:VCARD
VERSION:4.0
FN:Simon Perreault
BDAY:--0203
END:VCARD

2025-04-04 08:01:11,454 - INFO - Successfully created card for testCard-TruncBday.vcf
2025-04-04 08:01:11,454 - ERROR - Card validation failed for testCard-TruncBday.vcf: Invalid date/time (code 4)
2025-04-04 08:01:11,454 - INFO - Found vCard file: testCardProp-Param.vcf
2025-04-04 08:01:11,454 - INFO - File details for testCardProp-Param.vcf:
2025-04-04 08:01:11,454 - INFO -   Size: 83 bytes
2025-04-04 08:01:11,454 - INFO -   Permissions: 0o100644
2025-04-04 08:01:11,454 - INFO -   Modified: 2025-03-28 12:15:33.316049
2025-04-04 08:01:11,454 - INFO - Card testCardProp-Param.vcf unchanged, using cached version
2025-04-04 08:01:11,454 - INFO - Found vCard file: testCardInvEndings.vcf
2025-04-04 08:01:11,454 - INFO - File details for testCardInvEndings.vcf:
2025-04-04 08:01:11,454 - INFO -   Size: 53 bytes
2025-04-04 08:01:11,454 - INFO -   Permissions: 0o100644
2025-04-04 08:01:11,454 - INFO -   Modified: 2025-03-28 12:15:51.528049
2025-04-04 08:01:11,454 - INFO - Processing card: testCardInvEndings.vcf
2025-04-04 08:01:11,454 - INFO - File contents of testCardInvEndings.vcf:
BEGIN:VCARD
VERSION:4.0
FN:Simon Perreault
END:VCARD

2025-04-04 08:01:11,455 - ERROR - Failed to create card testCardInvEndings.vcf: Invalid card format (code 2)
2025-04-04 08:01:11,455 - INFO - Found vCard file: testCardNoEnd.vcf
2025-04-04 08:01:11,455 - INFO - File details for testCardNoEnd.vcf:
2025-04-04 08:01:11,455 - INFO -   Size: 46 bytes
2025-04-04 08:01:11,455 - INFO -   Permissions: 0o100644
2025-04-04 08:01:11,455 - INFO -   Modified: 2025-03-28 12:15:51.468049
2025-04-04 08:01:11,455 - INFO - Processing card: testCardNoEnd.vcf
2025-04-04 08:01:11,455 - INFO - File contents of testCardNoEnd.vcf:
BEGIN:VCARD
VERSION:4.0
FN:Simon Perreault

2025-04-04 08:01:11,455 - ERROR - Failed to create card testCardNoEnd.vcf: Invalid card format (code 2)
2025-04-04 08:01:11,455 - INFO - Found vCard file: testCardProp-simpleVal.vcf
2025-04-04 08:01:11,455 - INFO - File details for testCardProp-simpleVal.vcf:
2025-04-04 08:01:11,455 - INFO -   Size: 67 bytes
2025-04-04 08:01:11,455 - INFO -   Permissions: 0o100644
2025-04-04 08:01:11,455 - INFO -   Modified: 2025-03-28 12:15:34.107049
2025-04-04 08:01:11,455 - INFO - Card testCardProp-simpleVal.vcf unchanged, using cached version
2025-04-04 08:01:11,455 - INFO - Found vCard file: testCard-SimpleFold2.vcf
2025-04-04 08:01:11,455 - INFO - File details for testCard-SimpleFold2.vcf:
2025-04-04 08:01:11,455 - INFO -   Size: 60 bytes
2025-04-04 08:01:11,455 - INFO -   Permissions: 0o100644
2025-04-04 08:01:11,455 - INFO -   Modified: 2025-03-28 12:15:33.214049
2025-04-04 08:01:11,455 - INFO - Card testCard-SimpleFold2.vcf unchanged, using cached version
2025-04-04 08:01:11,455 - INFO - Found vCard file: testCardMin.vcf
2025-04-04 08:01:11,455 - INFO - File details for testCardMin.vcf:
2025-04-04 08:01:11,455 - INFO -   Size: 57 bytes
2025-04-04 08:01:11,455 - INFO -   Permissions: 0o100644
2025-04-04 08:01:11,455 - INFO -   Modified: 2025-03-28 12:15:33.562049
2025-04-04 08:01:11,455 - INFO - Card testCardMin.vcf unchanged, using cached version
2025-04-04 08:01:11,455 - INFO - Found vCard file: mmmm.vcf
2025-04-04 08:01:11,455 - INFO - File details for mmmm.vcf:
2025-04-04 08:01:11,455 - INFO -   Size: 46 bytes
2025-04-04 08:01:11,455 - INFO -   Permissions: 0o100644
2025-04-04 08:01:11,455 - INFO -   Modified: 2025-03-28 12:18:48.658144
2025-04-04 08:01:11,455 - INFO - Card mmmm.vcf unchanged, using cached version
2025-04-04 08:01:11,455 - INFO - Found vCard file: testCard-Ann.vcf
2025-04-04 08:01:11,455 - INFO - File details for testCard-Ann.vcf:
2025-04-04 08:01:11,455 - INFO -   Size: 86 bytes
2025-04-04 08:01:11,455 - INFO -   Permissions: 0o100644
2025-04-04 08:01:11,455 - INFO -   Modified: 2025-03-28 12:15:32.944049
2025-04-04 08:01:11,455 - INFO - Card testCard-Ann.vcf unchanged, using cached version
2025-04-04 08:01:11,455 - INFO - Found vCard file: testCardProps-Params.vcf
2025-04-04 08:01:11,455 - INFO - File details for testCardProps-Params.vcf:
2025-04-04 08:01:11,455 - INFO -   Size: 202 bytes
2025-04-04 08:01:11,455 - INFO -   Permissions: 0o100644
2025-04-04 08:01:11,455 - INFO -   Modified: 2025-03-28 12:15:32.591049
2025-04-04 08:01:11,455 - INFO - Card testCardProps-Params.vcf unchanged, using cached version
2025-04-04 08:01:11,455 - INFO - Found vCard file: testCardGroup.vcf
2025-04-04 08:01:11,455 - INFO - File details for testCardGroup.vcf:
2025-04-04 08:01:11,455 - INFO -   Size: 879 bytes
2025-04-04 08:01:11,455 - INFO -   Permissions: 0o100644
2025-04-04 08:01:11,455 - INFO -   Modified: 2025-03-28 12:15:33.731049
2025-04-04 08:01:11,455 - INFO - Processing card: testCardGroup.vcf
2025-04-04 08:01:11,455 - INFO - File contents of testCardGroup.vcf:
BEGIN:VCARD
VERSION:4.0
N:Doe;John;;;
FN:John Doe
ORG:Example.com Inc.;
TITLE:Imaginary test person
EMAIL;type=INTERNET;type=WORK;type=pref:johnDoe@example.org
TEL;type=WORK;type=pref:+1 617 555 1212
TEL;type=CELL:+1 781 555 1212
TEL;type=HOME:+1 202 555 1212
TEL;type=WORK:+1 (617) 555-1234
item1.ADR;type=WORK:;;2 Example Avenue;Anytown;NY;01111;USA
item1.X-ABADR:us
item2.ADR;type=HOME;type=pref:;;3 Acacia Avenue;Newtown;MA;02222;USA
item2.X-ABADR:us
NOTE:John Doe has a long and varied history
 , being documented on more police files that anyone else. Reports of his death are alas numerous.
item3.URL;type=pref:http://www.example/com/doe
item3.X-ABLabel:_$!<HomePage>!$_
item4.URL:http://www.example.com/Joe/foaf.df
item4.X-ABLabel:FOAF
item5.X-ABRELATEDNAMES;type=pref:Jane Doe
item5.X-ABLabel:_$!<Friend>!$_
CATEGORIES:Work,Test group
END:VCARD

2025-04-04 08:01:11,455 - INFO - Successfully created card for testCardGroup.vcf
2025-04-04 08:01:11,455 - ERROR - Card validation failed for testCardGroup.vcf: Invalid property (code 3)
2025-04-04 08:01:11,455 - INFO - Found vCard file: testCardNoVersion.vcf
2025-04-04 08:01:11,455 - INFO - File details for testCardNoVersion.vcf:
2025-04-04 08:01:11,455 - INFO -   Size: 44 bytes
2025-04-04 08:01:11,455 - INFO -   Permissions: 0o100644
2025-04-04 08:01:11,455 - INFO -   Modified: 2025-03-28 12:15:51.625049
2025-04-04 08:01:11,455 - INFO - Processing card: testCardNoVersion.vcf
2025-04-04 08:01:11,455 - INFO - File contents of testCardNoVersion.vcf:
BEGIN:VCARD
FN:Simon Perreault
END:VCARD

2025-04-04 08:01:11,455 - ERROR - Failed to create card testCardNoVersion.vcf: Invalid card format (code 2)
2025-04-04 08:01:11,455 - INFO - Found vCard file: testCard-BdayTime.vcf
2025-04-04 08:01:11,455 - INFO - File details for testCard-BdayTime.vcf:
2025-04-04 08:01:11,455 - INFO -   Size: 71 bytes
2025-04-04 08:01:11,455 - INFO -   Permissions: 0o100644
2025-04-04 08:01:11,455 - INFO -   Modified: 2025-03-28 12:15:32.684049
2025-04-04 08:01:11,455 - INFO - Card testCard-BdayTime.vcf unchanged, using cached version
2025-04-04 08:01:11,455 - INFO - Found vCard file: testCardProps-simpleVal.vcf
2025-04-04 08:01:11,455 - INFO - File details for testCardProps-simpleVal.vcf:
2025-04-04 08:01:11,455 - INFO -   Size: 81 bytes
2025-04-04 08:01:11,455 - INFO -   Permissions: 0o100644
2025-04-04 08:01:11,455 - INFO -   Modified: 2025-03-28 12:15:33.163049
2025-04-04 08:01:11,455 - INFO - Card testCardProps-simpleVal.vcf unchanged, using cached version
2025-04-04 08:01:11,455 - INFO - Found vCard file: testCard-BdayText.vcf
2025-04-04 08:01:11,455 - INFO - File details for testCard-BdayText.vcf:
2025-04-04 08:01:11,455 - INFO -   Size: 85 bytes
2025-04-04 08:01:11,455 - INFO -   Permissions: 0o100644
2025-04-04 08:01:11,455 - INFO -   Modified: 2025-03-28 12:15:33.772049
2025-04-04 08:01:11,455 - INFO - Card testCard-BdayText.vcf unchanged, using cached version
2025-04-04 08:01:11,455 - INFO - Found vCard file: testCardProp-ParamsVals.vcf
2025-04-04 08:01:11,455 - INFO - File details for testCardProp-ParamsVals.vcf:
2025-04-04 08:01:11,455 - INFO -   Size: 125 bytes
2025-04-04 08:01:11,455 - INFO -   Permissions: 0o100644
2025-04-04 08:01:11,455 - INFO -   Modified: 2025-03-28 12:15:33.041049
2025-04-04 08:01:11,455 - INFO - Card testCardProp-ParamsVals.vcf unchanged, using cached version
2025-04-04 08:01:11,455 - INFO - Found vCard file: nnnn.vcf
2025-04-04 08:01:11,455 - INFO - File details for nnnn.vcf:
2025-04-04 08:01:11,455 - INFO -   Size: 47 bytes
2025-04-04 08:01:11,455 - INFO -   Permissions: 0o100644
2025-04-04 08:01:11,455 - INFO -   Modified: 2025-03-28 12:28:54.030319
2025-04-04 08:01:11,455 - INFO - Card nnnn.vcf unchanged, using cached version
2025-04-04 08:01:11,455 - INFO - Found vCard file: testCard-bothDT.vcf
2025-04-04 08:01:11,455 - INFO - File details for testCard-bothDT.vcf:
2025-04-04 08:01:11,455 - INFO -   Size: 108 bytes
2025-04-04 08:01:11,455 - INFO -   Permissions: 0o100644
2025-04-04 08:01:11,455 - INFO -   Modified: 2025-03-28 12:15:33.095049
2025-04-04 08:01:11,455 - INFO - Card testCard-bothDT.vcf unchanged, using cached version
2025-04-04 08:01:11,455 - INFO - Found vCard file: testCard.vcf
2025-04-04 08:01:11,455 - INFO - File details for testCard.vcf:
2025-04-04 08:01:11,455 - INFO -   Size: 613 bytes
2025-04-04 08:01:11,455 - INFO -   Permissions: 0o100644
2025-04-04 08:01:11,455 - INFO -   Modified: 2025-03-28 12:15:33.945049
2025-04-04 08:01:11,456 - INFO - Processing card: testCard.vcf
2025-04-04 08:01:11,456 - INFO - File contents of testCard.vcf:
BEGIN:VCARD
VERSION:4.0
FN:Simon Perreault
N:Perreault;Simon;;;ing. jr,M.Sc.
BDAY:--0203
ANNIVERSARY:20090808T143000
GENDER:M
LANG;PREF=1:fr
LANG;PREF=2:en
ORG;TYPE=work:Viagenie
ADR;TYPE=work:;Suite D2-630;2875 Laurier;
 Quebec;QC;G1V 2M2;Canada
TEL;VALUE=uri;TYPE="work,voice";PREF=1:tel:+1-418-656-9254;ext=102
TEL;VALUE=uri;TYPE="work,cell,voice,video,text":tel:+1-418-262-6501
EMAIL;TYPE=work:simon.perreault@viagenie.ca
GEO;TYPE=work:geo:46.772673,-71.282945
KEY;TYPE=work;VALUE=uri:
 http://www.viagenie.ca/simon.perreault/simon.asc
TZ:-0500
URL;TYPE=home:http://nomis80.org
END:VCARD

2025-04-04 08:01:11,456 - INFO - Successfully created card for testCard.vcf
2025-04-04 08:01:11,456 - ERROR - Card validation failed for testCard.vcf: Invalid property (code 3)
2025-04-04 08:01:11,456 - INFO - Found vCard file: borninjune.vcf
2025-04-04 08:01:11,456 - INFO - File details for borninjune.vcf:
2025-04-04 08:01:11,456 - INFO -   Size: 45 bytes
2025-04-04 08:01:11,456 - INFO -   Permissions: 0o100644
2025-04-04 08:01:11,456 - INFO -   Modified: 2025-04-03 13:32:08.262929
2025-04-04 08:01:11,456 - INFO - Card borninjune.vcf unchanged, using cached version
2025-04-04 08:01:11,456 - INFO - Found vCard file: testCardProps-compVal.vcf
2025-04-04 08:01:11,456 - INFO - File details for testCardProps-compVal.vcf:
2025-04-04 08:01:11,456 - INFO -   Size: 179 bytes
2025-04-04 08:01:11,456 - INFO -   Permissions: 0o100644
2025-04-04 08:01:11,456 - INFO -   Modified: 2025-03-28 12:15:32.410049
2025-04-04 08:01:11,456 - INFO - Card testCardProps-compVal.vcf unchanged, using cached version
2025-04-04 08:01:11,456 - INFO - Found vCard file: testCard-SimpleFold1.vcf
2025-04-04 08:01:11,456 - INFO - File details for testCard-SimpleFold1.vcf:
2025-04-04 08:01:11,456 - INFO -   Size: 60 bytes
2025-04-04 08:01:11,456 - INFO -   Permissions: 0o100644
2025-04-04 08:01:11,456 - INFO -   Modified: 2025-03-28 12:15:33.623049
2025-04-04 08:01:11,456 - INFO - Card testCard-SimpleFold1.vcf unchanged, using cached version
2025-04-04 08:01:11,456 - INFO - Found vCard file: testCard-MoreFold.vcf
2025-04-04 08:01:11,456 - INFO - File details for testCard-MoreFold.vcf:
2025-04-04 08:01:11,456 - INFO -   Size: 204 bytes
2025-04-04 08:01:11,456 - INFO -   Permissions: 0o100644
2025-04-04 08:01:11,456 - INFO -   Modified: 2025-03-28 12:15:32.510049
2025-04-04 08:01:11,456 - INFO - Processing card: testCard-MoreFold.vcf
2025-04-04 08:01:11,456 - INFO - File contents of testCard-MoreFold.vcf:
BEGIN:VCARD
VERSION:4.0
FN:Simon Perreault
ADR;TYPE=work:;Suite D2-630;2875 Laurier;
 Quebec;QC;G1V 2M2;Canada
KEY;TYPE=work;VALUE=uri:
 http://www.viagenie.ca/simon.perreault/simon.asc
END:VCARD

2025-04-04 08:01:11,456 - INFO - Successfully created card for testCard-MoreFold.vcf
2025-04-04 08:01:11,456 - ERROR - Card validation failed for testCard-MoreFold.vcf: Invalid property (code 3)
2025-04-04 08:01:11,456 - INFO - Found vCard file: testCard-AnnUTC.vcf
2025-04-04 08:01:11,456 - INFO - File details for testCard-AnnUTC.vcf:
2025-04-04 08:01:11,456 - INFO -   Size: 87 bytes
2025-04-04 08:01:11,456 - INFO -   Permissions: 0o100644
2025-04-04 08:01:11,456 - INFO -   Modified: 2025-03-28 12:15:33.475049
2025-04-04 08:01:11,456 - INFO - Processing card: testCard-AnnUTC.vcf
2025-04-04 08:01:11,456 - INFO - File contents of testCard-AnnUTC.vcf:
BEGIN:VCARD
VERSION:4.0
FN:Simon Perreault
ANNIVERSARY:20090808T143000Z
END:VCARD

2025-04-04 08:01:11,456 - INFO - Successfully created card for testCard-AnnUTC.vcf
2025-04-04 08:01:11,456 - ERROR - Card validation failed for testCard-AnnUTC.vcf: Invalid date/time (code 4)
2025-04-04 08:01:11,456 - INFO - Current cache state:
2025-04-04 08:01:11,456 - INFO -   testCardN-compVal.vcf: last_modified=2025-03-28 12:15:33.366049
2025-04-04 08:01:11,456 - INFO -   testCardProps-Groups.vcf: last_modified=2025-03-28 12:15:34.011049
2025-04-04 08:01:11,456 - INFO -   editable.vcf: last_modified=2025-04-04 07:54:55.288564
2025-04-04 08:01:11,456 - INFO -   testCardProp-Param.vcf: last_modified=2025-03-28 12:15:33.316049
2025-04-04 08:01:11,456 - INFO -   testCardProp-simpleVal.vcf: last_modified=2025-03-28 12:15:34.107049
2025-04-04 08:01:11,456 - INFO -   testCard-SimpleFold2.vcf: last_modified=2025-03-28 12:15:33.214049
2025-04-04 08:01:11,456 - INFO -   testCardMin.vcf: last_modified=2025-03-28 12:15:33.562049
2025-04-04 08:01:11,456 - INFO -   mmmm.vcf: last_modified=2025-03-28 12:18:48.658144
2025-04-04 08:01:11,456 - INFO -   testCard-Ann.vcf: last_modified=2025-03-28 12:15:32.944049
2025-04-04 08:01:11,456 - INFO -   testCardProps-Params.vcf: last_modified=2025-03-28 12:15:32.591049
2025-04-04 08:01:11,456 - INFO -   testCard-BdayTime.vcf: last_modified=2025-03-28 12:15:32.684049
2025-04-04 08:01:11,456 - INFO -   testCardProps-simpleVal.vcf: last_modified=2025-03-28 12:15:33.163049
2025-04-04 08:01:11,456 - INFO -   testCard-BdayText.vcf: last_modified=2025-03-28 12:15:33.772049
2025-04-04 08:01:11,456 - INFO -   testCardProp-ParamsVals.vcf: last_modified=2025-03-28 12:15:33.041049
2025-04-04 08:01:11,456 - INFO -   nnnn.vcf: last_modified=2025-03-28 12:28:54.030319
2025-04-04 08:01:11,456 - INFO -   testCard-bothDT.vcf: last_modified=2025-03-28 12:15:33.095049
2025-04-04 08:01:11,456 - INFO -   borninjune.vcf: last_modified=2025-04-03 13:32:08.262929
2025-04-04 08:01:11,456 - INFO -   testCardProps-compVal.vcf: last_modified=2025-03-28 12:15:32.410049
2025-04-04 08:01:11,456 - INFO -   testCard-SimpleFold1.vcf: last_modified=2025-03-28 12:15:33.623049
2025-04-04 08:01:11,456 - INFO - Card cache refresh complete. Valid cards: ['testCardN-compVal.vcf', 'testCardProps-Groups.vcf', 'editable.vcf', 'testCardProp-Param.vcf', 'testCardProp-simpleVal.vcf', 'testCard-SimpleFold2.vcf', 'testCardMin.vcf', 'mmmm.vcf', 'testCard-Ann.vcf', 'testCardProps-Params.vcf', 'testCard-BdayTime.vcf', 'testCardProps-simpleVal.vcf', 'testCard-BdayText.vcf', 'testCardProp-ParamsVals.vcf', 'nnnn.vcf', 'testCard-bothDT.vcf', 'borninjune.vcf', 'testCardProps-compVal.vcf', 'testCard-SimpleFold1.vcf']
2025-04-04 08:01:11,456 - INFO - Found 19 valid vCard files
2025-04-04 08:01:11,456 - DEBUG - Updating: filename
2025-04-04 08:01:11,456 - DEBUG - Form field changed
2025-04-04 08:01:11,456 - DEBUG - Updating: contact_name
2025-04-04 08:01:11,456 - DEBUG - Form field changed
2025-04-04 08:01:11,456 - DEBUG - Updating: None
2025-04-04 08:01:11,456 - DEBUG - Updating: None
2025-04-04 08:01:11,456 - DEBUG - Updating: None
2025-04-04 08:01:11,456 - DEBUG - Updating: None
2025-04-04 08:01:11,456 - DEBUG - Updating: None
2025-04-04 08:01:11,456 - DEBUG - Updating: None
2025-04-04 08:01:11,456 - DEBUG - Updating: None
2025-04-04 08:01:11,457 - DEBUG - Updating: filename
2025-04-04 08:01:11,457 - DEBUG - Updating: contact_name
2025-04-04 08:01:11,457 - DEBUG - Form field changed
2025-04-04 08:01:11,457 - DEBUG - Updating: birthday
2025-04-04 08:01:11,457 - DEBUG - Updating: anniversary
2025-04-04 08:01:11,457 - DEBUG - Updating: other_props
2025-04-04 08:01:11,457 - DEBUG - Updating: None
2025-04-04 08:01:11,457 - DEBUG - Updating: None
2025-04-04 08:01:11,457 - DEBUG - Updating: None
2025-04-04 08:01:11,457 - DEBUG - Updating: None
2025-04-04 08:01:11,457 - DEBUG - Updating: None
2025-04-04 08:01:11,457 - DEBUG - Updating: None
2025-04-04 08:01:11,457 - DEBUG - Updating: username
2025-04-04 08:01:11,457 - DEBUG - Updating: password
2025-04-04 08:01:11,457 - DEBUG - Updating: database
2025-04-04 08:01:11,457 - DEBUG - Updating: None
2025-04-04 08:01:11,457 - DEBUG - Updating: None
2025-04-04 08:01:11,457 - DEBUG - Updating: None
2025-04-04 08:01:11,457 - DEBUG - Updating: None
2025-04-04 08:01:11,457 - DEBUG - Updating: None
2025-04-04 08:01:11,457 - DEBUG - Updating: None
2025-04-04 08:01:11,457 - DEBUG - Updating: username
2025-04-04 08:01:11,457 - DEBUG - Updating: password
2025-04-04 08:01:11,457 - DEBUG - Updating: database
2025-04-04 08:01:11,457 - DEBUG - Updating: None
2025-04-04 08:01:11,457 - DEBUG - Widget blur: <asciimatics.widgets.label.Label object at 0xffffab3639f0>
2025-04-04 08:01:11,457 - DEBUG - Widget blur: <asciimatics.widgets.label.Label object at 0xffffab363b90>
2025-04-04 08:01:11,457 - DEBUG - Widget blur: <asciimatics.widgets.text.Text object at 0xffffab733970>
2025-04-04 08:01:11,457 - DEBUG - Widget blur: <asciimatics.widgets.text.Text object at 0xffffab7cf6a0>
2025-04-04 08:01:11,457 - DEBUG - Widget blur: <asciimatics.widgets.text.Text object at 0xffffab7cf4c0>
2025-04-04 08:01:11,457 - DEBUG - Widget blur: <asciimatics.widgets.label.Label object at 0xffffab3636b0>
2025-04-04 08:01:11,457 - DEBUG - Blur: <asciimatics.widgets.layout.Layout object at 0xffffab357a00>
2025-04-04 08:01:11,457 - DEBUG - Updating: None
2025-04-04 08:01:11,457 - DEBUG - Updating: None
2025-04-04 08:01:11,457 - DEBUG - Widget blur: <asciimatics.widgets.button.Button object at 0xffffab380580>
2025-04-04 08:01:11,457 - DEBUG - Widget blur: <asciimatics.widgets.button.Button object at 0xffffab380660>
2025-04-04 08:01:11,457 - DEBUG - Blur: <asciimatics.widgets.layout.Layout object at 0xffffab357a60>
2025-04-04 08:01:11,457 - DEBUG - Updating: None
2025-04-04 08:01:11,457 - DEBUG - Widget blur: <asciimatics.widgets.label.Label object at 0xffffab363ac0>
2025-04-04 08:01:11,457 - DEBUG - Blur: <asciimatics.widgets.layout.Layout object at 0xffffab357ac0>
2025-04-04 08:01:11,457 - DEBUG - Focus: <asciimatics.widgets.layout.Layout object at 0xffffab357a00>
2025-04-04 08:01:11,457 - DEBUG - Widget focus: <asciimatics.widgets.text.Text object at 0xffffab733970>
2025-04-04 08:01:11,457 - DEBUG - Cloning: Login to Database
2025-04-04 08:01:11,457 - DEBUG - Updating: None
2025-04-04 08:01:11,457 - DEBUG - Updating: None
2025-04-04 08:01:11,457 - DEBUG - Updating: username
2025-04-04 08:01:11,457 - DEBUG - Updating: password
2025-04-04 08:01:11,457 - DEBUG - Updating: database
2025-04-04 08:01:11,457 - DEBUG - Updating: None
2025-04-04 08:01:11,457 - DEBUG - Updating: None
2025-04-04 08:01:11,458 - DEBUG - Updating: None
2025-04-04 08:01:11,458 - DEBUG - Updating: None
2025-04-04 08:01:11,458 - DEBUG - Updating: None
2025-04-04 08:01:11,458 - DEBUG - Updating: None
2025-04-04 08:01:11,458 - DEBUG - Updating: username
2025-04-04 08:01:11,458 - DEBUG - Updating: password
2025-04-04 08:01:11,458 - DEBUG - Updating: database
2025-04-04 08:01:11,458 - DEBUG - Updating: None
2025-04-04 08:01:11,458 - DEBUG - Updating: None
2025-04-04 08:01:11,458 - DEBUG - Updating: None
2025-04-04 08:01:11,458 - DEBUG - Updating: None
2025-04-04 08:01:12,299 - DEBUG - Processing key: 6d
2025-04-04 08:01:12,299 - DEBUG - Returning key: 6d
2025-04-04 08:01:12,299 - DEBUG - New event: KeyboardEvent: 109
2025-04-04 08:01:12,299 - DEBUG - Focus: <asciimatics.widgets.layout.Layout object at 0xffffab357a00>
2025-04-04 08:01:12,299 - DEBUG - Layout event: <asciimatics.widgets.layout.Layout object at 0xffffab357a00> KeyboardEvent: 109
2025-04-04 08:01:12,299 - DEBUG - Current widget left event: None
2025-04-04 08:01:12,456 - DEBUG - Processing key: 72
2025-04-04 08:01:12,456 - DEBUG - Returning key: 72
2025-04-04 08:01:12,456 - DEBUG - New event: KeyboardEvent: 114
2025-04-04 08:01:12,456 - DEBUG - Layout event: <asciimatics.widgets.layout.Layout object at 0xffffab357a00> KeyboardEvent: 114
2025-04-04 08:01:12,456 - DEBUG - Current widget left event: None
2025-04-04 08:01:12,559 - DEBUG - Processing key: 61
2025-04-04 08:01:12,559 - DEBUG - Returning key: 61
2025-04-04 08:01:12,559 - DEBUG - New event: KeyboardEvent: 97
2025-04-04 08:01:12,559 - DEBUG - Layout event: <asciimatics.widgets.layout.Layout object at 0xffffab357a00> KeyboardEvent: 97
2025-04-04 08:01:12,559 - DEBUG - Current widget left event: None
2025-04-04 08:01:12,660 - DEBUG - Processing key: 73
2025-04-04 08:01:12,660 - DEBUG - Returning key: 73
2025-04-04 08:01:12,660 - DEBUG - New event: KeyboardEvent: 115
2025-04-04 08:01:12,660 - DEBUG - Layout event: <asciimatics.widgets.layout.Layout object at 0xffffab357a00> KeyboardEvent: 115
2025-04-04 08:01:12,660 - DEBUG - Current widget left event: None
2025-04-04 08:01:12,763 - DEBUG - Processing key: 68
2025-04-04 08:01:12,764 - DEBUG - Returning key: 68
2025-04-04 08:01:12,764 - DEBUG - New event: KeyboardEvent: 104
2025-04-04 08:01:12,764 - DEBUG - Layout event: <asciimatics.widgets.layout.Layout object at 0xffffab357a00> KeyboardEvent: 104
2025-04-04 08:01:12,764 - DEBUG - Current widget left event: None
2025-04-04 08:01:12,924 - DEBUG - Processing key: 61
2025-04-04 08:01:12,924 - DEBUG - Returning key: 61
2025-04-04 08:01:12,924 - DEBUG - New event: KeyboardEvent: 97
2025-04-04 08:01:12,924 - DEBUG - Layout event: <asciimatics.widgets.layout.Layout object at 0xffffab357a00> KeyboardEvent: 97
2025-04-04 08:01:12,925 - DEBUG - Current widget left event: None
2025-04-04 08:01:12,975 - DEBUG - Processing key: 68
2025-04-04 08:01:12,975 - DEBUG - Returning key: 68
2025-04-04 08:01:12,975 - DEBUG - New event: KeyboardEvent: 104
2025-04-04 08:01:12,975 - DEBUG - Layout event: <asciimatics.widgets.layout.Layout object at 0xffffab357a00> KeyboardEvent: 104
2025-04-04 08:01:12,976 - DEBUG - Current widget left event: None
2025-04-04 08:01:13,184 - DEBUG - Processing key: 6d
2025-04-04 08:01:13,185 - DEBUG - Returning key: 6d
2025-04-04 08:01:13,185 - DEBUG - New event: KeyboardEvent: 109
2025-04-04 08:01:13,185 - DEBUG - Layout event: <asciimatics.widgets.layout.Layout object at 0xffffab357a00> KeyboardEvent: 109
2025-04-04 08:01:13,185 - DEBUG - Current widget left event: None
2025-04-04 08:01:13,295 - DEBUG - Processing key: 9
2025-04-04 08:01:13,295 - DEBUG - Returning key: 9
2025-04-04 08:01:13,295 - DEBUG - New event: KeyboardEvent: -301
2025-04-04 08:01:13,295 - DEBUG - Layout event: <asciimatics.widgets.layout.Layout object at 0xffffab357a00> KeyboardEvent: -301
2025-04-04 08:01:13,295 - DEBUG - Widget blur: <asciimatics.widgets.text.Text object at 0xffffab733970>
2025-04-04 08:01:13,295 - DEBUG - Widget focus: <asciimatics.widgets.text.Text object at 0xffffab7cf6a0>
2025-04-04 08:01:13,295 - DEBUG - Current widget left event: None
2025-04-04 08:01:14,050 - DEBUG - Processing key: 31
2025-04-04 08:01:14,051 - DEBUG - Returning key: 31
2025-04-04 08:01:14,051 - DEBUG - New event: KeyboardEvent: 49
2025-04-04 08:01:14,051 - DEBUG - Layout event: <asciimatics.widgets.layout.Layout object at 0xffffab357a00> KeyboardEvent: 49
2025-04-04 08:01:14,051 - DEBUG - Current widget left event: None
2025-04-04 08:01:14,210 - DEBUG - Processing key: 32
2025-04-04 08:01:14,211 - DEBUG - Returning key: 32
2025-04-04 08:01:14,211 - DEBUG - New event: KeyboardEvent: 50
2025-04-04 08:01:14,211 - DEBUG - Layout event: <asciimatics.widgets.layout.Layout object at 0xffffab357a00> KeyboardEvent: 50
2025-04-04 08:01:14,211 - DEBUG - Current widget left event: None
2025-04-04 08:01:14,680 - DEBUG - Processing key: 35
2025-04-04 08:01:14,680 - DEBUG - Returning key: 35
2025-04-04 08:01:14,680 - DEBUG - New event: KeyboardEvent: 53
2025-04-04 08:01:14,680 - DEBUG - Layout event: <asciimatics.widgets.layout.Layout object at 0xffffab357a00> KeyboardEvent: 53
2025-04-04 08:01:14,680 - DEBUG - Current widget left event: None
2025-04-04 08:01:14,945 - DEBUG - Processing key: 30
2025-04-04 08:01:14,945 - DEBUG - Returning key: 30
2025-04-04 08:01:14,945 - DEBUG - New event: KeyboardEvent: 48
2025-04-04 08:01:14,945 - DEBUG - Layout event: <asciimatics.widgets.layout.Layout object at 0xffffab357a00> KeyboardEvent: 48
2025-04-04 08:01:14,945 - DEBUG - Current widget left event: None
2025-04-04 08:01:15,104 - DEBUG - Processing key: 34
2025-04-04 08:01:15,104 - DEBUG - Returning key: 34
2025-04-04 08:01:15,104 - DEBUG - New event: KeyboardEvent: 52
2025-04-04 08:01:15,104 - DEBUG - Layout event: <asciimatics.widgets.layout.Layout object at 0xffffab357a00> KeyboardEvent: 52
2025-04-04 08:01:15,104 - DEBUG - Current widget left event: None
2025-04-04 08:01:15,412 - DEBUG - Processing key: 35
2025-04-04 08:01:15,412 - DEBUG - Returning key: 35
2025-04-04 08:01:15,412 - DEBUG - New event: KeyboardEvent: 53
2025-04-04 08:01:15,412 - DEBUG - Layout event: <asciimatics.widgets.layout.Layout object at 0xffffab357a00> KeyboardEvent: 53
2025-04-04 08:01:15,412 - DEBUG - Current widget left event: None
2025-04-04 08:01:15,675 - DEBUG - Processing key: 39
2025-04-04 08:01:15,675 - DEBUG - Returning key: 39
2025-04-04 08:01:15,675 - DEBUG - New event: KeyboardEvent: 57
2025-04-04 08:01:15,675 - DEBUG - Layout event: <asciimatics.widgets.layout.Layout object at 0xffffab357a00> KeyboardEvent: 57
2025-04-04 08:01:15,675 - DEBUG - Current widget left event: None
2025-04-04 08:01:16,476 - DEBUG - Processing key: 9
2025-04-04 08:01:16,476 - DEBUG - Returning key: 9
2025-04-04 08:01:16,476 - DEBUG - New event: KeyboardEvent: -301
2025-04-04 08:01:16,476 - DEBUG - Layout event: <asciimatics.widgets.layout.Layout object at 0xffffab357a00> KeyboardEvent: -301
2025-04-04 08:01:16,476 - DEBUG - Widget blur: <asciimatics.widgets.text.Text object at 0xffffab7cf6a0>
2025-04-04 08:01:16,477 - DEBUG - Widget focus: <asciimatics.widgets.text.Text object at 0xffffab7cf4c0>
2025-04-04 08:01:16,477 - DEBUG - Current widget left event: None
2025-04-04 08:01:16,745 - DEBUG - Processing key: 6d
2025-04-04 08:01:16,746 - DEBUG - Returning key: 6d
2025-04-04 08:01:16,746 - DEBUG - New event: KeyboardEvent: 109
2025-04-04 08:01:16,746 - DEBUG - Layout event: <asciimatics.widgets.layout.Layout object at 0xffffab357a00> KeyboardEvent: 109
2025-04-04 08:01:16,746 - DEBUG - Current widget left event: None
2025-04-04 08:01:16,848 - DEBUG - Processing key: 72
2025-04-04 08:01:16,848 - DEBUG - Returning key: 72
2025-04-04 08:01:16,848 - DEBUG - New event: KeyboardEvent: 114
2025-04-04 08:01:16,849 - DEBUG - Layout event: <asciimatics.widgets.layout.Layout object at 0xffffab357a00> KeyboardEvent: 114
2025-04-04 08:01:16,849 - DEBUG - Current widget left event: None
2025-04-04 08:01:17,054 - DEBUG - Processing key: 61
2025-04-04 08:01:17,054 - DEBUG - Returning key: 61
2025-04-04 08:01:17,054 - DEBUG - New event: KeyboardEvent: 97
2025-04-04 08:01:17,054 - DEBUG - Layout event: <asciimatics.widgets.layout.Layout object at 0xffffab357a00> KeyboardEvent: 97
2025-04-04 08:01:17,054 - DEBUG - Current widget left event: None
2025-04-04 08:01:17,156 - DEBUG - Processing key: 73
2025-04-04 08:01:17,156 - DEBUG - Returning key: 73
2025-04-04 08:01:17,156 - DEBUG - New event: KeyboardEvent: 115
2025-04-04 08:01:17,156 - DEBUG - Layout event: <asciimatics.widgets.layout.Layout object at 0xffffab357a00> KeyboardEvent: 115
2025-04-04 08:01:17,157 - DEBUG - Current widget left event: None
2025-04-04 08:01:17,363 - DEBUG - Processing key: 68
2025-04-04 08:01:17,363 - DEBUG - Returning key: 68
2025-04-04 08:01:17,363 - DEBUG - New event: KeyboardEvent: 104
2025-04-04 08:01:17,363 - DEBUG - Layout event: <asciimatics.widgets.layout.Layout object at 0xffffab357a00> KeyboardEvent: 104
2025-04-04 08:01:17,363 - DEBUG - Current widget left event: None
2025-04-04 08:01:17,474 - DEBUG - Processing key: 61
2025-04-04 08:01:17,475 - DEBUG - Returning key: 61
2025-04-04 08:01:17,475 - DEBUG - New event: KeyboardEvent: 97
2025-04-04 08:01:17,475 - DEBUG - Layout event: <asciimatics.widgets.layout.Layout object at 0xffffab357a00> KeyboardEvent: 97
2025-04-04 08:01:17,475 - DEBUG - Current widget left event: None
2025-04-04 08:01:17,579 - DEBUG - Processing key: 68
2025-04-04 08:01:17,579 - DEBUG - Returning key: 68
2025-04-04 08:01:17,579 - DEBUG - New event: KeyboardEvent: 104
2025-04-04 08:01:17,579 - DEBUG - Layout event: <asciimatics.widgets.layout.Layout object at 0xffffab357a00> KeyboardEvent: 104
2025-04-04 08:01:17,579 - DEBUG - Current widget left event: None
2025-04-04 08:01:17,791 - DEBUG - Processing key: 6d
2025-04-04 08:01:17,791 - DEBUG - Returning key: 6d
2025-04-04 08:01:17,791 - DEBUG - New event: KeyboardEvent: 109
2025-04-04 08:01:17,791 - DEBUG - Layout event: <asciimatics.widgets.layout.Layout object at 0xffffab357a00> KeyboardEvent: 109
2025-04-04 08:01:17,791 - DEBUG - Current widget left event: None
2025-04-04 08:01:18,476 - DEBUG - Processing key: 102
2025-04-04 08:01:18,477 - DEBUG - Returning key: 102
2025-04-04 08:01:18,480 - DEBUG - New event: KeyboardEvent: -206
2025-04-04 08:01:18,481 - DEBUG - Layout event: <asciimatics.widgets.layout.Layout object at 0xffffab357a00> KeyboardEvent: -206
2025-04-04 08:01:18,481 - DEBUG - Current widget left event: KeyboardEvent: -206
2025-04-04 08:01:18,500 - DEBUG - Blur: <asciimatics.widgets.layout.Layout object at 0xffffab357a00>
2025-04-04 08:01:18,501 - DEBUG - Widget blur: <asciimatics.widgets.text.Text object at 0xffffab7cf4c0>
2025-04-04 08:01:18,501 - DEBUG - Focus: <asciimatics.widgets.layout.Layout object at 0xffffab357a60>
2025-04-04 08:01:18,501 - DEBUG - Widget focus: <asciimatics.widgets.button.Button object at 0xffffab380580>
2025-04-04 08:01:18,950 - DEBUG - Processing key: a
2025-04-04 08:01:18,951 - DEBUG - Returning key: a
2025-04-04 08:01:18,951 - DEBUG - New event: KeyboardEvent: 10
2025-04-04 08:01:18,951 - DEBUG - Layout event: <asciimatics.widgets.layout.Layout object at 0xffffab357a60> KeyboardEvent: 10
2025-04-04 08:01:19,254 - DEBUG - Updating: files
2025-04-04 08:01:19,254 - DEBUG - Updating: None
2025-04-04 08:01:19,255 - DEBUG - Updating: None
2025-04-04 08:01:19,255 - DEBUG - Updating: None
2025-04-04 08:01:19,255 - DEBUG - Updating: None
2025-04-04 08:01:19,255 - DEBUG - Updating: None
2025-04-04 08:01:19,255 - DEBUG - Updating: files
2025-04-04 08:01:19,255 - DEBUG - Widget blur: <asciimatics.widgets.listbox.ListBox object at 0xffffab358b00>
2025-04-04 08:01:19,255 - DEBUG - Blur: <asciimatics.widgets.layout.Layout object at 0xffffab357b80>
2025-04-04 08:01:19,255 - DEBUG - Updating: None
2025-04-04 08:01:19,255 - DEBUG - Updating: None
2025-04-04 08:01:19,255 - DEBUG - Updating: None
2025-04-04 08:01:19,255 - DEBUG - Updating: None
2025-04-04 08:01:19,255 - DEBUG - Widget blur: <asciimatics.widgets.button.Button object at 0xffffab380740>
2025-04-04 08:01:19,255 - DEBUG - Widget blur: <asciimatics.widgets.button.Button object at 0xffffab380820>
2025-04-04 08:01:19,255 - DEBUG - Widget blur: <asciimatics.widgets.button.Button object at 0xffffab380900>
2025-04-04 08:01:19,255 - DEBUG - Widget blur: <asciimatics.widgets.button.Button object at 0xffffab3809e0>
2025-04-04 08:01:19,255 - DEBUG - Blur: <asciimatics.widgets.layout.Layout object at 0xffffab357be0>
2025-04-04 08:01:19,255 - DEBUG - Updating: None
2025-04-04 08:01:19,255 - DEBUG - Widget blur: <asciimatics.widgets.label.Label object at 0xffffab363c60>
2025-04-04 08:01:19,255 - DEBUG - Blur: <asciimatics.widgets.layout.Layout object at 0xffffab357b20>
2025-04-04 08:01:19,255 - DEBUG - Focus: <asciimatics.widgets.layout.Layout object at 0xffffab357b80>
2025-04-04 08:01:19,255 - DEBUG - Widget focus: <asciimatics.widgets.listbox.ListBox object at 0xffffab358b00>
2025-04-04 08:01:20,397 - DEBUG - New event: MouseEvent (45, 6) 4
2025-04-04 08:01:20,398 - DEBUG - Focus: <asciimatics.widgets.layout.Layout object at 0xffffab357b80>
2025-04-04 08:01:20,398 - DEBUG - Blurring: [<__main__.MainView object at 0xffffab38fed0>]
2025-04-04 08:01:20,398 - DEBUG - Layout event: <asciimatics.widgets.layout.Layout object at 0xffffab357b80> MouseEvent (45, 6) 4
2025-04-04 08:01:20,398 - DEBUG - Widget: <asciimatics.widgets.listbox.ListBox object at 0xffffab358b00> (1, 1) (75, 13)
2025-04-04 08:01:20,398 - DEBUG - Updating: filename
2025-04-04 08:01:20,398 - DEBUG - Updating: contact_name
2025-04-04 08:01:20,398 - DEBUG - Updating: birthday
2025-04-04 08:01:20,398 - DEBUG - Updating: anniversary
2025-04-04 08:01:20,398 - DEBUG - Updating: other_props
2025-04-04 08:01:20,398 - DEBUG - Updating: None
2025-04-04 08:01:20,398 - DEBUG - Updating: None
2025-04-04 08:01:20,398 - DEBUG - Updating: None
2025-04-04 08:01:20,398 - DEBUG - Updating: None
2025-04-04 08:01:20,398 - DEBUG - Updating: filename
2025-04-04 08:01:20,398 - DEBUG - Updating: contact_name
2025-04-04 08:01:20,398 - DEBUG - Updating: birthday
2025-04-04 08:01:20,398 - DEBUG - Updating: anniversary
2025-04-04 08:01:20,398 - DEBUG - Updating: other_props
2025-04-04 08:01:20,398 - DEBUG - Updating: None
2025-04-04 08:01:20,399 - DEBUG - Widget blur: <asciimatics.widgets.text.Text object at 0xffffab7cff10>
2025-04-04 08:01:20,399 - DEBUG - Widget blur: <asciimatics.widgets.text.Text object at 0xffffab3b0040>
2025-04-04 08:01:20,399 - DEBUG - Widget blur: <asciimatics.widgets.text.Text object at 0xffffab3b0130>
2025-04-04 08:01:20,399 - DEBUG - Widget blur: <asciimatics.widgets.text.Text object at 0xffffab3b0220>
2025-04-04 08:01:20,399 - DEBUG - Widget blur: <asciimatics.widgets.text.Text object at 0xffffab3b0310>
2025-04-04 08:01:20,399 - DEBUG - Widget blur: <asciimatics.widgets.label.Label object at 0xffffab3a81e0>
2025-04-04 08:01:20,399 - DEBUG - Blur: <asciimatics.widgets.layout.Layout object at 0xffffab357dc0>
2025-04-04 08:01:20,399 - DEBUG - Updating: None
2025-04-04 08:01:20,399 - DEBUG - Updating: None
2025-04-04 08:01:20,399 - DEBUG - Widget blur: <asciimatics.widgets.button.Button object at 0xffffab380c80>
2025-04-04 08:01:20,399 - DEBUG - Widget blur: <asciimatics.widgets.button.Button object at 0xffffab380d60>
2025-04-04 08:01:20,399 - DEBUG - Blur: <asciimatics.widgets.layout.Layout object at 0xffffab357e20>
2025-04-04 08:01:20,399 - DEBUG - Updating: None
2025-04-04 08:01:20,399 - DEBUG - Widget blur: <asciimatics.widgets.label.Label object at 0xffffab3a82b0>
2025-04-04 08:01:20,399 - DEBUG - Blur: <asciimatics.widgets.layout.Layout object at 0xffffab357ca0>
2025-04-04 08:01:20,399 - DEBUG - Focus: <asciimatics.widgets.layout.Layout object at 0xffffab357dc0>
2025-04-04 08:01:20,399 - DEBUG - Widget focus: <asciimatics.widgets.text.Text object at 0xffffab7cff10>
2025-04-04 08:01:20,399 - DEBUG - Loading card data for editing
2025-04-04 08:01:20,399 - DEBUG - Raw vCard content:
BEGIN:VCARD
VERSION:4.0
FN:Simon Perreault
BDAY;VALUE=text:circa 1960
END:VCARD

2025-04-04 08:01:20,399 - DEBUG - Card created successfully, attempting to extract data
2025-04-04 08:01:20,400 - DEBUG - Card pointer: <__main__.LP_Card object at 0xffffab378c20>
2025-04-04 08:01:20,400 - DEBUG - Card FN pointer: <__main__.LP_Property object at 0xffffab378dd0>
2025-04-04 08:01:20,400 - DEBUG - Successfully extracted FN value: Simon Perreault
2025-04-04 08:01:20,400 - DEBUG - Extracted FN value: Simon Perreault
2025-04-04 08:01:20,400 - DEBUG - Formatted birthday: circa 1960
2025-04-04 08:01:20,400 - DEBUG - Formatted anniversary: Not specified
2025-04-04 08:01:20,400 - DEBUG - Optional properties count: 0
2025-04-04 08:01:20,400 - DEBUG - Updating: filename
2025-04-04 08:01:20,400 - DEBUG - Updating: contact_name
2025-04-04 08:01:20,400 - DEBUG - Form field changed
2025-04-04 08:01:20,400 - DEBUG - Updating: birthday
2025-04-04 08:01:20,400 - DEBUG - Updating: anniversary
2025-04-04 08:01:20,400 - DEBUG - Updating: other_props
2025-04-04 08:01:20,400 - DEBUG - Updating: None
2025-04-04 08:01:20,400 - DEBUG - Updating: None
2025-04-04 08:01:20,400 - DEBUG - Updating: None
2025-04-04 08:01:20,400 - DEBUG - Updating: None
2025-04-04 08:01:20,400 - DEBUG - Form data set: {'filename': 'testCard-BdayText.vcf', 'contact_name': 'Simon Perreault', 'birthday': 'circa 1960', 'anniversary': 'Not specified', 'other_props': '0 additional properties'}
2025-04-04 08:01:21,796 - DEBUG - New event: MouseEvent (38, 8) 1
2025-04-04 08:01:21,796 - DEBUG - Focus: <asciimatics.widgets.layout.Layout object at 0xffffab357dc0>
2025-04-04 08:01:21,796 - DEBUG - Blurring: [<__main__.EditCardView object at 0xffffab39f390>]
2025-04-04 08:01:21,796 - DEBUG - Layout event: <asciimatics.widgets.layout.Layout object at 0xffffab357dc0> MouseEvent (38, 8) 1
2025-04-04 08:01:21,796 - DEBUG - Widget: <asciimatics.widgets.text.Text object at 0xffffab7cff10> (4, 1) (67, 1)
2025-04-04 08:01:21,796 - DEBUG - Check layout: 38, 8
2025-04-04 08:01:21,797 - DEBUG - Widget: <asciimatics.widgets.text.Text object at 0xffffab7cff10> (4, 1) (67, 1)
2025-04-04 08:01:21,797 - DEBUG - Widget: <asciimatics.widgets.text.Text object at 0xffffab3b0040> (4, 2) (67, 1)
2025-04-04 08:01:21,797 - DEBUG - Widget: <asciimatics.widgets.text.Text object at 0xffffab3b0130> (4, 3) (67, 1)
2025-04-04 08:01:21,797 - DEBUG - Widget: <asciimatics.widgets.text.Text object at 0xffffab3b0220> (4, 4) (67, 1)
2025-04-04 08:01:21,797 - DEBUG - Widget: <asciimatics.widgets.text.Text object at 0xffffab3b0310> (4, 5) (67, 1)
2025-04-04 08:01:21,797 - DEBUG - Widget: <asciimatics.widgets.label.Label object at 0xffffab3a81e0> (4, 6) (67, 1)
2025-04-04 08:01:21,797 - DEBUG - Current widget left event: MouseEvent (38, 8) 1
2025-04-04 08:01:21,797 - DEBUG - Layout event: <asciimatics.widgets.layout.Layout object at 0xffffab357dc0> MouseEvent (38, 8) 1
2025-04-04 08:01:21,797 - DEBUG - Widget: <asciimatics.widgets.text.Text object at 0xffffab7cff10> (4, 1) (67, 1)
2025-04-04 08:01:21,797 - DEBUG - Check layout: 38, 8
2025-04-04 08:01:21,797 - DEBUG - Widget: <asciimatics.widgets.text.Text object at 0xffffab7cff10> (4, 1) (67, 1)
2025-04-04 08:01:21,797 - DEBUG - Widget: <asciimatics.widgets.text.Text object at 0xffffab3b0040> (4, 2) (67, 1)
2025-04-04 08:01:21,797 - DEBUG - Widget: <asciimatics.widgets.text.Text object at 0xffffab3b0130> (4, 3) (67, 1)
2025-04-04 08:01:21,797 - DEBUG - Widget: <asciimatics.widgets.text.Text object at 0xffffab3b0220> (4, 4) (67, 1)
2025-04-04 08:01:21,797 - DEBUG - Widget: <asciimatics.widgets.text.Text object at 0xffffab3b0310> (4, 5) (67, 1)
2025-04-04 08:01:21,797 - DEBUG - Widget: <asciimatics.widgets.label.Label object at 0xffffab3a81e0> (4, 6) (67, 1)
2025-04-04 08:01:21,797 - DEBUG - Layout event: <asciimatics.widgets.layout.Layout object at 0xffffab357e20> MouseEvent (38, 8) 1
2025-04-04 08:01:21,797 - DEBUG - Check layout: 38, 8
2025-04-04 08:01:21,797 - DEBUG - Widget: <asciimatics.widgets.button.Button object at 0xffffab380c80> (35, 7) (6, 1)
2025-04-04 08:01:21,798 - DEBUG - Widget: <asciimatics.widgets.button.Button object at 0xffffab380d60> (33, 8) (10, 1)
2025-04-04 08:01:21,798 - DEBUG - Blur: <asciimatics.widgets.layout.Layout object at 0xffffab357dc0>
2025-04-04 08:01:21,798 - DEBUG - Widget blur: <asciimatics.widgets.text.Text object at 0xffffab7cff10>
2025-04-04 08:01:21,798 - DEBUG - Focus: <asciimatics.widgets.layout.Layout object at 0xffffab357e20>
2025-04-04 08:01:21,798 - DEBUG - Widget focus: <asciimatics.widgets.button.Button object at 0xffffab380d60>
2025-04-04 08:01:21,798 - DEBUG - Widget: <asciimatics.widgets.button.Button object at 0xffffab380d60> (33, 8) (10, 1)
2025-04-04 08:01:21,798 - DEBUG - Updating: files
2025-04-04 08:01:21,799 - DEBUG - Updating: None
2025-04-04 08:01:21,799 - DEBUG - Updating: None
2025-04-04 08:01:21,799 - DEBUG - Updating: None
2025-04-04 08:01:21,799 - DEBUG - Updating: None
2025-04-04 08:01:21,799 - DEBUG - Updating: None
2025-04-04 08:01:21,799 - DEBUG - Updating: files
2025-04-04 08:01:21,800 - DEBUG - Widget blur: <asciimatics.widgets.listbox.ListBox object at 0xffffab358b00>
2025-04-04 08:01:21,800 - DEBUG - Blur: <asciimatics.widgets.layout.Layout object at 0xffffab357b80>
2025-04-04 08:01:21,800 - DEBUG - Widget blur: <asciimatics.widgets.listbox.ListBox object at 0xffffab358b00>
2025-04-04 08:01:21,800 - DEBUG - Updating: None
2025-04-04 08:01:21,800 - DEBUG - Updating: None
2025-04-04 08:01:21,800 - DEBUG - Updating: None
2025-04-04 08:01:21,800 - DEBUG - Updating: None
2025-04-04 08:01:21,800 - DEBUG - Widget blur: <asciimatics.widgets.button.Button object at 0xffffab380740>
2025-04-04 08:01:21,800 - DEBUG - Widget blur: <asciimatics.widgets.button.Button object at 0xffffab380820>
2025-04-04 08:01:21,800 - DEBUG - Widget blur: <asciimatics.widgets.button.Button object at 0xffffab380900>
2025-04-04 08:01:21,800 - DEBUG - Widget blur: <asciimatics.widgets.button.Button object at 0xffffab3809e0>
2025-04-04 08:01:21,800 - DEBUG - Blur: <asciimatics.widgets.layout.Layout object at 0xffffab357be0>
2025-04-04 08:01:21,800 - DEBUG - Updating: None
2025-04-04 08:01:21,800 - DEBUG - Widget blur: <asciimatics.widgets.label.Label object at 0xffffab363c60>
2025-04-04 08:01:21,800 - DEBUG - Blur: <asciimatics.widgets.layout.Layout object at 0xffffab357b20>
2025-04-04 08:01:21,800 - DEBUG - Focus: <asciimatics.widgets.layout.Layout object at 0xffffab357b80>
2025-04-04 08:01:21,800 - DEBUG - Widget focus: <asciimatics.widgets.listbox.ListBox object at 0xffffab358b00>
2025-04-04 08:01:22,762 - DEBUG - New event: MouseEvent (24, 10) 4
2025-04-04 08:01:22,763 - DEBUG - Blurring: [<__main__.MainView object at 0xffffab38fed0>]
2025-04-04 08:01:22,764 - DEBUG - Layout event: <asciimatics.widgets.layout.Layout object at 0xffffab357b80> MouseEvent (24, 10) 4
2025-04-04 08:01:22,764 - DEBUG - Widget: <asciimatics.widgets.listbox.ListBox object at 0xffffab358b00> (1, 1) (75, 13)
2025-04-04 08:01:22,764 - DEBUG - Updating: filename
2025-04-04 08:01:22,764 - DEBUG - Updating: contact_name
2025-04-04 08:01:22,764 - DEBUG - Updating: birthday
2025-04-04 08:01:22,764 - DEBUG - Updating: anniversary
2025-04-04 08:01:22,764 - DEBUG - Updating: other_props
2025-04-04 08:01:22,764 - DEBUG - Updating: None
2025-04-04 08:01:22,764 - DEBUG - Updating: None
2025-04-04 08:01:22,764 - DEBUG - Updating: None
2025-04-04 08:01:22,764 - DEBUG - Updating: None
2025-04-04 08:01:22,764 - DEBUG - Updating: filename
2025-04-04 08:01:22,764 - DEBUG - Updating: contact_name
2025-04-04 08:01:22,764 - DEBUG - Updating: birthday
2025-04-04 08:01:22,764 - DEBUG - Updating: anniversary
2025-04-04 08:01:22,764 - DEBUG - Updating: other_props
2025-04-04 08:01:22,764 - DEBUG - Updating: None
2025-04-04 08:01:22,764 - DEBUG - Widget blur: <asciimatics.widgets.text.Text object at 0xffffab7cff10>
2025-04-04 08:01:22,765 - DEBUG - Widget blur: <asciimatics.widgets.text.Text object at 0xffffab3b0040>
2025-04-04 08:01:22,765 - DEBUG - Widget blur: <asciimatics.widgets.text.Text object at 0xffffab3b0130>
2025-04-04 08:01:22,765 - DEBUG - Widget blur: <asciimatics.widgets.text.Text object at 0xffffab3b0220>
2025-04-04 08:01:22,765 - DEBUG - Widget blur: <asciimatics.widgets.text.Text object at 0xffffab3b0310>
2025-04-04 08:01:22,765 - DEBUG - Widget blur: <asciimatics.widgets.label.Label object at 0xffffab3a81e0>
2025-04-04 08:01:22,765 - DEBUG - Blur: <asciimatics.widgets.layout.Layout object at 0xffffab357dc0>
2025-04-04 08:01:22,765 - DEBUG - Updating: None
2025-04-04 08:01:22,765 - DEBUG - Updating: None
2025-04-04 08:01:22,765 - DEBUG - Widget blur: <asciimatics.widgets.button.Button object at 0xffffab380c80>
2025-04-04 08:01:22,765 - DEBUG - Widget blur: <asciimatics.widgets.button.Button object at 0xffffab380d60>
2025-04-04 08:01:22,765 - DEBUG - Blur: <asciimatics.widgets.layout.Layout object at 0xffffab357e20>
2025-04-04 08:01:22,765 - DEBUG - Widget blur: <asciimatics.widgets.button.Button object at 0xffffab380c80>
2025-04-04 08:01:22,765 - DEBUG - Updating: None
2025-04-04 08:01:22,765 - DEBUG - Widget blur: <asciimatics.widgets.label.Label object at 0xffffab3a82b0>
2025-04-04 08:01:22,765 - DEBUG - Blur: <asciimatics.widgets.layout.Layout object at 0xffffab357ca0>
2025-04-04 08:01:22,765 - DEBUG - Focus: <asciimatics.widgets.layout.Layout object at 0xffffab357dc0>
2025-04-04 08:01:22,765 - DEBUG - Widget focus: <asciimatics.widgets.text.Text object at 0xffffab7cff10>
2025-04-04 08:01:22,765 - DEBUG - Loading card data for editing
2025-04-04 08:01:22,765 - DEBUG - Raw vCard content:
BEGIN:VCARD
VERSION:4.0
FN:Simon Perreault
BDAY:19540203T123012
ANNIVERSARY:20090808T143000
END:VCARD

2025-04-04 08:01:22,765 - DEBUG - Card created successfully, attempting to extract data
2025-04-04 08:01:22,765 - DEBUG - Card pointer: <__main__.LP_Card object at 0xffffab378d40>
2025-04-04 08:01:22,765 - DEBUG - Card FN pointer: <__main__.LP_Property object at 0xffffab3790a0>
2025-04-04 08:01:22,766 - DEBUG - Successfully extracted FN value: Simon Perreault
2025-04-04 08:01:22,766 - DEBUG - Extracted FN value: Simon Perreault
2025-04-04 08:01:22,766 - DEBUG - Formatted birthday: February 03, 1954 at 12:30:12 PM
2025-04-04 08:01:22,766 - DEBUG - Formatted anniversary: August 08, 2009 at 02:30:00 PM
2025-04-04 08:01:22,766 - DEBUG - Optional properties count: 0
2025-04-04 08:01:22,766 - DEBUG - Updating: filename
2025-04-04 08:01:22,766 - DEBUG - Updating: contact_name
2025-04-04 08:01:22,766 - DEBUG - Updating: birthday
2025-04-04 08:01:22,766 - DEBUG - Updating: anniversary
2025-04-04 08:01:22,766 - DEBUG - Updating: other_props
2025-04-04 08:01:22,766 - DEBUG - Updating: None
2025-04-04 08:01:22,766 - DEBUG - Updating: None
2025-04-04 08:01:22,766 - DEBUG - Updating: None
2025-04-04 08:01:22,766 - DEBUG - Updating: None
2025-04-04 08:01:22,766 - DEBUG - Form data set: {'filename': 'testCard-bothDT.vcf', 'contact_name': 'Simon Perreault', 'birthday': 'February 03, 1954 at 12:30:12 PM', 'anniversary': 'August 08, 2009 at 02:30:00 PM', 'other_props': '0 additional properties'}
2025-04-04 08:01:24,156 - DEBUG - New event: MouseEvent (41, 8) 1
2025-04-04 08:01:24,156 - DEBUG - Blurring: [<__main__.EditCardView object at 0xffffab39f390>]
2025-04-04 08:01:24,156 - DEBUG - Layout event: <asciimatics.widgets.layout.Layout object at 0xffffab357dc0> MouseEvent (41, 8) 1
2025-04-04 08:01:24,156 - DEBUG - Widget: <asciimatics.widgets.text.Text object at 0xffffab7cff10> (4, 1) (67, 1)
2025-04-04 08:01:24,156 - DEBUG - Check layout: 41, 8
2025-04-04 08:01:24,156 - DEBUG - Widget: <asciimatics.widgets.text.Text object at 0xffffab7cff10> (4, 1) (67, 1)
2025-04-04 08:01:24,156 - DEBUG - Widget: <asciimatics.widgets.text.Text object at 0xffffab3b0040> (4, 2) (67, 1)
2025-04-04 08:01:24,156 - DEBUG - Widget: <asciimatics.widgets.text.Text object at 0xffffab3b0130> (4, 3) (67, 1)
2025-04-04 08:01:24,156 - DEBUG - Widget: <asciimatics.widgets.text.Text object at 0xffffab3b0220> (4, 4) (67, 1)
2025-04-04 08:01:24,156 - DEBUG - Widget: <asciimatics.widgets.text.Text object at 0xffffab3b0310> (4, 5) (67, 1)
2025-04-04 08:01:24,156 - DEBUG - Widget: <asciimatics.widgets.label.Label object at 0xffffab3a81e0> (4, 6) (67, 1)
2025-04-04 08:01:24,156 - DEBUG - Current widget left event: MouseEvent (41, 8) 1
2025-04-04 08:01:24,156 - DEBUG - Layout event: <asciimatics.widgets.layout.Layout object at 0xffffab357dc0> MouseEvent (41, 8) 1
2025-04-04 08:01:24,156 - DEBUG - Widget: <asciimatics.widgets.text.Text object at 0xffffab7cff10> (4, 1) (67, 1)
2025-04-04 08:01:24,156 - DEBUG - Check layout: 41, 8
2025-04-04 08:01:24,156 - DEBUG - Widget: <asciimatics.widgets.text.Text object at 0xffffab7cff10> (4, 1) (67, 1)
2025-04-04 08:01:24,156 - DEBUG - Widget: <asciimatics.widgets.text.Text object at 0xffffab3b0040> (4, 2) (67, 1)
2025-04-04 08:01:24,156 - DEBUG - Widget: <asciimatics.widgets.text.Text object at 0xffffab3b0130> (4, 3) (67, 1)
2025-04-04 08:01:24,156 - DEBUG - Widget: <asciimatics.widgets.text.Text object at 0xffffab3b0220> (4, 4) (67, 1)
2025-04-04 08:01:24,156 - DEBUG - Widget: <asciimatics.widgets.text.Text object at 0xffffab3b0310> (4, 5) (67, 1)
2025-04-04 08:01:24,156 - DEBUG - Widget: <asciimatics.widgets.label.Label object at 0xffffab3a81e0> (4, 6) (67, 1)
2025-04-04 08:01:24,156 - DEBUG - Layout event: <asciimatics.widgets.layout.Layout object at 0xffffab357e20> MouseEvent (41, 8) 1
2025-04-04 08:01:24,156 - DEBUG - Check layout: 41, 8
2025-04-04 08:01:24,156 - DEBUG - Widget: <asciimatics.widgets.button.Button object at 0xffffab380c80> (35, 7) (6, 1)
2025-04-04 08:01:24,156 - DEBUG - Widget: <asciimatics.widgets.button.Button object at 0xffffab380d60> (33, 8) (10, 1)
2025-04-04 08:01:24,156 - DEBUG - Blur: <asciimatics.widgets.layout.Layout object at 0xffffab357dc0>
2025-04-04 08:01:24,156 - DEBUG - Widget blur: <asciimatics.widgets.text.Text object at 0xffffab7cff10>
2025-04-04 08:01:24,156 - DEBUG - Focus: <asciimatics.widgets.layout.Layout object at 0xffffab357e20>
2025-04-04 08:01:24,156 - DEBUG - Widget focus: <asciimatics.widgets.button.Button object at 0xffffab380d60>
2025-04-04 08:01:24,156 - DEBUG - Widget: <asciimatics.widgets.button.Button object at 0xffffab380d60> (33, 8) (10, 1)
2025-04-04 08:01:24,156 - DEBUG - Updating: files
2025-04-04 08:01:24,156 - DEBUG - Updating: None
2025-04-04 08:01:24,156 - DEBUG - Updating: None
2025-04-04 08:01:24,156 - DEBUG - Updating: None
2025-04-04 08:01:24,156 - DEBUG - Updating: None
2025-04-04 08:01:24,156 - DEBUG - Updating: None
2025-04-04 08:01:24,156 - DEBUG - Updating: files
2025-04-04 08:01:24,156 - DEBUG - Widget blur: <asciimatics.widgets.listbox.ListBox object at 0xffffab358b00>
2025-04-04 08:01:24,156 - DEBUG - Blur: <asciimatics.widgets.layout.Layout object at 0xffffab357b80>
2025-04-04 08:01:24,156 - DEBUG - Widget blur: <asciimatics.widgets.listbox.ListBox object at 0xffffab358b00>
2025-04-04 08:01:24,156 - DEBUG - Updating: None
2025-04-04 08:01:24,157 - DEBUG - Updating: None
2025-04-04 08:01:24,157 - DEBUG - Updating: None
2025-04-04 08:01:24,157 - DEBUG - Updating: None
2025-04-04 08:01:24,157 - DEBUG - Widget blur: <asciimatics.widgets.button.Button object at 0xffffab380740>
2025-04-04 08:01:24,157 - DEBUG - Widget blur: <asciimatics.widgets.button.Button object at 0xffffab380820>
2025-04-04 08:01:24,157 - DEBUG - Widget blur: <asciimatics.widgets.button.Button object at 0xffffab380900>
2025-04-04 08:01:24,157 - DEBUG - Widget blur: <asciimatics.widgets.button.Button object at 0xffffab3809e0>
2025-04-04 08:01:24,157 - DEBUG - Blur: <asciimatics.widgets.layout.Layout object at 0xffffab357be0>
2025-04-04 08:01:24,157 - DEBUG - Updating: None
2025-04-04 08:01:24,157 - DEBUG - Widget blur: <asciimatics.widgets.label.Label object at 0xffffab363c60>
2025-04-04 08:01:24,157 - DEBUG - Blur: <asciimatics.widgets.layout.Layout object at 0xffffab357b20>
2025-04-04 08:01:24,157 - DEBUG - Focus: <asciimatics.widgets.layout.Layout object at 0xffffab357b80>
2025-04-04 08:01:24,157 - DEBUG - Widget focus: <asciimatics.widgets.listbox.ListBox object at 0xffffab358b00>
2025-04-04 08:02:51,196 - DEBUG - New event: MouseEvent (82, 10) 1
