2025-03-28 05:45:22,150 - DEBUG - Scanning directory: /home/socs/assign1/assign2/assign3/./bin/cards
2025-03-28 05:45:22,150 - DEBUG - Found vCard file: /home/socs/assign1/assign2/assign3/./bin/cards/mani.vcf
2025-03-28 05:45:22,150 - DEBUG - create_card result for mani.vcf: 0
2025-03-28 05:45:22,150 - DEBUG - validate_card result for mani.vcf: 0
2025-03-28 05:45:22,150 - DEBUG - Added valid card to list: mani.vcf
2025-03-28 05:45:22,150 - INFO - Found 1 valid vCard files
2025-03-28 05:45:22,151 - DEBUG - Updating: filename
2025-03-28 05:45:22,151 - DEBUG - Updating: contact_name
2025-03-28 05:45:22,151 - DEBUG - Updating: birthday
2025-03-28 05:45:22,151 - DEBUG - Updating: anniversary
2025-03-28 05:45:22,151 - DEBUG - Updating: other_props
2025-03-28 05:45:22,151 - DEBUG - Updating: None
2025-03-28 05:45:22,151 - DEBUG - Updating: None
2025-03-28 05:45:22,151 - DEBUG - Updating: None
2025-03-28 05:45:22,151 - DEBUG - Updating: None
2025-03-28 05:45:22,151 - DEBUG - Initialized empty form for new card
2025-03-28 05:45:22,151 - DEBUG - Updating: None
2025-03-28 05:45:22,151 - DEBUG - Updating: None
2025-03-28 05:45:22,151 - DEBUG - Updating: username
2025-03-28 05:45:22,151 - DEBUG - Updating: password
2025-03-28 05:45:22,151 - DEBUG - Updating: database
2025-03-28 05:45:22,151 - DEBUG - Updating: None
2025-03-28 05:45:22,151 - DEBUG - Updating: None
2025-03-28 05:45:22,151 - DEBUG - Updating: None
2025-03-28 05:45:22,151 - DEBUG - Updating: None
2025-03-28 05:45:22,151 - DEBUG - Updating: None
2025-03-28 05:45:22,151 - DEBUG - Updating: None
2025-03-28 05:45:22,151 - DEBUG - Updating: username
2025-03-28 05:45:22,151 - DEBUG - Updating: password
2025-03-28 05:45:22,151 - DEBUG - Updating: database
2025-03-28 05:45:22,151 - DEBUG - Updating: None
2025-03-28 05:45:22,151 - DEBUG - Widget blur: <asciimatics.widgets.label.Label object at 0xffff84ffb510>
2025-03-28 05:45:22,151 - DEBUG - Widget blur: <asciimatics.widgets.label.Label object at 0xffff84ffb5e0>
2025-03-28 05:45:22,151 - DEBUG - Widget blur: <asciimatics.widgets.text.Text object at 0xffff8549f880>
2025-03-28 05:45:22,151 - DEBUG - Widget blur: <asciimatics.widgets.text.Text object at 0xffff855435b0>
2025-03-28 05:45:22,151 - DEBUG - Widget blur: <asciimatics.widgets.text.Text object at 0xffff855433d0>
2025-03-28 05:45:22,151 - DEBUG - Widget blur: <asciimatics.widgets.label.Label object at 0xffff84ffb6b0>
2025-03-28 05:45:22,151 - DEBUG - Blur: <asciimatics.widgets.layout.Layout object at 0xffff84ff7220>
2025-03-28 05:45:22,151 - DEBUG - Updating: None
2025-03-28 05:45:22,151 - DEBUG - Updating: None
2025-03-28 05:45:22,151 - DEBUG - Widget blur: <asciimatics.widgets.button.Button object at 0xffff8501c200>
2025-03-28 05:45:22,151 - DEBUG - Widget blur: <asciimatics.widgets.button.Button object at 0xffff8501c2e0>
2025-03-28 05:45:22,151 - DEBUG - Blur: <asciimatics.widgets.layout.Layout object at 0xffff84ff7280>
2025-03-28 05:45:22,151 - DEBUG - Updating: None
2025-03-28 05:45:22,151 - DEBUG - Widget blur: <asciimatics.widgets.label.Label object at 0xffff84ffb780>
2025-03-28 05:45:22,151 - DEBUG - Blur: <asciimatics.widgets.layout.Layout object at 0xffff84ff72e0>
2025-03-28 05:45:22,151 - DEBUG - Focus: <asciimatics.widgets.layout.Layout object at 0xffff84ff7220>
2025-03-28 05:45:22,151 - DEBUG - Widget focus: <asciimatics.widgets.text.Text object at 0xffff8549f880>
2025-03-28 05:45:22,151 - DEBUG - Cloning: Login to Database
2025-03-28 05:45:22,151 - DEBUG - Updating: None
2025-03-28 05:45:22,151 - DEBUG - Updating: None
2025-03-28 05:45:22,151 - DEBUG - Updating: username
2025-03-28 05:45:22,151 - DEBUG - Updating: password
2025-03-28 05:45:22,151 - DEBUG - Updating: database
2025-03-28 05:45:22,151 - DEBUG - Updating: None
2025-03-28 05:45:22,151 - DEBUG - Updating: None
2025-03-28 05:45:22,151 - DEBUG - Updating: None
2025-03-28 05:45:22,151 - DEBUG - Updating: None
2025-03-28 05:45:22,151 - DEBUG - Updating: None
2025-03-28 05:45:22,151 - DEBUG - Updating: None
2025-03-28 05:45:22,151 - DEBUG - Updating: username
2025-03-28 05:45:22,151 - DEBUG - Updating: password
2025-03-28 05:45:22,151 - DEBUG - Updating: database
2025-03-28 05:45:22,151 - DEBUG - Updating: None
2025-03-28 05:45:22,151 - DEBUG - Updating: None
2025-03-28 05:45:22,151 - DEBUG - Updating: None
2025-03-28 05:45:22,151 - DEBUG - Updating: None
2025-03-28 05:45:23,221 - DEBUG - Processing key: 6d
2025-03-28 05:45:23,222 - DEBUG - Returning key: 6d
2025-03-28 05:45:23,222 - DEBUG - New event: KeyboardEvent: 109
2025-03-28 05:45:23,223 - DEBUG - Focus: <asciimatics.widgets.layout.Layout object at 0xffff84ff7220>
2025-03-28 05:45:23,223 - DEBUG - Layout event: <asciimatics.widgets.layout.Layout object at 0xffff84ff7220> KeyboardEvent: 109
2025-03-28 05:45:23,223 - DEBUG - Current widget left event: None
2025-03-28 05:45:23,324 - DEBUG - Processing key: 72
2025-03-28 05:45:23,325 - DEBUG - Returning key: 72
2025-03-28 05:45:23,325 - DEBUG - New event: KeyboardEvent: 114
2025-03-28 05:45:23,325 - DEBUG - Layout event: <asciimatics.widgets.layout.Layout object at 0xffff84ff7220> KeyboardEvent: 114
2025-03-28 05:45:23,325 - DEBUG - Current widget left event: None
2025-03-28 05:45:23,492 - DEBUG - Processing key: 61
2025-03-28 05:45:23,492 - DEBUG - Returning key: 61
2025-03-28 05:45:23,492 - DEBUG - New event: KeyboardEvent: 97
2025-03-28 05:45:23,493 - DEBUG - Layout event: <asciimatics.widgets.layout.Layout object at 0xffff84ff7220> KeyboardEvent: 97
2025-03-28 05:45:23,493 - DEBUG - Current widget left event: None
2025-03-28 05:45:23,547 - DEBUG - Processing key: 73
2025-03-28 05:45:23,548 - DEBUG - Returning key: 73
2025-03-28 05:45:23,548 - DEBUG - New event: KeyboardEvent: 115
2025-03-28 05:45:23,549 - DEBUG - Layout event: <asciimatics.widgets.layout.Layout object at 0xffff84ff7220> KeyboardEvent: 115
2025-03-28 05:45:23,549 - DEBUG - Current widget left event: None
2025-03-28 05:45:23,707 - DEBUG - Processing key: 68
2025-03-28 05:45:23,708 - DEBUG - Returning key: 68
2025-03-28 05:45:23,708 - DEBUG - New event: KeyboardEvent: 104
2025-03-28 05:45:23,709 - DEBUG - Layout event: <asciimatics.widgets.layout.Layout object at 0xffff84ff7220> KeyboardEvent: 104
2025-03-28 05:45:23,709 - DEBUG - Current widget left event: None
2025-03-28 05:45:23,815 - DEBUG - Processing key: 61
2025-03-28 05:45:23,815 - DEBUG - Returning key: 61
2025-03-28 05:45:23,816 - DEBUG - New event: KeyboardEvent: 97
2025-03-28 05:45:23,816 - DEBUG - Layout event: <asciimatics.widgets.layout.Layout object at 0xffff84ff7220> KeyboardEvent: 97
2025-03-28 05:45:23,824 - DEBUG - Current widget left event: None
2025-03-28 05:45:23,919 - DEBUG - Processing key: 68
2025-03-28 05:45:23,920 - DEBUG - Returning key: 68
2025-03-28 05:45:23,920 - DEBUG - New event: KeyboardEvent: 104
2025-03-28 05:45:23,920 - DEBUG - Layout event: <asciimatics.widgets.layout.Layout object at 0xffff84ff7220> KeyboardEvent: 104
2025-03-28 05:45:23,920 - DEBUG - Current widget left event: None
2025-03-28 05:45:24,076 - DEBUG - Processing key: 6d
2025-03-28 05:45:24,076 - DEBUG - Returning key: 6d
2025-03-28 05:45:24,076 - DEBUG - New event: KeyboardEvent: 109
2025-03-28 05:45:24,076 - DEBUG - Layout event: <asciimatics.widgets.layout.Layout object at 0xffff84ff7220> KeyboardEvent: 109
2025-03-28 05:45:24,076 - DEBUG - Current widget left event: None
2025-03-28 05:45:24,231 - DEBUG - Processing key: 9
2025-03-28 05:45:24,232 - DEBUG - Returning key: 9
2025-03-28 05:45:24,232 - DEBUG - New event: KeyboardEvent: -301
2025-03-28 05:45:24,232 - DEBUG - Layout event: <asciimatics.widgets.layout.Layout object at 0xffff84ff7220> KeyboardEvent: -301
2025-03-28 05:45:24,232 - DEBUG - Widget blur: <asciimatics.widgets.text.Text object at 0xffff8549f880>
2025-03-28 05:45:24,232 - DEBUG - Widget focus: <asciimatics.widgets.text.Text object at 0xffff855435b0>
2025-03-28 05:45:24,232 - DEBUG - Current widget left event: None
2025-03-28 05:45:24,931 - DEBUG - Processing key: 31
2025-03-28 05:45:24,932 - DEBUG - Returning key: 31
2025-03-28 05:45:24,932 - DEBUG - New event: KeyboardEvent: 49
2025-03-28 05:45:24,932 - DEBUG - Layout event: <asciimatics.widgets.layout.Layout object at 0xffff84ff7220> KeyboardEvent: 49
2025-03-28 05:45:24,932 - DEBUG - Current widget left event: None
2025-03-28 05:45:25,095 - DEBUG - Processing key: 32
2025-03-28 05:45:25,095 - DEBUG - Returning key: 32
2025-03-28 05:45:25,095 - DEBUG - New event: KeyboardEvent: 50
2025-03-28 05:45:25,095 - DEBUG - Layout event: <asciimatics.widgets.layout.Layout object at 0xffff84ff7220> KeyboardEvent: 50
2025-03-28 05:45:25,095 - DEBUG - Current widget left event: None
2025-03-28 05:45:25,418 - DEBUG - Processing key: 35
2025-03-28 05:45:25,418 - DEBUG - Returning key: 35
2025-03-28 05:45:25,419 - DEBUG - New event: KeyboardEvent: 53
2025-03-28 05:45:25,419 - DEBUG - Layout event: <asciimatics.widgets.layout.Layout object at 0xffff84ff7220> KeyboardEvent: 53
2025-03-28 05:45:25,419 - DEBUG - Current widget left event: None
2025-03-28 05:45:25,693 - DEBUG - Processing key: 30
2025-03-28 05:45:25,694 - DEBUG - Returning key: 30
2025-03-28 05:45:25,694 - DEBUG - New event: KeyboardEvent: 48
2025-03-28 05:45:25,694 - DEBUG - Layout event: <asciimatics.widgets.layout.Layout object at 0xffff84ff7220> KeyboardEvent: 48
2025-03-28 05:45:25,695 - DEBUG - Current widget left event: None
2025-03-28 05:45:25,956 - DEBUG - Processing key: 34
2025-03-28 05:45:25,956 - DEBUG - Returning key: 34
2025-03-28 05:45:25,956 - DEBUG - New event: KeyboardEvent: 52
2025-03-28 05:45:25,956 - DEBUG - Layout event: <asciimatics.widgets.layout.Layout object at 0xffff84ff7220> KeyboardEvent: 52
2025-03-28 05:45:25,956 - DEBUG - Current widget left event: None
2025-03-28 05:45:26,550 - DEBUG - Processing key: 35
2025-03-28 05:45:26,550 - DEBUG - Returning key: 35
2025-03-28 05:45:26,550 - DEBUG - New event: KeyboardEvent: 53
2025-03-28 05:45:26,550 - DEBUG - Layout event: <asciimatics.widgets.layout.Layout object at 0xffff84ff7220> KeyboardEvent: 53
2025-03-28 05:45:26,550 - DEBUG - Current widget left event: None
2025-03-28 05:45:26,714 - DEBUG - Processing key: 39
2025-03-28 05:45:26,716 - DEBUG - Returning key: 39
2025-03-28 05:45:26,716 - DEBUG - New event: KeyboardEvent: 57
2025-03-28 05:45:26,716 - DEBUG - Layout event: <asciimatics.widgets.layout.Layout object at 0xffff84ff7220> KeyboardEvent: 57
2025-03-28 05:45:26,716 - DEBUG - Current widget left event: None
2025-03-28 05:45:26,876 - DEBUG - Processing key: 9
2025-03-28 05:45:26,877 - DEBUG - Returning key: 9
2025-03-28 05:45:26,877 - DEBUG - New event: KeyboardEvent: -301
2025-03-28 05:45:26,877 - DEBUG - Layout event: <asciimatics.widgets.layout.Layout object at 0xffff84ff7220> KeyboardEvent: -301
2025-03-28 05:45:26,877 - DEBUG - Widget blur: <asciimatics.widgets.text.Text object at 0xffff855435b0>
2025-03-28 05:45:26,877 - DEBUG - Widget focus: <asciimatics.widgets.text.Text object at 0xffff855433d0>
2025-03-28 05:45:26,877 - DEBUG - Current widget left event: None
2025-03-28 05:45:27,258 - DEBUG - Processing key: 6d
2025-03-28 05:45:27,258 - DEBUG - Returning key: 6d
2025-03-28 05:45:27,259 - DEBUG - New event: KeyboardEvent: 109
2025-03-28 05:45:27,259 - DEBUG - Layout event: <asciimatics.widgets.layout.Layout object at 0xffff84ff7220> KeyboardEvent: 109
2025-03-28 05:45:27,259 - DEBUG - Current widget left event: None
2025-03-28 05:45:27,365 - DEBUG - Processing key: 72
2025-03-28 05:45:27,366 - DEBUG - Returning key: 72
2025-03-28 05:45:27,366 - DEBUG - New event: KeyboardEvent: 114
2025-03-28 05:45:27,366 - DEBUG - Layout event: <asciimatics.widgets.layout.Layout object at 0xffff84ff7220> KeyboardEvent: 114
2025-03-28 05:45:27,366 - DEBUG - Current widget left event: None
2025-03-28 05:45:27,576 - DEBUG - Processing key: 61
2025-03-28 05:45:27,577 - DEBUG - Returning key: 61
2025-03-28 05:45:27,577 - DEBUG - New event: KeyboardEvent: 97
2025-03-28 05:45:27,577 - DEBUG - Layout event: <asciimatics.widgets.layout.Layout object at 0xffff84ff7220> KeyboardEvent: 97
2025-03-28 05:45:27,577 - DEBUG - Current widget left event: None
2025-03-28 05:45:27,686 - DEBUG - Processing key: 73
2025-03-28 05:45:27,686 - DEBUG - Returning key: 73
2025-03-28 05:45:27,686 - DEBUG - New event: KeyboardEvent: 115
2025-03-28 05:45:27,686 - DEBUG - Layout event: <asciimatics.widgets.layout.Layout object at 0xffff84ff7220> KeyboardEvent: 115
2025-03-28 05:45:27,686 - DEBUG - Current widget left event: None
2025-03-28 05:45:27,842 - DEBUG - Processing key: 68
2025-03-28 05:45:27,843 - DEBUG - Returning key: 68
2025-03-28 05:45:27,843 - DEBUG - New event: KeyboardEvent: 104
2025-03-28 05:45:27,843 - DEBUG - Layout event: <asciimatics.widgets.layout.Layout object at 0xffff84ff7220> KeyboardEvent: 104
2025-03-28 05:45:27,843 - DEBUG - Current widget left event: None
2025-03-28 05:45:27,949 - DEBUG - Processing key: 61
2025-03-28 05:45:27,950 - DEBUG - Returning key: 61
2025-03-28 05:45:27,950 - DEBUG - New event: KeyboardEvent: 97
2025-03-28 05:45:27,950 - DEBUG - Layout event: <asciimatics.widgets.layout.Layout object at 0xffff84ff7220> KeyboardEvent: 97
2025-03-28 05:45:27,950 - DEBUG - Current widget left event: None
2025-03-28 05:45:28,056 - DEBUG - Processing key: 68
2025-03-28 05:45:28,057 - DEBUG - Returning key: 68
2025-03-28 05:45:28,057 - DEBUG - New event: KeyboardEvent: 104
2025-03-28 05:45:28,057 - DEBUG - Layout event: <asciimatics.widgets.layout.Layout object at 0xffff84ff7220> KeyboardEvent: 104
2025-03-28 05:45:28,058 - DEBUG - Current widget left event: None
2025-03-28 05:45:28,270 - DEBUG - Processing key: 6d
2025-03-28 05:45:28,270 - DEBUG - Returning key: 6d
2025-03-28 05:45:28,270 - DEBUG - New event: KeyboardEvent: 109
2025-03-28 05:45:28,270 - DEBUG - Layout event: <asciimatics.widgets.layout.Layout object at 0xffff84ff7220> KeyboardEvent: 109
2025-03-28 05:45:28,270 - DEBUG - Current widget left event: None
2025-03-28 05:45:28,373 - DEBUG - Processing key: 9
2025-03-28 05:45:28,374 - DEBUG - Returning key: 9
2025-03-28 05:45:28,374 - DEBUG - New event: KeyboardEvent: -301
2025-03-28 05:45:28,374 - DEBUG - Layout event: <asciimatics.widgets.layout.Layout object at 0xffff84ff7220> KeyboardEvent: -301
2025-03-28 05:45:28,374 - DEBUG - Widget blur: <asciimatics.widgets.text.Text object at 0xffff855433d0>
2025-03-28 05:45:28,374 - DEBUG - Current widget left event: KeyboardEvent: -301
2025-03-28 05:45:28,374 - DEBUG - Blur: <asciimatics.widgets.layout.Layout object at 0xffff84ff7220>
2025-03-28 05:45:28,374 - DEBUG - Widget blur: <asciimatics.widgets.text.Text object at 0xffff8549f880>
2025-03-28 05:45:28,375 - DEBUG - Trying tab to layout 1
2025-03-28 05:45:28,375 - DEBUG - Focus: <asciimatics.widgets.layout.Layout object at 0xffff84ff7280>
2025-03-28 05:45:28,375 - DEBUG - Widget focus: <asciimatics.widgets.button.Button object at 0xffff8501c200>
2025-03-28 05:45:28,750 - DEBUG - Processing key: a
2025-03-28 05:45:28,751 - DEBUG - Returning key: a
2025-03-28 05:45:28,751 - DEBUG - New event: KeyboardEvent: 10
2025-03-28 05:45:28,751 - DEBUG - Layout event: <asciimatics.widgets.layout.Layout object at 0xffff84ff7280> KeyboardEvent: 10
2025-03-28 05:45:29,152 - DEBUG - Updating: files
2025-03-28 05:45:29,153 - DEBUG - Updating: None
2025-03-28 05:45:29,153 - DEBUG - Updating: None
2025-03-28 05:45:29,153 - DEBUG - Updating: None
2025-03-28 05:45:29,153 - DEBUG - Updating: None
2025-03-28 05:45:29,153 - DEBUG - Updating: None
2025-03-28 05:45:29,154 - DEBUG - Updating: files
2025-03-28 05:45:29,154 - DEBUG - Widget blur: <asciimatics.widgets.listbox.ListBox object at 0xffff84ff09d0>
2025-03-28 05:45:29,154 - DEBUG - Blur: <asciimatics.widgets.layout.Layout object at 0xffff84ff73a0>
2025-03-28 05:45:29,154 - DEBUG - Updating: None
2025-03-28 05:45:29,154 - DEBUG - Updating: None
2025-03-28 05:45:29,154 - DEBUG - Updating: None
2025-03-28 05:45:29,154 - DEBUG - Updating: None
2025-03-28 05:45:29,154 - DEBUG - Widget blur: <asciimatics.widgets.button.Button object at 0xffff8501c3c0>
2025-03-28 05:45:29,154 - DEBUG - Widget blur: <asciimatics.widgets.button.Button object at 0xffff8501c4a0>
2025-03-28 05:45:29,154 - DEBUG - Widget blur: <asciimatics.widgets.button.Button object at 0xffff8501c580>
2025-03-28 05:45:29,154 - DEBUG - Widget blur: <asciimatics.widgets.button.Button object at 0xffff8501c660>
2025-03-28 05:45:29,154 - DEBUG - Blur: <asciimatics.widgets.layout.Layout object at 0xffff84ff7400>
2025-03-28 05:45:29,155 - DEBUG - Updating: None
2025-03-28 05:45:29,155 - DEBUG - Widget blur: <asciimatics.widgets.label.Label object at 0xffff84ffb850>
2025-03-28 05:45:29,155 - DEBUG - Blur: <asciimatics.widgets.layout.Layout object at 0xffff84ff7340>
2025-03-28 05:45:29,155 - DEBUG - Focus: <asciimatics.widgets.layout.Layout object at 0xffff84ff73a0>
2025-03-28 05:45:29,155 - DEBUG - Widget focus: <asciimatics.widgets.listbox.ListBox object at 0xffff84ff09d0>
2025-03-28 05:45:30,472 - DEBUG - Processing key: 102
2025-03-28 05:45:30,473 - DEBUG - Returning key: 102
2025-03-28 05:45:30,473 - DEBUG - New event: KeyboardEvent: -206
2025-03-28 05:45:30,473 - DEBUG - Focus: <asciimatics.widgets.layout.Layout object at 0xffff84ff73a0>
2025-03-28 05:45:30,473 - DEBUG - Layout event: <asciimatics.widgets.layout.Layout object at 0xffff84ff73a0> KeyboardEvent: -206
2025-03-28 05:45:30,473 - DEBUG - Current widget left event: None
2025-03-28 05:45:32,177 - DEBUG - New event: MouseEvent (23, 15) 1
2025-03-28 05:45:32,179 - DEBUG - Blurring: [<__main__.MainView object at 0xffff85029310>]
2025-03-28 05:45:32,179 - DEBUG - Layout event: <asciimatics.widgets.layout.Layout object at 0xffff84ff73a0> MouseEvent (23, 15) 1
2025-03-28 05:45:32,182 - DEBUG - Widget: <asciimatics.widgets.listbox.ListBox object at 0xffff84ff09d0> (1, 1) (70, 14)
2025-03-28 05:45:32,182 - DEBUG - Check layout: 23, 15
2025-03-28 05:45:32,182 - DEBUG - Widget: <asciimatics.widgets.listbox.ListBox object at 0xffff84ff09d0> (1, 1) (70, 14)
2025-03-28 05:45:32,182 - DEBUG - Current widget left event: MouseEvent (23, 15) 1
2025-03-28 05:45:32,183 - DEBUG - Layout event: <asciimatics.widgets.layout.Layout object at 0xffff84ff73a0> MouseEvent (23, 15) 1
2025-03-28 05:45:32,183 - DEBUG - Widget: <asciimatics.widgets.listbox.ListBox object at 0xffff84ff09d0> (1, 1) (70, 14)
2025-03-28 05:45:32,183 - DEBUG - Check layout: 23, 15
2025-03-28 05:45:32,183 - DEBUG - Widget: <asciimatics.widgets.listbox.ListBox object at 0xffff84ff09d0> (1, 1) (70, 14)
2025-03-28 05:45:32,183 - DEBUG - Layout event: <asciimatics.widgets.layout.Layout object at 0xffff84ff7400> MouseEvent (23, 15) 1
2025-03-28 05:45:32,183 - DEBUG - Check layout: 23, 15
2025-03-28 05:45:32,183 - DEBUG - Widget: <asciimatics.widgets.button.Button object at 0xffff8501c3c0> (4, 15) (10, 1)
2025-03-28 05:45:32,183 - DEBUG - Widget: <asciimatics.widgets.button.Button object at 0xffff8501c4a0> (22, 15) (8, 1)
2025-03-28 05:45:32,183 - DEBUG - Blur: <asciimatics.widgets.layout.Layout object at 0xffff84ff73a0>
2025-03-28 05:45:32,183 - DEBUG - Widget blur: <asciimatics.widgets.listbox.ListBox object at 0xffff84ff09d0>
2025-03-28 05:45:32,183 - DEBUG - Focus: <asciimatics.widgets.layout.Layout object at 0xffff84ff7400>
2025-03-28 05:45:32,183 - DEBUG - Widget focus: <asciimatics.widgets.button.Button object at 0xffff8501c4a0>
2025-03-28 05:45:32,183 - DEBUG - Widget: <asciimatics.widgets.button.Button object at 0xffff8501c4a0> (22, 15) (8, 1)
2025-03-28 05:45:32,184 - DEBUG - Updating: filename
2025-03-28 05:45:32,184 - DEBUG - Updating: contact_name
2025-03-28 05:45:32,184 - DEBUG - Updating: birthday
2025-03-28 05:45:32,184 - DEBUG - Updating: anniversary
2025-03-28 05:45:32,184 - DEBUG - Updating: other_props
2025-03-28 05:45:32,184 - DEBUG - Updating: None
2025-03-28 05:45:32,184 - DEBUG - Updating: None
2025-03-28 05:45:32,184 - DEBUG - Updating: None
2025-03-28 05:45:32,184 - DEBUG - Updating: None
2025-03-28 05:45:32,184 - DEBUG - Updating: filename
2025-03-28 05:45:32,184 - DEBUG - Updating: contact_name
2025-03-28 05:45:32,184 - DEBUG - Updating: birthday
2025-03-28 05:45:32,184 - DEBUG - Updating: anniversary
2025-03-28 05:45:32,184 - DEBUG - Updating: other_props
2025-03-28 05:45:32,184 - DEBUG - Updating: None
2025-03-28 05:45:32,184 - DEBUG - Widget blur: <asciimatics.widgets.text.Text object at 0xffff85543790>
2025-03-28 05:45:32,184 - DEBUG - Widget blur: <asciimatics.widgets.text.Text object at 0xffff85543880>
2025-03-28 05:45:32,185 - DEBUG - Widget blur: <asciimatics.widgets.text.Text object at 0xffff85543970>
2025-03-28 05:45:32,185 - DEBUG - Widget blur: <asciimatics.widgets.text.Text object at 0xffff85543a60>
2025-03-28 05:45:32,185 - DEBUG - Widget blur: <asciimatics.widgets.text.Text object at 0xffff85543b50>
2025-03-28 05:45:32,185 - DEBUG - Widget blur: <asciimatics.widgets.label.Label object at 0xffff84ffb920>
2025-03-28 05:45:32,185 - DEBUG - Blur: <asciimatics.widgets.layout.Layout object at 0xffff84ff7520>
2025-03-28 05:45:32,185 - DEBUG - Updating: None
2025-03-28 05:45:32,185 - DEBUG - Updating: None
2025-03-28 05:45:32,185 - DEBUG - Widget blur: <asciimatics.widgets.button.Button object at 0xffff8501c740>
2025-03-28 05:45:32,185 - DEBUG - Widget blur: <asciimatics.widgets.button.Button object at 0xffff8501c820>
2025-03-28 05:45:32,185 - DEBUG - Blur: <asciimatics.widgets.layout.Layout object at 0xffff84ff7580>
2025-03-28 05:45:32,185 - DEBUG - Updating: None
2025-03-28 05:45:32,186 - DEBUG - Widget blur: <asciimatics.widgets.label.Label object at 0xffff84ffb9f0>
2025-03-28 05:45:32,186 - DEBUG - Blur: <asciimatics.widgets.layout.Layout object at 0xffff84ff7460>
2025-03-28 05:45:32,186 - DEBUG - Focus: <asciimatics.widgets.layout.Layout object at 0xffff84ff7520>
2025-03-28 05:45:32,186 - DEBUG - Widget focus: <asciimatics.widgets.text.Text object at 0xffff85543790>
2025-03-28 05:45:33,972 - DEBUG - New event: MouseEvent (34, 8) 1
2025-03-28 05:45:33,973 - DEBUG - Focus: <asciimatics.widgets.layout.Layout object at 0xffff84ff7520>
2025-03-28 05:45:33,973 - DEBUG - Blurring: [<__main__.DetailsView object at 0xffff85ebcd10>]
2025-03-28 05:45:33,974 - DEBUG - Layout event: <asciimatics.widgets.layout.Layout object at 0xffff84ff7520> MouseEvent (34, 8) 1
2025-03-28 05:45:33,974 - DEBUG - Widget: <asciimatics.widgets.text.Text object at 0xffff85543790> (4, 1) (63, 1)
2025-03-28 05:45:33,974 - DEBUG - Check layout: 34, 8
2025-03-28 05:45:33,974 - DEBUG - Widget: <asciimatics.widgets.text.Text object at 0xffff85543790> (4, 1) (63, 1)
2025-03-28 05:45:33,974 - DEBUG - Widget: <asciimatics.widgets.text.Text object at 0xffff85543880> (4, 2) (63, 1)
2025-03-28 05:45:33,974 - DEBUG - Widget: <asciimatics.widgets.text.Text object at 0xffff85543970> (4, 3) (63, 1)
2025-03-28 05:45:33,974 - DEBUG - Widget: <asciimatics.widgets.text.Text object at 0xffff85543a60> (4, 4) (63, 1)
2025-03-28 05:45:33,974 - DEBUG - Widget: <asciimatics.widgets.text.Text object at 0xffff85543b50> (4, 5) (63, 1)
2025-03-28 05:45:33,974 - DEBUG - Widget: <asciimatics.widgets.label.Label object at 0xffff84ffb920> (4, 6) (63, 1)
2025-03-28 05:45:33,974 - DEBUG - Current widget left event: MouseEvent (34, 8) 1
2025-03-28 05:45:33,974 - DEBUG - Layout event: <asciimatics.widgets.layout.Layout object at 0xffff84ff7520> MouseEvent (34, 8) 1
2025-03-28 05:45:33,975 - DEBUG - Widget: <asciimatics.widgets.text.Text object at 0xffff85543790> (4, 1) (63, 1)
2025-03-28 05:45:33,975 - DEBUG - Check layout: 34, 8
2025-03-28 05:45:33,975 - DEBUG - Widget: <asciimatics.widgets.text.Text object at 0xffff85543790> (4, 1) (63, 1)
2025-03-28 05:45:33,975 - DEBUG - Widget: <asciimatics.widgets.text.Text object at 0xffff85543880> (4, 2) (63, 1)
2025-03-28 05:45:33,975 - DEBUG - Widget: <asciimatics.widgets.text.Text object at 0xffff85543970> (4, 3) (63, 1)
2025-03-28 05:45:33,975 - DEBUG - Widget: <asciimatics.widgets.text.Text object at 0xffff85543a60> (4, 4) (63, 1)
2025-03-28 05:45:33,975 - DEBUG - Widget: <asciimatics.widgets.text.Text object at 0xffff85543b50> (4, 5) (63, 1)
2025-03-28 05:45:33,975 - DEBUG - Widget: <asciimatics.widgets.label.Label object at 0xffff84ffb920> (4, 6) (63, 1)
2025-03-28 05:45:33,975 - DEBUG - Layout event: <asciimatics.widgets.layout.Layout object at 0xffff84ff7580> MouseEvent (34, 8) 1
2025-03-28 05:45:33,975 - DEBUG - Check layout: 34, 8
2025-03-28 05:45:33,975 - DEBUG - Widget: <asciimatics.widgets.button.Button object at 0xffff8501c740> (32, 7) (6, 1)
2025-03-28 05:45:33,975 - DEBUG - Widget: <asciimatics.widgets.button.Button object at 0xffff8501c820> (30, 8) (10, 1)
2025-03-28 05:45:33,975 - DEBUG - Blur: <asciimatics.widgets.layout.Layout object at 0xffff84ff7520>
2025-03-28 05:45:33,975 - DEBUG - Widget blur: <asciimatics.widgets.text.Text object at 0xffff85543790>
2025-03-28 05:45:33,975 - DEBUG - Focus: <asciimatics.widgets.layout.Layout object at 0xffff84ff7580>
2025-03-28 05:45:33,975 - DEBUG - Widget focus: <asciimatics.widgets.button.Button object at 0xffff8501c820>
2025-03-28 05:45:33,975 - DEBUG - Widget: <asciimatics.widgets.button.Button object at 0xffff8501c820> (30, 8) (10, 1)
2025-03-28 05:45:33,976 - DEBUG - Updating: files
2025-03-28 05:45:33,976 - DEBUG - Updating: None
2025-03-28 05:45:33,976 - DEBUG - Updating: None
2025-03-28 05:45:33,976 - DEBUG - Updating: None
2025-03-28 05:45:33,976 - DEBUG - Updating: None
2025-03-28 05:45:33,976 - DEBUG - Updating: None
2025-03-28 05:45:33,976 - DEBUG - Updating: files
2025-03-28 05:45:33,976 - DEBUG - Widget blur: <asciimatics.widgets.listbox.ListBox object at 0xffff84ff09d0>
2025-03-28 05:45:33,976 - DEBUG - Blur: <asciimatics.widgets.layout.Layout object at 0xffff84ff73a0>
2025-03-28 05:45:33,977 - DEBUG - Updating: None
2025-03-28 05:45:33,977 - DEBUG - Updating: None
2025-03-28 05:45:33,977 - DEBUG - Updating: None
2025-03-28 05:45:33,977 - DEBUG - Updating: None
2025-03-28 05:45:33,977 - DEBUG - Widget blur: <asciimatics.widgets.button.Button object at 0xffff8501c3c0>
2025-03-28 05:45:33,977 - DEBUG - Widget blur: <asciimatics.widgets.button.Button object at 0xffff8501c4a0>
2025-03-28 05:45:33,977 - DEBUG - Widget blur: <asciimatics.widgets.button.Button object at 0xffff8501c580>
2025-03-28 05:45:33,977 - DEBUG - Widget blur: <asciimatics.widgets.button.Button object at 0xffff8501c660>
2025-03-28 05:45:33,977 - DEBUG - Blur: <asciimatics.widgets.layout.Layout object at 0xffff84ff7400>
2025-03-28 05:45:33,977 - DEBUG - Widget blur: <asciimatics.widgets.button.Button object at 0xffff8501c4a0>
2025-03-28 05:45:33,977 - DEBUG - Updating: None
2025-03-28 05:45:33,977 - DEBUG - Widget blur: <asciimatics.widgets.label.Label object at 0xffff84ffb850>
2025-03-28 05:45:33,977 - DEBUG - Blur: <asciimatics.widgets.layout.Layout object at 0xffff84ff7340>
2025-03-28 05:45:33,977 - DEBUG - Focus: <asciimatics.widgets.layout.Layout object at 0xffff84ff73a0>
2025-03-28 05:45:33,977 - DEBUG - Widget focus: <asciimatics.widgets.listbox.ListBox object at 0xffff84ff09d0>
2025-03-28 05:45:35,957 - DEBUG - New event: MouseEvent (12, 15) 1
2025-03-28 05:45:35,958 - DEBUG - Blurring: [<__main__.MainView object at 0xffff85029310>]
2025-03-28 05:45:35,958 - DEBUG - Layout event: <asciimatics.widgets.layout.Layout object at 0xffff84ff73a0> MouseEvent (12, 15) 1
2025-03-28 05:45:35,959 - DEBUG - Widget: <asciimatics.widgets.listbox.ListBox object at 0xffff84ff09d0> (1, 1) (70, 14)
2025-03-28 05:45:35,959 - DEBUG - Check layout: 12, 15
2025-03-28 05:45:35,959 - DEBUG - Widget: <asciimatics.widgets.listbox.ListBox object at 0xffff84ff09d0> (1, 1) (70, 14)
2025-03-28 05:45:35,959 - DEBUG - Current widget left event: MouseEvent (12, 15) 1
2025-03-28 05:45:35,959 - DEBUG - Layout event: <asciimatics.widgets.layout.Layout object at 0xffff84ff73a0> MouseEvent (12, 15) 1
2025-03-28 05:45:35,959 - DEBUG - Widget: <asciimatics.widgets.listbox.ListBox object at 0xffff84ff09d0> (1, 1) (70, 14)
2025-03-28 05:45:35,959 - DEBUG - Check layout: 12, 15
2025-03-28 05:45:35,959 - DEBUG - Widget: <asciimatics.widgets.listbox.ListBox object at 0xffff84ff09d0> (1, 1) (70, 14)
2025-03-28 05:45:35,959 - DEBUG - Layout event: <asciimatics.widgets.layout.Layout object at 0xffff84ff7400> MouseEvent (12, 15) 1
2025-03-28 05:45:35,959 - DEBUG - Check layout: 12, 15
2025-03-28 05:45:35,960 - DEBUG - Widget: <asciimatics.widgets.button.Button object at 0xffff8501c3c0> (4, 15) (10, 1)
2025-03-28 05:45:35,960 - DEBUG - Blur: <asciimatics.widgets.layout.Layout object at 0xffff84ff73a0>
2025-03-28 05:45:35,960 - DEBUG - Widget blur: <asciimatics.widgets.listbox.ListBox object at 0xffff84ff09d0>
2025-03-28 05:45:35,960 - DEBUG - Focus: <asciimatics.widgets.layout.Layout object at 0xffff84ff7400>
2025-03-28 05:45:35,960 - DEBUG - Widget focus: <asciimatics.widgets.button.Button object at 0xffff8501c3c0>
2025-03-28 05:45:35,960 - DEBUG - Widget: <asciimatics.widgets.button.Button object at 0xffff8501c3c0> (4, 15) (10, 1)
2025-03-28 05:45:35,960 - DEBUG - Updating: filename
2025-03-28 05:45:35,960 - DEBUG - Updating: contact_name
2025-03-28 05:45:35,961 - DEBUG - Updating: birthday
2025-03-28 05:45:35,961 - DEBUG - Updating: anniversary
2025-03-28 05:45:35,961 - DEBUG - Updating: other_props
2025-03-28 05:45:35,961 - DEBUG - Updating: None
2025-03-28 05:45:35,961 - DEBUG - Updating: None
2025-03-28 05:45:35,961 - DEBUG - Updating: None
2025-03-28 05:45:35,961 - DEBUG - Updating: None
2025-03-28 05:45:35,961 - DEBUG - Updating: filename
2025-03-28 05:45:35,962 - DEBUG - Updating: contact_name
2025-03-28 05:45:35,962 - DEBUG - Updating: birthday
2025-03-28 05:45:35,962 - DEBUG - Updating: anniversary
2025-03-28 05:45:35,962 - DEBUG - Updating: other_props
2025-03-28 05:45:35,962 - DEBUG - Updating: None
2025-03-28 05:45:35,962 - DEBUG - Widget blur: <asciimatics.widgets.text.Text object at 0xffff85543790>
2025-03-28 05:45:35,962 - DEBUG - Widget blur: <asciimatics.widgets.text.Text object at 0xffff85543880>
2025-03-28 05:45:35,962 - DEBUG - Widget blur: <asciimatics.widgets.text.Text object at 0xffff85543970>
2025-03-28 05:45:35,962 - DEBUG - Widget blur: <asciimatics.widgets.text.Text object at 0xffff85543a60>
2025-03-28 05:45:35,962 - DEBUG - Widget blur: <asciimatics.widgets.text.Text object at 0xffff85543b50>
2025-03-28 05:45:35,962 - DEBUG - Widget blur: <asciimatics.widgets.label.Label object at 0xffff84ffb920>
2025-03-28 05:45:35,962 - DEBUG - Blur: <asciimatics.widgets.layout.Layout object at 0xffff84ff7520>
2025-03-28 05:45:35,962 - DEBUG - Updating: None
2025-03-28 05:45:35,962 - DEBUG - Updating: None
2025-03-28 05:45:35,962 - DEBUG - Widget blur: <asciimatics.widgets.button.Button object at 0xffff8501c740>
2025-03-28 05:45:35,962 - DEBUG - Widget blur: <asciimatics.widgets.button.Button object at 0xffff8501c820>
2025-03-28 05:45:35,962 - DEBUG - Blur: <asciimatics.widgets.layout.Layout object at 0xffff84ff7580>
2025-03-28 05:45:35,962 - DEBUG - Widget blur: <asciimatics.widgets.button.Button object at 0xffff8501c740>
2025-03-28 05:45:35,962 - DEBUG - Updating: None
2025-03-28 05:45:35,962 - DEBUG - Widget blur: <asciimatics.widgets.label.Label object at 0xffff84ffb9f0>
2025-03-28 05:45:35,962 - DEBUG - Blur: <asciimatics.widgets.layout.Layout object at 0xffff84ff7460>
2025-03-28 05:45:35,962 - DEBUG - Focus: <asciimatics.widgets.layout.Layout object at 0xffff84ff7520>
2025-03-28 05:45:35,962 - DEBUG - Widget focus: <asciimatics.widgets.text.Text object at 0xffff85543790>
2025-03-28 05:45:36,508 - DEBUG - Processing key: 61
2025-03-28 05:45:36,509 - DEBUG - Returning key: 61
2025-03-28 05:45:36,509 - DEBUG - New event: KeyboardEvent: 97
2025-03-28 05:45:36,509 - DEBUG - Layout event: <asciimatics.widgets.layout.Layout object at 0xffff84ff7520> KeyboardEvent: 97
2025-03-28 05:45:36,509 - DEBUG - Current widget left event: None
2025-03-28 05:45:36,720 - DEBUG - Processing key: 65
2025-03-28 05:45:36,721 - DEBUG - Returning key: 65
2025-03-28 05:45:36,721 - DEBUG - New event: KeyboardEvent: 101
2025-03-28 05:45:36,721 - DEBUG - Layout event: <asciimatics.widgets.layout.Layout object at 0xffff84ff7520> KeyboardEvent: 101
2025-03-28 05:45:36,722 - DEBUG - Current widget left event: None
2025-03-28 05:45:36,822 - DEBUG - Processing key: 72
2025-03-28 05:45:36,823 - DEBUG - Returning key: 72
2025-03-28 05:45:36,823 - DEBUG - New event: KeyboardEvent: 114
2025-03-28 05:45:36,823 - DEBUG - Layout event: <asciimatics.widgets.layout.Layout object at 0xffff84ff7520> KeyboardEvent: 114
2025-03-28 05:45:36,823 - DEBUG - Current widget left event: None
2025-03-28 05:45:37,519 - DEBUG - Processing key: 9
2025-03-28 05:45:37,519 - DEBUG - Returning key: 9
2025-03-28 05:45:37,520 - DEBUG - New event: KeyboardEvent: -301
2025-03-28 05:45:37,520 - DEBUG - Layout event: <asciimatics.widgets.layout.Layout object at 0xffff84ff7520> KeyboardEvent: -301
2025-03-28 05:45:37,520 - DEBUG - Widget blur: <asciimatics.widgets.text.Text object at 0xffff85543790>
2025-03-28 05:45:37,520 - DEBUG - Widget focus: <asciimatics.widgets.text.Text object at 0xffff85543880>
2025-03-28 05:45:37,521 - DEBUG - Current widget left event: None
2025-03-28 05:45:38,382 - DEBUG - Processing key: 61
2025-03-28 05:45:38,382 - DEBUG - Returning key: 61
2025-03-28 05:45:38,382 - DEBUG - New event: KeyboardEvent: 97
2025-03-28 05:45:38,382 - DEBUG - Layout event: <asciimatics.widgets.layout.Layout object at 0xffff84ff7520> KeyboardEvent: 97
2025-03-28 05:45:38,382 - DEBUG - Current widget left event: None
2025-03-28 05:45:38,648 - DEBUG - Processing key: 65
2025-03-28 05:45:38,649 - DEBUG - Returning key: 65
2025-03-28 05:45:38,649 - DEBUG - New event: KeyboardEvent: 101
2025-03-28 05:45:38,649 - DEBUG - Layout event: <asciimatics.widgets.layout.Layout object at 0xffff84ff7520> KeyboardEvent: 101
2025-03-28 05:45:38,649 - DEBUG - Current widget left event: None
2025-03-28 05:45:38,815 - DEBUG - Processing key: 72
2025-03-28 05:45:38,816 - DEBUG - Returning key: 72
2025-03-28 05:45:38,816 - DEBUG - New event: KeyboardEvent: 114
2025-03-28 05:45:38,816 - DEBUG - Layout event: <asciimatics.widgets.layout.Layout object at 0xffff84ff7520> KeyboardEvent: 114
2025-03-28 05:45:38,816 - DEBUG - Current widget left event: None
2025-03-28 05:45:39,024 - DEBUG - Processing key: 65
2025-03-28 05:45:39,024 - DEBUG - Returning key: 65
2025-03-28 05:45:39,024 - DEBUG - New event: KeyboardEvent: 101
2025-03-28 05:45:39,024 - DEBUG - Layout event: <asciimatics.widgets.layout.Layout object at 0xffff84ff7520> KeyboardEvent: 101
2025-03-28 05:45:39,024 - DEBUG - Current widget left event: None
2025-03-28 05:45:40,873 - DEBUG - New event: MouseEvent (35, 7) 1
2025-03-28 05:45:40,873 - DEBUG - Blurring: [<__main__.DetailsView object at 0xffff85ebcd10>]
2025-03-28 05:45:40,873 - DEBUG - Layout event: <asciimatics.widgets.layout.Layout object at 0xffff84ff7520> MouseEvent (35, 7) 1
2025-03-28 05:45:40,873 - DEBUG - Widget: <asciimatics.widgets.text.Text object at 0xffff85543880> (4, 2) (63, 1)
2025-03-28 05:45:40,873 - DEBUG - Check layout: 35, 7
2025-03-28 05:45:40,874 - DEBUG - Widget: <asciimatics.widgets.text.Text object at 0xffff85543790> (4, 1) (63, 1)
2025-03-28 05:45:40,874 - DEBUG - Widget: <asciimatics.widgets.text.Text object at 0xffff85543880> (4, 2) (63, 1)
2025-03-28 05:45:40,874 - DEBUG - Widget: <asciimatics.widgets.text.Text object at 0xffff85543970> (4, 3) (63, 1)
2025-03-28 05:45:40,874 - DEBUG - Widget: <asciimatics.widgets.text.Text object at 0xffff85543a60> (4, 4) (63, 1)
2025-03-28 05:45:40,874 - DEBUG - Widget: <asciimatics.widgets.text.Text object at 0xffff85543b50> (4, 5) (63, 1)
2025-03-28 05:45:40,874 - DEBUG - Widget: <asciimatics.widgets.label.Label object at 0xffff84ffb920> (4, 6) (63, 1)
2025-03-28 05:45:40,874 - DEBUG - Current widget left event: MouseEvent (35, 7) 1
2025-03-28 05:45:40,874 - DEBUG - Layout event: <asciimatics.widgets.layout.Layout object at 0xffff84ff7520> MouseEvent (35, 7) 1
2025-03-28 05:45:40,874 - DEBUG - Widget: <asciimatics.widgets.text.Text object at 0xffff85543880> (4, 2) (63, 1)
2025-03-28 05:45:40,874 - DEBUG - Check layout: 35, 7
2025-03-28 05:45:40,874 - DEBUG - Widget: <asciimatics.widgets.text.Text object at 0xffff85543790> (4, 1) (63, 1)
2025-03-28 05:45:40,874 - DEBUG - Widget: <asciimatics.widgets.text.Text object at 0xffff85543880> (4, 2) (63, 1)
2025-03-28 05:45:40,874 - DEBUG - Widget: <asciimatics.widgets.text.Text object at 0xffff85543970> (4, 3) (63, 1)
2025-03-28 05:45:40,874 - DEBUG - Widget: <asciimatics.widgets.text.Text object at 0xffff85543a60> (4, 4) (63, 1)
2025-03-28 05:45:40,874 - DEBUG - Widget: <asciimatics.widgets.text.Text object at 0xffff85543b50> (4, 5) (63, 1)
2025-03-28 05:45:40,874 - DEBUG - Widget: <asciimatics.widgets.label.Label object at 0xffff84ffb920> (4, 6) (63, 1)
2025-03-28 05:45:40,874 - DEBUG - Layout event: <asciimatics.widgets.layout.Layout object at 0xffff84ff7580> MouseEvent (35, 7) 1
2025-03-28 05:45:40,874 - DEBUG - Check layout: 35, 7
2025-03-28 05:45:40,875 - DEBUG - Widget: <asciimatics.widgets.button.Button object at 0xffff8501c740> (32, 7) (6, 1)
2025-03-28 05:45:40,875 - DEBUG - Blur: <asciimatics.widgets.layout.Layout object at 0xffff84ff7520>
2025-03-28 05:45:40,875 - DEBUG - Widget blur: <asciimatics.widgets.text.Text object at 0xffff85543880>
2025-03-28 05:45:40,875 - DEBUG - Focus: <asciimatics.widgets.layout.Layout object at 0xffff84ff7580>
2025-03-28 05:45:40,875 - DEBUG - Widget focus: <asciimatics.widgets.button.Button object at 0xffff8501c740>
2025-03-28 05:45:40,875 - DEBUG - Widget: <asciimatics.widgets.button.Button object at 0xffff8501c740> (32, 7) (6, 1)
2025-03-28 05:45:40,875 - DEBUG - DetailsView._ok called
2025-03-28 05:45:40,875 - DEBUG - Attempting to edit card: /home/socs/assign1/assign2/assign3/./bin/cards/mani.vcf
2025-03-28 05:45:40,875 - INFO - Card editing not yet implemented
2025-03-28 05:45:43,119 - DEBUG - New event: MouseEvent (35, 7) 1
2025-03-28 05:45:43,119 - DEBUG - Blurring: [<__main__.DetailsView object at 0xffff85ebcd10>]
2025-03-28 05:45:43,119 - DEBUG - Layout event: <asciimatics.widgets.layout.Layout object at 0xffff84ff7580> MouseEvent (35, 7) 1
2025-03-28 05:45:43,119 - DEBUG - Widget: <asciimatics.widgets.button.Button object at 0xffff8501c740> (32, 7) (6, 1)
2025-03-28 05:45:43,119 - DEBUG - DetailsView._ok called
2025-03-28 05:45:43,120 - DEBUG - Attempting to edit card: /home/socs/assign1/assign2/assign3/./bin/cards/mani.vcf
2025-03-28 05:45:43,120 - INFO - Card editing not yet implemented
2025-03-28 05:45:43,120 - DEBUG - Current widget left event: None
2025-03-28 05:45:44,059 - DEBUG - New event: MouseEvent (35, 7) 1
2025-03-28 05:45:44,060 - DEBUG - Blurring: [<__main__.DetailsView object at 0xffff85ebcd10>]
2025-03-28 05:45:44,060 - DEBUG - Layout event: <asciimatics.widgets.layout.Layout object at 0xffff84ff7580> MouseEvent (35, 7) 1
2025-03-28 05:45:44,060 - DEBUG - Widget: <asciimatics.widgets.button.Button object at 0xffff8501c740> (32, 7) (6, 1)
2025-03-28 05:45:44,060 - DEBUG - DetailsView._ok called
2025-03-28 05:45:44,060 - DEBUG - Attempting to edit card: /home/socs/assign1/assign2/assign3/./bin/cards/mani.vcf
2025-03-28 05:45:44,061 - INFO - Card editing not yet implemented
2025-03-28 05:45:44,061 - DEBUG - Current widget left event: None
2025-03-28 05:45:45,249 - DEBUG - New event: MouseEvent (35, 7) 4
2025-03-28 05:45:45,249 - DEBUG - Blurring: [<__main__.DetailsView object at 0xffff85ebcd10>]
2025-03-28 05:45:45,249 - DEBUG - Layout event: <asciimatics.widgets.layout.Layout object at 0xffff84ff7580> MouseEvent (35, 7) 4
2025-03-28 05:45:45,249 - DEBUG - Widget: <asciimatics.widgets.button.Button object at 0xffff8501c740> (32, 7) (6, 1)
2025-03-28 05:45:45,249 - DEBUG - DetailsView._ok called
2025-03-28 05:45:45,249 - DEBUG - Attempting to edit card: /home/socs/assign1/assign2/assign3/./bin/cards/mani.vcf
2025-03-28 05:45:45,249 - INFO - Card editing not yet implemented
2025-03-28 05:45:45,249 - DEBUG - Current widget left event: None
2025-03-28 05:45:46,508 - DEBUG - New event: MouseEvent (32, 3) 1
2025-03-28 05:45:46,508 - DEBUG - Blurring: [<__main__.DetailsView object at 0xffff85ebcd10>]
2025-03-28 05:45:46,508 - DEBUG - Layout event: <asciimatics.widgets.layout.Layout object at 0xffff84ff7580> MouseEvent (32, 3) 1
2025-03-28 05:45:46,508 - DEBUG - Widget: <asciimatics.widgets.button.Button object at 0xffff8501c740> (32, 7) (6, 1)
2025-03-28 05:45:46,508 - DEBUG - Check layout: 32, 3
2025-03-28 05:45:46,508 - DEBUG - Widget: <asciimatics.widgets.button.Button object at 0xffff8501c740> (32, 7) (6, 1)
2025-03-28 05:45:46,508 - DEBUG - Widget: <asciimatics.widgets.button.Button object at 0xffff8501c820> (30, 8) (10, 1)
2025-03-28 05:45:46,508 - DEBUG - Current widget left event: MouseEvent (32, 3) 1
2025-03-28 05:45:46,508 - DEBUG - Layout event: <asciimatics.widgets.layout.Layout object at 0xffff84ff7520> MouseEvent (32, 3) 1
2025-03-28 05:45:46,509 - DEBUG - Check layout: 32, 3
2025-03-28 05:45:46,509 - DEBUG - Widget: <asciimatics.widgets.text.Text object at 0xffff85543790> (4, 1) (63, 1)
2025-03-28 05:45:46,509 - DEBUG - Widget: <asciimatics.widgets.text.Text object at 0xffff85543880> (4, 2) (63, 1)
2025-03-28 05:45:46,509 - DEBUG - Widget: <asciimatics.widgets.text.Text object at 0xffff85543970> (4, 3) (63, 1)
2025-03-28 05:45:46,509 - DEBUG - Blur: <asciimatics.widgets.layout.Layout object at 0xffff84ff7580>
2025-03-28 05:45:46,509 - DEBUG - Widget blur: <asciimatics.widgets.button.Button object at 0xffff8501c740>
2025-03-28 05:45:46,509 - DEBUG - Focus: <asciimatics.widgets.layout.Layout object at 0xffff84ff7520>
2025-03-28 05:45:46,509 - DEBUG - Widget focus: <asciimatics.widgets.text.Text object at 0xffff85543970>
2025-03-28 05:45:46,509 - DEBUG - Widget: <asciimatics.widgets.text.Text object at 0xffff85543970> (4, 3) (63, 1)
2025-03-28 05:45:46,679 - DEBUG - Processing key: 71
2025-03-28 05:45:46,679 - DEBUG - Returning key: 71
2025-03-28 05:45:46,680 - DEBUG - New event: KeyboardEvent: 113
2025-03-28 05:45:46,680 - DEBUG - Layout event: <asciimatics.widgets.layout.Layout object at 0xffff84ff7520> KeyboardEvent: 113
2025-03-28 05:45:46,680 - DEBUG - Current widget left event: KeyboardEvent: 113
2025-03-28 05:45:46,837 - DEBUG - Processing key: 65
2025-03-28 05:45:46,837 - DEBUG - Returning key: 65
2025-03-28 05:45:46,837 - DEBUG - New event: KeyboardEvent: 101
2025-03-28 05:45:46,837 - DEBUG - Layout event: <asciimatics.widgets.layout.Layout object at 0xffff84ff7520> KeyboardEvent: 101
2025-03-28 05:45:46,837 - DEBUG - Current widget left event: KeyboardEvent: 101
2025-03-28 05:45:47,109 - DEBUG - Processing key: 72
2025-03-28 05:45:47,110 - DEBUG - Returning key: 72
2025-03-28 05:45:47,110 - DEBUG - New event: KeyboardEvent: 114
2025-03-28 05:45:47,110 - DEBUG - Layout event: <asciimatics.widgets.layout.Layout object at 0xffff84ff7520> KeyboardEvent: 114
2025-03-28 05:45:47,111 - DEBUG - Current widget left event: KeyboardEvent: 114
2025-03-28 05:45:50,172 - DEBUG - New event: MouseEvent (33, 8) 1
2025-03-28 05:45:50,173 - DEBUG - Blurring: [<__main__.DetailsView object at 0xffff85ebcd10>]
2025-03-28 05:45:50,173 - DEBUG - Layout event: <asciimatics.widgets.layout.Layout object at 0xffff84ff7520> MouseEvent (33, 8) 1
2025-03-28 05:45:50,173 - DEBUG - Widget: <asciimatics.widgets.text.Text object at 0xffff85543970> (4, 3) (63, 1)
2025-03-28 05:45:50,174 - DEBUG - Check layout: 33, 8
2025-03-28 05:45:50,174 - DEBUG - Widget: <asciimatics.widgets.text.Text object at 0xffff85543790> (4, 1) (63, 1)
2025-03-28 05:45:50,174 - DEBUG - Widget: <asciimatics.widgets.text.Text object at 0xffff85543880> (4, 2) (63, 1)
2025-03-28 05:45:50,174 - DEBUG - Widget: <asciimatics.widgets.text.Text object at 0xffff85543970> (4, 3) (63, 1)
2025-03-28 05:45:50,174 - DEBUG - Widget: <asciimatics.widgets.text.Text object at 0xffff85543a60> (4, 4) (63, 1)
2025-03-28 05:45:50,174 - DEBUG - Widget: <asciimatics.widgets.text.Text object at 0xffff85543b50> (4, 5) (63, 1)
2025-03-28 05:45:50,174 - DEBUG - Widget: <asciimatics.widgets.label.Label object at 0xffff84ffb920> (4, 6) (63, 1)
2025-03-28 05:45:50,174 - DEBUG - Current widget left event: MouseEvent (33, 8) 1
2025-03-28 05:45:50,174 - DEBUG - Layout event: <asciimatics.widgets.layout.Layout object at 0xffff84ff7520> MouseEvent (33, 8) 1
2025-03-28 05:45:50,174 - DEBUG - Widget: <asciimatics.widgets.text.Text object at 0xffff85543970> (4, 3) (63, 1)
2025-03-28 05:45:50,179 - DEBUG - Check layout: 33, 8
2025-03-28 05:45:50,179 - DEBUG - Widget: <asciimatics.widgets.text.Text object at 0xffff85543790> (4, 1) (63, 1)
2025-03-28 05:45:50,180 - DEBUG - Widget: <asciimatics.widgets.text.Text object at 0xffff85543880> (4, 2) (63, 1)
2025-03-28 05:45:50,180 - DEBUG - Widget: <asciimatics.widgets.text.Text object at 0xffff85543970> (4, 3) (63, 1)
2025-03-28 05:45:50,180 - DEBUG - Widget: <asciimatics.widgets.text.Text object at 0xffff85543a60> (4, 4) (63, 1)
2025-03-28 05:45:50,180 - DEBUG - Widget: <asciimatics.widgets.text.Text object at 0xffff85543b50> (4, 5) (63, 1)
2025-03-28 05:45:50,180 - DEBUG - Widget: <asciimatics.widgets.label.Label object at 0xffff84ffb920> (4, 6) (63, 1)
2025-03-28 05:45:50,180 - DEBUG - Layout event: <asciimatics.widgets.layout.Layout object at 0xffff84ff7580> MouseEvent (33, 8) 1
2025-03-28 05:45:50,180 - DEBUG - Check layout: 33, 8
2025-03-28 05:45:50,180 - DEBUG - Widget: <asciimatics.widgets.button.Button object at 0xffff8501c740> (32, 7) (6, 1)
2025-03-28 05:45:50,180 - DEBUG - Widget: <asciimatics.widgets.button.Button object at 0xffff8501c820> (30, 8) (10, 1)
2025-03-28 05:45:50,180 - DEBUG - Blur: <asciimatics.widgets.layout.Layout object at 0xffff84ff7520>
2025-03-28 05:45:50,180 - DEBUG - Widget blur: <asciimatics.widgets.text.Text object at 0xffff85543970>
2025-03-28 05:45:50,180 - DEBUG - Focus: <asciimatics.widgets.layout.Layout object at 0xffff84ff7580>
2025-03-28 05:45:50,180 - DEBUG - Widget focus: <asciimatics.widgets.button.Button object at 0xffff8501c820>
2025-03-28 05:45:50,180 - DEBUG - Widget: <asciimatics.widgets.button.Button object at 0xffff8501c820> (30, 8) (10, 1)
2025-03-28 05:45:50,180 - DEBUG - Updating: files
2025-03-28 05:45:50,180 - DEBUG - Updating: None
2025-03-28 05:45:50,180 - DEBUG - Updating: None
2025-03-28 05:45:50,180 - DEBUG - Updating: None
2025-03-28 05:45:50,180 - DEBUG - Updating: None
2025-03-28 05:45:50,180 - DEBUG - Updating: None
2025-03-28 05:45:50,180 - DEBUG - Updating: files
2025-03-28 05:45:50,181 - DEBUG - Widget blur: <asciimatics.widgets.listbox.ListBox object at 0xffff84ff09d0>
2025-03-28 05:45:50,181 - DEBUG - Blur: <asciimatics.widgets.layout.Layout object at 0xffff84ff73a0>
2025-03-28 05:45:50,181 - DEBUG - Updating: None
2025-03-28 05:45:50,181 - DEBUG - Updating: None
2025-03-28 05:45:50,181 - DEBUG - Updating: None
2025-03-28 05:45:50,181 - DEBUG - Updating: None
2025-03-28 05:45:50,181 - DEBUG - Widget blur: <asciimatics.widgets.button.Button object at 0xffff8501c3c0>
2025-03-28 05:45:50,181 - DEBUG - Widget blur: <asciimatics.widgets.button.Button object at 0xffff8501c4a0>
2025-03-28 05:45:50,181 - DEBUG - Widget blur: <asciimatics.widgets.button.Button object at 0xffff8501c580>
2025-03-28 05:45:50,181 - DEBUG - Widget blur: <asciimatics.widgets.button.Button object at 0xffff8501c660>
2025-03-28 05:45:50,181 - DEBUG - Blur: <asciimatics.widgets.layout.Layout object at 0xffff84ff7400>
2025-03-28 05:45:50,181 - DEBUG - Widget blur: <asciimatics.widgets.button.Button object at 0xffff8501c3c0>
2025-03-28 05:45:50,181 - DEBUG - Updating: None
2025-03-28 05:45:50,181 - DEBUG - Widget blur: <asciimatics.widgets.label.Label object at 0xffff84ffb850>
2025-03-28 05:45:50,181 - DEBUG - Blur: <asciimatics.widgets.layout.Layout object at 0xffff84ff7340>
2025-03-28 05:45:50,181 - DEBUG - Focus: <asciimatics.widgets.layout.Layout object at 0xffff84ff73a0>
2025-03-28 05:45:50,181 - DEBUG - Widget focus: <asciimatics.widgets.listbox.ListBox object at 0xffff84ff09d0>
2025-03-28 05:45:51,868 - DEBUG - New event: MouseEvent (23, 1) 4
2025-03-28 05:45:51,868 - DEBUG - Blurring: [<__main__.MainView object at 0xffff85029310>]
2025-03-28 05:45:51,868 - DEBUG - Layout event: <asciimatics.widgets.layout.Layout object at 0xffff84ff73a0> MouseEvent (23, 1) 4
2025-03-28 05:45:51,868 - DEBUG - Widget: <asciimatics.widgets.listbox.ListBox object at 0xffff84ff09d0> (1, 1) (70, 14)
2025-03-28 05:45:51,869 - DEBUG - Updating: filename
2025-03-28 05:45:51,869 - DEBUG - Updating: contact_name
2025-03-28 05:45:51,869 - DEBUG - Updating: birthday
2025-03-28 05:45:51,869 - DEBUG - Updating: anniversary
2025-03-28 05:45:51,869 - DEBUG - Updating: other_props
2025-03-28 05:45:51,869 - DEBUG - Updating: None
2025-03-28 05:45:51,869 - DEBUG - Updating: None
2025-03-28 05:45:51,869 - DEBUG - Updating: None
2025-03-28 05:45:51,869 - DEBUG - Updating: None
2025-03-28 05:45:51,870 - DEBUG - Updating: filename
2025-03-28 05:45:51,870 - DEBUG - Updating: contact_name
2025-03-28 05:45:51,870 - DEBUG - Updating: birthday
2025-03-28 05:45:51,870 - DEBUG - Updating: anniversary
2025-03-28 05:45:51,871 - DEBUG - Updating: other_props
2025-03-28 05:45:51,871 - DEBUG - Updating: None
2025-03-28 05:45:51,871 - DEBUG - Widget blur: <asciimatics.widgets.text.Text object at 0xffff85543790>
2025-03-28 05:45:51,871 - DEBUG - Widget blur: <asciimatics.widgets.text.Text object at 0xffff85543880>
2025-03-28 05:45:51,871 - DEBUG - Widget blur: <asciimatics.widgets.text.Text object at 0xffff85543970>
2025-03-28 05:45:51,871 - DEBUG - Widget blur: <asciimatics.widgets.text.Text object at 0xffff85543a60>
2025-03-28 05:45:51,871 - DEBUG - Widget blur: <asciimatics.widgets.text.Text object at 0xffff85543b50>
2025-03-28 05:45:51,871 - DEBUG - Widget blur: <asciimatics.widgets.label.Label object at 0xffff84ffb920>
2025-03-28 05:45:51,871 - DEBUG - Blur: <asciimatics.widgets.layout.Layout object at 0xffff84ff7520>
2025-03-28 05:45:51,871 - DEBUG - Updating: None
2025-03-28 05:45:51,871 - DEBUG - Updating: None
2025-03-28 05:45:51,871 - DEBUG - Widget blur: <asciimatics.widgets.button.Button object at 0xffff8501c740>
2025-03-28 05:45:51,871 - DEBUG - Widget blur: <asciimatics.widgets.button.Button object at 0xffff8501c820>
2025-03-28 05:45:51,871 - DEBUG - Blur: <asciimatics.widgets.layout.Layout object at 0xffff84ff7580>
2025-03-28 05:45:51,871 - DEBUG - Widget blur: <asciimatics.widgets.button.Button object at 0xffff8501c740>
2025-03-28 05:45:51,871 - DEBUG - Updating: None
2025-03-28 05:45:51,871 - DEBUG - Widget blur: <asciimatics.widgets.label.Label object at 0xffff84ffb9f0>
2025-03-28 05:45:51,871 - DEBUG - Blur: <asciimatics.widgets.layout.Layout object at 0xffff84ff7460>
2025-03-28 05:45:51,872 - DEBUG - Focus: <asciimatics.widgets.layout.Layout object at 0xffff84ff7520>
2025-03-28 05:45:51,872 - DEBUG - Widget focus: <asciimatics.widgets.text.Text object at 0xffff85543790>
2025-03-28 05:45:52,281 - DEBUG - New event: MouseEvent (23, 1) 1
2025-03-28 05:45:52,281 - DEBUG - Blurring: [<__main__.DetailsView object at 0xffff85ebcd10>]
2025-03-28 05:45:52,281 - DEBUG - Layout event: <asciimatics.widgets.layout.Layout object at 0xffff84ff7520> MouseEvent (23, 1) 1
2025-03-28 05:45:52,281 - DEBUG - Widget: <asciimatics.widgets.text.Text object at 0xffff85543790> (4, 1) (63, 1)
2025-03-28 05:45:52,281 - DEBUG - Current widget left event: None
2025-03-28 05:45:53,787 - DEBUG - New event: MouseEvent (31, 8) 1
2025-03-28 05:45:53,789 - DEBUG - Blurring: [<__main__.DetailsView object at 0xffff85ebcd10>]
2025-03-28 05:45:53,790 - DEBUG - Layout event: <asciimatics.widgets.layout.Layout object at 0xffff84ff7520> MouseEvent (31, 8) 1
2025-03-28 05:45:53,790 - DEBUG - Widget: <asciimatics.widgets.text.Text object at 0xffff85543790> (4, 1) (63, 1)
2025-03-28 05:45:53,790 - DEBUG - Check layout: 31, 8
2025-03-28 05:45:53,790 - DEBUG - Widget: <asciimatics.widgets.text.Text object at 0xffff85543790> (4, 1) (63, 1)
2025-03-28 05:45:53,790 - DEBUG - Widget: <asciimatics.widgets.text.Text object at 0xffff85543880> (4, 2) (63, 1)
2025-03-28 05:45:53,790 - DEBUG - Widget: <asciimatics.widgets.text.Text object at 0xffff85543970> (4, 3) (63, 1)
2025-03-28 05:45:53,790 - DEBUG - Widget: <asciimatics.widgets.text.Text object at 0xffff85543a60> (4, 4) (63, 1)
2025-03-28 05:45:53,790 - DEBUG - Widget: <asciimatics.widgets.text.Text object at 0xffff85543b50> (4, 5) (63, 1)
2025-03-28 05:45:53,790 - DEBUG - Widget: <asciimatics.widgets.label.Label object at 0xffff84ffb920> (4, 6) (63, 1)
2025-03-28 05:45:53,790 - DEBUG - Current widget left event: MouseEvent (31, 8) 1
2025-03-28 05:45:53,790 - DEBUG - Layout event: <asciimatics.widgets.layout.Layout object at 0xffff84ff7520> MouseEvent (31, 8) 1
2025-03-28 05:45:53,790 - DEBUG - Widget: <asciimatics.widgets.text.Text object at 0xffff85543790> (4, 1) (63, 1)
2025-03-28 05:45:53,790 - DEBUG - Check layout: 31, 8
2025-03-28 05:45:53,790 - DEBUG - Widget: <asciimatics.widgets.text.Text object at 0xffff85543790> (4, 1) (63, 1)
2025-03-28 05:45:53,790 - DEBUG - Widget: <asciimatics.widgets.text.Text object at 0xffff85543880> (4, 2) (63, 1)
2025-03-28 05:45:53,790 - DEBUG - Widget: <asciimatics.widgets.text.Text object at 0xffff85543970> (4, 3) (63, 1)
2025-03-28 05:45:53,790 - DEBUG - Widget: <asciimatics.widgets.text.Text object at 0xffff85543a60> (4, 4) (63, 1)
2025-03-28 05:45:53,790 - DEBUG - Widget: <asciimatics.widgets.text.Text object at 0xffff85543b50> (4, 5) (63, 1)
2025-03-28 05:45:53,790 - DEBUG - Widget: <asciimatics.widgets.label.Label object at 0xffff84ffb920> (4, 6) (63, 1)
2025-03-28 05:45:53,790 - DEBUG - Layout event: <asciimatics.widgets.layout.Layout object at 0xffff84ff7580> MouseEvent (31, 8) 1
2025-03-28 05:45:53,790 - DEBUG - Check layout: 31, 8
2025-03-28 05:45:53,790 - DEBUG - Widget: <asciimatics.widgets.button.Button object at 0xffff8501c740> (32, 7) (6, 1)
2025-03-28 05:45:53,790 - DEBUG - Widget: <asciimatics.widgets.button.Button object at 0xffff8501c820> (30, 8) (10, 1)
2025-03-28 05:45:53,790 - DEBUG - Blur: <asciimatics.widgets.layout.Layout object at 0xffff84ff7520>
2025-03-28 05:45:53,790 - DEBUG - Widget blur: <asciimatics.widgets.text.Text object at 0xffff85543790>
2025-03-28 05:45:53,790 - DEBUG - Focus: <asciimatics.widgets.layout.Layout object at 0xffff84ff7580>
2025-03-28 05:45:53,790 - DEBUG - Widget focus: <asciimatics.widgets.button.Button object at 0xffff8501c820>
2025-03-28 05:45:53,790 - DEBUG - Widget: <asciimatics.widgets.button.Button object at 0xffff8501c820> (30, 8) (10, 1)
2025-03-28 05:45:53,791 - DEBUG - Updating: files
2025-03-28 05:45:53,791 - DEBUG - Updating: None
2025-03-28 05:45:53,791 - DEBUG - Updating: None
2025-03-28 05:45:53,791 - DEBUG - Updating: None
2025-03-28 05:45:53,791 - DEBUG - Updating: None
2025-03-28 05:45:53,791 - DEBUG - Updating: None
2025-03-28 05:45:53,791 - DEBUG - Updating: files
2025-03-28 05:45:53,791 - DEBUG - Widget blur: <asciimatics.widgets.listbox.ListBox object at 0xffff84ff09d0>
2025-03-28 05:45:53,791 - DEBUG - Blur: <asciimatics.widgets.layout.Layout object at 0xffff84ff73a0>
2025-03-28 05:45:53,791 - DEBUG - Widget blur: <asciimatics.widgets.listbox.ListBox object at 0xffff84ff09d0>
2025-03-28 05:45:53,791 - DEBUG - Updating: None
2025-03-28 05:45:53,791 - DEBUG - Updating: None
2025-03-28 05:45:53,791 - DEBUG - Updating: None
2025-03-28 05:45:53,791 - DEBUG - Updating: None
2025-03-28 05:45:53,791 - DEBUG - Widget blur: <asciimatics.widgets.button.Button object at 0xffff8501c3c0>
2025-03-28 05:45:53,791 - DEBUG - Widget blur: <asciimatics.widgets.button.Button object at 0xffff8501c4a0>
2025-03-28 05:45:53,791 - DEBUG - Widget blur: <asciimatics.widgets.button.Button object at 0xffff8501c580>
2025-03-28 05:45:53,791 - DEBUG - Widget blur: <asciimatics.widgets.button.Button object at 0xffff8501c660>
2025-03-28 05:45:53,791 - DEBUG - Blur: <asciimatics.widgets.layout.Layout object at 0xffff84ff7400>
2025-03-28 05:45:53,791 - DEBUG - Updating: None
2025-03-28 05:45:53,791 - DEBUG - Widget blur: <asciimatics.widgets.label.Label object at 0xffff84ffb850>
2025-03-28 05:45:53,791 - DEBUG - Blur: <asciimatics.widgets.layout.Layout object at 0xffff84ff7340>
2025-03-28 05:45:53,791 - DEBUG - Focus: <asciimatics.widgets.layout.Layout object at 0xffff84ff73a0>
2025-03-28 05:45:53,791 - DEBUG - Widget focus: <asciimatics.widgets.listbox.ListBox object at 0xffff84ff09d0>
2025-03-28 05:45:54,218 - DEBUG - New event: MouseEvent (31, 8) 1
2025-03-28 05:45:54,219 - DEBUG - Blurring: [<__main__.MainView object at 0xffff85029310>]
2025-03-28 05:45:54,219 - DEBUG - Layout event: <asciimatics.widgets.layout.Layout object at 0xffff84ff73a0> MouseEvent (31, 8) 1
2025-03-28 05:45:54,219 - DEBUG - Widget: <asciimatics.widgets.listbox.ListBox object at 0xffff84ff09d0> (1, 1) (70, 14)
2025-03-28 05:45:54,219 - DEBUG - Current widget left event: None
2025-03-28 05:45:55,021 - DEBUG - New event: MouseEvent (24, 15) 1
2025-03-28 05:45:55,022 - DEBUG - Blurring: [<__main__.MainView object at 0xffff85029310>]
2025-03-28 05:45:55,022 - DEBUG - Layout event: <asciimatics.widgets.layout.Layout object at 0xffff84ff73a0> MouseEvent (24, 15) 1
2025-03-28 05:45:55,022 - DEBUG - Widget: <asciimatics.widgets.listbox.ListBox object at 0xffff84ff09d0> (1, 1) (70, 14)
2025-03-28 05:45:55,022 - DEBUG - Check layout: 24, 15
2025-03-28 05:45:55,022 - DEBUG - Widget: <asciimatics.widgets.listbox.ListBox object at 0xffff84ff09d0> (1, 1) (70, 14)
2025-03-28 05:45:55,022 - DEBUG - Current widget left event: MouseEvent (24, 15) 1
2025-03-28 05:45:55,022 - DEBUG - Layout event: <asciimatics.widgets.layout.Layout object at 0xffff84ff73a0> MouseEvent (24, 15) 1
2025-03-28 05:45:55,022 - DEBUG - Widget: <asciimatics.widgets.listbox.ListBox object at 0xffff84ff09d0> (1, 1) (70, 14)
2025-03-28 05:45:55,022 - DEBUG - Check layout: 24, 15
2025-03-28 05:45:55,022 - DEBUG - Widget: <asciimatics.widgets.listbox.ListBox object at 0xffff84ff09d0> (1, 1) (70, 14)
2025-03-28 05:45:55,022 - DEBUG - Layout event: <asciimatics.widgets.layout.Layout object at 0xffff84ff7400> MouseEvent (24, 15) 1
2025-03-28 05:45:55,023 - DEBUG - Check layout: 24, 15
2025-03-28 05:45:55,023 - DEBUG - Widget: <asciimatics.widgets.button.Button object at 0xffff8501c3c0> (4, 15) (10, 1)
2025-03-28 05:45:55,025 - DEBUG - Widget: <asciimatics.widgets.button.Button object at 0xffff8501c4a0> (22, 15) (8, 1)
2025-03-28 05:45:55,025 - DEBUG - Blur: <asciimatics.widgets.layout.Layout object at 0xffff84ff73a0>
2025-03-28 05:45:55,025 - DEBUG - Widget blur: <asciimatics.widgets.listbox.ListBox object at 0xffff84ff09d0>
2025-03-28 05:45:55,026 - DEBUG - Focus: <asciimatics.widgets.layout.Layout object at 0xffff84ff7400>
2025-03-28 05:45:55,026 - DEBUG - Widget focus: <asciimatics.widgets.button.Button object at 0xffff8501c4a0>
2025-03-28 05:45:55,026 - DEBUG - Widget: <asciimatics.widgets.button.Button object at 0xffff8501c4a0> (22, 15) (8, 1)
2025-03-28 05:45:55,026 - DEBUG - Updating: filename
2025-03-28 05:45:55,026 - DEBUG - Updating: contact_name
2025-03-28 05:45:55,026 - DEBUG - Updating: birthday
2025-03-28 05:45:55,026 - DEBUG - Updating: anniversary
2025-03-28 05:45:55,026 - DEBUG - Updating: other_props
2025-03-28 05:45:55,026 - DEBUG - Updating: None
2025-03-28 05:45:55,026 - DEBUG - Updating: None
2025-03-28 05:45:55,026 - DEBUG - Updating: None
2025-03-28 05:45:55,026 - DEBUG - Updating: None
2025-03-28 05:45:55,027 - DEBUG - Updating: filename
2025-03-28 05:45:55,027 - DEBUG - Updating: contact_name
2025-03-28 05:45:55,027 - DEBUG - Updating: birthday
2025-03-28 05:45:55,027 - DEBUG - Updating: anniversary
2025-03-28 05:45:55,027 - DEBUG - Updating: other_props
2025-03-28 05:45:55,027 - DEBUG - Updating: None
2025-03-28 05:45:55,027 - DEBUG - Widget blur: <asciimatics.widgets.text.Text object at 0xffff85543790>
2025-03-28 05:45:55,027 - DEBUG - Widget blur: <asciimatics.widgets.text.Text object at 0xffff85543880>
2025-03-28 05:45:55,027 - DEBUG - Widget blur: <asciimatics.widgets.text.Text object at 0xffff85543970>
2025-03-28 05:45:55,027 - DEBUG - Widget blur: <asciimatics.widgets.text.Text object at 0xffff85543a60>
2025-03-28 05:45:55,027 - DEBUG - Widget blur: <asciimatics.widgets.text.Text object at 0xffff85543b50>
2025-03-28 05:45:55,027 - DEBUG - Widget blur: <asciimatics.widgets.label.Label object at 0xffff84ffb920>
2025-03-28 05:45:55,027 - DEBUG - Blur: <asciimatics.widgets.layout.Layout object at 0xffff84ff7520>
2025-03-28 05:45:55,027 - DEBUG - Updating: None
2025-03-28 05:45:55,027 - DEBUG - Updating: None
2025-03-28 05:45:55,027 - DEBUG - Widget blur: <asciimatics.widgets.button.Button object at 0xffff8501c740>
2025-03-28 05:45:55,027 - DEBUG - Widget blur: <asciimatics.widgets.button.Button object at 0xffff8501c820>
2025-03-28 05:45:55,027 - DEBUG - Blur: <asciimatics.widgets.layout.Layout object at 0xffff84ff7580>
2025-03-28 05:45:55,027 - DEBUG - Widget blur: <asciimatics.widgets.button.Button object at 0xffff8501c740>
2025-03-28 05:45:55,027 - DEBUG - Updating: None
2025-03-28 05:45:55,027 - DEBUG - Widget blur: <asciimatics.widgets.label.Label object at 0xffff84ffb9f0>
2025-03-28 05:45:55,027 - DEBUG - Blur: <asciimatics.widgets.layout.Layout object at 0xffff84ff7460>
2025-03-28 05:45:55,027 - DEBUG - Focus: <asciimatics.widgets.layout.Layout object at 0xffff84ff7520>
2025-03-28 05:45:55,027 - DEBUG - Widget focus: <asciimatics.widgets.text.Text object at 0xffff85543790>
2025-03-28 05:45:56,147 - DEBUG - New event: MouseEvent (34, 8) 1
2025-03-28 05:45:56,148 - DEBUG - Blurring: [<__main__.DetailsView object at 0xffff85ebcd10>]
2025-03-28 05:45:56,149 - DEBUG - Layout event: <asciimatics.widgets.layout.Layout object at 0xffff84ff7520> MouseEvent (34, 8) 1
2025-03-28 05:45:56,149 - DEBUG - Widget: <asciimatics.widgets.text.Text object at 0xffff85543790> (4, 1) (63, 1)
2025-03-28 05:45:56,149 - DEBUG - Check layout: 34, 8
2025-03-28 05:45:56,149 - DEBUG - Widget: <asciimatics.widgets.text.Text object at 0xffff85543790> (4, 1) (63, 1)
2025-03-28 05:45:56,149 - DEBUG - Widget: <asciimatics.widgets.text.Text object at 0xffff85543880> (4, 2) (63, 1)
2025-03-28 05:45:56,149 - DEBUG - Widget: <asciimatics.widgets.text.Text object at 0xffff85543970> (4, 3) (63, 1)
2025-03-28 05:45:56,149 - DEBUG - Widget: <asciimatics.widgets.text.Text object at 0xffff85543a60> (4, 4) (63, 1)
2025-03-28 05:45:56,150 - DEBUG - Widget: <asciimatics.widgets.text.Text object at 0xffff85543b50> (4, 5) (63, 1)
2025-03-28 05:45:56,150 - DEBUG - Widget: <asciimatics.widgets.label.Label object at 0xffff84ffb920> (4, 6) (63, 1)
2025-03-28 05:45:56,150 - DEBUG - Current widget left event: MouseEvent (34, 8) 1
2025-03-28 05:45:56,150 - DEBUG - Layout event: <asciimatics.widgets.layout.Layout object at 0xffff84ff7520> MouseEvent (34, 8) 1
2025-03-28 05:45:56,150 - DEBUG - Widget: <asciimatics.widgets.text.Text object at 0xffff85543790> (4, 1) (63, 1)
2025-03-28 05:45:56,150 - DEBUG - Check layout: 34, 8
2025-03-28 05:45:56,150 - DEBUG - Widget: <asciimatics.widgets.text.Text object at 0xffff85543790> (4, 1) (63, 1)
2025-03-28 05:45:56,150 - DEBUG - Widget: <asciimatics.widgets.text.Text object at 0xffff85543880> (4, 2) (63, 1)
2025-03-28 05:45:56,150 - DEBUG - Widget: <asciimatics.widgets.text.Text object at 0xffff85543970> (4, 3) (63, 1)
2025-03-28 05:45:56,150 - DEBUG - Widget: <asciimatics.widgets.text.Text object at 0xffff85543a60> (4, 4) (63, 1)
2025-03-28 05:45:56,150 - DEBUG - Widget: <asciimatics.widgets.text.Text object at 0xffff85543b50> (4, 5) (63, 1)
2025-03-28 05:45:56,150 - DEBUG - Widget: <asciimatics.widgets.label.Label object at 0xffff84ffb920> (4, 6) (63, 1)
2025-03-28 05:45:56,150 - DEBUG - Layout event: <asciimatics.widgets.layout.Layout object at 0xffff84ff7580> MouseEvent (34, 8) 1
2025-03-28 05:45:56,150 - DEBUG - Check layout: 34, 8
2025-03-28 05:45:56,150 - DEBUG - Widget: <asciimatics.widgets.button.Button object at 0xffff8501c740> (32, 7) (6, 1)
2025-03-28 05:45:56,150 - DEBUG - Widget: <asciimatics.widgets.button.Button object at 0xffff8501c820> (30, 8) (10, 1)
2025-03-28 05:45:56,150 - DEBUG - Blur: <asciimatics.widgets.layout.Layout object at 0xffff84ff7520>
2025-03-28 05:45:56,150 - DEBUG - Widget blur: <asciimatics.widgets.text.Text object at 0xffff85543790>
2025-03-28 05:45:56,150 - DEBUG - Focus: <asciimatics.widgets.layout.Layout object at 0xffff84ff7580>
2025-03-28 05:45:56,150 - DEBUG - Widget focus: <asciimatics.widgets.button.Button object at 0xffff8501c820>
2025-03-28 05:45:56,150 - DEBUG - Widget: <asciimatics.widgets.button.Button object at 0xffff8501c820> (30, 8) (10, 1)
2025-03-28 05:45:56,151 - DEBUG - Updating: files
2025-03-28 05:45:56,151 - DEBUG - Updating: None
2025-03-28 05:45:56,151 - DEBUG - Updating: None
2025-03-28 05:45:56,151 - DEBUG - Updating: None
2025-03-28 05:45:56,151 - DEBUG - Updating: None
2025-03-28 05:45:56,151 - DEBUG - Updating: None
2025-03-28 05:45:56,152 - DEBUG - Updating: files
2025-03-28 05:45:56,152 - DEBUG - Widget blur: <asciimatics.widgets.listbox.ListBox object at 0xffff84ff09d0>
2025-03-28 05:45:56,152 - DEBUG - Blur: <asciimatics.widgets.layout.Layout object at 0xffff84ff73a0>
2025-03-28 05:45:56,152 - DEBUG - Updating: None
2025-03-28 05:45:56,152 - DEBUG - Updating: None
2025-03-28 05:45:56,152 - DEBUG - Updating: None
2025-03-28 05:45:56,152 - DEBUG - Updating: None
2025-03-28 05:45:56,152 - DEBUG - Widget blur: <asciimatics.widgets.button.Button object at 0xffff8501c3c0>
2025-03-28 05:45:56,152 - DEBUG - Widget blur: <asciimatics.widgets.button.Button object at 0xffff8501c4a0>
2025-03-28 05:45:56,152 - DEBUG - Widget blur: <asciimatics.widgets.button.Button object at 0xffff8501c580>
2025-03-28 05:45:56,152 - DEBUG - Widget blur: <asciimatics.widgets.button.Button object at 0xffff8501c660>
2025-03-28 05:45:56,152 - DEBUG - Blur: <asciimatics.widgets.layout.Layout object at 0xffff84ff7400>
2025-03-28 05:45:56,152 - DEBUG - Widget blur: <asciimatics.widgets.button.Button object at 0xffff8501c4a0>
2025-03-28 05:45:56,152 - DEBUG - Updating: None
2025-03-28 05:45:56,152 - DEBUG - Widget blur: <asciimatics.widgets.label.Label object at 0xffff84ffb850>
2025-03-28 05:45:56,152 - DEBUG - Blur: <asciimatics.widgets.layout.Layout object at 0xffff84ff7340>
2025-03-28 05:45:56,152 - DEBUG - Focus: <asciimatics.widgets.layout.Layout object at 0xffff84ff73a0>
2025-03-28 05:45:56,152 - DEBUG - Widget focus: <asciimatics.widgets.listbox.ListBox object at 0xffff84ff09d0>
