2025-03-28 12:25:37,488 - INFO - Refreshing card cache
2025-03-28 12:25:37,488 - INFO - Scanning directory: /home/socs/assign1/assign2/assign3/bin/cards
2025-03-28 12:25:37,488 - INFO - All files in directory: ['testCardN-compVal.vcf', 'testCardProps-ParamsVals.vcf', 'testCardProps-Groups.vcf', 'testCard-TruncBday.vcf', 'testCardProp-Param.vcf', 'testCardInvEndings.vcf', 'testCardNoEnd.vcf', 'testCardProp-simpleVal.vcf', 'testCard-SimpleFold2.vcf', 'testCardMin.vcf', 'mmmm.vcf', 'testCard-Ann.vcf', 'testCardProps-Params.vcf', 'testCardGroup.vcf', 'testCardNoVersion.vcf', 'testCard-BdayTime.vcf', 'testCardProps-simpleVal.vcf', 'testCard-BdayText.vcf', 'testCardProp-ParamsVals.vcf', 'testCard-bothDT.vcf', 'testCard.vcf', 'testCardProps-compVal.vcf', 'testCard-SimpleFold1.vcf', 'testCard-MoreFold.vcf', 'testCard-AnnUTC.vcf']
2025-03-28 12:25:37,488 - INFO - Found vCard file: testCardN-compVal.vcf
2025-03-28 12:25:37,488 - INFO - File details for testCardN-compVal.vcf:
2025-03-28 12:25:37,488 - INFO -   Size: 92 bytes
2025-03-28 12:25:37,488 - INFO -   Permissions: 0o100644
2025-03-28 12:25:37,489 - INFO -   Modified: 2025-03-28 12:15:33.366049
2025-03-28 12:25:37,489 - INFO - Processing card: testCardN-compVal.vcf
2025-03-28 12:25:37,489 - INFO - File contents of testCardN-compVal.vcf:
BEGIN:VCARD
VERSION:4.0
FN:Simon Perreault
N:Perreault;Simon;;;ing. jr,M.Sc.
END:VCARD

2025-03-28 12:25:37,489 - INFO - Successfully created card for testCardN-compVal.vcf
2025-03-28 12:25:37,489 - INFO - Successfully validated card for testCardN-compVal.vcf
2025-03-28 12:25:37,489 - INFO - Successfully cached valid card: testCardN-compVal.vcf
2025-03-28 12:25:37,489 - INFO - Found vCard file: testCardProps-ParamsVals.vcf
2025-03-28 12:25:37,489 - INFO - File details for testCardProps-ParamsVals.vcf:
2025-03-28 12:25:37,489 - INFO -   Size: 565 bytes
2025-03-28 12:25:37,489 - INFO -   Permissions: 0o100644
2025-03-28 12:25:37,489 - INFO -   Modified: 2025-03-28 12:15:32.855049
2025-03-28 12:25:37,489 - INFO - Processing card: testCardProps-ParamsVals.vcf
2025-03-28 12:25:37,489 - INFO - File contents of testCardProps-ParamsVals.vcf:
BEGIN:VCARD
VERSION:4.0
FN:Simon Perreault
N:Perreault;Simon;;;ing. jr,M.Sc.
GENDER:M
LANG;PREF=1:fr
LANG;PREF=2:en
ORG;TYPE=work:Viagenie
ADR;TYPE=work:;Suite D2-630;2875 Laurier;Quebec;QC;G1V 2M2;Canada
TEL;VALUE=uri;TYPE="work,voice";PREF=1:tel:+1-418-656-9254;ext=102
TEL;VALUE=uri;TYPE="work,cell,voice,video,text":tel:+1-418-262-6501
EMAIL;TYPE=work:simon.perreault@viagenie.ca
GEO;TYPE=work:geo:46.772673,-71.282945
KEY;TYPE=work;VALUE=uri:http://www.viagenie.ca/simon.perreault/simon.asc
TZ:-0500
URL;TYPE=home:http://nomis80.org
END:VCARD

2025-03-28 12:25:37,489 - INFO - Successfully created card for testCardProps-ParamsVals.vcf
2025-03-28 12:25:37,489 - ERROR - Card validation failed for testCardProps-ParamsVals.vcf: Invalid property (code 3)
2025-03-28 12:25:37,489 - INFO - Found vCard file: testCardProps-Groups.vcf
2025-03-28 12:25:37,489 - INFO - File details for testCardProps-Groups.vcf:
2025-03-28 12:25:37,489 - INFO -   Size: 268 bytes
2025-03-28 12:25:37,489 - INFO -   Permissions: 0o100644
2025-03-28 12:25:37,489 - INFO -   Modified: 2025-03-28 12:15:34.011049
2025-03-28 12:25:37,489 - INFO - Processing card: testCardProps-Groups.vcf
2025-03-28 12:25:37,489 - INFO - File contents of testCardProps-Groups.vcf:
BEGIN:VCARD
VERSION:4.0
FN:Simon Perreault
GENDER:M
LangPrefs.LANG;PREF=1:fr
LangPrefs.LANG;PREF=2:en
Phone.TEL;VALUE=uri;TYPE="work,cell,voice,video,text":tel:+1-418-262-6501
Phone.TEL;VALUE=uri;TYPE="work,voice";PREF=1:tel:+1-418-656-9254;ext=102
END:VCARD

2025-03-28 12:25:37,489 - INFO - Successfully created card for testCardProps-Groups.vcf
2025-03-28 12:25:37,489 - INFO - Successfully validated card for testCardProps-Groups.vcf
2025-03-28 12:25:37,489 - INFO - Successfully cached valid card: testCardProps-Groups.vcf
2025-03-28 12:25:37,489 - INFO - Found vCard file: testCard-TruncBday.vcf
2025-03-28 12:25:37,489 - INFO - File details for testCard-TruncBday.vcf:
2025-03-28 12:25:37,489 - INFO -   Size: 70 bytes
2025-03-28 12:25:37,489 - INFO -   Permissions: 0o100644
2025-03-28 12:25:37,489 - INFO -   Modified: 2025-03-28 12:15:33.882049
2025-03-28 12:25:37,490 - INFO - Processing card: testCard-TruncBday.vcf
2025-03-28 12:25:37,490 - INFO - File contents of testCard-TruncBday.vcf:
BEGIN:VCARD
VERSION:4.0
FN:Simon Perreault
BDAY:--0203
END:VCARD

2025-03-28 12:25:37,490 - INFO - Successfully created card for testCard-TruncBday.vcf
2025-03-28 12:25:37,490 - ERROR - Card validation failed for testCard-TruncBday.vcf: Invalid date/time (code 4)
2025-03-28 12:25:37,490 - INFO - Found vCard file: testCardProp-Param.vcf
2025-03-28 12:25:37,490 - INFO - File details for testCardProp-Param.vcf:
2025-03-28 12:25:37,490 - INFO -   Size: 83 bytes
2025-03-28 12:25:37,490 - INFO -   Permissions: 0o100644
2025-03-28 12:25:37,490 - INFO -   Modified: 2025-03-28 12:15:33.316049
2025-03-28 12:25:37,490 - INFO - Processing card: testCardProp-Param.vcf
2025-03-28 12:25:37,490 - INFO - File contents of testCardProp-Param.vcf:
BEGIN:VCARD
VERSION:4.0
FN:Simon Perreault
GENDER:M
LANG;PREF=1:fr
END:VCARD

2025-03-28 12:25:37,490 - INFO - Successfully created card for testCardProp-Param.vcf
2025-03-28 12:25:37,490 - INFO - Successfully validated card for testCardProp-Param.vcf
2025-03-28 12:25:37,490 - INFO - Successfully cached valid card: testCardProp-Param.vcf
2025-03-28 12:25:37,490 - INFO - Found vCard file: testCardInvEndings.vcf
2025-03-28 12:25:37,490 - INFO - File details for testCardInvEndings.vcf:
2025-03-28 12:25:37,490 - INFO -   Size: 53 bytes
2025-03-28 12:25:37,490 - INFO -   Permissions: 0o100644
2025-03-28 12:25:37,490 - INFO -   Modified: 2025-03-28 12:15:51.528049
2025-03-28 12:25:37,490 - INFO - Processing card: testCardInvEndings.vcf
2025-03-28 12:25:37,490 - INFO - File contents of testCardInvEndings.vcf:
BEGIN:VCARD
VERSION:4.0
FN:Simon Perreault
END:VCARD

2025-03-28 12:25:37,490 - ERROR - Failed to create card testCardInvEndings.vcf: Invalid card format (code 2)
2025-03-28 12:25:37,490 - INFO - Found vCard file: testCardNoEnd.vcf
2025-03-28 12:25:37,490 - INFO - File details for testCardNoEnd.vcf:
2025-03-28 12:25:37,490 - INFO -   Size: 46 bytes
2025-03-28 12:25:37,490 - INFO -   Permissions: 0o100644
2025-03-28 12:25:37,490 - INFO -   Modified: 2025-03-28 12:15:51.468049
2025-03-28 12:25:37,490 - INFO - Processing card: testCardNoEnd.vcf
2025-03-28 12:25:37,490 - INFO - File contents of testCardNoEnd.vcf:
BEGIN:VCARD
VERSION:4.0
FN:Simon Perreault

2025-03-28 12:25:37,490 - ERROR - Failed to create card testCardNoEnd.vcf: Invalid card format (code 2)
2025-03-28 12:25:37,490 - INFO - Found vCard file: testCardProp-simpleVal.vcf
2025-03-28 12:25:37,490 - INFO - File details for testCardProp-simpleVal.vcf:
2025-03-28 12:25:37,490 - INFO -   Size: 67 bytes
2025-03-28 12:25:37,490 - INFO -   Permissions: 0o100644
2025-03-28 12:25:37,490 - INFO -   Modified: 2025-03-28 12:15:34.107049
2025-03-28 12:25:37,490 - INFO - Processing card: testCardProp-simpleVal.vcf
2025-03-28 12:25:37,490 - INFO - File contents of testCardProp-simpleVal.vcf:
BEGIN:VCARD
VERSION:4.0
FN:Simon Perreault
GENDER:M
END:VCARD

2025-03-28 12:25:37,490 - INFO - Successfully created card for testCardProp-simpleVal.vcf
2025-03-28 12:25:37,490 - INFO - Successfully validated card for testCardProp-simpleVal.vcf
2025-03-28 12:25:37,490 - INFO - Successfully cached valid card: testCardProp-simpleVal.vcf
2025-03-28 12:25:37,490 - INFO - Found vCard file: testCard-SimpleFold2.vcf
2025-03-28 12:25:37,490 - INFO - File details for testCard-SimpleFold2.vcf:
2025-03-28 12:25:37,490 - INFO -   Size: 60 bytes
2025-03-28 12:25:37,490 - INFO -   Permissions: 0o100644
2025-03-28 12:25:37,490 - INFO -   Modified: 2025-03-28 12:15:33.214049
2025-03-28 12:25:37,490 - INFO - Processing card: testCard-SimpleFold2.vcf
2025-03-28 12:25:37,490 - INFO - File contents of testCard-SimpleFold2.vcf:
BEGIN:VCARD
VERSION:4.0
FN:Simon
  Perreault
END:VCARD

2025-03-28 12:25:37,490 - INFO - Successfully created card for testCard-SimpleFold2.vcf
2025-03-28 12:25:37,490 - INFO - Successfully validated card for testCard-SimpleFold2.vcf
2025-03-28 12:25:37,490 - INFO - Successfully cached valid card: testCard-SimpleFold2.vcf
2025-03-28 12:25:37,490 - INFO - Found vCard file: testCardMin.vcf
2025-03-28 12:25:37,490 - INFO - File details for testCardMin.vcf:
2025-03-28 12:25:37,490 - INFO -   Size: 57 bytes
2025-03-28 12:25:37,490 - INFO -   Permissions: 0o100644
2025-03-28 12:25:37,490 - INFO -   Modified: 2025-03-28 12:15:33.562049
2025-03-28 12:25:37,490 - INFO - Processing card: testCardMin.vcf
2025-03-28 12:25:37,490 - INFO - File contents of testCardMin.vcf:
BEGIN:VCARD
VERSION:4.0
FN:Simon Perreault
END:VCARD

2025-03-28 12:25:37,490 - INFO - Successfully created card for testCardMin.vcf
2025-03-28 12:25:37,490 - INFO - Successfully validated card for testCardMin.vcf
2025-03-28 12:25:37,490 - INFO - Successfully cached valid card: testCardMin.vcf
2025-03-28 12:25:37,490 - INFO - Found vCard file: mmmm.vcf
2025-03-28 12:25:37,490 - INFO - File details for mmmm.vcf:
2025-03-28 12:25:37,490 - INFO -   Size: 46 bytes
2025-03-28 12:25:37,490 - INFO -   Permissions: 0o100644
2025-03-28 12:25:37,490 - INFO -   Modified: 2025-03-28 12:18:48.658144
2025-03-28 12:25:37,490 - INFO - Processing card: mmmm.vcf
2025-03-28 12:25:37,490 - INFO - File contents of mmmm.vcf:
BEGIN:VCARD
VERSION:4.0
FN:mani
END:VCARD

2025-03-28 12:25:37,490 - INFO - Successfully created card for mmmm.vcf
2025-03-28 12:25:37,490 - INFO - Successfully validated card for mmmm.vcf
2025-03-28 12:25:37,490 - INFO - Successfully cached valid card: mmmm.vcf
2025-03-28 12:25:37,490 - INFO - Found vCard file: testCard-Ann.vcf
2025-03-28 12:25:37,490 - INFO - File details for testCard-Ann.vcf:
2025-03-28 12:25:37,490 - INFO -   Size: 86 bytes
2025-03-28 12:25:37,490 - INFO -   Permissions: 0o100644
2025-03-28 12:25:37,490 - INFO -   Modified: 2025-03-28 12:15:32.944049
2025-03-28 12:25:37,490 - INFO - Processing card: testCard-Ann.vcf
2025-03-28 12:25:37,490 - INFO - File contents of testCard-Ann.vcf:
BEGIN:VCARD
VERSION:4.0
FN:Simon Perreault
ANNIVERSARY:20090808T143000
END:VCARD

2025-03-28 12:25:37,490 - INFO - Successfully created card for testCard-Ann.vcf
2025-03-28 12:25:37,490 - INFO - Successfully validated card for testCard-Ann.vcf
2025-03-28 12:25:37,490 - INFO - Successfully cached valid card: testCard-Ann.vcf
2025-03-28 12:25:37,490 - INFO - Found vCard file: testCardProps-Params.vcf
2025-03-28 12:25:37,490 - INFO - File details for testCardProps-Params.vcf:
2025-03-28 12:25:37,490 - INFO -   Size: 202 bytes
2025-03-28 12:25:37,490 - INFO -   Permissions: 0o100644
2025-03-28 12:25:37,490 - INFO -   Modified: 2025-03-28 12:15:32.591049
2025-03-28 12:25:37,490 - INFO - Processing card: testCardProps-Params.vcf
2025-03-28 12:25:37,491 - INFO - File contents of testCardProps-Params.vcf:
BEGIN:VCARD
VERSION:4.0
FN:Simon Perreault
GENDER:M
LANG;PREF=1:fr
LANG;PREF=2:en
TEL;VALUE=uri;TYPE="work,cell,voice,video,text":tel:+1-418-262-6501
URL;TYPE=home:http://nomis80.org
END:VCARD

2025-03-28 12:25:37,491 - INFO - Successfully created card for testCardProps-Params.vcf
2025-03-28 12:25:37,491 - INFO - Successfully validated card for testCardProps-Params.vcf
2025-03-28 12:25:37,491 - INFO - Successfully cached valid card: testCardProps-Params.vcf
2025-03-28 12:25:37,491 - INFO - Found vCard file: testCardGroup.vcf
2025-03-28 12:25:37,491 - INFO - File details for testCardGroup.vcf:
2025-03-28 12:25:37,491 - INFO -   Size: 879 bytes
2025-03-28 12:25:37,491 - INFO -   Permissions: 0o100644
2025-03-28 12:25:37,491 - INFO -   Modified: 2025-03-28 12:15:33.731049
2025-03-28 12:25:37,491 - INFO - Processing card: testCardGroup.vcf
2025-03-28 12:25:37,491 - INFO - File contents of testCardGroup.vcf:
BEGIN:VCARD
VERSION:4.0
N:Doe;John;;;
FN:John Doe
ORG:Example.com Inc.;
TITLE:Imaginary test person
EMAIL;type=INTERNET;type=WORK;type=pref:johnDoe@example.org
TEL;type=WORK;type=pref:+1 617 555 1212
TEL;type=CELL:+1 781 555 1212
TEL;type=HOME:+1 202 555 1212
TEL;type=WORK:+1 (617) 555-1234
item1.ADR;type=WORK:;;2 Example Avenue;Anytown;NY;01111;USA
item1.X-ABADR:us
item2.ADR;type=HOME;type=pref:;;3 Acacia Avenue;Newtown;MA;02222;USA
item2.X-ABADR:us
NOTE:John Doe has a long and varied history
 , being documented on more police files that anyone else. Reports of his death are alas numerous.
item3.URL;type=pref:http://www.example/com/doe
item3.X-ABLabel:_$!<HomePage>!$_
item4.URL:http://www.example.com/Joe/foaf.df
item4.X-ABLabel:FOAF
item5.X-ABRELATEDNAMES;type=pref:Jane Doe
item5.X-ABLabel:_$!<Friend>!$_
CATEGORIES:Work,Test group
END:VCARD

2025-03-28 12:25:37,491 - INFO - Successfully created card for testCardGroup.vcf
2025-03-28 12:25:37,491 - ERROR - Card validation failed for testCardGroup.vcf: Invalid property (code 3)
2025-03-28 12:25:37,491 - INFO - Found vCard file: testCardNoVersion.vcf
2025-03-28 12:25:37,491 - INFO - File details for testCardNoVersion.vcf:
2025-03-28 12:25:37,491 - INFO -   Size: 44 bytes
2025-03-28 12:25:37,491 - INFO -   Permissions: 0o100644
2025-03-28 12:25:37,491 - INFO -   Modified: 2025-03-28 12:15:51.625049
2025-03-28 12:25:37,491 - INFO - Processing card: testCardNoVersion.vcf
2025-03-28 12:25:37,491 - INFO - File contents of testCardNoVersion.vcf:
BEGIN:VCARD
FN:Simon Perreault
END:VCARD

2025-03-28 12:25:37,491 - ERROR - Failed to create card testCardNoVersion.vcf: Invalid card format (code 2)
2025-03-28 12:25:37,491 - INFO - Found vCard file: testCard-BdayTime.vcf
2025-03-28 12:25:37,491 - INFO - File details for testCard-BdayTime.vcf:
2025-03-28 12:25:37,491 - INFO -   Size: 71 bytes
2025-03-28 12:25:37,491 - INFO -   Permissions: 0o100644
2025-03-28 12:25:37,491 - INFO -   Modified: 2025-03-28 12:15:32.684049
2025-03-28 12:25:37,491 - INFO - Processing card: testCard-BdayTime.vcf
2025-03-28 12:25:37,491 - INFO - File contents of testCard-BdayTime.vcf:
BEGIN:VCARD
VERSION:4.0
FN:Simon Perreault
BDAY:T143000
END:VCARD

2025-03-28 12:25:37,491 - INFO - Successfully created card for testCard-BdayTime.vcf
2025-03-28 12:25:37,491 - INFO - Successfully validated card for testCard-BdayTime.vcf
2025-03-28 12:25:37,491 - INFO - Successfully cached valid card: testCard-BdayTime.vcf
2025-03-28 12:25:37,491 - INFO - Found vCard file: testCardProps-simpleVal.vcf
2025-03-28 12:25:37,491 - INFO - File details for testCardProps-simpleVal.vcf:
2025-03-28 12:25:37,491 - INFO -   Size: 81 bytes
2025-03-28 12:25:37,491 - INFO -   Permissions: 0o100644
2025-03-28 12:25:37,491 - INFO -   Modified: 2025-03-28 12:15:33.163049
2025-03-28 12:25:37,491 - INFO - Processing card: testCardProps-simpleVal.vcf
2025-03-28 12:25:37,491 - INFO - File contents of testCardProps-simpleVal.vcf:
BEGIN:VCARD
VERSION:4.0
FN:Simon Perreault
GENDER:M
ORG:Viagenie
END:VCARD

2025-03-28 12:25:37,491 - INFO - Successfully created card for testCardProps-simpleVal.vcf
2025-03-28 12:25:37,491 - INFO - Successfully validated card for testCardProps-simpleVal.vcf
2025-03-28 12:25:37,491 - INFO - Successfully cached valid card: testCardProps-simpleVal.vcf
2025-03-28 12:25:37,491 - INFO - Found vCard file: testCard-BdayText.vcf
2025-03-28 12:25:37,491 - INFO - File details for testCard-BdayText.vcf:
2025-03-28 12:25:37,491 - INFO -   Size: 85 bytes
2025-03-28 12:25:37,491 - INFO -   Permissions: 0o100644
2025-03-28 12:25:37,491 - INFO -   Modified: 2025-03-28 12:15:33.772049
2025-03-28 12:25:37,491 - INFO - Processing card: testCard-BdayText.vcf
2025-03-28 12:25:37,491 - INFO - File contents of testCard-BdayText.vcf:
BEGIN:VCARD
VERSION:4.0
FN:Simon Perreault
BDAY;VALUE=text:circa 1960
END:VCARD

2025-03-28 12:25:37,491 - INFO - Successfully created card for testCard-BdayText.vcf
2025-03-28 12:25:37,491 - INFO - Successfully validated card for testCard-BdayText.vcf
2025-03-28 12:25:37,491 - INFO - Successfully cached valid card: testCard-BdayText.vcf
2025-03-28 12:25:37,491 - INFO - Found vCard file: testCardProp-ParamsVals.vcf
2025-03-28 12:25:37,491 - INFO - File details for testCardProp-ParamsVals.vcf:
2025-03-28 12:25:37,491 - INFO -   Size: 125 bytes
2025-03-28 12:25:37,491 - INFO -   Permissions: 0o100644
2025-03-28 12:25:37,491 - INFO -   Modified: 2025-03-28 12:15:33.041049
2025-03-28 12:25:37,491 - INFO - Processing card: testCardProp-ParamsVals.vcf
2025-03-28 12:25:37,491 - INFO - File contents of testCardProp-ParamsVals.vcf:
BEGIN:VCARD
VERSION:4.0
FN:Simon Perreault
TEL;VALUE=uri;TYPE="work,voice";PREF=1:tel:+1-418-656-9254;ext=102
END:VCARD

2025-03-28 12:25:37,491 - INFO - Successfully created card for testCardProp-ParamsVals.vcf
2025-03-28 12:25:37,491 - INFO - Successfully validated card for testCardProp-ParamsVals.vcf
2025-03-28 12:25:37,491 - INFO - Successfully cached valid card: testCardProp-ParamsVals.vcf
2025-03-28 12:25:37,491 - INFO - Found vCard file: testCard-bothDT.vcf
2025-03-28 12:25:37,491 - INFO - File details for testCard-bothDT.vcf:
2025-03-28 12:25:37,491 - INFO -   Size: 108 bytes
2025-03-28 12:25:37,491 - INFO -   Permissions: 0o100644
2025-03-28 12:25:37,491 - INFO -   Modified: 2025-03-28 12:15:33.095049
2025-03-28 12:25:37,491 - INFO - Processing card: testCard-bothDT.vcf
2025-03-28 12:25:37,491 - INFO - File contents of testCard-bothDT.vcf:
BEGIN:VCARD
VERSION:4.0
FN:Simon Perreault
BDAY:19540203T123012
ANNIVERSARY:20090808T143000
END:VCARD

2025-03-28 12:25:37,491 - INFO - Successfully created card for testCard-bothDT.vcf
2025-03-28 12:25:37,491 - INFO - Successfully validated card for testCard-bothDT.vcf
2025-03-28 12:25:37,491 - INFO - Successfully cached valid card: testCard-bothDT.vcf
2025-03-28 12:25:37,491 - INFO - Found vCard file: testCard.vcf
2025-03-28 12:25:37,491 - INFO - File details for testCard.vcf:
2025-03-28 12:25:37,491 - INFO -   Size: 613 bytes
2025-03-28 12:25:37,491 - INFO -   Permissions: 0o100644
2025-03-28 12:25:37,491 - INFO -   Modified: 2025-03-28 12:15:33.945049
2025-03-28 12:25:37,491 - INFO - Processing card: testCard.vcf
2025-03-28 12:25:37,491 - INFO - File contents of testCard.vcf:
BEGIN:VCARD
VERSION:4.0
FN:Simon Perreault
N:Perreault;Simon;;;ing. jr,M.Sc.
BDAY:--0203
ANNIVERSARY:20090808T143000
GENDER:M
LANG;PREF=1:fr
LANG;PREF=2:en
ORG;TYPE=work:Viagenie
ADR;TYPE=work:;Suite D2-630;2875 Laurier;
 Quebec;QC;G1V 2M2;Canada
TEL;VALUE=uri;TYPE="work,voice";PREF=1:tel:+1-418-656-9254;ext=102
TEL;VALUE=uri;TYPE="work,cell,voice,video,text":tel:+1-418-262-6501
EMAIL;TYPE=work:simon.perreault@viagenie.ca
GEO;TYPE=work:geo:46.772673,-71.282945
KEY;TYPE=work;VALUE=uri:
 http://www.viagenie.ca/simon.perreault/simon.asc
TZ:-0500
URL;TYPE=home:http://nomis80.org
END:VCARD

2025-03-28 12:25:37,491 - INFO - Successfully created card for testCard.vcf
2025-03-28 12:25:37,491 - ERROR - Card validation failed for testCard.vcf: Invalid property (code 3)
2025-03-28 12:25:37,491 - INFO - Found vCard file: testCardProps-compVal.vcf
2025-03-28 12:25:37,491 - INFO - File details for testCardProps-compVal.vcf:
2025-03-28 12:25:37,491 - INFO -   Size: 179 bytes
2025-03-28 12:25:37,491 - INFO -   Permissions: 0o100644
2025-03-28 12:25:37,491 - INFO -   Modified: 2025-03-28 12:15:32.410049
2025-03-28 12:25:37,491 - INFO - Processing card: testCardProps-compVal.vcf
2025-03-28 12:25:37,492 - INFO - File contents of testCardProps-compVal.vcf:
BEGIN:VCARD
VERSION:4.0
FN:Simon Perreault
N:Perreault;Simon;;;ing. jr,M.Sc.
ADR:;Suite D2-630;2875 Laurier;Quebec;QC;G1V 2M2;Canada
GEO:geo:46.772673,-71.282945
END:VCARD

2025-03-28 12:25:37,492 - INFO - Successfully created card for testCardProps-compVal.vcf
2025-03-28 12:25:37,492 - INFO - Successfully validated card for testCardProps-compVal.vcf
2025-03-28 12:25:37,492 - INFO - Successfully cached valid card: testCardProps-compVal.vcf
2025-03-28 12:25:37,492 - INFO - Found vCard file: testCard-SimpleFold1.vcf
2025-03-28 12:25:37,492 - INFO - File details for testCard-SimpleFold1.vcf:
2025-03-28 12:25:37,492 - INFO -   Size: 60 bytes
2025-03-28 12:25:37,492 - INFO -   Permissions: 0o100644
2025-03-28 12:25:37,492 - INFO -   Modified: 2025-03-28 12:15:33.623049
2025-03-28 12:25:37,492 - INFO - Processing card: testCard-SimpleFold1.vcf
2025-03-28 12:25:37,492 - INFO - File contents of testCard-SimpleFold1.vcf:
BEGIN:VCARD
VERSION:4.0
FN:Sim
 on Perreault
END:VCARD

2025-03-28 12:25:37,492 - INFO - Successfully created card for testCard-SimpleFold1.vcf
2025-03-28 12:25:37,492 - INFO - Successfully validated card for testCard-SimpleFold1.vcf
2025-03-28 12:25:37,492 - INFO - Successfully cached valid card: testCard-SimpleFold1.vcf
2025-03-28 12:25:37,492 - INFO - Found vCard file: testCard-MoreFold.vcf
2025-03-28 12:25:37,492 - INFO - File details for testCard-MoreFold.vcf:
2025-03-28 12:25:37,492 - INFO -   Size: 204 bytes
2025-03-28 12:25:37,492 - INFO -   Permissions: 0o100644
2025-03-28 12:25:37,492 - INFO -   Modified: 2025-03-28 12:15:32.510049
2025-03-28 12:25:37,492 - INFO - Processing card: testCard-MoreFold.vcf
2025-03-28 12:25:37,492 - INFO - File contents of testCard-MoreFold.vcf:
BEGIN:VCARD
VERSION:4.0
FN:Simon Perreault
ADR;TYPE=work:;Suite D2-630;2875 Laurier;
 Quebec;QC;G1V 2M2;Canada
KEY;TYPE=work;VALUE=uri:
 http://www.viagenie.ca/simon.perreault/simon.asc
END:VCARD

2025-03-28 12:25:37,492 - INFO - Successfully created card for testCard-MoreFold.vcf
2025-03-28 12:25:37,492 - ERROR - Card validation failed for testCard-MoreFold.vcf: Invalid property (code 3)
2025-03-28 12:25:37,492 - INFO - Found vCard file: testCard-AnnUTC.vcf
2025-03-28 12:25:37,492 - INFO - File details for testCard-AnnUTC.vcf:
2025-03-28 12:25:37,492 - INFO -   Size: 87 bytes
2025-03-28 12:25:37,492 - INFO -   Permissions: 0o100644
2025-03-28 12:25:37,492 - INFO -   Modified: 2025-03-28 12:15:33.475049
2025-03-28 12:25:37,492 - INFO - Processing card: testCard-AnnUTC.vcf
2025-03-28 12:25:37,492 - INFO - File contents of testCard-AnnUTC.vcf:
BEGIN:VCARD
VERSION:4.0
FN:Simon Perreault
ANNIVERSARY:20090808T143000Z
END:VCARD

2025-03-28 12:25:37,492 - INFO - Successfully created card for testCard-AnnUTC.vcf
2025-03-28 12:25:37,492 - ERROR - Card validation failed for testCard-AnnUTC.vcf: Invalid date/time (code 4)
2025-03-28 12:25:37,492 - INFO - Current cache state:
2025-03-28 12:25:37,492 - INFO -   testCardN-compVal.vcf: last_modified=2025-03-28 12:15:33.366049
2025-03-28 12:25:37,492 - INFO -   testCardProps-Groups.vcf: last_modified=2025-03-28 12:15:34.011049
2025-03-28 12:25:37,492 - INFO -   testCardProp-Param.vcf: last_modified=2025-03-28 12:15:33.316049
2025-03-28 12:25:37,492 - INFO -   testCardProp-simpleVal.vcf: last_modified=2025-03-28 12:15:34.107049
2025-03-28 12:25:37,492 - INFO -   testCard-SimpleFold2.vcf: last_modified=2025-03-28 12:15:33.214049
2025-03-28 12:25:37,492 - INFO -   testCardMin.vcf: last_modified=2025-03-28 12:15:33.562049
2025-03-28 12:25:37,492 - INFO -   mmmm.vcf: last_modified=2025-03-28 12:18:48.658144
2025-03-28 12:25:37,492 - INFO -   testCard-Ann.vcf: last_modified=2025-03-28 12:15:32.944049
2025-03-28 12:25:37,492 - INFO -   testCardProps-Params.vcf: last_modified=2025-03-28 12:15:32.591049
2025-03-28 12:25:37,492 - INFO -   testCard-BdayTime.vcf: last_modified=2025-03-28 12:15:32.684049
2025-03-28 12:25:37,492 - INFO -   testCardProps-simpleVal.vcf: last_modified=2025-03-28 12:15:33.163049
2025-03-28 12:25:37,492 - INFO -   testCard-BdayText.vcf: last_modified=2025-03-28 12:15:33.772049
2025-03-28 12:25:37,492 - INFO -   testCardProp-ParamsVals.vcf: last_modified=2025-03-28 12:15:33.041049
2025-03-28 12:25:37,492 - INFO -   testCard-bothDT.vcf: last_modified=2025-03-28 12:15:33.095049
2025-03-28 12:25:37,492 - INFO -   testCardProps-compVal.vcf: last_modified=2025-03-28 12:15:32.410049
2025-03-28 12:25:37,492 - INFO -   testCard-SimpleFold1.vcf: last_modified=2025-03-28 12:15:33.623049
2025-03-28 12:25:37,492 - INFO - Card cache refresh complete. Valid cards: ['testCardN-compVal.vcf', 'testCardProps-Groups.vcf', 'testCardProp-Param.vcf', 'testCardProp-simpleVal.vcf', 'testCard-SimpleFold2.vcf', 'testCardMin.vcf', 'mmmm.vcf', 'testCard-Ann.vcf', 'testCardProps-Params.vcf', 'testCard-BdayTime.vcf', 'testCardProps-simpleVal.vcf', 'testCard-BdayText.vcf', 'testCardProp-ParamsVals.vcf', 'testCard-bothDT.vcf', 'testCardProps-compVal.vcf', 'testCard-SimpleFold1.vcf']
2025-03-28 12:25:37,495 - INFO - Refreshing card cache
2025-03-28 12:25:37,495 - INFO - Scanning directory: /home/socs/assign1/assign2/assign3/bin/cards
2025-03-28 12:25:37,496 - INFO - All files in directory: ['testCardN-compVal.vcf', 'testCardProps-ParamsVals.vcf', 'testCardProps-Groups.vcf', 'testCard-TruncBday.vcf', 'testCardProp-Param.vcf', 'testCardInvEndings.vcf', 'testCardNoEnd.vcf', 'testCardProp-simpleVal.vcf', 'testCard-SimpleFold2.vcf', 'testCardMin.vcf', 'mmmm.vcf', 'testCard-Ann.vcf', 'testCardProps-Params.vcf', 'testCardGroup.vcf', 'testCardNoVersion.vcf', 'testCard-BdayTime.vcf', 'testCardProps-simpleVal.vcf', 'testCard-BdayText.vcf', 'testCardProp-ParamsVals.vcf', 'testCard-bothDT.vcf', 'testCard.vcf', 'testCardProps-compVal.vcf', 'testCard-SimpleFold1.vcf', 'testCard-MoreFold.vcf', 'testCard-AnnUTC.vcf']
2025-03-28 12:25:37,496 - INFO - Found vCard file: testCardN-compVal.vcf
2025-03-28 12:25:37,496 - INFO - File details for testCardN-compVal.vcf:
2025-03-28 12:25:37,496 - INFO -   Size: 92 bytes
2025-03-28 12:25:37,496 - INFO -   Permissions: 0o100644
2025-03-28 12:25:37,496 - INFO -   Modified: 2025-03-28 12:15:33.366049
2025-03-28 12:25:37,496 - INFO - Card testCardN-compVal.vcf unchanged, using cached version
2025-03-28 12:25:37,496 - INFO - Found vCard file: testCardProps-ParamsVals.vcf
2025-03-28 12:25:37,496 - INFO - File details for testCardProps-ParamsVals.vcf:
2025-03-28 12:25:37,496 - INFO -   Size: 565 bytes
2025-03-28 12:25:37,496 - INFO -   Permissions: 0o100644
2025-03-28 12:25:37,496 - INFO -   Modified: 2025-03-28 12:15:32.855049
2025-03-28 12:25:37,496 - INFO - Processing card: testCardProps-ParamsVals.vcf
2025-03-28 12:25:37,496 - INFO - File contents of testCardProps-ParamsVals.vcf:
BEGIN:VCARD
VERSION:4.0
FN:Simon Perreault
N:Perreault;Simon;;;ing. jr,M.Sc.
GENDER:M
LANG;PREF=1:fr
LANG;PREF=2:en
ORG;TYPE=work:Viagenie
ADR;TYPE=work:;Suite D2-630;2875 Laurier;Quebec;QC;G1V 2M2;Canada
TEL;VALUE=uri;TYPE="work,voice";PREF=1:tel:+1-418-656-9254;ext=102
TEL;VALUE=uri;TYPE="work,cell,voice,video,text":tel:+1-418-262-6501
EMAIL;TYPE=work:simon.perreault@viagenie.ca
GEO;TYPE=work:geo:46.772673,-71.282945
KEY;TYPE=work;VALUE=uri:http://www.viagenie.ca/simon.perreault/simon.asc
TZ:-0500
URL;TYPE=home:http://nomis80.org
END:VCARD

2025-03-28 12:25:37,496 - INFO - Successfully created card for testCardProps-ParamsVals.vcf
2025-03-28 12:25:37,496 - ERROR - Card validation failed for testCardProps-ParamsVals.vcf: Invalid property (code 3)
2025-03-28 12:25:37,496 - INFO - Found vCard file: testCardProps-Groups.vcf
2025-03-28 12:25:37,496 - INFO - File details for testCardProps-Groups.vcf:
2025-03-28 12:25:37,496 - INFO -   Size: 268 bytes
2025-03-28 12:25:37,496 - INFO -   Permissions: 0o100644
2025-03-28 12:25:37,496 - INFO -   Modified: 2025-03-28 12:15:34.011049
2025-03-28 12:25:37,496 - INFO - Card testCardProps-Groups.vcf unchanged, using cached version
2025-03-28 12:25:37,496 - INFO - Found vCard file: testCard-TruncBday.vcf
2025-03-28 12:25:37,496 - INFO - File details for testCard-TruncBday.vcf:
2025-03-28 12:25:37,496 - INFO -   Size: 70 bytes
2025-03-28 12:25:37,496 - INFO -   Permissions: 0o100644
2025-03-28 12:25:37,496 - INFO -   Modified: 2025-03-28 12:15:33.882049
2025-03-28 12:25:37,496 - INFO - Processing card: testCard-TruncBday.vcf
2025-03-28 12:25:37,496 - INFO - File contents of testCard-TruncBday.vcf:
BEGIN:VCARD
VERSION:4.0
FN:Simon Perreault
BDAY:--0203
END:VCARD

2025-03-28 12:25:37,496 - INFO - Successfully created card for testCard-TruncBday.vcf
2025-03-28 12:25:37,496 - ERROR - Card validation failed for testCard-TruncBday.vcf: Invalid date/time (code 4)
2025-03-28 12:25:37,496 - INFO - Found vCard file: testCardProp-Param.vcf
2025-03-28 12:25:37,496 - INFO - File details for testCardProp-Param.vcf:
2025-03-28 12:25:37,496 - INFO -   Size: 83 bytes
2025-03-28 12:25:37,496 - INFO -   Permissions: 0o100644
2025-03-28 12:25:37,496 - INFO -   Modified: 2025-03-28 12:15:33.316049
2025-03-28 12:25:37,496 - INFO - Card testCardProp-Param.vcf unchanged, using cached version
2025-03-28 12:25:37,496 - INFO - Found vCard file: testCardInvEndings.vcf
2025-03-28 12:25:37,496 - INFO - File details for testCardInvEndings.vcf:
2025-03-28 12:25:37,496 - INFO -   Size: 53 bytes
2025-03-28 12:25:37,496 - INFO -   Permissions: 0o100644
2025-03-28 12:25:37,496 - INFO -   Modified: 2025-03-28 12:15:51.528049
2025-03-28 12:25:37,496 - INFO - Processing card: testCardInvEndings.vcf
2025-03-28 12:25:37,496 - INFO - File contents of testCardInvEndings.vcf:
BEGIN:VCARD
VERSION:4.0
FN:Simon Perreault
END:VCARD

2025-03-28 12:25:37,496 - ERROR - Failed to create card testCardInvEndings.vcf: Invalid card format (code 2)
2025-03-28 12:25:37,496 - INFO - Found vCard file: testCardNoEnd.vcf
2025-03-28 12:25:37,496 - INFO - File details for testCardNoEnd.vcf:
2025-03-28 12:25:37,496 - INFO -   Size: 46 bytes
2025-03-28 12:25:37,496 - INFO -   Permissions: 0o100644
2025-03-28 12:25:37,496 - INFO -   Modified: 2025-03-28 12:15:51.468049
2025-03-28 12:25:37,496 - INFO - Processing card: testCardNoEnd.vcf
2025-03-28 12:25:37,496 - INFO - File contents of testCardNoEnd.vcf:
BEGIN:VCARD
VERSION:4.0
FN:Simon Perreault

2025-03-28 12:25:37,496 - ERROR - Failed to create card testCardNoEnd.vcf: Invalid card format (code 2)
2025-03-28 12:25:37,496 - INFO - Found vCard file: testCardProp-simpleVal.vcf
2025-03-28 12:25:37,496 - INFO - File details for testCardProp-simpleVal.vcf:
2025-03-28 12:25:37,496 - INFO -   Size: 67 bytes
2025-03-28 12:25:37,496 - INFO -   Permissions: 0o100644
2025-03-28 12:25:37,496 - INFO -   Modified: 2025-03-28 12:15:34.107049
2025-03-28 12:25:37,496 - INFO - Card testCardProp-simpleVal.vcf unchanged, using cached version
2025-03-28 12:25:37,496 - INFO - Found vCard file: testCard-SimpleFold2.vcf
2025-03-28 12:25:37,496 - INFO - File details for testCard-SimpleFold2.vcf:
2025-03-28 12:25:37,496 - INFO -   Size: 60 bytes
2025-03-28 12:25:37,496 - INFO -   Permissions: 0o100644
2025-03-28 12:25:37,496 - INFO -   Modified: 2025-03-28 12:15:33.214049
2025-03-28 12:25:37,497 - INFO - Card testCard-SimpleFold2.vcf unchanged, using cached version
2025-03-28 12:25:37,497 - INFO - Found vCard file: testCardMin.vcf
2025-03-28 12:25:37,497 - INFO - File details for testCardMin.vcf:
2025-03-28 12:25:37,497 - INFO -   Size: 57 bytes
2025-03-28 12:25:37,497 - INFO -   Permissions: 0o100644
2025-03-28 12:25:37,497 - INFO -   Modified: 2025-03-28 12:15:33.562049
2025-03-28 12:25:37,497 - INFO - Card testCardMin.vcf unchanged, using cached version
2025-03-28 12:25:37,497 - INFO - Found vCard file: mmmm.vcf
2025-03-28 12:25:37,497 - INFO - File details for mmmm.vcf:
2025-03-28 12:25:37,497 - INFO -   Size: 46 bytes
2025-03-28 12:25:37,497 - INFO -   Permissions: 0o100644
2025-03-28 12:25:37,497 - INFO -   Modified: 2025-03-28 12:18:48.658144
2025-03-28 12:25:37,497 - INFO - Card mmmm.vcf unchanged, using cached version
2025-03-28 12:25:37,497 - INFO - Found vCard file: testCard-Ann.vcf
2025-03-28 12:25:37,497 - INFO - File details for testCard-Ann.vcf:
2025-03-28 12:25:37,497 - INFO -   Size: 86 bytes
2025-03-28 12:25:37,497 - INFO -   Permissions: 0o100644
2025-03-28 12:25:37,497 - INFO -   Modified: 2025-03-28 12:15:32.944049
2025-03-28 12:25:37,497 - INFO - Card testCard-Ann.vcf unchanged, using cached version
2025-03-28 12:25:37,497 - INFO - Found vCard file: testCardProps-Params.vcf
2025-03-28 12:25:37,497 - INFO - File details for testCardProps-Params.vcf:
2025-03-28 12:25:37,497 - INFO -   Size: 202 bytes
2025-03-28 12:25:37,497 - INFO -   Permissions: 0o100644
2025-03-28 12:25:37,497 - INFO -   Modified: 2025-03-28 12:15:32.591049
2025-03-28 12:25:37,497 - INFO - Card testCardProps-Params.vcf unchanged, using cached version
2025-03-28 12:25:37,497 - INFO - Found vCard file: testCardGroup.vcf
2025-03-28 12:25:37,497 - INFO - File details for testCardGroup.vcf:
2025-03-28 12:25:37,497 - INFO -   Size: 879 bytes
2025-03-28 12:25:37,497 - INFO -   Permissions: 0o100644
2025-03-28 12:25:37,497 - INFO -   Modified: 2025-03-28 12:15:33.731049
2025-03-28 12:25:37,497 - INFO - Processing card: testCardGroup.vcf
2025-03-28 12:25:37,497 - INFO - File contents of testCardGroup.vcf:
BEGIN:VCARD
VERSION:4.0
N:Doe;John;;;
FN:John Doe
ORG:Example.com Inc.;
TITLE:Imaginary test person
EMAIL;type=INTERNET;type=WORK;type=pref:johnDoe@example.org
TEL;type=WORK;type=pref:+1 617 555 1212
TEL;type=CELL:+1 781 555 1212
TEL;type=HOME:+1 202 555 1212
TEL;type=WORK:+1 (617) 555-1234
item1.ADR;type=WORK:;;2 Example Avenue;Anytown;NY;01111;USA
item1.X-ABADR:us
item2.ADR;type=HOME;type=pref:;;3 Acacia Avenue;Newtown;MA;02222;USA
item2.X-ABADR:us
NOTE:John Doe has a long and varied history
 , being documented on more police files that anyone else. Reports of his death are alas numerous.
item3.URL;type=pref:http://www.example/com/doe
item3.X-ABLabel:_$!<HomePage>!$_
item4.URL:http://www.example.com/Joe/foaf.df
item4.X-ABLabel:FOAF
item5.X-ABRELATEDNAMES;type=pref:Jane Doe
item5.X-ABLabel:_$!<Friend>!$_
CATEGORIES:Work,Test group
END:VCARD

2025-03-28 12:25:37,497 - INFO - Successfully created card for testCardGroup.vcf
2025-03-28 12:25:37,497 - ERROR - Card validation failed for testCardGroup.vcf: Invalid property (code 3)
2025-03-28 12:25:37,497 - INFO - Found vCard file: testCardNoVersion.vcf
2025-03-28 12:25:37,497 - INFO - File details for testCardNoVersion.vcf:
2025-03-28 12:25:37,497 - INFO -   Size: 44 bytes
2025-03-28 12:25:37,497 - INFO -   Permissions: 0o100644
2025-03-28 12:25:37,497 - INFO -   Modified: 2025-03-28 12:15:51.625049
2025-03-28 12:25:37,497 - INFO - Processing card: testCardNoVersion.vcf
2025-03-28 12:25:37,497 - INFO - File contents of testCardNoVersion.vcf:
BEGIN:VCARD
FN:Simon Perreault
END:VCARD

2025-03-28 12:25:37,497 - ERROR - Failed to create card testCardNoVersion.vcf: Invalid card format (code 2)
2025-03-28 12:25:37,497 - INFO - Found vCard file: testCard-BdayTime.vcf
2025-03-28 12:25:37,497 - INFO - File details for testCard-BdayTime.vcf:
2025-03-28 12:25:37,497 - INFO -   Size: 71 bytes
2025-03-28 12:25:37,497 - INFO -   Permissions: 0o100644
2025-03-28 12:25:37,497 - INFO -   Modified: 2025-03-28 12:15:32.684049
2025-03-28 12:25:37,497 - INFO - Card testCard-BdayTime.vcf unchanged, using cached version
2025-03-28 12:25:37,497 - INFO - Found vCard file: testCardProps-simpleVal.vcf
2025-03-28 12:25:37,497 - INFO - File details for testCardProps-simpleVal.vcf:
2025-03-28 12:25:37,497 - INFO -   Size: 81 bytes
2025-03-28 12:25:37,497 - INFO -   Permissions: 0o100644
2025-03-28 12:25:37,497 - INFO -   Modified: 2025-03-28 12:15:33.163049
2025-03-28 12:25:37,497 - INFO - Card testCardProps-simpleVal.vcf unchanged, using cached version
2025-03-28 12:25:37,497 - INFO - Found vCard file: testCard-BdayText.vcf
2025-03-28 12:25:37,497 - INFO - File details for testCard-BdayText.vcf:
2025-03-28 12:25:37,497 - INFO -   Size: 85 bytes
2025-03-28 12:25:37,497 - INFO -   Permissions: 0o100644
2025-03-28 12:25:37,497 - INFO -   Modified: 2025-03-28 12:15:33.772049
2025-03-28 12:25:37,497 - INFO - Card testCard-BdayText.vcf unchanged, using cached version
2025-03-28 12:25:37,497 - INFO - Found vCard file: testCardProp-ParamsVals.vcf
2025-03-28 12:25:37,497 - INFO - File details for testCardProp-ParamsVals.vcf:
2025-03-28 12:25:37,497 - INFO -   Size: 125 bytes
2025-03-28 12:25:37,497 - INFO -   Permissions: 0o100644
2025-03-28 12:25:37,497 - INFO -   Modified: 2025-03-28 12:15:33.041049
2025-03-28 12:25:37,497 - INFO - Card testCardProp-ParamsVals.vcf unchanged, using cached version
2025-03-28 12:25:37,497 - INFO - Found vCard file: testCard-bothDT.vcf
2025-03-28 12:25:37,497 - INFO - File details for testCard-bothDT.vcf:
2025-03-28 12:25:37,497 - INFO -   Size: 108 bytes
2025-03-28 12:25:37,497 - INFO -   Permissions: 0o100644
2025-03-28 12:25:37,497 - INFO -   Modified: 2025-03-28 12:15:33.095049
2025-03-28 12:25:37,497 - INFO - Card testCard-bothDT.vcf unchanged, using cached version
2025-03-28 12:25:37,497 - INFO - Found vCard file: testCard.vcf
2025-03-28 12:25:37,497 - INFO - File details for testCard.vcf:
2025-03-28 12:25:37,497 - INFO -   Size: 613 bytes
2025-03-28 12:25:37,497 - INFO -   Permissions: 0o100644
2025-03-28 12:25:37,497 - INFO -   Modified: 2025-03-28 12:15:33.945049
2025-03-28 12:25:37,497 - INFO - Processing card: testCard.vcf
2025-03-28 12:25:37,497 - INFO - File contents of testCard.vcf:
BEGIN:VCARD
VERSION:4.0
FN:Simon Perreault
N:Perreault;Simon;;;ing. jr,M.Sc.
BDAY:--0203
ANNIVERSARY:20090808T143000
GENDER:M
LANG;PREF=1:fr
LANG;PREF=2:en
ORG;TYPE=work:Viagenie
ADR;TYPE=work:;Suite D2-630;2875 Laurier;
 Quebec;QC;G1V 2M2;Canada
TEL;VALUE=uri;TYPE="work,voice";PREF=1:tel:+1-418-656-9254;ext=102
TEL;VALUE=uri;TYPE="work,cell,voice,video,text":tel:+1-418-262-6501
EMAIL;TYPE=work:simon.perreault@viagenie.ca
GEO;TYPE=work:geo:46.772673,-71.282945
KEY;TYPE=work;VALUE=uri:
 http://www.viagenie.ca/simon.perreault/simon.asc
TZ:-0500
URL;TYPE=home:http://nomis80.org
END:VCARD

2025-03-28 12:25:37,497 - INFO - Successfully created card for testCard.vcf
2025-03-28 12:25:37,497 - ERROR - Card validation failed for testCard.vcf: Invalid property (code 3)
2025-03-28 12:25:37,497 - INFO - Found vCard file: testCardProps-compVal.vcf
2025-03-28 12:25:37,497 - INFO - File details for testCardProps-compVal.vcf:
2025-03-28 12:25:37,497 - INFO -   Size: 179 bytes
2025-03-28 12:25:37,497 - INFO -   Permissions: 0o100644
2025-03-28 12:25:37,497 - INFO -   Modified: 2025-03-28 12:15:32.410049
2025-03-28 12:25:37,497 - INFO - Card testCardProps-compVal.vcf unchanged, using cached version
2025-03-28 12:25:37,497 - INFO - Found vCard file: testCard-SimpleFold1.vcf
2025-03-28 12:25:37,497 - INFO - File details for testCard-SimpleFold1.vcf:
2025-03-28 12:25:37,497 - INFO -   Size: 60 bytes
2025-03-28 12:25:37,497 - INFO -   Permissions: 0o100644
2025-03-28 12:25:37,497 - INFO -   Modified: 2025-03-28 12:15:33.623049
2025-03-28 12:25:37,497 - INFO - Card testCard-SimpleFold1.vcf unchanged, using cached version
2025-03-28 12:25:37,497 - INFO - Found vCard file: testCard-MoreFold.vcf
2025-03-28 12:25:37,498 - INFO - File details for testCard-MoreFold.vcf:
2025-03-28 12:25:37,498 - INFO -   Size: 204 bytes
2025-03-28 12:25:37,498 - INFO -   Permissions: 0o100644
2025-03-28 12:25:37,498 - INFO -   Modified: 2025-03-28 12:15:32.510049
2025-03-28 12:25:37,498 - INFO - Processing card: testCard-MoreFold.vcf
2025-03-28 12:25:37,498 - INFO - File contents of testCard-MoreFold.vcf:
BEGIN:VCARD
VERSION:4.0
FN:Simon Perreault
ADR;TYPE=work:;Suite D2-630;2875 Laurier;
 Quebec;QC;G1V 2M2;Canada
KEY;TYPE=work;VALUE=uri:
 http://www.viagenie.ca/simon.perreault/simon.asc
END:VCARD

2025-03-28 12:25:37,498 - INFO - Successfully created card for testCard-MoreFold.vcf
2025-03-28 12:25:37,498 - ERROR - Card validation failed for testCard-MoreFold.vcf: Invalid property (code 3)
2025-03-28 12:25:37,498 - INFO - Found vCard file: testCard-AnnUTC.vcf
2025-03-28 12:25:37,498 - INFO - File details for testCard-AnnUTC.vcf:
2025-03-28 12:25:37,498 - INFO -   Size: 87 bytes
2025-03-28 12:25:37,498 - INFO -   Permissions: 0o100644
2025-03-28 12:25:37,498 - INFO -   Modified: 2025-03-28 12:15:33.475049
2025-03-28 12:25:37,498 - INFO - Processing card: testCard-AnnUTC.vcf
2025-03-28 12:25:37,498 - INFO - File contents of testCard-AnnUTC.vcf:
BEGIN:VCARD
VERSION:4.0
FN:Simon Perreault
ANNIVERSARY:20090808T143000Z
END:VCARD

2025-03-28 12:25:37,498 - INFO - Successfully created card for testCard-AnnUTC.vcf
2025-03-28 12:25:37,498 - ERROR - Card validation failed for testCard-AnnUTC.vcf: Invalid date/time (code 4)
2025-03-28 12:25:37,498 - INFO - Current cache state:
2025-03-28 12:25:37,498 - INFO -   testCardN-compVal.vcf: last_modified=2025-03-28 12:15:33.366049
2025-03-28 12:25:37,498 - INFO -   testCardProps-Groups.vcf: last_modified=2025-03-28 12:15:34.011049
2025-03-28 12:25:37,498 - INFO -   testCardProp-Param.vcf: last_modified=2025-03-28 12:15:33.316049
2025-03-28 12:25:37,498 - INFO -   testCardProp-simpleVal.vcf: last_modified=2025-03-28 12:15:34.107049
2025-03-28 12:25:37,498 - INFO -   testCard-SimpleFold2.vcf: last_modified=2025-03-28 12:15:33.214049
2025-03-28 12:25:37,498 - INFO -   testCardMin.vcf: last_modified=2025-03-28 12:15:33.562049
2025-03-28 12:25:37,498 - INFO -   mmmm.vcf: last_modified=2025-03-28 12:18:48.658144
2025-03-28 12:25:37,498 - INFO -   testCard-Ann.vcf: last_modified=2025-03-28 12:15:32.944049
2025-03-28 12:25:37,498 - INFO -   testCardProps-Params.vcf: last_modified=2025-03-28 12:15:32.591049
2025-03-28 12:25:37,498 - INFO -   testCard-BdayTime.vcf: last_modified=2025-03-28 12:15:32.684049
2025-03-28 12:25:37,498 - INFO -   testCardProps-simpleVal.vcf: last_modified=2025-03-28 12:15:33.163049
2025-03-28 12:25:37,498 - INFO -   testCard-BdayText.vcf: last_modified=2025-03-28 12:15:33.772049
2025-03-28 12:25:37,498 - INFO -   testCardProp-ParamsVals.vcf: last_modified=2025-03-28 12:15:33.041049
2025-03-28 12:25:37,498 - INFO -   testCard-bothDT.vcf: last_modified=2025-03-28 12:15:33.095049
2025-03-28 12:25:37,498 - INFO -   testCardProps-compVal.vcf: last_modified=2025-03-28 12:15:32.410049
2025-03-28 12:25:37,498 - INFO -   testCard-SimpleFold1.vcf: last_modified=2025-03-28 12:15:33.623049
2025-03-28 12:25:37,498 - INFO - Card cache refresh complete. Valid cards: ['testCardN-compVal.vcf', 'testCardProps-Groups.vcf', 'testCardProp-Param.vcf', 'testCardProp-simpleVal.vcf', 'testCard-SimpleFold2.vcf', 'testCardMin.vcf', 'mmmm.vcf', 'testCard-Ann.vcf', 'testCardProps-Params.vcf', 'testCard-BdayTime.vcf', 'testCardProps-simpleVal.vcf', 'testCard-BdayText.vcf', 'testCardProp-ParamsVals.vcf', 'testCard-bothDT.vcf', 'testCardProps-compVal.vcf', 'testCard-SimpleFold1.vcf']
2025-03-28 12:25:37,498 - INFO - Found 16 valid vCard files
2025-03-28 12:25:37,499 - DEBUG - Updating: filename
2025-03-28 12:25:37,499 - DEBUG - Form field changed
2025-03-28 12:25:37,499 - DEBUG - Updating: contact_name
2025-03-28 12:25:37,499 - DEBUG - Form field changed
2025-03-28 12:25:37,499 - DEBUG - Updating: None
2025-03-28 12:25:37,499 - DEBUG - Updating: None
2025-03-28 12:25:37,499 - DEBUG - Updating: None
2025-03-28 12:25:37,499 - DEBUG - Updating: None
2025-03-28 12:25:37,499 - DEBUG - Updating: None
2025-03-28 12:25:37,499 - DEBUG - Updating: None
2025-03-28 12:25:37,499 - DEBUG - Updating: None
2025-03-28 12:25:37,499 - DEBUG - Updating: filename
2025-03-28 12:25:37,499 - DEBUG - Updating: contact_name
2025-03-28 12:25:37,499 - DEBUG - Form field changed
2025-03-28 12:25:37,499 - DEBUG - Updating: birthday
2025-03-28 12:25:37,499 - DEBUG - Updating: anniversary
2025-03-28 12:25:37,499 - DEBUG - Updating: other_props
2025-03-28 12:25:37,499 - DEBUG - Updating: None
2025-03-28 12:25:37,499 - DEBUG - Updating: None
2025-03-28 12:25:37,499 - DEBUG - Updating: None
2025-03-28 12:25:37,499 - DEBUG - Updating: None
2025-03-28 12:25:37,499 - DEBUG - Updating: None
2025-03-28 12:25:37,499 - DEBUG - Updating: None
2025-03-28 12:25:37,499 - DEBUG - Updating: username
2025-03-28 12:25:37,499 - DEBUG - Updating: password
2025-03-28 12:25:37,499 - DEBUG - Updating: database
2025-03-28 12:25:37,499 - DEBUG - Updating: None
2025-03-28 12:25:37,499 - DEBUG - Updating: None
2025-03-28 12:25:37,499 - DEBUG - Updating: None
2025-03-28 12:25:37,499 - DEBUG - Updating: None
2025-03-28 12:25:37,499 - DEBUG - Updating: None
2025-03-28 12:25:37,499 - DEBUG - Updating: None
2025-03-28 12:25:37,499 - DEBUG - Updating: username
2025-03-28 12:25:37,499 - DEBUG - Updating: password
2025-03-28 12:25:37,499 - DEBUG - Updating: database
2025-03-28 12:25:37,499 - DEBUG - Updating: None
2025-03-28 12:25:37,499 - DEBUG - Widget blur: <asciimatics.widgets.label.Label object at 0xffff8cb5f9f0>
2025-03-28 12:25:37,499 - DEBUG - Widget blur: <asciimatics.widgets.label.Label object at 0xffff8cb5f850>
2025-03-28 12:25:37,499 - DEBUG - Widget blur: <asciimatics.widgets.text.Text object at 0xffff8cf2f790>
2025-03-28 12:25:37,499 - DEBUG - Widget blur: <asciimatics.widgets.text.Text object at 0xffff8cfd34c0>
2025-03-28 12:25:37,499 - DEBUG - Widget blur: <asciimatics.widgets.text.Text object at 0xffff8cfd32e0>
2025-03-28 12:25:37,499 - DEBUG - Widget blur: <asciimatics.widgets.label.Label object at 0xffff8cb5f920>
2025-03-28 12:25:37,499 - DEBUG - Blur: <asciimatics.widgets.layout.Layout object at 0xffff8cb57940>
2025-03-28 12:25:37,499 - DEBUG - Updating: None
2025-03-28 12:25:37,499 - DEBUG - Updating: None
2025-03-28 12:25:37,499 - DEBUG - Widget blur: <asciimatics.widgets.button.Button object at 0xffff8cb84580>
2025-03-28 12:25:37,500 - DEBUG - Widget blur: <asciimatics.widgets.button.Button object at 0xffff8cb84660>
2025-03-28 12:25:37,500 - DEBUG - Blur: <asciimatics.widgets.layout.Layout object at 0xffff8cb579a0>
2025-03-28 12:25:37,500 - DEBUG - Updating: None
2025-03-28 12:25:37,500 - DEBUG - Widget blur: <asciimatics.widgets.label.Label object at 0xffff8cb5f510>
2025-03-28 12:25:37,500 - DEBUG - Blur: <asciimatics.widgets.layout.Layout object at 0xffff8cb57a00>
2025-03-28 12:25:37,500 - DEBUG - Focus: <asciimatics.widgets.layout.Layout object at 0xffff8cb57940>
2025-03-28 12:25:37,500 - DEBUG - Widget focus: <asciimatics.widgets.text.Text object at 0xffff8cf2f790>
2025-03-28 12:25:37,500 - DEBUG - Cloning: Login to Database
2025-03-28 12:25:37,500 - DEBUG - Updating: None
2025-03-28 12:25:37,500 - DEBUG - Updating: None
2025-03-28 12:25:37,500 - DEBUG - Updating: username
2025-03-28 12:25:37,500 - DEBUG - Updating: password
2025-03-28 12:25:37,500 - DEBUG - Updating: database
2025-03-28 12:25:37,500 - DEBUG - Updating: None
2025-03-28 12:25:37,500 - DEBUG - Updating: None
2025-03-28 12:25:37,500 - DEBUG - Updating: None
2025-03-28 12:25:37,500 - DEBUG - Updating: None
2025-03-28 12:25:37,500 - DEBUG - Updating: None
2025-03-28 12:25:37,500 - DEBUG - Updating: None
2025-03-28 12:25:37,500 - DEBUG - Updating: username
2025-03-28 12:25:37,500 - DEBUG - Updating: password
2025-03-28 12:25:37,500 - DEBUG - Updating: database
2025-03-28 12:25:37,500 - DEBUG - Updating: None
2025-03-28 12:25:37,500 - DEBUG - Updating: None
2025-03-28 12:25:37,500 - DEBUG - Updating: None
2025-03-28 12:25:37,500 - DEBUG - Updating: None
2025-03-28 12:25:38,611 - DEBUG - Processing key: 6d
2025-03-28 12:25:38,612 - DEBUG - Returning key: 6d
2025-03-28 12:25:38,612 - DEBUG - New event: KeyboardEvent: 109
2025-03-28 12:25:38,612 - DEBUG - Focus: <asciimatics.widgets.layout.Layout object at 0xffff8cb57940>
2025-03-28 12:25:38,612 - DEBUG - Layout event: <asciimatics.widgets.layout.Layout object at 0xffff8cb57940> KeyboardEvent: 109
2025-03-28 12:25:38,613 - DEBUG - Current widget left event: None
2025-03-28 12:25:38,819 - DEBUG - Processing key: 72
2025-03-28 12:25:38,820 - DEBUG - Returning key: 72
2025-03-28 12:25:38,820 - DEBUG - New event: KeyboardEvent: 114
2025-03-28 12:25:38,820 - DEBUG - Layout event: <asciimatics.widgets.layout.Layout object at 0xffff8cb57940> KeyboardEvent: 114
2025-03-28 12:25:38,820 - DEBUG - Current widget left event: None
2025-03-28 12:25:39,035 - DEBUG - Processing key: 61
2025-03-28 12:25:39,035 - DEBUG - Returning key: 61
2025-03-28 12:25:39,035 - DEBUG - New event: KeyboardEvent: 97
2025-03-28 12:25:39,035 - DEBUG - Layout event: <asciimatics.widgets.layout.Layout object at 0xffff8cb57940> KeyboardEvent: 97
2025-03-28 12:25:39,036 - DEBUG - Current widget left event: None
2025-03-28 12:25:39,198 - DEBUG - Processing key: 73
2025-03-28 12:25:39,198 - DEBUG - Returning key: 73
2025-03-28 12:25:39,198 - DEBUG - New event: KeyboardEvent: 115
2025-03-28 12:25:39,198 - DEBUG - Layout event: <asciimatics.widgets.layout.Layout object at 0xffff8cb57940> KeyboardEvent: 115
2025-03-28 12:25:39,199 - DEBUG - Current widget left event: None
2025-03-28 12:25:39,620 - DEBUG - Processing key: 68
2025-03-28 12:25:39,621 - DEBUG - Returning key: 68
2025-03-28 12:25:39,621 - DEBUG - New event: KeyboardEvent: 104
2025-03-28 12:25:39,621 - DEBUG - Layout event: <asciimatics.widgets.layout.Layout object at 0xffff8cb57940> KeyboardEvent: 104
2025-03-28 12:25:39,621 - DEBUG - Current widget left event: None
2025-03-28 12:25:39,776 - DEBUG - Processing key: 61
2025-03-28 12:25:39,776 - DEBUG - Returning key: 61
2025-03-28 12:25:39,776 - DEBUG - New event: KeyboardEvent: 97
2025-03-28 12:25:39,776 - DEBUG - Layout event: <asciimatics.widgets.layout.Layout object at 0xffff8cb57940> KeyboardEvent: 97
2025-03-28 12:25:39,776 - DEBUG - Current widget left event: None
2025-03-28 12:25:39,943 - DEBUG - Processing key: 68
2025-03-28 12:25:39,943 - DEBUG - Returning key: 68
2025-03-28 12:25:39,943 - DEBUG - New event: KeyboardEvent: 104
2025-03-28 12:25:39,944 - DEBUG - Layout event: <asciimatics.widgets.layout.Layout object at 0xffff8cb57940> KeyboardEvent: 104
2025-03-28 12:25:39,944 - DEBUG - Current widget left event: None
2025-03-28 12:25:40,151 - DEBUG - Processing key: 6d
2025-03-28 12:25:40,151 - DEBUG - Returning key: 6d
2025-03-28 12:25:40,151 - DEBUG - New event: KeyboardEvent: 109
2025-03-28 12:25:40,151 - DEBUG - Layout event: <asciimatics.widgets.layout.Layout object at 0xffff8cb57940> KeyboardEvent: 109
2025-03-28 12:25:40,151 - DEBUG - Current widget left event: None
2025-03-28 12:25:40,308 - DEBUG - Processing key: 9
2025-03-28 12:25:40,309 - DEBUG - Returning key: 9
2025-03-28 12:25:40,309 - DEBUG - New event: KeyboardEvent: -301
2025-03-28 12:25:40,309 - DEBUG - Layout event: <asciimatics.widgets.layout.Layout object at 0xffff8cb57940> KeyboardEvent: -301
2025-03-28 12:25:40,309 - DEBUG - Widget blur: <asciimatics.widgets.text.Text object at 0xffff8cf2f790>
2025-03-28 12:25:40,309 - DEBUG - Widget focus: <asciimatics.widgets.text.Text object at 0xffff8cfd34c0>
2025-03-28 12:25:40,309 - DEBUG - Current widget left event: None
2025-03-28 12:25:41,299 - DEBUG - Processing key: 31
2025-03-28 12:25:41,299 - DEBUG - Returning key: 31
2025-03-28 12:25:41,299 - DEBUG - New event: KeyboardEvent: 49
2025-03-28 12:25:41,299 - DEBUG - Layout event: <asciimatics.widgets.layout.Layout object at 0xffff8cb57940> KeyboardEvent: 49
2025-03-28 12:25:41,299 - DEBUG - Current widget left event: None
2025-03-28 12:25:41,516 - DEBUG - Processing key: 32
2025-03-28 12:25:41,517 - DEBUG - Returning key: 32
2025-03-28 12:25:41,517 - DEBUG - New event: KeyboardEvent: 50
2025-03-28 12:25:41,517 - DEBUG - Layout event: <asciimatics.widgets.layout.Layout object at 0xffff8cb57940> KeyboardEvent: 50
2025-03-28 12:25:41,517 - DEBUG - Current widget left event: None
2025-03-28 12:25:42,032 - DEBUG - Processing key: 34
2025-03-28 12:25:42,032 - DEBUG - Returning key: 34
2025-03-28 12:25:42,032 - DEBUG - New event: KeyboardEvent: 52
2025-03-28 12:25:42,033 - DEBUG - Layout event: <asciimatics.widgets.layout.Layout object at 0xffff8cb57940> KeyboardEvent: 52
2025-03-28 12:25:42,033 - DEBUG - Current widget left event: None
2025-03-28 12:25:43,750 - DEBUG - Processing key: 107
2025-03-28 12:25:43,751 - DEBUG - Returning key: 107
2025-03-28 12:25:43,751 - DEBUG - New event: KeyboardEvent: -300
2025-03-28 12:25:43,751 - DEBUG - Layout event: <asciimatics.widgets.layout.Layout object at 0xffff8cb57940> KeyboardEvent: -300
2025-03-28 12:25:43,751 - DEBUG - Current widget left event: None
2025-03-28 12:25:44,284 - DEBUG - Processing key: 35
2025-03-28 12:25:44,285 - DEBUG - Returning key: 35
2025-03-28 12:25:44,287 - DEBUG - New event: KeyboardEvent: 53
2025-03-28 12:25:44,287 - DEBUG - Layout event: <asciimatics.widgets.layout.Layout object at 0xffff8cb57940> KeyboardEvent: 53
2025-03-28 12:25:44,287 - DEBUG - Current widget left event: None
2025-03-28 12:25:44,448 - DEBUG - Processing key: 30
2025-03-28 12:25:44,449 - DEBUG - Returning key: 30
2025-03-28 12:25:44,449 - DEBUG - New event: KeyboardEvent: 48
2025-03-28 12:25:44,449 - DEBUG - Layout event: <asciimatics.widgets.layout.Layout object at 0xffff8cb57940> KeyboardEvent: 48
2025-03-28 12:25:44,449 - DEBUG - Current widget left event: None
2025-03-28 12:25:44,764 - DEBUG - Processing key: 34
2025-03-28 12:25:44,765 - DEBUG - Returning key: 34
2025-03-28 12:25:44,765 - DEBUG - New event: KeyboardEvent: 52
2025-03-28 12:25:44,765 - DEBUG - Layout event: <asciimatics.widgets.layout.Layout object at 0xffff8cb57940> KeyboardEvent: 52
2025-03-28 12:25:44,765 - DEBUG - Current widget left event: None
2025-03-28 12:25:45,024 - DEBUG - Processing key: 35
2025-03-28 12:25:45,024 - DEBUG - Returning key: 35
2025-03-28 12:25:45,025 - DEBUG - New event: KeyboardEvent: 53
2025-03-28 12:25:45,025 - DEBUG - Layout event: <asciimatics.widgets.layout.Layout object at 0xffff8cb57940> KeyboardEvent: 53
2025-03-28 12:25:45,025 - DEBUG - Current widget left event: None
2025-03-28 12:25:45,180 - DEBUG - Processing key: 39
2025-03-28 12:25:45,180 - DEBUG - Returning key: 39
2025-03-28 12:25:45,180 - DEBUG - New event: KeyboardEvent: 57
2025-03-28 12:25:45,180 - DEBUG - Layout event: <asciimatics.widgets.layout.Layout object at 0xffff8cb57940> KeyboardEvent: 57
2025-03-28 12:25:45,180 - DEBUG - Current widget left event: None
2025-03-28 12:25:45,389 - DEBUG - Processing key: 9
2025-03-28 12:25:45,389 - DEBUG - Returning key: 9
2025-03-28 12:25:45,390 - DEBUG - New event: KeyboardEvent: -301
2025-03-28 12:25:45,390 - DEBUG - Layout event: <asciimatics.widgets.layout.Layout object at 0xffff8cb57940> KeyboardEvent: -301
2025-03-28 12:25:45,390 - DEBUG - Widget blur: <asciimatics.widgets.text.Text object at 0xffff8cfd34c0>
2025-03-28 12:25:45,390 - DEBUG - Widget focus: <asciimatics.widgets.text.Text object at 0xffff8cfd32e0>
2025-03-28 12:25:45,390 - DEBUG - Current widget left event: None
2025-03-28 12:25:45,962 - DEBUG - Processing key: 6d
2025-03-28 12:25:45,963 - DEBUG - Returning key: 6d
2025-03-28 12:25:45,963 - DEBUG - New event: KeyboardEvent: 109
2025-03-28 12:25:45,963 - DEBUG - Layout event: <asciimatics.widgets.layout.Layout object at 0xffff8cb57940> KeyboardEvent: 109
2025-03-28 12:25:45,963 - DEBUG - Current widget left event: None
2025-03-28 12:25:46,090 - DEBUG - Processing key: 72
2025-03-28 12:25:46,090 - DEBUG - Returning key: 72
2025-03-28 12:25:46,090 - DEBUG - New event: KeyboardEvent: 114
2025-03-28 12:25:46,090 - DEBUG - Layout event: <asciimatics.widgets.layout.Layout object at 0xffff8cb57940> KeyboardEvent: 114
2025-03-28 12:25:46,090 - DEBUG - Current widget left event: None
2025-03-28 12:25:46,363 - DEBUG - Processing key: 61
2025-03-28 12:25:46,363 - DEBUG - Returning key: 61
2025-03-28 12:25:46,364 - DEBUG - New event: KeyboardEvent: 97
2025-03-28 12:25:46,364 - DEBUG - Layout event: <asciimatics.widgets.layout.Layout object at 0xffff8cb57940> KeyboardEvent: 97
2025-03-28 12:25:46,364 - DEBUG - Current widget left event: None
2025-03-28 12:25:46,519 - DEBUG - Processing key: 73
2025-03-28 12:25:46,519 - DEBUG - Returning key: 73
2025-03-28 12:25:46,520 - DEBUG - New event: KeyboardEvent: 115
2025-03-28 12:25:46,520 - DEBUG - Layout event: <asciimatics.widgets.layout.Layout object at 0xffff8cb57940> KeyboardEvent: 115
2025-03-28 12:25:46,520 - DEBUG - Current widget left event: None
2025-03-28 12:25:46,630 - DEBUG - Processing key: 68
2025-03-28 12:25:46,631 - DEBUG - Returning key: 68
2025-03-28 12:25:46,631 - DEBUG - New event: KeyboardEvent: 104
2025-03-28 12:25:46,631 - DEBUG - Layout event: <asciimatics.widgets.layout.Layout object at 0xffff8cb57940> KeyboardEvent: 104
2025-03-28 12:25:46,632 - DEBUG - Current widget left event: None
2025-03-28 12:25:46,787 - DEBUG - Processing key: 61
2025-03-28 12:25:46,787 - DEBUG - Returning key: 61
2025-03-28 12:25:46,787 - DEBUG - New event: KeyboardEvent: 97
2025-03-28 12:25:46,787 - DEBUG - Layout event: <asciimatics.widgets.layout.Layout object at 0xffff8cb57940> KeyboardEvent: 97
2025-03-28 12:25:46,787 - DEBUG - Current widget left event: None
2025-03-28 12:25:46,888 - DEBUG - Processing key: 68
2025-03-28 12:25:46,889 - DEBUG - Returning key: 68
2025-03-28 12:25:46,889 - DEBUG - New event: KeyboardEvent: 104
2025-03-28 12:25:46,889 - DEBUG - Layout event: <asciimatics.widgets.layout.Layout object at 0xffff8cb57940> KeyboardEvent: 104
2025-03-28 12:25:46,889 - DEBUG - Current widget left event: None
2025-03-28 12:25:47,096 - DEBUG - Processing key: 6d
2025-03-28 12:25:47,097 - DEBUG - Returning key: 6d
2025-03-28 12:25:47,097 - DEBUG - New event: KeyboardEvent: 109
2025-03-28 12:25:47,097 - DEBUG - Layout event: <asciimatics.widgets.layout.Layout object at 0xffff8cb57940> KeyboardEvent: 109
2025-03-28 12:25:47,097 - DEBUG - Current widget left event: None
2025-03-28 12:25:47,689 - DEBUG - Processing key: 102
2025-03-28 12:25:47,694 - DEBUG - Returning key: 102
2025-03-28 12:25:47,694 - DEBUG - New event: KeyboardEvent: -206
2025-03-28 12:25:47,694 - DEBUG - Layout event: <asciimatics.widgets.layout.Layout object at 0xffff8cb57940> KeyboardEvent: -206
2025-03-28 12:25:47,694 - DEBUG - Current widget left event: KeyboardEvent: -206
2025-03-28 12:25:47,695 - DEBUG - Blur: <asciimatics.widgets.layout.Layout object at 0xffff8cb57940>
2025-03-28 12:25:47,695 - DEBUG - Widget blur: <asciimatics.widgets.text.Text object at 0xffff8cfd32e0>
2025-03-28 12:25:47,695 - DEBUG - Focus: <asciimatics.widgets.layout.Layout object at 0xffff8cb579a0>
2025-03-28 12:25:47,695 - DEBUG - Widget focus: <asciimatics.widgets.button.Button object at 0xffff8cb84580>
2025-03-28 12:25:48,220 - DEBUG - Processing key: a
2025-03-28 12:25:48,220 - DEBUG - Returning key: a
2025-03-28 12:25:48,220 - DEBUG - New event: KeyboardEvent: 10
2025-03-28 12:25:48,220 - DEBUG - Layout event: <asciimatics.widgets.layout.Layout object at 0xffff8cb579a0> KeyboardEvent: 10
2025-03-28 12:25:48,536 - DEBUG - Updating: files
2025-03-28 12:25:48,536 - DEBUG - Updating: None
2025-03-28 12:25:48,536 - DEBUG - Updating: None
2025-03-28 12:25:48,536 - DEBUG - Updating: None
2025-03-28 12:25:48,536 - DEBUG - Updating: None
2025-03-28 12:25:48,537 - DEBUG - Updating: None
2025-03-28 12:25:48,537 - DEBUG - Updating: files
2025-03-28 12:25:48,537 - DEBUG - Widget blur: <asciimatics.widgets.listbox.ListBox object at 0xffff8cb58c30>
2025-03-28 12:25:48,537 - DEBUG - Blur: <asciimatics.widgets.layout.Layout object at 0xffff8cb57ac0>
2025-03-28 12:25:48,537 - DEBUG - Updating: None
2025-03-28 12:25:48,537 - DEBUG - Updating: None
2025-03-28 12:25:48,537 - DEBUG - Updating: None
2025-03-28 12:25:48,537 - DEBUG - Updating: None
2025-03-28 12:25:48,537 - DEBUG - Widget blur: <asciimatics.widgets.button.Button object at 0xffff8cb84740>
2025-03-28 12:25:48,537 - DEBUG - Widget blur: <asciimatics.widgets.button.Button object at 0xffff8cb84820>
2025-03-28 12:25:48,537 - DEBUG - Widget blur: <asciimatics.widgets.button.Button object at 0xffff8cb84900>
2025-03-28 12:25:48,537 - DEBUG - Widget blur: <asciimatics.widgets.button.Button object at 0xffff8cb849e0>
2025-03-28 12:25:48,537 - DEBUG - Blur: <asciimatics.widgets.layout.Layout object at 0xffff8cb57b20>
2025-03-28 12:25:48,537 - DEBUG - Updating: None
2025-03-28 12:25:48,537 - DEBUG - Widget blur: <asciimatics.widgets.label.Label object at 0xffff8cb5fac0>
2025-03-28 12:25:48,537 - DEBUG - Blur: <asciimatics.widgets.layout.Layout object at 0xffff8cb57a60>
2025-03-28 12:25:48,538 - DEBUG - Focus: <asciimatics.widgets.layout.Layout object at 0xffff8cb57ac0>
2025-03-28 12:25:48,538 - DEBUG - Widget focus: <asciimatics.widgets.listbox.ListBox object at 0xffff8cb58c30>
2025-03-28 12:25:51,346 - DEBUG - New event: MouseEvent (51, 18) 1
2025-03-28 12:25:51,347 - DEBUG - Focus: <asciimatics.widgets.layout.Layout object at 0xffff8cb57ac0>
2025-03-28 12:25:51,347 - DEBUG - Blurring: [<__main__.MainView object at 0xffff8cb93d90>]
2025-03-28 12:25:51,347 - DEBUG - Layout event: <asciimatics.widgets.layout.Layout object at 0xffff8cb57ac0> MouseEvent (51, 18) 1
2025-03-28 12:25:51,347 - DEBUG - Widget: <asciimatics.widgets.listbox.ListBox object at 0xffff8cb58c30> (1, 1) (80, 18)
2025-03-28 12:25:51,347 - DEBUG - Current widget left event: None
2025-03-28 12:25:52,372 - DEBUG - New event: MouseEvent (49, 19) 4
2025-03-28 12:25:52,373 - DEBUG - Blurring: [<__main__.MainView object at 0xffff8cb93d90>]
2025-03-28 12:25:52,373 - DEBUG - Layout event: <asciimatics.widgets.layout.Layout object at 0xffff8cb57ac0> MouseEvent (49, 19) 4
2025-03-28 12:25:52,373 - DEBUG - Widget: <asciimatics.widgets.listbox.ListBox object at 0xffff8cb58c30> (1, 1) (80, 18)
2025-03-28 12:25:52,374 - DEBUG - Check layout: 49, 19
2025-03-28 12:25:52,374 - DEBUG - Widget: <asciimatics.widgets.listbox.ListBox object at 0xffff8cb58c30> (1, 1) (80, 18)
2025-03-28 12:25:52,374 - DEBUG - Current widget left event: MouseEvent (49, 19) 4
2025-03-28 12:25:52,374 - DEBUG - Layout event: <asciimatics.widgets.layout.Layout object at 0xffff8cb57ac0> MouseEvent (49, 19) 4
2025-03-28 12:25:52,374 - DEBUG - Widget: <asciimatics.widgets.listbox.ListBox object at 0xffff8cb58c30> (1, 1) (80, 18)
2025-03-28 12:25:52,374 - DEBUG - Check layout: 49, 19
2025-03-28 12:25:52,374 - DEBUG - Widget: <asciimatics.widgets.listbox.ListBox object at 0xffff8cb58c30> (1, 1) (80, 18)
2025-03-28 12:25:52,375 - DEBUG - Layout event: <asciimatics.widgets.layout.Layout object at 0xffff8cb57b20> MouseEvent (49, 19) 4
2025-03-28 12:25:52,375 - DEBUG - Check layout: 49, 19
2025-03-28 12:25:52,375 - DEBUG - Widget: <asciimatics.widgets.button.Button object at 0xffff8cb84740> (6, 19) (10, 1)
2025-03-28 12:25:52,375 - DEBUG - Widget: <asciimatics.widgets.button.Button object at 0xffff8cb84820> (27, 19) (8, 1)
2025-03-28 12:25:52,375 - DEBUG - Widget: <asciimatics.widgets.button.Button object at 0xffff8cb84900> (44, 19) (14, 1)
2025-03-28 12:25:52,375 - DEBUG - Blur: <asciimatics.widgets.layout.Layout object at 0xffff8cb57ac0>
2025-03-28 12:25:52,375 - DEBUG - Widget blur: <asciimatics.widgets.listbox.ListBox object at 0xffff8cb58c30>
2025-03-28 12:25:52,375 - DEBUG - Focus: <asciimatics.widgets.layout.Layout object at 0xffff8cb57b20>
2025-03-28 12:25:52,375 - DEBUG - Widget focus: <asciimatics.widgets.button.Button object at 0xffff8cb84900>
2025-03-28 12:25:52,375 - DEBUG - Widget: <asciimatics.widgets.button.Button object at 0xffff8cb84900> (44, 19) (14, 1)
2025-03-28 12:25:52,376 - DEBUG - Updating: results
2025-03-28 12:25:52,376 - DEBUG - Updating: None
2025-03-28 12:25:52,376 - DEBUG - Updating: None
2025-03-28 12:25:52,376 - DEBUG - Updating: None
2025-03-28 12:25:52,376 - DEBUG - Updating: None
2025-03-28 12:25:52,376 - DEBUG - Updating: results
2025-03-28 12:25:52,376 - DEBUG - Widget blur: <asciimatics.widgets.textbox.TextBox object at 0xffff8cb88160>
2025-03-28 12:25:52,377 - DEBUG - Blur: <asciimatics.widgets.layout.Layout object at 0xffff8cb57e20>
2025-03-28 12:25:52,377 - DEBUG - Updating: None
2025-03-28 12:25:52,377 - DEBUG - Updating: None
2025-03-28 12:25:52,377 - DEBUG - Updating: None
2025-03-28 12:25:52,377 - DEBUG - Widget blur: <asciimatics.widgets.button.Button object at 0xffff8cb85a80>
2025-03-28 12:25:52,377 - DEBUG - Widget blur: <asciimatics.widgets.button.Button object at 0xffff8cb85b60>
2025-03-28 12:25:52,377 - DEBUG - Widget blur: <asciimatics.widgets.button.Button object at 0xffff8cb85c40>
2025-03-28 12:25:52,377 - DEBUG - Blur: <asciimatics.widgets.layout.Layout object at 0xffff8cb57e80>
2025-03-28 12:25:52,377 - DEBUG - Updating: None
2025-03-28 12:25:52,377 - DEBUG - Widget blur: <asciimatics.widgets.label.Label object at 0xffff8cbb42b0>
2025-03-28 12:25:52,377 - DEBUG - Blur: <asciimatics.widgets.layout.Layout object at 0xffff8cb57dc0>
2025-03-28 12:25:52,377 - DEBUG - Focus: <asciimatics.widgets.layout.Layout object at 0xffff8cb57e20>
2025-03-28 12:25:52,377 - DEBUG - Widget focus: <asciimatics.widgets.textbox.TextBox object at 0xffff8cb88160>
2025-03-28 12:25:52,377 - DEBUG - Cursor: 0,0
2025-03-28 12:25:53,466 - DEBUG - New event: MouseEvent (19, 19) 1
2025-03-28 12:25:53,467 - DEBUG - Focus: <asciimatics.widgets.layout.Layout object at 0xffff8cb57e20>
2025-03-28 12:25:53,467 - DEBUG - Blurring: [<__main__.DBQueryView object at 0xffff8cba8d50>]
2025-03-28 12:25:53,467 - DEBUG - Layout event: <asciimatics.widgets.layout.Layout object at 0xffff8cb57e20> MouseEvent (19, 19) 1
2025-03-28 12:25:53,467 - DEBUG - Widget: <asciimatics.widgets.textbox.TextBox object at 0xffff8cb88160> (1, 1) (80, 18)
2025-03-28 12:25:53,467 - DEBUG - Check layout: 19, 19
2025-03-28 12:25:53,467 - DEBUG - Widget: <asciimatics.widgets.textbox.TextBox object at 0xffff8cb88160> (1, 1) (80, 18)
2025-03-28 12:25:53,468 - DEBUG - Current widget left event: MouseEvent (19, 19) 1
2025-03-28 12:25:53,468 - DEBUG - Layout event: <asciimatics.widgets.layout.Layout object at 0xffff8cb57e20> MouseEvent (19, 19) 1
2025-03-28 12:25:53,468 - DEBUG - Widget: <asciimatics.widgets.textbox.TextBox object at 0xffff8cb88160> (1, 1) (80, 18)
2025-03-28 12:25:53,468 - DEBUG - Check layout: 19, 19
2025-03-28 12:25:53,469 - DEBUG - Widget: <asciimatics.widgets.textbox.TextBox object at 0xffff8cb88160> (1, 1) (80, 18)
2025-03-28 12:25:53,469 - DEBUG - Layout event: <asciimatics.widgets.layout.Layout object at 0xffff8cb57e80> MouseEvent (19, 19) 1
2025-03-28 12:25:53,469 - DEBUG - Check layout: 19, 19
2025-03-28 12:25:53,469 - DEBUG - Widget: <asciimatics.widgets.button.Button object at 0xffff8cb85a80> (2, 19) (24, 1)
2025-03-28 12:25:53,469 - DEBUG - Blur: <asciimatics.widgets.layout.Layout object at 0xffff8cb57e20>
2025-03-28 12:25:53,469 - DEBUG - Widget blur: <asciimatics.widgets.textbox.TextBox object at 0xffff8cb88160>
2025-03-28 12:25:53,469 - DEBUG - Focus: <asciimatics.widgets.layout.Layout object at 0xffff8cb57e80>
2025-03-28 12:25:53,469 - DEBUG - Widget focus: <asciimatics.widgets.button.Button object at 0xffff8cb85a80>
2025-03-28 12:25:53,469 - DEBUG - Widget: <asciimatics.widgets.button.Button object at 0xffff8cb85a80> (2, 19) (24, 1)
2025-03-28 12:25:56,770 - DEBUG - New event: MouseEvent (63, 19) 1
2025-03-28 12:25:56,770 - DEBUG - Blurring: [<__main__.DBQueryView object at 0xffff8cba8d50>]
2025-03-28 12:25:56,771 - DEBUG - Layout event: <asciimatics.widgets.layout.Layout object at 0xffff8cb57e80> MouseEvent (63, 19) 1
2025-03-28 12:25:56,771 - DEBUG - Widget: <asciimatics.widgets.button.Button object at 0xffff8cb85a80> (2, 19) (24, 1)
2025-03-28 12:25:56,771 - DEBUG - Check layout: 63, 19
2025-03-28 12:25:56,771 - DEBUG - Widget: <asciimatics.widgets.button.Button object at 0xffff8cb85a80> (2, 19) (24, 1)
2025-03-28 12:25:56,771 - DEBUG - Widget: <asciimatics.widgets.button.Button object at 0xffff8cb85b60> (27, 19) (26, 1)
2025-03-28 12:25:56,771 - DEBUG - Widget: <asciimatics.widgets.button.Button object at 0xffff8cb85c40> (61, 19) (10, 1)
2025-03-28 12:25:56,771 - DEBUG - Blur: <asciimatics.widgets.layout.Layout object at 0xffff8cb57e80>
2025-03-28 12:25:56,771 - DEBUG - Widget blur: <asciimatics.widgets.button.Button object at 0xffff8cb85a80>
2025-03-28 12:25:56,771 - DEBUG - Focus: <asciimatics.widgets.layout.Layout object at 0xffff8cb57e80>
2025-03-28 12:25:56,771 - DEBUG - Widget focus: <asciimatics.widgets.button.Button object at 0xffff8cb85c40>
2025-03-28 12:25:56,771 - DEBUG - Widget: <asciimatics.widgets.button.Button object at 0xffff8cb85c40> (61, 19) (10, 1)
2025-03-28 12:25:56,772 - DEBUG - Updating: files
2025-03-28 12:25:56,772 - DEBUG - Updating: None
2025-03-28 12:25:56,772 - DEBUG - Updating: None
2025-03-28 12:25:56,772 - DEBUG - Updating: None
2025-03-28 12:25:56,772 - DEBUG - Updating: None
2025-03-28 12:25:56,772 - DEBUG - Updating: None
2025-03-28 12:25:56,772 - DEBUG - Updating: files
2025-03-28 12:25:56,772 - DEBUG - Widget blur: <asciimatics.widgets.listbox.ListBox object at 0xffff8cb58c30>
2025-03-28 12:25:56,772 - DEBUG - Blur: <asciimatics.widgets.layout.Layout object at 0xffff8cb57ac0>
2025-03-28 12:25:56,772 - DEBUG - Updating: None
2025-03-28 12:25:56,773 - DEBUG - Updating: None
2025-03-28 12:25:56,773 - DEBUG - Updating: None
2025-03-28 12:25:56,773 - DEBUG - Updating: None
2025-03-28 12:25:56,773 - DEBUG - Widget blur: <asciimatics.widgets.button.Button object at 0xffff8cb84740>
2025-03-28 12:25:56,773 - DEBUG - Widget blur: <asciimatics.widgets.button.Button object at 0xffff8cb84820>
2025-03-28 12:25:56,773 - DEBUG - Widget blur: <asciimatics.widgets.button.Button object at 0xffff8cb84900>
2025-03-28 12:25:56,773 - DEBUG - Widget blur: <asciimatics.widgets.button.Button object at 0xffff8cb849e0>
2025-03-28 12:25:56,773 - DEBUG - Blur: <asciimatics.widgets.layout.Layout object at 0xffff8cb57b20>
2025-03-28 12:25:56,773 - DEBUG - Widget blur: <asciimatics.widgets.button.Button object at 0xffff8cb84900>
2025-03-28 12:25:56,773 - DEBUG - Updating: None
2025-03-28 12:25:56,773 - DEBUG - Widget blur: <asciimatics.widgets.label.Label object at 0xffff8cb5fac0>
2025-03-28 12:25:56,773 - DEBUG - Blur: <asciimatics.widgets.layout.Layout object at 0xffff8cb57a60>
2025-03-28 12:25:56,773 - DEBUG - Focus: <asciimatics.widgets.layout.Layout object at 0xffff8cb57ac0>
2025-03-28 12:25:56,773 - DEBUG - Widget focus: <asciimatics.widgets.listbox.ListBox object at 0xffff8cb58c30>
2025-03-28 12:25:58,468 - DEBUG - New event: MouseEvent (29, 19) 1
2025-03-28 12:25:58,468 - DEBUG - Blurring: [<__main__.MainView object at 0xffff8cb93d90>]
2025-03-28 12:25:58,469 - DEBUG - Layout event: <asciimatics.widgets.layout.Layout object at 0xffff8cb57ac0> MouseEvent (29, 19) 1
2025-03-28 12:25:58,469 - DEBUG - Widget: <asciimatics.widgets.listbox.ListBox object at 0xffff8cb58c30> (1, 1) (80, 18)
2025-03-28 12:25:58,469 - DEBUG - Check layout: 29, 19
2025-03-28 12:25:58,469 - DEBUG - Widget: <asciimatics.widgets.listbox.ListBox object at 0xffff8cb58c30> (1, 1) (80, 18)
2025-03-28 12:25:58,469 - DEBUG - Current widget left event: MouseEvent (29, 19) 1
2025-03-28 12:25:58,469 - DEBUG - Layout event: <asciimatics.widgets.layout.Layout object at 0xffff8cb57ac0> MouseEvent (29, 19) 1
2025-03-28 12:25:58,469 - DEBUG - Widget: <asciimatics.widgets.listbox.ListBox object at 0xffff8cb58c30> (1, 1) (80, 18)
2025-03-28 12:25:58,469 - DEBUG - Check layout: 29, 19
2025-03-28 12:25:58,469 - DEBUG - Widget: <asciimatics.widgets.listbox.ListBox object at 0xffff8cb58c30> (1, 1) (80, 18)
2025-03-28 12:25:58,469 - DEBUG - Layout event: <asciimatics.widgets.layout.Layout object at 0xffff8cb57b20> MouseEvent (29, 19) 1
2025-03-28 12:25:58,469 - DEBUG - Check layout: 29, 19
2025-03-28 12:25:58,469 - DEBUG - Widget: <asciimatics.widgets.button.Button object at 0xffff8cb84740> (6, 19) (10, 1)
2025-03-28 12:25:58,469 - DEBUG - Widget: <asciimatics.widgets.button.Button object at 0xffff8cb84820> (27, 19) (8, 1)
2025-03-28 12:25:58,469 - DEBUG - Blur: <asciimatics.widgets.layout.Layout object at 0xffff8cb57ac0>
2025-03-28 12:25:58,469 - DEBUG - Widget blur: <asciimatics.widgets.listbox.ListBox object at 0xffff8cb58c30>
2025-03-28 12:25:58,469 - DEBUG - Focus: <asciimatics.widgets.layout.Layout object at 0xffff8cb57b20>
2025-03-28 12:25:58,469 - DEBUG - Widget focus: <asciimatics.widgets.button.Button object at 0xffff8cb84820>
2025-03-28 12:25:58,469 - DEBUG - Widget: <asciimatics.widgets.button.Button object at 0xffff8cb84820> (27, 19) (8, 1)
2025-03-28 12:25:58,470 - DEBUG - Updating: filename
2025-03-28 12:25:58,470 - DEBUG - Updating: contact_name
2025-03-28 12:25:58,470 - DEBUG - Updating: birthday
2025-03-28 12:25:58,470 - DEBUG - Updating: anniversary
2025-03-28 12:25:58,470 - DEBUG - Updating: other_props
2025-03-28 12:25:58,470 - DEBUG - Updating: None
2025-03-28 12:25:58,470 - DEBUG - Updating: None
2025-03-28 12:25:58,470 - DEBUG - Updating: None
2025-03-28 12:25:58,470 - DEBUG - Updating: None
2025-03-28 12:25:58,470 - DEBUG - Updating: filename
2025-03-28 12:25:58,470 - DEBUG - Updating: contact_name
2025-03-28 12:25:58,470 - DEBUG - Updating: birthday
2025-03-28 12:25:58,471 - DEBUG - Updating: anniversary
2025-03-28 12:25:58,471 - DEBUG - Updating: other_props
2025-03-28 12:25:58,471 - DEBUG - Updating: None
2025-03-28 12:25:58,471 - DEBUG - Widget blur: <asciimatics.widgets.text.Text object at 0xffff8cfd3d30>
2025-03-28 12:25:58,471 - DEBUG - Widget blur: <asciimatics.widgets.text.Text object at 0xffff8cfd3e20>
2025-03-28 12:25:58,471 - DEBUG - Widget blur: <asciimatics.widgets.text.Text object at 0xffff8cfd3f10>
2025-03-28 12:25:58,471 - DEBUG - Widget blur: <asciimatics.widgets.text.Text object at 0xffff8cbb0040>
2025-03-28 12:25:58,471 - DEBUG - Widget blur: <asciimatics.widgets.text.Text object at 0xffff8cbb0130>
2025-03-28 12:25:58,471 - DEBUG - Widget blur: <asciimatics.widgets.label.Label object at 0xffff8cbb4040>
2025-03-28 12:25:58,471 - DEBUG - Blur: <asciimatics.widgets.layout.Layout object at 0xffff8cb57d00>
2025-03-28 12:25:58,471 - DEBUG - Updating: None
2025-03-28 12:25:58,471 - DEBUG - Updating: None
2025-03-28 12:25:58,471 - DEBUG - Widget blur: <asciimatics.widgets.button.Button object at 0xffff8cb84c80>
2025-03-28 12:25:58,471 - DEBUG - Widget blur: <asciimatics.widgets.button.Button object at 0xffff8cb84d60>
2025-03-28 12:25:58,471 - DEBUG - Blur: <asciimatics.widgets.layout.Layout object at 0xffff8cb57d60>
2025-03-28 12:25:58,471 - DEBUG - Updating: None
2025-03-28 12:25:58,471 - DEBUG - Widget blur: <asciimatics.widgets.label.Label object at 0xffff8cbb4110>
2025-03-28 12:25:58,471 - DEBUG - Blur: <asciimatics.widgets.layout.Layout object at 0xffff8cb57be0>
2025-03-28 12:25:58,471 - DEBUG - Focus: <asciimatics.widgets.layout.Layout object at 0xffff8cb57d00>
2025-03-28 12:25:58,471 - DEBUG - Widget focus: <asciimatics.widgets.text.Text object at 0xffff8cfd3d30>
2025-03-28 12:25:58,471 - DEBUG - Loading card data for editing
2025-03-28 12:25:58,472 - ERROR - Error casting FN value: 'int' object has no attribute 'contents'
2025-03-28 12:25:58,472 - DEBUG - Extracted FN value: 
2025-03-28 12:25:58,472 - DEBUG - Formatted birthday: Not specified
2025-03-28 12:25:58,472 - DEBUG - Formatted anniversary: Not specified
2025-03-28 12:25:58,472 - DEBUG - Optional properties count: 2
2025-03-28 12:25:58,472 - DEBUG - Updating: filename
2025-03-28 12:25:58,472 - DEBUG - Updating: contact_name
2025-03-28 12:25:58,472 - DEBUG - Updating: birthday
2025-03-28 12:25:58,472 - DEBUG - Updating: anniversary
2025-03-28 12:25:58,472 - DEBUG - Updating: other_props
2025-03-28 12:25:58,472 - DEBUG - Updating: None
2025-03-28 12:25:58,472 - DEBUG - Updating: None
2025-03-28 12:25:58,472 - DEBUG - Updating: None
2025-03-28 12:25:58,472 - DEBUG - Updating: None
2025-03-28 12:25:58,472 - DEBUG - Card data loaded into form
2025-03-28 12:26:00,353 - DEBUG - New event: MouseEvent (41, 8) 1
2025-03-28 12:26:00,353 - DEBUG - Focus: <asciimatics.widgets.layout.Layout object at 0xffff8cb57d00>
2025-03-28 12:26:00,353 - DEBUG - Blurring: [<__main__.EditCardView object at 0xffff8cb9f690>]
2025-03-28 12:26:00,353 - DEBUG - Layout event: <asciimatics.widgets.layout.Layout object at 0xffff8cb57d00> MouseEvent (41, 8) 1
2025-03-28 12:26:00,353 - DEBUG - Widget: <asciimatics.widgets.text.Text object at 0xffff8cfd3d30> (5, 1) (72, 1)
2025-03-28 12:26:00,353 - DEBUG - Check layout: 41, 8
2025-03-28 12:26:00,353 - DEBUG - Widget: <asciimatics.widgets.text.Text object at 0xffff8cfd3d30> (5, 1) (72, 1)
2025-03-28 12:26:00,353 - DEBUG - Widget: <asciimatics.widgets.text.Text object at 0xffff8cfd3e20> (5, 2) (72, 1)
2025-03-28 12:26:00,353 - DEBUG - Widget: <asciimatics.widgets.text.Text object at 0xffff8cfd3f10> (5, 3) (72, 1)
2025-03-28 12:26:00,353 - DEBUG - Widget: <asciimatics.widgets.text.Text object at 0xffff8cbb0040> (5, 4) (72, 1)
2025-03-28 12:26:00,353 - DEBUG - Widget: <asciimatics.widgets.text.Text object at 0xffff8cbb0130> (5, 5) (72, 1)
2025-03-28 12:26:00,353 - DEBUG - Widget: <asciimatics.widgets.label.Label object at 0xffff8cbb4040> (5, 6) (72, 1)
2025-03-28 12:26:00,353 - DEBUG - Current widget left event: MouseEvent (41, 8) 1
2025-03-28 12:26:00,353 - DEBUG - Layout event: <asciimatics.widgets.layout.Layout object at 0xffff8cb57d00> MouseEvent (41, 8) 1
2025-03-28 12:26:00,353 - DEBUG - Widget: <asciimatics.widgets.text.Text object at 0xffff8cfd3d30> (5, 1) (72, 1)
2025-03-28 12:26:00,353 - DEBUG - Check layout: 41, 8
2025-03-28 12:26:00,353 - DEBUG - Widget: <asciimatics.widgets.text.Text object at 0xffff8cfd3d30> (5, 1) (72, 1)
2025-03-28 12:26:00,354 - DEBUG - Widget: <asciimatics.widgets.text.Text object at 0xffff8cfd3e20> (5, 2) (72, 1)
2025-03-28 12:26:00,354 - DEBUG - Widget: <asciimatics.widgets.text.Text object at 0xffff8cfd3f10> (5, 3) (72, 1)
2025-03-28 12:26:00,354 - DEBUG - Widget: <asciimatics.widgets.text.Text object at 0xffff8cbb0040> (5, 4) (72, 1)
2025-03-28 12:26:00,354 - DEBUG - Widget: <asciimatics.widgets.text.Text object at 0xffff8cbb0130> (5, 5) (72, 1)
2025-03-28 12:26:00,354 - DEBUG - Widget: <asciimatics.widgets.label.Label object at 0xffff8cbb4040> (5, 6) (72, 1)
2025-03-28 12:26:00,354 - DEBUG - Layout event: <asciimatics.widgets.layout.Layout object at 0xffff8cb57d60> MouseEvent (41, 8) 1
2025-03-28 12:26:00,354 - DEBUG - Check layout: 41, 8
2025-03-28 12:26:00,354 - DEBUG - Widget: <asciimatics.widgets.button.Button object at 0xffff8cb84c80> (37, 7) (6, 1)
2025-03-28 12:26:00,354 - DEBUG - Widget: <asciimatics.widgets.button.Button object at 0xffff8cb84d60> (35, 8) (10, 1)
2025-03-28 12:26:00,354 - DEBUG - Blur: <asciimatics.widgets.layout.Layout object at 0xffff8cb57d00>
2025-03-28 12:26:00,354 - DEBUG - Widget blur: <asciimatics.widgets.text.Text object at 0xffff8cfd3d30>
2025-03-28 12:26:00,354 - DEBUG - Focus: <asciimatics.widgets.layout.Layout object at 0xffff8cb57d60>
2025-03-28 12:26:00,354 - DEBUG - Widget focus: <asciimatics.widgets.button.Button object at 0xffff8cb84d60>
2025-03-28 12:26:00,354 - DEBUG - Widget: <asciimatics.widgets.button.Button object at 0xffff8cb84d60> (35, 8) (10, 1)
2025-03-28 12:26:00,354 - DEBUG - Updating: files
2025-03-28 12:26:00,354 - DEBUG - Updating: None
2025-03-28 12:26:00,354 - DEBUG - Updating: None
2025-03-28 12:26:00,354 - DEBUG - Updating: None
2025-03-28 12:26:00,354 - DEBUG - Updating: None
2025-03-28 12:26:00,354 - DEBUG - Updating: None
2025-03-28 12:26:00,354 - DEBUG - Updating: files
2025-03-28 12:26:00,354 - DEBUG - Widget blur: <asciimatics.widgets.listbox.ListBox object at 0xffff8cb58c30>
2025-03-28 12:26:00,354 - DEBUG - Blur: <asciimatics.widgets.layout.Layout object at 0xffff8cb57ac0>
2025-03-28 12:26:00,355 - DEBUG - Updating: None
2025-03-28 12:26:00,355 - DEBUG - Updating: None
2025-03-28 12:26:00,355 - DEBUG - Updating: None
2025-03-28 12:26:00,355 - DEBUG - Updating: None
2025-03-28 12:26:00,355 - DEBUG - Widget blur: <asciimatics.widgets.button.Button object at 0xffff8cb84740>
2025-03-28 12:26:00,355 - DEBUG - Widget blur: <asciimatics.widgets.button.Button object at 0xffff8cb84820>
2025-03-28 12:26:00,355 - DEBUG - Widget blur: <asciimatics.widgets.button.Button object at 0xffff8cb84900>
2025-03-28 12:26:00,355 - DEBUG - Widget blur: <asciimatics.widgets.button.Button object at 0xffff8cb849e0>
2025-03-28 12:26:00,355 - DEBUG - Blur: <asciimatics.widgets.layout.Layout object at 0xffff8cb57b20>
2025-03-28 12:26:00,355 - DEBUG - Widget blur: <asciimatics.widgets.button.Button object at 0xffff8cb84820>
2025-03-28 12:26:00,355 - DEBUG - Updating: None
2025-03-28 12:26:00,355 - DEBUG - Widget blur: <asciimatics.widgets.label.Label object at 0xffff8cb5fac0>
2025-03-28 12:26:00,355 - DEBUG - Blur: <asciimatics.widgets.layout.Layout object at 0xffff8cb57a60>
2025-03-28 12:26:00,355 - DEBUG - Focus: <asciimatics.widgets.layout.Layout object at 0xffff8cb57ac0>
2025-03-28 12:26:00,355 - DEBUG - Widget focus: <asciimatics.widgets.listbox.ListBox object at 0xffff8cb58c30>
2025-03-28 12:26:01,316 - DEBUG - New event: MouseEvent (28, 13) 1
2025-03-28 12:26:01,317 - DEBUG - Blurring: [<__main__.MainView object at 0xffff8cb93d90>]
2025-03-28 12:26:01,317 - DEBUG - Layout event: <asciimatics.widgets.layout.Layout object at 0xffff8cb57ac0> MouseEvent (28, 13) 1
2025-03-28 12:26:01,317 - DEBUG - Widget: <asciimatics.widgets.listbox.ListBox object at 0xffff8cb58c30> (1, 1) (80, 18)
2025-03-28 12:26:01,317 - DEBUG - Current widget left event: None
2025-03-28 12:26:02,223 - DEBUG - New event: MouseEvent (28, 19) 1
2025-03-28 12:26:02,224 - DEBUG - Blurring: [<__main__.MainView object at 0xffff8cb93d90>]
2025-03-28 12:26:02,224 - DEBUG - Layout event: <asciimatics.widgets.layout.Layout object at 0xffff8cb57ac0> MouseEvent (28, 19) 1
2025-03-28 12:26:02,224 - DEBUG - Widget: <asciimatics.widgets.listbox.ListBox object at 0xffff8cb58c30> (1, 1) (80, 18)
2025-03-28 12:26:02,224 - DEBUG - Check layout: 28, 19
2025-03-28 12:26:02,224 - DEBUG - Widget: <asciimatics.widgets.listbox.ListBox object at 0xffff8cb58c30> (1, 1) (80, 18)
2025-03-28 12:26:02,224 - DEBUG - Current widget left event: MouseEvent (28, 19) 1
2025-03-28 12:26:02,224 - DEBUG - Layout event: <asciimatics.widgets.layout.Layout object at 0xffff8cb57ac0> MouseEvent (28, 19) 1
2025-03-28 12:26:02,224 - DEBUG - Widget: <asciimatics.widgets.listbox.ListBox object at 0xffff8cb58c30> (1, 1) (80, 18)
2025-03-28 12:26:02,224 - DEBUG - Check layout: 28, 19
2025-03-28 12:26:02,224 - DEBUG - Widget: <asciimatics.widgets.listbox.ListBox object at 0xffff8cb58c30> (1, 1) (80, 18)
2025-03-28 12:26:02,224 - DEBUG - Layout event: <asciimatics.widgets.layout.Layout object at 0xffff8cb57b20> MouseEvent (28, 19) 1
2025-03-28 12:26:02,224 - DEBUG - Check layout: 28, 19
2025-03-28 12:26:02,224 - DEBUG - Widget: <asciimatics.widgets.button.Button object at 0xffff8cb84740> (6, 19) (10, 1)
2025-03-28 12:26:02,224 - DEBUG - Widget: <asciimatics.widgets.button.Button object at 0xffff8cb84820> (27, 19) (8, 1)
2025-03-28 12:26:02,225 - DEBUG - Blur: <asciimatics.widgets.layout.Layout object at 0xffff8cb57ac0>
2025-03-28 12:26:02,225 - DEBUG - Widget blur: <asciimatics.widgets.listbox.ListBox object at 0xffff8cb58c30>
2025-03-28 12:26:02,225 - DEBUG - Focus: <asciimatics.widgets.layout.Layout object at 0xffff8cb57b20>
2025-03-28 12:26:02,225 - DEBUG - Widget focus: <asciimatics.widgets.button.Button object at 0xffff8cb84820>
2025-03-28 12:26:02,225 - DEBUG - Widget: <asciimatics.widgets.button.Button object at 0xffff8cb84820> (27, 19) (8, 1)
2025-03-28 12:26:02,225 - DEBUG - Updating: filename
2025-03-28 12:26:02,225 - DEBUG - Updating: contact_name
2025-03-28 12:26:02,225 - DEBUG - Updating: birthday
2025-03-28 12:26:02,225 - DEBUG - Updating: anniversary
2025-03-28 12:26:02,225 - DEBUG - Updating: other_props
2025-03-28 12:26:02,225 - DEBUG - Updating: None
2025-03-28 12:26:02,225 - DEBUG - Updating: None
2025-03-28 12:26:02,225 - DEBUG - Updating: None
2025-03-28 12:26:02,225 - DEBUG - Updating: None
2025-03-28 12:26:02,226 - DEBUG - Updating: filename
2025-03-28 12:26:02,226 - DEBUG - Updating: contact_name
2025-03-28 12:26:02,226 - DEBUG - Updating: birthday
2025-03-28 12:26:02,226 - DEBUG - Updating: anniversary
2025-03-28 12:26:02,226 - DEBUG - Updating: other_props
2025-03-28 12:26:02,226 - DEBUG - Updating: None
2025-03-28 12:26:02,226 - DEBUG - Widget blur: <asciimatics.widgets.text.Text object at 0xffff8cfd3d30>
2025-03-28 12:26:02,226 - DEBUG - Widget blur: <asciimatics.widgets.text.Text object at 0xffff8cfd3e20>
2025-03-28 12:26:02,226 - DEBUG - Widget blur: <asciimatics.widgets.text.Text object at 0xffff8cfd3f10>
2025-03-28 12:26:02,226 - DEBUG - Widget blur: <asciimatics.widgets.text.Text object at 0xffff8cbb0040>
2025-03-28 12:26:02,226 - DEBUG - Widget blur: <asciimatics.widgets.text.Text object at 0xffff8cbb0130>
2025-03-28 12:26:02,226 - DEBUG - Widget blur: <asciimatics.widgets.label.Label object at 0xffff8cbb4040>
2025-03-28 12:26:02,226 - DEBUG - Blur: <asciimatics.widgets.layout.Layout object at 0xffff8cb57d00>
2025-03-28 12:26:02,226 - DEBUG - Updating: None
2025-03-28 12:26:02,226 - DEBUG - Updating: None
2025-03-28 12:26:02,226 - DEBUG - Widget blur: <asciimatics.widgets.button.Button object at 0xffff8cb84c80>
2025-03-28 12:26:02,226 - DEBUG - Widget blur: <asciimatics.widgets.button.Button object at 0xffff8cb84d60>
2025-03-28 12:26:02,226 - DEBUG - Blur: <asciimatics.widgets.layout.Layout object at 0xffff8cb57d60>
2025-03-28 12:26:02,227 - DEBUG - Widget blur: <asciimatics.widgets.button.Button object at 0xffff8cb84c80>
2025-03-28 12:26:02,227 - DEBUG - Updating: None
2025-03-28 12:26:02,227 - DEBUG - Widget blur: <asciimatics.widgets.label.Label object at 0xffff8cbb4110>
2025-03-28 12:26:02,227 - DEBUG - Blur: <asciimatics.widgets.layout.Layout object at 0xffff8cb57be0>
2025-03-28 12:26:02,227 - DEBUG - Focus: <asciimatics.widgets.layout.Layout object at 0xffff8cb57d00>
2025-03-28 12:26:02,227 - DEBUG - Widget focus: <asciimatics.widgets.text.Text object at 0xffff8cfd3d30>
2025-03-28 12:26:02,227 - DEBUG - Loading card data for editing
2025-03-28 12:26:02,228 - ERROR - Error casting FN value: 'int' object has no attribute 'contents'
2025-03-28 12:26:02,228 - DEBUG - Extracted FN value: 
2025-03-28 12:26:02,228 - DEBUG - Formatted birthday: Not specified
2025-03-28 12:26:02,228 - DEBUG - Formatted anniversary: Not specified
2025-03-28 12:26:02,228 - DEBUG - Optional properties count: 5
2025-03-28 12:26:02,228 - DEBUG - Updating: filename
2025-03-28 12:26:02,228 - DEBUG - Updating: contact_name
2025-03-28 12:26:02,228 - DEBUG - Updating: birthday
2025-03-28 12:26:02,228 - DEBUG - Updating: anniversary
2025-03-28 12:26:02,228 - DEBUG - Updating: other_props
2025-03-28 12:26:02,228 - DEBUG - Updating: None
2025-03-28 12:26:02,228 - DEBUG - Updating: None
2025-03-28 12:26:02,228 - DEBUG - Updating: None
2025-03-28 12:26:02,228 - DEBUG - Updating: None
2025-03-28 12:26:02,228 - DEBUG - Card data loaded into form
2025-03-28 12:26:04,003 - DEBUG - New event: MouseEvent (43, 8) 1
2025-03-28 12:26:04,003 - DEBUG - Blurring: [<__main__.EditCardView object at 0xffff8cb9f690>]
2025-03-28 12:26:04,003 - DEBUG - Layout event: <asciimatics.widgets.layout.Layout object at 0xffff8cb57d00> MouseEvent (43, 8) 1
2025-03-28 12:26:04,003 - DEBUG - Widget: <asciimatics.widgets.text.Text object at 0xffff8cfd3d30> (5, 1) (72, 1)
2025-03-28 12:26:04,003 - DEBUG - Check layout: 43, 8
2025-03-28 12:26:04,003 - DEBUG - Widget: <asciimatics.widgets.text.Text object at 0xffff8cfd3d30> (5, 1) (72, 1)
2025-03-28 12:26:04,003 - DEBUG - Widget: <asciimatics.widgets.text.Text object at 0xffff8cfd3e20> (5, 2) (72, 1)
2025-03-28 12:26:04,003 - DEBUG - Widget: <asciimatics.widgets.text.Text object at 0xffff8cfd3f10> (5, 3) (72, 1)
2025-03-28 12:26:04,003 - DEBUG - Widget: <asciimatics.widgets.text.Text object at 0xffff8cbb0040> (5, 4) (72, 1)
2025-03-28 12:26:04,003 - DEBUG - Widget: <asciimatics.widgets.text.Text object at 0xffff8cbb0130> (5, 5) (72, 1)
2025-03-28 12:26:04,003 - DEBUG - Widget: <asciimatics.widgets.label.Label object at 0xffff8cbb4040> (5, 6) (72, 1)
2025-03-28 12:26:04,003 - DEBUG - Current widget left event: MouseEvent (43, 8) 1
2025-03-28 12:26:04,003 - DEBUG - Layout event: <asciimatics.widgets.layout.Layout object at 0xffff8cb57d00> MouseEvent (43, 8) 1
2025-03-28 12:26:04,003 - DEBUG - Widget: <asciimatics.widgets.text.Text object at 0xffff8cfd3d30> (5, 1) (72, 1)
2025-03-28 12:26:04,003 - DEBUG - Check layout: 43, 8
2025-03-28 12:26:04,003 - DEBUG - Widget: <asciimatics.widgets.text.Text object at 0xffff8cfd3d30> (5, 1) (72, 1)
2025-03-28 12:26:04,003 - DEBUG - Widget: <asciimatics.widgets.text.Text object at 0xffff8cfd3e20> (5, 2) (72, 1)
2025-03-28 12:26:04,003 - DEBUG - Widget: <asciimatics.widgets.text.Text object at 0xffff8cfd3f10> (5, 3) (72, 1)
2025-03-28 12:26:04,003 - DEBUG - Widget: <asciimatics.widgets.text.Text object at 0xffff8cbb0040> (5, 4) (72, 1)
2025-03-28 12:26:04,003 - DEBUG - Widget: <asciimatics.widgets.text.Text object at 0xffff8cbb0130> (5, 5) (72, 1)
2025-03-28 12:26:04,003 - DEBUG - Widget: <asciimatics.widgets.label.Label object at 0xffff8cbb4040> (5, 6) (72, 1)
2025-03-28 12:26:04,003 - DEBUG - Layout event: <asciimatics.widgets.layout.Layout object at 0xffff8cb57d60> MouseEvent (43, 8) 1
2025-03-28 12:26:04,003 - DEBUG - Check layout: 43, 8
2025-03-28 12:26:04,003 - DEBUG - Widget: <asciimatics.widgets.button.Button object at 0xffff8cb84c80> (37, 7) (6, 1)
2025-03-28 12:26:04,003 - DEBUG - Widget: <asciimatics.widgets.button.Button object at 0xffff8cb84d60> (35, 8) (10, 1)
2025-03-28 12:26:04,003 - DEBUG - Blur: <asciimatics.widgets.layout.Layout object at 0xffff8cb57d00>
2025-03-28 12:26:04,003 - DEBUG - Widget blur: <asciimatics.widgets.text.Text object at 0xffff8cfd3d30>
2025-03-28 12:26:04,003 - DEBUG - Focus: <asciimatics.widgets.layout.Layout object at 0xffff8cb57d60>
2025-03-28 12:26:04,003 - DEBUG - Widget focus: <asciimatics.widgets.button.Button object at 0xffff8cb84d60>
2025-03-28 12:26:04,003 - DEBUG - Widget: <asciimatics.widgets.button.Button object at 0xffff8cb84d60> (35, 8) (10, 1)
2025-03-28 12:26:04,003 - DEBUG - Updating: files
2025-03-28 12:26:04,003 - DEBUG - Updating: None
2025-03-28 12:26:04,004 - DEBUG - Updating: None
2025-03-28 12:26:04,004 - DEBUG - Updating: None
2025-03-28 12:26:04,004 - DEBUG - Updating: None
2025-03-28 12:26:04,004 - DEBUG - Updating: None
2025-03-28 12:26:04,004 - DEBUG - Updating: files
2025-03-28 12:26:04,004 - DEBUG - Widget blur: <asciimatics.widgets.listbox.ListBox object at 0xffff8cb58c30>
2025-03-28 12:26:04,004 - DEBUG - Blur: <asciimatics.widgets.layout.Layout object at 0xffff8cb57ac0>
2025-03-28 12:26:04,004 - DEBUG - Updating: None
2025-03-28 12:26:04,004 - DEBUG - Updating: None
2025-03-28 12:26:04,004 - DEBUG - Updating: None
2025-03-28 12:26:04,004 - DEBUG - Updating: None
2025-03-28 12:26:04,004 - DEBUG - Widget blur: <asciimatics.widgets.button.Button object at 0xffff8cb84740>
2025-03-28 12:26:04,004 - DEBUG - Widget blur: <asciimatics.widgets.button.Button object at 0xffff8cb84820>
2025-03-28 12:26:04,004 - DEBUG - Widget blur: <asciimatics.widgets.button.Button object at 0xffff8cb84900>
2025-03-28 12:26:04,004 - DEBUG - Widget blur: <asciimatics.widgets.button.Button object at 0xffff8cb849e0>
2025-03-28 12:26:04,004 - DEBUG - Blur: <asciimatics.widgets.layout.Layout object at 0xffff8cb57b20>
2025-03-28 12:26:04,004 - DEBUG - Widget blur: <asciimatics.widgets.button.Button object at 0xffff8cb84820>
2025-03-28 12:26:04,004 - DEBUG - Updating: None
2025-03-28 12:26:04,004 - DEBUG - Widget blur: <asciimatics.widgets.label.Label object at 0xffff8cb5fac0>
2025-03-28 12:26:04,004 - DEBUG - Blur: <asciimatics.widgets.layout.Layout object at 0xffff8cb57a60>
2025-03-28 12:26:04,004 - DEBUG - Focus: <asciimatics.widgets.layout.Layout object at 0xffff8cb57ac0>
2025-03-28 12:26:04,004 - DEBUG - Widget focus: <asciimatics.widgets.listbox.ListBox object at 0xffff8cb58c30>
2025-03-28 12:26:06,805 - DEBUG - New event: MouseEvent (49, 19) 1
2025-03-28 12:26:06,805 - DEBUG - Blurring: [<__main__.MainView object at 0xffff8cb93d90>]
2025-03-28 12:26:06,805 - DEBUG - Layout event: <asciimatics.widgets.layout.Layout object at 0xffff8cb57ac0> MouseEvent (49, 19) 1
2025-03-28 12:26:06,806 - DEBUG - Widget: <asciimatics.widgets.listbox.ListBox object at 0xffff8cb58c30> (1, 1) (80, 18)
2025-03-28 12:26:06,806 - DEBUG - Check layout: 49, 19
2025-03-28 12:26:06,806 - DEBUG - Widget: <asciimatics.widgets.listbox.ListBox object at 0xffff8cb58c30> (1, 1) (80, 18)
2025-03-28 12:26:06,806 - DEBUG - Current widget left event: MouseEvent (49, 19) 1
2025-03-28 12:26:06,806 - DEBUG - Layout event: <asciimatics.widgets.layout.Layout object at 0xffff8cb57ac0> MouseEvent (49, 19) 1
2025-03-28 12:26:06,806 - DEBUG - Widget: <asciimatics.widgets.listbox.ListBox object at 0xffff8cb58c30> (1, 1) (80, 18)
2025-03-28 12:26:06,806 - DEBUG - Check layout: 49, 19
2025-03-28 12:26:06,806 - DEBUG - Widget: <asciimatics.widgets.listbox.ListBox object at 0xffff8cb58c30> (1, 1) (80, 18)
2025-03-28 12:26:06,806 - DEBUG - Layout event: <asciimatics.widgets.layout.Layout object at 0xffff8cb57b20> MouseEvent (49, 19) 1
2025-03-28 12:26:06,806 - DEBUG - Check layout: 49, 19
2025-03-28 12:26:06,806 - DEBUG - Widget: <asciimatics.widgets.button.Button object at 0xffff8cb84740> (6, 19) (10, 1)
2025-03-28 12:26:06,806 - DEBUG - Widget: <asciimatics.widgets.button.Button object at 0xffff8cb84820> (27, 19) (8, 1)
2025-03-28 12:26:06,806 - DEBUG - Widget: <asciimatics.widgets.button.Button object at 0xffff8cb84900> (44, 19) (14, 1)
2025-03-28 12:26:06,807 - DEBUG - Blur: <asciimatics.widgets.layout.Layout object at 0xffff8cb57ac0>
2025-03-28 12:26:06,807 - DEBUG - Widget blur: <asciimatics.widgets.listbox.ListBox object at 0xffff8cb58c30>
2025-03-28 12:26:06,807 - DEBUG - Focus: <asciimatics.widgets.layout.Layout object at 0xffff8cb57b20>
2025-03-28 12:26:06,807 - DEBUG - Widget focus: <asciimatics.widgets.button.Button object at 0xffff8cb84900>
2025-03-28 12:26:06,807 - DEBUG - Widget: <asciimatics.widgets.button.Button object at 0xffff8cb84900> (44, 19) (14, 1)
2025-03-28 12:26:06,807 - DEBUG - Updating: results
2025-03-28 12:26:06,807 - DEBUG - Updating: None
2025-03-28 12:26:06,807 - DEBUG - Updating: None
2025-03-28 12:26:06,807 - DEBUG - Updating: None
2025-03-28 12:26:06,808 - DEBUG - Updating: None
2025-03-28 12:26:06,808 - DEBUG - Updating: results
2025-03-28 12:26:06,808 - DEBUG - Widget blur: <asciimatics.widgets.textbox.TextBox object at 0xffff8cb88160>
2025-03-28 12:26:06,808 - DEBUG - Blur: <asciimatics.widgets.layout.Layout object at 0xffff8cb57e20>
2025-03-28 12:26:06,808 - DEBUG - Updating: None
2025-03-28 12:26:06,808 - DEBUG - Updating: None
2025-03-28 12:26:06,808 - DEBUG - Updating: None
2025-03-28 12:26:06,808 - DEBUG - Widget blur: <asciimatics.widgets.button.Button object at 0xffff8cb85a80>
2025-03-28 12:26:06,808 - DEBUG - Widget blur: <asciimatics.widgets.button.Button object at 0xffff8cb85b60>
2025-03-28 12:26:06,808 - DEBUG - Widget blur: <asciimatics.widgets.button.Button object at 0xffff8cb85c40>
2025-03-28 12:26:06,808 - DEBUG - Blur: <asciimatics.widgets.layout.Layout object at 0xffff8cb57e80>
2025-03-28 12:26:06,808 - DEBUG - Widget blur: <asciimatics.widgets.button.Button object at 0xffff8cb85c40>
2025-03-28 12:26:06,808 - DEBUG - Updating: None
2025-03-28 12:26:06,808 - DEBUG - Widget blur: <asciimatics.widgets.label.Label object at 0xffff8cbb42b0>
2025-03-28 12:26:06,808 - DEBUG - Blur: <asciimatics.widgets.layout.Layout object at 0xffff8cb57dc0>
2025-03-28 12:26:06,808 - DEBUG - Focus: <asciimatics.widgets.layout.Layout object at 0xffff8cb57e20>
2025-03-28 12:26:06,808 - DEBUG - Widget focus: <asciimatics.widgets.textbox.TextBox object at 0xffff8cb88160>
2025-03-28 12:26:06,810 - DEBUG - Cursor: 0,36
2025-03-28 12:27:37,728 - DEBUG - New event: MouseEvent (89, 9) 1
2025-03-28 12:27:37,735 - DEBUG - Cursor: 0,36
2025-03-28 12:28:25,860 - DEBUG - New event: MouseEvent (68, 12) 1
2025-03-28 12:28:25,862 - DEBUG - Blurring: [<__main__.DBQueryView object at 0xffff8cba8d50>]
2025-03-28 12:28:25,862 - DEBUG - Layout event: <asciimatics.widgets.layout.Layout object at 0xffff8cb57e20> MouseEvent (68, 12) 1
2025-03-28 12:28:25,862 - DEBUG - Widget: <asciimatics.widgets.textbox.TextBox object at 0xffff8cb88160> (1, 1) (80, 18)
2025-03-28 12:28:25,863 - DEBUG - Current widget left event: None
2025-03-28 12:28:25,865 - DEBUG - Cursor: 0,36
2025-03-28 12:28:26,347 - DEBUG - Processing key: 18
2025-03-28 12:28:26,347 - DEBUG - Returning key: 18
2025-03-28 12:28:26,348 - DEBUG - New event: KeyboardEvent: 24
2025-03-28 12:28:26,348 - DEBUG - Layout event: <asciimatics.widgets.layout.Layout object at 0xffff8cb57e20> KeyboardEvent: 24
2025-03-28 12:28:26,348 - DEBUG - Current widget left event: KeyboardEvent: 24
2025-03-28 12:28:26,350 - DEBUG - Cursor: 0,36
